[2.524s] Invoking command in '/home/jajayu/TomatoHarvesting_NextBestView/nbv_code/ros2_ws2/src/my_robot_nbv': CMAKE_PREFIX_PATH=/home/jajayu/TomatoHarvesting_NextBestView/nbv_code/ros2_ws2/install/message_interfaces:/home/jajayu/TomatoHarvesting_NextBestView/nbv_code/ros2_ws2/install/realsense2_description:/home/jajayu/TomatoHarvesting_NextBestView/nbv_code/ros2_ws2/install/realsense2_camera:/home/jajayu/TomatoHarvesting_NextBestView/nbv_code/ros2_ws2/install/realsense2_camera_msgs:/home/jajayu/TomatoHarvesting_NextBestView/nbv_code/ros2_ws2/install/octomap_server2:/home/jajayu/TomatoHarvesting_NextBestView/nbv_code/ros2_ws2/install/my_robot_nbv_cmake:/home/jajayu/TomatoHarvesting_NextBestView/nbv_code/ros2_ws2/install/my_bot LD_LIBRARY_PATH=/home/jajayu/TomatoHarvesting_NextBestView/nbv_code/ros2_ws2/install/message_interfaces/lib:/home/jajayu/TomatoHarvesting_NextBestView/nbv_code/ros2_ws2/install/realsense2_camera/lib:/home/jajayu/TomatoHarvesting_NextBestView/nbv_code/ros2_ws2/install/realsense2_camera_msgs/lib:/home/jajayu/TomatoHarvesting_NextBestView/nbv_code/ros2_ws2/install/octomap_server2/lib:/usr/lib/x86_64-linux-gnu/gazebo-11/plugins:/opt/ros/humble/opt/rviz_ogre_vendor/lib:/opt/ros/humble/lib/x86_64-linux-gnu:/opt/ros/humble/lib PYTHONPATH=/home/jajayu/TomatoHarvesting_NextBestView/nbv_code/ros2_ws2/build/my_robot_nbv/prefix_override:/usr/lib/python3/dist-packages/colcon_core/task/python/colcon_distutils_commands:/home/jajayu/TomatoHarvesting_NextBestView/nbv_code/ros2_ws2/install/my_robot_nbv/lib/python3.10/site-packages:${PYTHONPATH} /usr/bin/python3 -W ignore:setup.py install is deprecated setup.py egg_info --egg-base ../../build/my_robot_nbv build --build-base /home/jajayu/TomatoHarvesting_NextBestView/nbv_code/ros2_ws2/build/my_robot_nbv/build install --record /home/jajayu/TomatoHarvesting_NextBestView/nbv_code/ros2_ws2/build/my_robot_nbv/install.log --single-version-externally-managed install_data
[3.275s] running egg_info
[3.276s] writing ../../build/my_robot_nbv/my_robot_nbv.egg-info/PKG-INFO
[3.278s] writing dependency_links to ../../build/my_robot_nbv/my_robot_nbv.egg-info/dependency_links.txt
[3.279s] writing entry points to ../../build/my_robot_nbv/my_robot_nbv.egg-info/entry_points.txt
[3.281s] writing requirements to ../../build/my_robot_nbv/my_robot_nbv.egg-info/requires.txt
[3.281s] writing top-level names to ../../build/my_robot_nbv/my_robot_nbv.egg-info/top_level.txt
[3.291s] reading manifest file '../../build/my_robot_nbv/my_robot_nbv.egg-info/SOURCES.txt'
[3.297s] writing manifest file '../../build/my_robot_nbv/my_robot_nbv.egg-info/SOURCES.txt'
[3.297s] running build
[3.297s] running build_py
[3.302s] copying my_robot_nbv/module_ICP.py -> /home/jajayu/TomatoHarvesting_NextBestView/nbv_code/ros2_ws2/build/my_robot_nbv/build/lib/my_robot_nbv
[3.302s] copying my_robot_nbv/nbv_tompcd_filter.py -> /home/jajayu/TomatoHarvesting_NextBestView/nbv_code/ros2_ws2/build/my_robot_nbv/build/lib/my_robot_nbv
[3.303s] running install
[3.303s] running install_lib
[3.315s] copying /home/jajayu/TomatoHarvesting_NextBestView/nbv_code/ros2_ws2/build/my_robot_nbv/build/lib/my_robot_nbv/module_ICP.py -> /home/jajayu/TomatoHarvesting_NextBestView/nbv_code/ros2_ws2/install/my_robot_nbv/lib/python3.10/site-packages/my_robot_nbv
[3.315s] copying /home/jajayu/TomatoHarvesting_NextBestView/nbv_code/ros2_ws2/build/my_robot_nbv/build/lib/my_robot_nbv/nbv_tompcd_filter.py -> /home/jajayu/TomatoHarvesting_NextBestView/nbv_code/ros2_ws2/install/my_robot_nbv/lib/python3.10/site-packages/my_robot_nbv
[3.319s] byte-compiling /home/jajayu/TomatoHarvesting_NextBestView/nbv_code/ros2_ws2/install/my_robot_nbv/lib/python3.10/site-packages/my_robot_nbv/module_ICP.py to module_ICP.cpython-310.pyc
[3.328s] byte-compiling /home/jajayu/TomatoHarvesting_NextBestView/nbv_code/ros2_ws2/install/my_robot_nbv/lib/python3.10/site-packages/my_robot_nbv/nbv_tompcd_filter.py to nbv_tompcd_filter.cpython-310.pyc
[3.340s] running install_data
[3.340s] running install_egg_info
[3.349s] removing '/home/jajayu/TomatoHarvesting_NextBestView/nbv_code/ros2_ws2/install/my_robot_nbv/lib/python3.10/site-packages/my_robot_nbv-0.0.0-py3.10.egg-info' (and everything under it)
[3.349s] Copying ../../build/my_robot_nbv/my_robot_nbv.egg-info to /home/jajayu/TomatoHarvesting_NextBestView/nbv_code/ros2_ws2/install/my_robot_nbv/lib/python3.10/site-packages/my_robot_nbv-0.0.0-py3.10.egg-info
[3.362s] running install_scripts
[3.422s] Installing nbv_system_controller script to /home/jajayu/TomatoHarvesting_NextBestView/nbv_code/ros2_ws2/install/my_robot_nbv/lib/my_robot_nbv
[3.422s] Installing nbv_temp_isMovingPublisher script to /home/jajayu/TomatoHarvesting_NextBestView/nbv_code/ros2_ws2/install/my_robot_nbv/lib/my_robot_nbv
[3.423s] Installing nbv_tom_detect script to /home/jajayu/TomatoHarvesting_NextBestView/nbv_code/ros2_ws2/install/my_robot_nbv/lib/my_robot_nbv
[3.423s] Installing nbv_tompcd_filter script to /home/jajayu/TomatoHarvesting_NextBestView/nbv_code/ros2_ws2/install/my_robot_nbv/lib/my_robot_nbv
[3.424s] writing list of installed files to '/home/jajayu/TomatoHarvesting_NextBestView/nbv_code/ros2_ws2/build/my_robot_nbv/install.log'
[3.491s] Invoked command in '/home/jajayu/TomatoHarvesting_NextBestView/nbv_code/ros2_ws2/src/my_robot_nbv' returned '0': CMAKE_PREFIX_PATH=/home/jajayu/TomatoHarvesting_NextBestView/nbv_code/ros2_ws2/install/message_interfaces:/home/jajayu/TomatoHarvesting_NextBestView/nbv_code/ros2_ws2/install/realsense2_description:/home/jajayu/TomatoHarvesting_NextBestView/nbv_code/ros2_ws2/install/realsense2_camera:/home/jajayu/TomatoHarvesting_NextBestView/nbv_code/ros2_ws2/install/realsense2_camera_msgs:/home/jajayu/TomatoHarvesting_NextBestView/nbv_code/ros2_ws2/install/octomap_server2:/home/jajayu/TomatoHarvesting_NextBestView/nbv_code/ros2_ws2/install/my_robot_nbv_cmake:/home/jajayu/TomatoHarvesting_NextBestView/nbv_code/ros2_ws2/install/my_bot LD_LIBRARY_PATH=/home/jajayu/TomatoHarvesting_NextBestView/nbv_code/ros2_ws2/install/message_interfaces/lib:/home/jajayu/TomatoHarvesting_NextBestView/nbv_code/ros2_ws2/install/realsense2_camera/lib:/home/jajayu/TomatoHarvesting_NextBestView/nbv_code/ros2_ws2/install/realsense2_camera_msgs/lib:/home/jajayu/TomatoHarvesting_NextBestView/nbv_code/ros2_ws2/install/octomap_server2/lib:/usr/lib/x86_64-linux-gnu/gazebo-11/plugins:/opt/ros/humble/opt/rviz_ogre_vendor/lib:/opt/ros/humble/lib/x86_64-linux-gnu:/opt/ros/humble/lib PYTHONPATH=/home/jajayu/TomatoHarvesting_NextBestView/nbv_code/ros2_ws2/build/my_robot_nbv/prefix_override:/usr/lib/python3/dist-packages/colcon_core/task/python/colcon_distutils_commands:/home/jajayu/TomatoHarvesting_NextBestView/nbv_code/ros2_ws2/install/my_robot_nbv/lib/python3.10/site-packages:${PYTHONPATH} /usr/bin/python3 -W ignore:setup.py install is deprecated setup.py egg_info --egg-base ../../build/my_robot_nbv build --build-base /home/jajayu/TomatoHarvesting_NextBestView/nbv_code/ros2_ws2/build/my_robot_nbv/build install --record /home/jajayu/TomatoHarvesting_NextBestView/nbv_code/ros2_ws2/build/my_robot_nbv/install.log --single-version-externally-managed install_data
