[0.010s] Invoking command in '/home/jajayu/TomatoHarvesting_NextBestView/nbv_code/ros2_ws2/build/my_robot_nbv_cmake': CMAKE_PREFIX_PATH=${CMAKE_PREFIX_PATH}:/home/jajayu/TomatoHarvesting_NextBestView/nbv_code/ros2_ws2/install/my_robot_nbv:/home/jajayu/TomatoHarvesting_NextBestView/nbv_code/ros2_ws2/install/my_robot_cam:/home/jajayu/ros2_ws/install/webots_ros2_tests:/home/jajayu/ros2_ws/install/webots_ros2:/home/jajayu/ros2_ws/install/pcd_demo:/home/jajayu/ros2_ws/install/my_robot_controller:/home/jajayu/ros2_ws/install/my_robot_cam:/home/jajayu/ros2_ws/install/gazebo_tutorial:/opt/ros/humble /home/jajayu/.local/bin/cmake --build /home/jajayu/TomatoHarvesting_NextBestView/nbv_code/ros2_ws2/build/my_robot_nbv_cmake -- -j8 -l8
[0.151s] [35m[1mConsolidate compiler generated dependencies of target SdfModel[0m
[0.166s] [ 50%] Built target nbvc_ray_generation
[0.172s] [ 75%] [32mBuilding CXX object CMakeFiles/SdfModel.dir/src/SdfModel.cpp.o[0m
[6.210s] [01m[K/home/jajayu/TomatoHarvesting_NextBestView/nbv_code/ros2_ws2/src/my_robot_nbv_cmake/src/SdfModel.cpp:[m[K In member function ‘[01m[Kvoid MeshProcessor::Visualize()[m[K’:
[6.210s] [01m[K/home/jajayu/TomatoHarvesting_NextBestView/nbv_code/ros2_ws2/src/my_robot_nbv_cmake/src/SdfModel.cpp:123:26:[m[K [01;31m[Kerror: [m[K‘[01m[Kusing element_type = class open3d::geometry::PointCloud[m[K’ {aka ‘[01m[Kclass open3d::geometry::PointCloud[m[K’} has no member named ‘[01m[Kpoints[m[K’; did you mean ‘[01m[Kpoints_[m[K’?
[6.210s]   123 |         query_point_vis->[01;31m[Kpoints[m[K = open3d::utility::Vector3dVector(points_);
[6.210s]       |                          [01;31m[K^~~~~~[m[K
[6.210s]       |                          [32m[Kpoints_[m[K
[6.211s] [01m[K/home/jajayu/TomatoHarvesting_NextBestView/nbv_code/ros2_ws2/src/my_robot_nbv_cmake/src/SdfModel.cpp:123:52:[m[K [01;31m[Kerror: [m[K‘[01m[KVector3dVector[m[K’ is not a member of ‘[01m[Kopen3d::utility[m[K’
[6.211s]   123 |         query_point_vis->points = open3d::utility::[01;31m[KVector3dVector[m[K(points_);
[6.211s]       |                                                    [01;31m[K^~~~~~~~~~~~~~[m[K
[6.211s] [01m[K/home/jajayu/TomatoHarvesting_NextBestView/nbv_code/ros2_ws2/src/my_robot_nbv_cmake/src/SdfModel.cpp:124:26:[m[K [01;31m[Kerror: [m[K‘[01m[Kusing element_type = class open3d::geometry::PointCloud[m[K’ {aka ‘[01m[Kclass open3d::geometry::PointCloud[m[K’} has no member named ‘[01m[Kcolors[m[K’; did you mean ‘[01m[Kcolors_[m[K’?
[6.211s]   124 |         query_point_vis->[01;31m[Kcolors[m[K = open3d::utility::Vector3dVector(colors_);
[6.211s]       |                          [01;31m[K^~~~~~[m[K
[6.211s]       |                          [32m[Kcolors_[m[K
[6.211s] [01m[K/home/jajayu/TomatoHarvesting_NextBestView/nbv_code/ros2_ws2/src/my_robot_nbv_cmake/src/SdfModel.cpp:124:52:[m[K [01;31m[Kerror: [m[K‘[01m[KVector3dVector[m[K’ is not a member of ‘[01m[Kopen3d::utility[m[K’
[6.211s]   124 |         query_point_vis->colors = open3d::utility::[01;31m[KVector3dVector[m[K(colors_);
[6.211s]       |                                                    [01;31m[K^~~~~~~~~~~~~~[m[K
[8.653s] gmake[2]: *** [CMakeFiles/SdfModel.dir/build.make:76: CMakeFiles/SdfModel.dir/src/SdfModel.cpp.o] Error 1
[8.654s] gmake[1]: *** [CMakeFiles/Makefile2:165: CMakeFiles/SdfModel.dir/all] Error 2
[8.654s] gmake: *** [Makefile:146: all] Error 2
[8.669s] Invoked command in '/home/jajayu/TomatoHarvesting_NextBestView/nbv_code/ros2_ws2/build/my_robot_nbv_cmake' returned '2': CMAKE_PREFIX_PATH=${CMAKE_PREFIX_PATH}:/home/jajayu/TomatoHarvesting_NextBestView/nbv_code/ros2_ws2/install/my_robot_nbv:/home/jajayu/TomatoHarvesting_NextBestView/nbv_code/ros2_ws2/install/my_robot_cam:/home/jajayu/ros2_ws/install/webots_ros2_tests:/home/jajayu/ros2_ws/install/webots_ros2:/home/jajayu/ros2_ws/install/pcd_demo:/home/jajayu/ros2_ws/install/my_robot_controller:/home/jajayu/ros2_ws/install/my_robot_cam:/home/jajayu/ros2_ws/install/gazebo_tutorial:/opt/ros/humble /home/jajayu/.local/bin/cmake --build /home/jajayu/TomatoHarvesting_NextBestView/nbv_code/ros2_ws2/build/my_robot_nbv_cmake -- -j8 -l8
