[0.019s] Invoking command in '/home/jajayu/TomatoHarvesting_NextBestView/nbv_code/ros2_ws2/build/my_robot_nbv_cmake': CMAKE_PREFIX_PATH=${CMAKE_PREFIX_PATH}:/home/jajayu/TomatoHarvesting_NextBestView/nbv_code/ros2_ws2/install/my_robot_nbv:/home/jajayu/TomatoHarvesting_NextBestView/nbv_code/ros2_ws2/install/my_robot_cam:/home/jajayu/ros2_ws/install/webots_ros2_tests:/home/jajayu/ros2_ws/install/webots_ros2:/home/jajayu/ros2_ws/install/pcd_demo:/home/jajayu/ros2_ws/install/my_robot_controller:/home/jajayu/ros2_ws/install/my_robot_cam:/home/jajayu/ros2_ws/install/gazebo_tutorial:/opt/ros/humble /home/jajayu/.local/bin/cmake --build /home/jajayu/TomatoHarvesting_NextBestView/nbv_code/ros2_ws2/build/my_robot_nbv_cmake -- -j8 -l8
[0.147s] [ 20%] Built target nbvc_lib_SdfModel
[0.147s] [ 40%] Built target SdfModelV3
[0.169s] [ 60%] Built target nbvc_ray_generation
[0.169s] [ 80%] Built target nbvc_ray_generationV3_beforeclean
[0.176s] [ 90%] [32mBuilding CXX object CMakeFiles/BestViewModel.dir/src/BestViewModel.cpp.o[0m
[0.738s] In file included from [01m[K/home/jajayu/TomatoHarvesting_NextBestView/nbv_code/ros2_ws2/src/my_robot_nbv_cmake/src/BestViewModel.cpp:36[m[K:
[0.738s] [01m[K/opt/ros/humble/include/tf2_geometry_msgs/tf2_geometry_msgs/tf2_geometry_msgs.h:35:2:[m[K [01;35m[Kwarning: [m[K#warning This header is obsolete, please include tf2_geometry_msgs/tf2_geometry_msgs.hpp instead [[01;35m[K]8;;https://gcc.gnu.org/onlinedocs/gcc/Warning-Options.html#index-Wcpp-Wcpp]8;;[m[K]
[0.738s]    35 | #[01;35m[Kwarning[m[K This header is obsolete, please include tf2_geometry_msgs/tf2_geometry_msgs.hpp instead
[0.738s]       |  [01;35m[K^~~~~~~[m[K
[0.753s] In file included from [01m[K/home/jajayu/TomatoHarvesting_NextBestView/nbv_code/ros2_ws2/src/my_robot_nbv_cmake/src/BestViewModel.cpp:38[m[K:
[0.753s] [01m[K/opt/ros/humble/include/tf2_eigen/tf2_eigen/tf2_eigen.h:32:2:[m[K [01;35m[Kwarning: [m[K#warning This header is obsolete, please include tf2_eigen/tf2_eigen.hpp instead [[01;35m[K]8;;https://gcc.gnu.org/onlinedocs/gcc/Warning-Options.html#index-Wcpp-Wcpp]8;;[m[K]
[0.753s]    32 | #[01;35m[Kwarning[m[K This header is obsolete, please include tf2_eigen/tf2_eigen.hpp instead
[0.753s]       |  [01;35m[K^~~~~~~[m[K
[7.582s] [01m[K/home/jajayu/TomatoHarvesting_NextBestView/nbv_code/ros2_ws2/src/my_robot_nbv_cmake/src/BestViewModel.cpp:59:158:[m[K [01;31m[Kerror: [m[Kexpected identifier before ‘[01m[K,[m[K’ token
[7.582s]    59 |     BestViewModel(std::shared_ptr<open3d::geometry::PointCloud> pcdO3d_tomato, octomap::OcTree* octree, float candidateViews_radius, int candidateViews_num, [01;31m[K,[m[K int rays_num)
[7.582s]       |                                                                                                                                                              [01;31m[K^[m[K
[7.624s] [01m[K/home/jajayu/TomatoHarvesting_NextBestView/nbv_code/ros2_ws2/src/my_robot_nbv_cmake/src/BestViewModel.cpp:[m[K In member function ‘[01m[Kvoid BestViewModel::CaculateNextBestView()[m[K’:
[7.624s] [01m[K/home/jajayu/TomatoHarvesting_NextBestView/nbv_code/ros2_ws2/src/my_robot_nbv_cmake/src/BestViewModel.cpp:117:60:[m[K [01;31m[Kerror: [m[K‘[01m[KconvertToEigenVector[m[K’ was not declared in this scope
[7.624s]   117 |             std::vector<Eigen::Vector3f> eigen_hitpoints = [01;31m[KconvertToEigenVector[m[K(hitpointV); //因為sdf model是吃vector的
[7.624s]       |                                                            [01;31m[K^~~~~~~~~~~~~~~~~~~~[m[K
[7.645s] [01m[K/home/jajayu/TomatoHarvesting_NextBestView/nbv_code/ros2_ws2/src/my_robot_nbv_cmake/src/BestViewModel.cpp:129:35:[m[K [01;31m[Kerror: [m[K‘[01m[KcountIn[m[K’ was not declared in this scope; did you mean ‘[01m[KcountInOut[m[K’?
[7.646s]   129 |             cout<<"There are: ("<<[01;31m[KcountIn[m[K[0]<<") points in the surface"<<endl;
[7.646s]       |                                   [01;31m[K^~~~~~~[m[K
[7.646s]       |                                   [32m[KcountInOut[m[K
[11.350s] gmake[2]: *** [CMakeFiles/BestViewModel.dir/build.make:76: CMakeFiles/BestViewModel.dir/src/BestViewModel.cpp.o] Error 1
[11.350s] gmake[1]: *** [CMakeFiles/Makefile2:223: CMakeFiles/BestViewModel.dir/all] Error 2
[11.350s] gmake: *** [Makefile:146: all] Error 2
[11.366s] Invoked command in '/home/jajayu/TomatoHarvesting_NextBestView/nbv_code/ros2_ws2/build/my_robot_nbv_cmake' returned '2': CMAKE_PREFIX_PATH=${CMAKE_PREFIX_PATH}:/home/jajayu/TomatoHarvesting_NextBestView/nbv_code/ros2_ws2/install/my_robot_nbv:/home/jajayu/TomatoHarvesting_NextBestView/nbv_code/ros2_ws2/install/my_robot_cam:/home/jajayu/ros2_ws/install/webots_ros2_tests:/home/jajayu/ros2_ws/install/webots_ros2:/home/jajayu/ros2_ws/install/pcd_demo:/home/jajayu/ros2_ws/install/my_robot_controller:/home/jajayu/ros2_ws/install/my_robot_cam:/home/jajayu/ros2_ws/install/gazebo_tutorial:/opt/ros/humble /home/jajayu/.local/bin/cmake --build /home/jajayu/TomatoHarvesting_NextBestView/nbv_code/ros2_ws2/build/my_robot_nbv_cmake -- -j8 -l8
