[0.069s] Invoking command in '/home/jajayu/TomatoHarvesting_NextBestView/nbv_code/ros2_ws2/build/my_bot': CMAKE_PREFIX_PATH=${CMAKE_PREFIX_PATH}:/home/jajayu/TomatoHarvesting_NextBestView/nbv_code/ros2_ws2/install/my_robot_nbv:/home/jajayu/TomatoHarvesting_NextBestView/nbv_code/ros2_ws2/install/my_robot_cam:/home/jajayu/ros2_ws/install/webots_ros2_tests:/home/jajayu/ros2_ws/install/webots_ros2:/home/jajayu/ros2_ws/install/pcd_demo:/home/jajayu/ros2_ws/install/my_robot_controller:/home/jajayu/ros2_ws/install/my_robot_cam:/home/jajayu/ros2_ws/install/gazebo_tutorial:/opt/ros/humble /usr/bin/cmake --build /home/jajayu/TomatoHarvesting_NextBestView/nbv_code/ros2_ws2/build/my_bot -- -j8 -l8
[1.066s] Invoked command in '/home/jajayu/TomatoHarvesting_NextBestView/nbv_code/ros2_ws2/build/my_bot' returned '0': CMAKE_PREFIX_PATH=${CMAKE_PREFIX_PATH}:/home/jajayu/TomatoHarvesting_NextBestView/nbv_code/ros2_ws2/install/my_robot_nbv:/home/jajayu/TomatoHarvesting_NextBestView/nbv_code/ros2_ws2/install/my_robot_cam:/home/jajayu/ros2_ws/install/webots_ros2_tests:/home/jajayu/ros2_ws/install/webots_ros2:/home/jajayu/ros2_ws/install/pcd_demo:/home/jajayu/ros2_ws/install/my_robot_controller:/home/jajayu/ros2_ws/install/my_robot_cam:/home/jajayu/ros2_ws/install/gazebo_tutorial:/opt/ros/humble /usr/bin/cmake --build /home/jajayu/TomatoHarvesting_NextBestView/nbv_code/ros2_ws2/build/my_bot -- -j8 -l8
[1.178s] Invoking command in '/home/jajayu/TomatoHarvesting_NextBestView/nbv_code/ros2_ws2/build/my_bot': CMAKE_PREFIX_PATH=${CMAKE_PREFIX_PATH}:/home/jajayu/TomatoHarvesting_NextBestView/nbv_code/ros2_ws2/install/my_robot_nbv:/home/jajayu/TomatoHarvesting_NextBestView/nbv_code/ros2_ws2/install/my_robot_cam:/home/jajayu/ros2_ws/install/webots_ros2_tests:/home/jajayu/ros2_ws/install/webots_ros2:/home/jajayu/ros2_ws/install/pcd_demo:/home/jajayu/ros2_ws/install/my_robot_controller:/home/jajayu/ros2_ws/install/my_robot_cam:/home/jajayu/ros2_ws/install/gazebo_tutorial:/opt/ros/humble /usr/bin/cmake --install /home/jajayu/TomatoHarvesting_NextBestView/nbv_code/ros2_ws2/build/my_bot
[1.192s] -- Install configuration: ""
[1.202s] -- Execute custom install script
[1.203s] -- Up-to-date symlink: /home/jajayu/TomatoHarvesting_NextBestView/nbv_code/ros2_ws2/install/my_bot/share/my_bot/config/camera_bot.rviz
[1.203s] -- Up-to-date symlink: /home/jajayu/TomatoHarvesting_NextBestView/nbv_code/ros2_ws2/install/my_bot/share/my_bot/config/drive_bot.rviz
[1.204s] -- Up-to-date symlink: /home/jajayu/TomatoHarvesting_NextBestView/nbv_code/ros2_ws2/install/my_bot/share/my_bot/config/empty.yaml
[1.204s] -- Up-to-date symlink: /home/jajayu/TomatoHarvesting_NextBestView/nbv_code/ros2_ws2/install/my_bot/share/my_bot/config/view_bot.rviz
[1.205s] -- Up-to-date symlink: /home/jajayu/TomatoHarvesting_NextBestView/nbv_code/ros2_ws2/install/my_bot/share/my_bot/description/camera.xacro
[1.205s] -- Up-to-date symlink: /home/jajayu/TomatoHarvesting_NextBestView/nbv_code/ros2_ws2/install/my_bot/share/my_bot/description/depth_camera.xacro
[1.205s] -- Up-to-date symlink: /home/jajayu/TomatoHarvesting_NextBestView/nbv_code/ros2_ws2/install/my_bot/share/my_bot/description/gazebo_control.xacro
[1.205s] -- Up-to-date symlink: /home/jajayu/TomatoHarvesting_NextBestView/nbv_code/ros2_ws2/install/my_bot/share/my_bot/description/inertial_macros.xacro
[1.206s] -- Up-to-date symlink: /home/jajayu/TomatoHarvesting_NextBestView/nbv_code/ros2_ws2/install/my_bot/share/my_bot/description/robot.urdf.xacro
[1.206s] -- Up-to-date symlink: /home/jajayu/TomatoHarvesting_NextBestView/nbv_code/ros2_ws2/install/my_bot/share/my_bot/description/robot_core.xacro
[1.206s] -- Up-to-date symlink: /home/jajayu/TomatoHarvesting_NextBestView/nbv_code/ros2_ws2/install/my_bot/share/my_bot/launch/launch_sim.launch.py
[1.206s] -- Up-to-date symlink: /home/jajayu/TomatoHarvesting_NextBestView/nbv_code/ros2_ws2/install/my_bot/share/my_bot/launch/rsp.launch.py
[1.206s] -- Up-to-date symlink: /home/jajayu/TomatoHarvesting_NextBestView/nbv_code/ros2_ws2/install/my_bot/share/my_bot/worlds/empty.world
[1.206s] -- Up-to-date symlink: /home/jajayu/TomatoHarvesting_NextBestView/nbv_code/ros2_ws2/install/my_bot/share/my_bot/worlds/obstacles.world
[1.206s] -- Up-to-date symlink: /home/jajayu/TomatoHarvesting_NextBestView/nbv_code/ros2_ws2/install/my_bot/share/my_bot/worlds/tomato_plant_set2.world
[1.210s] -- Up-to-date symlink: /home/jajayu/TomatoHarvesting_NextBestView/nbv_code/ros2_ws2/install/my_bot/share/my_bot/worlds/tomato_plant_set3.world
[1.211s] -- Up-to-date symlink: /home/jajayu/TomatoHarvesting_NextBestView/nbv_code/ros2_ws2/install/my_bot/share/my_bot/worlds/tomato_plantset.world
[1.211s] -- Up-to-date symlink: /home/jajayu/TomatoHarvesting_NextBestView/nbv_code/ros2_ws2/install/my_bot/share/my_bot/worlds/tomato_try.world/model.config
[1.212s] -- Up-to-date symlink: /home/jajayu/TomatoHarvesting_NextBestView/nbv_code/ros2_ws2/install/my_bot/share/my_bot/worlds/tomato_try.world/model.sdf
[1.212s] -- Up-to-date symlink: /home/jajayu/TomatoHarvesting_NextBestView/nbv_code/ros2_ws2/install/my_bot/share/my_bot/worlds/tomato_try2.world
[1.213s] -- Up-to-date symlink: /home/jajayu/TomatoHarvesting_NextBestView/nbv_code/ros2_ws2/install/my_bot/share/ament_index/resource_index/package_run_dependencies/my_bot
[1.213s] -- Up-to-date symlink: /home/jajayu/TomatoHarvesting_NextBestView/nbv_code/ros2_ws2/install/my_bot/share/ament_index/resource_index/parent_prefix_path/my_bot
[1.215s] -- Up-to-date symlink: /home/jajayu/TomatoHarvesting_NextBestView/nbv_code/ros2_ws2/install/my_bot/share/my_bot/environment/ament_prefix_path.sh
[1.216s] -- Up-to-date symlink: /home/jajayu/TomatoHarvesting_NextBestView/nbv_code/ros2_ws2/install/my_bot/share/my_bot/environment/ament_prefix_path.dsv
[1.219s] -- Up-to-date symlink: /home/jajayu/TomatoHarvesting_NextBestView/nbv_code/ros2_ws2/install/my_bot/share/my_bot/environment/path.sh
[1.220s] -- Up-to-date symlink: /home/jajayu/TomatoHarvesting_NextBestView/nbv_code/ros2_ws2/install/my_bot/share/my_bot/environment/path.dsv
[1.225s] -- Up-to-date symlink: /home/jajayu/TomatoHarvesting_NextBestView/nbv_code/ros2_ws2/install/my_bot/share/my_bot/local_setup.bash
[1.228s] -- Up-to-date symlink: /home/jajayu/TomatoHarvesting_NextBestView/nbv_code/ros2_ws2/install/my_bot/share/my_bot/local_setup.sh
[1.228s] -- Up-to-date symlink: /home/jajayu/TomatoHarvesting_NextBestView/nbv_code/ros2_ws2/install/my_bot/share/my_bot/local_setup.zsh
[1.228s] -- Up-to-date symlink: /home/jajayu/TomatoHarvesting_NextBestView/nbv_code/ros2_ws2/install/my_bot/share/my_bot/local_setup.dsv
[1.229s] -- Symlinking: /home/jajayu/TomatoHarvesting_NextBestView/nbv_code/ros2_ws2/install/my_bot/share/my_bot/package.dsv
[1.244s] -- Up-to-date symlink: /home/jajayu/TomatoHarvesting_NextBestView/nbv_code/ros2_ws2/install/my_bot/share/ament_index/resource_index/packages/my_bot
[1.244s] -- Up-to-date symlink: /home/jajayu/TomatoHarvesting_NextBestView/nbv_code/ros2_ws2/install/my_bot/share/my_bot/cmake/my_botConfig.cmake
[1.245s] -- Up-to-date symlink: /home/jajayu/TomatoHarvesting_NextBestView/nbv_code/ros2_ws2/install/my_bot/share/my_bot/cmake/my_botConfig-version.cmake
[1.245s] -- Up-to-date symlink: /home/jajayu/TomatoHarvesting_NextBestView/nbv_code/ros2_ws2/install/my_bot/share/my_bot/package.xml
[1.248s] Invoked command in '/home/jajayu/TomatoHarvesting_NextBestView/nbv_code/ros2_ws2/build/my_bot' returned '0': CMAKE_PREFIX_PATH=${CMAKE_PREFIX_PATH}:/home/jajayu/TomatoHarvesting_NextBestView/nbv_code/ros2_ws2/install/my_robot_nbv:/home/jajayu/TomatoHarvesting_NextBestView/nbv_code/ros2_ws2/install/my_robot_cam:/home/jajayu/ros2_ws/install/webots_ros2_tests:/home/jajayu/ros2_ws/install/webots_ros2:/home/jajayu/ros2_ws/install/pcd_demo:/home/jajayu/ros2_ws/install/my_robot_controller:/home/jajayu/ros2_ws/install/my_robot_cam:/home/jajayu/ros2_ws/install/gazebo_tutorial:/opt/ros/humble /usr/bin/cmake --install /home/jajayu/TomatoHarvesting_NextBestView/nbv_code/ros2_ws2/build/my_bot
