[1.807s] Invoking command in '/home/jajayu/TomatoHarvesting_NextBestView/nbv_code/nbv_for_local_computer/ros2_ws2_local/src/my_robot_arm': AMENT_PREFIX_PATH=/home/jajayu/TomatoHarvesting_NextBestView/nbv_code/nbv_for_local_computer/ros2_ws2_local/install/message_interfaces:${AMENT_PREFIX_PATH} CMAKE_PREFIX_PATH=/home/jajayu/TomatoHarvesting_NextBestView/nbv_code/nbv_for_local_computer/ros2_ws2_local/install/message_interfaces:${CMAKE_PREFIX_PATH} LD_LIBRARY_PATH=/home/jajayu/TomatoHarvesting_NextBestView/nbv_code/nbv_for_local_computer/ros2_ws2_local/install/message_interfaces/lib:${LD_LIBRARY_PATH} PYTHONPATH=/home/jajayu/TomatoHarvesting_NextBestView/nbv_code/nbv_for_local_computer/ros2_ws2_local/build/my_robot_arm/prefix_override:/usr/lib/python3/dist-packages/colcon_core/task/python/colcon_distutils_commands:/home/jajayu/TomatoHarvesting_NextBestView/nbv_code/nbv_for_local_computer/ros2_ws2_local/install/my_robot_arm/lib/python3.10/site-packages:/home/jajayu/TomatoHarvesting_NextBestView/nbv_code/nbv_for_local_computer/ros2_ws2_local/install/message_interfaces/local/lib/python3.10/dist-packages:${PYTHONPATH} /usr/bin/python3 -W ignore:setup.py install is deprecated setup.py egg_info --egg-base ../../build/my_robot_arm build --build-base /home/jajayu/TomatoHarvesting_NextBestView/nbv_code/nbv_for_local_computer/ros2_ws2_local/build/my_robot_arm/build install --record /home/jajayu/TomatoHarvesting_NextBestView/nbv_code/nbv_for_local_computer/ros2_ws2_local/build/my_robot_arm/install.log --single-version-externally-managed install_data
[2.321s] running egg_info
[2.322s] writing ../../build/my_robot_arm/my_robot_arm.egg-info/PKG-INFO
[2.327s] writing dependency_links to ../../build/my_robot_arm/my_robot_arm.egg-info/dependency_links.txt
[2.327s] writing entry points to ../../build/my_robot_arm/my_robot_arm.egg-info/entry_points.txt
[2.328s] writing requirements to ../../build/my_robot_arm/my_robot_arm.egg-info/requires.txt
[2.328s] writing top-level names to ../../build/my_robot_arm/my_robot_arm.egg-info/top_level.txt
[2.329s] reading manifest file '../../build/my_robot_arm/my_robot_arm.egg-info/SOURCES.txt'
[2.333s] writing manifest file '../../build/my_robot_arm/my_robot_arm.egg-info/SOURCES.txt'
[2.333s] running build
[2.334s] running build_py
[2.335s] copying my_robot_arm/arm_move_controller.py -> /home/jajayu/TomatoHarvesting_NextBestView/nbv_code/nbv_for_local_computer/ros2_ws2_local/build/my_robot_arm/build/lib/my_robot_arm
[2.335s] running install
[2.337s] running install_lib
[2.340s] copying /home/jajayu/TomatoHarvesting_NextBestView/nbv_code/nbv_for_local_computer/ros2_ws2_local/build/my_robot_arm/build/lib/my_robot_arm/arm_move_controller.py -> /home/jajayu/TomatoHarvesting_NextBestView/nbv_code/nbv_for_local_computer/ros2_ws2_local/install/my_robot_arm/lib/python3.10/site-packages/my_robot_arm
[2.341s] byte-compiling /home/jajayu/TomatoHarvesting_NextBestView/nbv_code/nbv_for_local_computer/ros2_ws2_local/install/my_robot_arm/lib/python3.10/site-packages/my_robot_arm/arm_move_controller.py to arm_move_controller.cpython-310.pyc
[2.345s] running install_data
[2.345s] running install_egg_info
[2.348s] removing '/home/jajayu/TomatoHarvesting_NextBestView/nbv_code/nbv_for_local_computer/ros2_ws2_local/install/my_robot_arm/lib/python3.10/site-packages/my_robot_arm-0.0.0-py3.10.egg-info' (and everything under it)
[2.349s] Copying ../../build/my_robot_arm/my_robot_arm.egg-info to /home/jajayu/TomatoHarvesting_NextBestView/nbv_code/nbv_for_local_computer/ros2_ws2_local/install/my_robot_arm/lib/python3.10/site-packages/my_robot_arm-0.0.0-py3.10.egg-info
[2.351s] running install_scripts
[2.384s] Installing arm_move_controller script to /home/jajayu/TomatoHarvesting_NextBestView/nbv_code/nbv_for_local_computer/ros2_ws2_local/install/my_robot_arm/lib/my_robot_arm
[2.389s] writing list of installed files to '/home/jajayu/TomatoHarvesting_NextBestView/nbv_code/nbv_for_local_computer/ros2_ws2_local/build/my_robot_arm/install.log'
[2.457s] Invoked command in '/home/jajayu/TomatoHarvesting_NextBestView/nbv_code/nbv_for_local_computer/ros2_ws2_local/src/my_robot_arm' returned '0': AMENT_PREFIX_PATH=/home/jajayu/TomatoHarvesting_NextBestView/nbv_code/nbv_for_local_computer/ros2_ws2_local/install/message_interfaces:${AMENT_PREFIX_PATH} CMAKE_PREFIX_PATH=/home/jajayu/TomatoHarvesting_NextBestView/nbv_code/nbv_for_local_computer/ros2_ws2_local/install/message_interfaces:${CMAKE_PREFIX_PATH} LD_LIBRARY_PATH=/home/jajayu/TomatoHarvesting_NextBestView/nbv_code/nbv_for_local_computer/ros2_ws2_local/install/message_interfaces/lib:${LD_LIBRARY_PATH} PYTHONPATH=/home/jajayu/TomatoHarvesting_NextBestView/nbv_code/nbv_for_local_computer/ros2_ws2_local/build/my_robot_arm/prefix_override:/usr/lib/python3/dist-packages/colcon_core/task/python/colcon_distutils_commands:/home/jajayu/TomatoHarvesting_NextBestView/nbv_code/nbv_for_local_computer/ros2_ws2_local/install/my_robot_arm/lib/python3.10/site-packages:/home/jajayu/TomatoHarvesting_NextBestView/nbv_code/nbv_for_local_computer/ros2_ws2_local/install/message_interfaces/local/lib/python3.10/dist-packages:${PYTHONPATH} /usr/bin/python3 -W ignore:setup.py install is deprecated setup.py egg_info --egg-base ../../build/my_robot_arm build --build-base /home/jajayu/TomatoHarvesting_NextBestView/nbv_code/nbv_for_local_computer/ros2_ws2_local/build/my_robot_arm/build install --record /home/jajayu/TomatoHarvesting_NextBestView/nbv_code/nbv_for_local_computer/ros2_ws2_local/build/my_robot_arm/install.log --single-version-externally-managed install_data
