[ 20%] Built target SdfModelV3
[ 40%] Built target nbvc_lib_SdfModel
[ 60%] Built target nbvc_ray_generationV3_beforeclean
[ 80%] Built target BestViewModel
[ 90%] [32mBuilding CXX object CMakeFiles/nbvc_ray_generation.dir/src/nbvc_ray_generation.cpp.o[0m
In file included from [01m[K/home/jajayu/TomatoHarvesting_NextBestView/nbv_code/ros2_ws2/src/my_robot_nbv_cmake/src/nbvc_ray_generation.cpp:35[m[K:
[01m[K/opt/ros/humble/include/tf2_geometry_msgs/tf2_geometry_msgs/tf2_geometry_msgs.h:35:2:[m[K [01;35m[Kwarning: [m[K#warning This header is obsolete, please include tf2_geometry_msgs/tf2_geometry_msgs.hpp instead [[01;35m[K]8;;https://gcc.gnu.org/onlinedocs/gcc/Warning-Options.html#index-Wcpp-Wcpp]8;;[m[K]
   35 | #[01;35m[Kwarning[m[K This header is obsolete, please include tf2_geometry_msgs/tf2_geometry_msgs.hpp instead
      |  [01;35m[K^~~~~~~[m[K
In file included from [01m[K/home/jajayu/TomatoHarvesting_NextBestView/nbv_code/ros2_ws2/src/my_robot_nbv_cmake/src/nbvc_ray_generation.cpp:37[m[K:
[01m[K/opt/ros/humble/include/tf2_eigen/tf2_eigen/tf2_eigen.h:32:2:[m[K [01;35m[Kwarning: [m[K#warning This header is obsolete, please include tf2_eigen/tf2_eigen.hpp instead [[01;35m[K]8;;https://gcc.gnu.org/onlinedocs/gcc/Warning-Options.html#index-Wcpp-Wcpp]8;;[m[K]
   32 | #[01;35m[Kwarning[m[K This header is obsolete, please include tf2_eigen/tf2_eigen.hpp instead
      |  [01;35m[K^~~~~~~[m[K
[01m[K/home/jajayu/TomatoHarvesting_NextBestView/nbv_code/ros2_ws2/src/my_robot_nbv_cmake/src/nbvc_ray_generation.cpp:[m[K In member function ‘[01m[Kvoid MyNode::status_topic_callback(message_interfaces::msg::NodeStatus_<std::allocator<void> >::SharedPtr) const[m[K’:
[01m[K/home/jajayu/TomatoHarvesting_NextBestView/nbv_code/ros2_ws2/src/my_robot_nbv_cmake/src/nbvc_ray_generation.cpp:136:43:[m[K [01;31m[Kerror: [m[Kassignment of member ‘[01m[KMyNode::ready_for_next_iteration_msg_[m[K’ in read-only object
  136 | [01;31m[Kxt_iteration_msg_ = msg->ready_for_next_iteration[m[K;
      | [01;31m[K~~~~~~~~~~~~~~~~~~^~~~~~~~~~~~~~~~~~~~~~~~~~~~~~~[m[K

[01m[K/home/jajayu/TomatoHarvesting_NextBestView/nbv_code/ros2_ws2/src/my_robot_nbv_cmake/src/nbvc_ray_generation.cpp:137:28:[m[K [01;31m[Kerror: [m[Kassignment of member ‘[01m[KMyNode::is_moving_msg_[m[K’ in read-only object
  137 |    [01;31m[Kis_moving_msg_ = msg->is_moving[m[K;
      |    [01;31m[K~~~~~~~~~~~~~~~^~~~~~~~~~~~~~~~[m[K

[01m[K/home/jajayu/TomatoHarvesting_NextBestView/nbv_code/ros2_ws2/src/my_robot_nbv_cmake/src/nbvc_ray_generation.cpp:138:28:[m[K [01;31m[Kerror: [m[Kassignment of member ‘[01m[KMyNode::iteration_msg_[m[K’ in read-only object
  138 |    [01;31m[Kiteration_msg_ = msg->iteration[m[K;
      |    [01;31m[K~~~~~~~~~~~~~~~^~~~~~~~~~~~~~~~[m[K

[01m[K/home/jajayu/TomatoHarvesting_NextBestView/nbv_code/ros2_ws2/src/my_robot_nbv_cmake/src/nbvc_ray_generation.cpp:139:33:[m[K [01;31m[Kerror: [m[Kassignment of member ‘[01m[KMyNode::detection_done_msg_[m[K’ in read-only object
  139 | [01;31m[Ktection_done_msg_ = msg->detection_done[m[K;
      | [01;31m[K~~~~~~~~~~~~~~~~~~^~~~~~~~~~~~~~~~~~~~~[m[K

[01m[K/home/jajayu/TomatoHarvesting_NextBestView/nbv_code/ros2_ws2/src/my_robot_nbv_cmake/src/nbvc_ray_generation.cpp:140:27:[m[K [01;31m[Kerror: [m[Kassignment of member ‘[01m[KMyNode::icp_done_msg_[m[K’ in read-only object
  140 |     [01;31m[Kicp_done_msg_ = msg->icp_done[m[K;
      |     [01;31m[K~~~~~~~~~~~~~~^~~~~~~~~~~~~~~[m[K

[01m[K/home/jajayu/TomatoHarvesting_NextBestView/nbv_code/ros2_ws2/src/my_robot_nbv_cmake/src/nbvc_ray_generation.cpp:141:31:[m[K [01;31m[Kerror: [m[Kassignment of member ‘[01m[KMyNode::octomap_done_msg_[m[K’ in read-only object
  141 | [01;31m[Koctomap_done_msg_ = msg->octomap_done[m[K;
      | [01;31m[K~~~~~~~~~~~~~~~~~~^~~~~~~~~~~~~~~~~~~[m[K

[01m[K/home/jajayu/TomatoHarvesting_NextBestView/nbv_code/ros2_ws2/src/my_robot_nbv_cmake/src/nbvc_ray_generation.cpp:142:27:[m[K [01;31m[Kerror: [m[Kassignment of member ‘[01m[KMyNode::nbv_done_msg_[m[K’ in read-only object
  142 |     [01;31m[Knbv_done_msg_ = msg->nbv_done[m[K;
      |     [01;31m[K~~~~~~~~~~~~~~^~~~~~~~~~~~~~~[m[K

[01m[K/home/jajayu/TomatoHarvesting_NextBestView/nbv_code/ros2_ws2/src/my_robot_nbv_cmake/src/nbvc_ray_generation.cpp:143:30:[m[K [01;31m[Kerror: [m[Kassignment of member ‘[01m[KMyNode::nbv_point_x_msg_[m[K’ in read-only object
  143 |  [01;31m[Knbv_point_x_msg_ = msg->nbv_point_x[m[K;
      |  [01;31m[K~~~~~~~~~~~~~~~~~^~~~~~~~~~~~~~~~~~[m[K

[01m[K/home/jajayu/TomatoHarvesting_NextBestView/nbv_code/ros2_ws2/src/my_robot_nbv_cmake/src/nbvc_ray_generation.cpp:144:30:[m[K [01;31m[Kerror: [m[Kassignment of member ‘[01m[KMyNode::nbv_point_y_msg_[m[K’ in read-only object
  144 |  [01;31m[Knbv_point_y_msg_ = msg->nbv_point_y[m[K;
      |  [01;31m[K~~~~~~~~~~~~~~~~~^~~~~~~~~~~~~~~~~~[m[K

[01m[K/home/jajayu/TomatoHarvesting_NextBestView/nbv_code/ros2_ws2/src/my_robot_nbv_cmake/src/nbvc_ray_generation.cpp:145:30:[m[K [01;31m[Kerror: [m[Kassignment of member ‘[01m[KMyNode::nbv_point_z_msg_[m[K’ in read-only object
  145 |  [01;31m[Knbv_point_z_msg_ = msg->nbv_point_z[m[K;
      |  [01;31m[K~~~~~~~~~~~~~~~~~^~~~~~~~~~~~~~~~~~[m[K

[01m[K/home/jajayu/TomatoHarvesting_NextBestView/nbv_code/ros2_ws2/src/my_robot_nbv_cmake/src/nbvc_ray_generation.cpp:146:34:[m[K [01;31m[Kerror: [m[Kassignment of member ‘[01m[KMyNode::is_final_result_msg_[m[K’ in read-only object
  146 | [01;31m[Kfinal_result_msg_ = msg->is_final_result[m[K;
      | [01;31m[K~~~~~~~~~~~~~~~~~~^~~~~~~~~~~~~~~~~~~~~~[m[K

[01m[K/home/jajayu/TomatoHarvesting_NextBestView/nbv_code/ros2_ws2/src/my_robot_nbv_cmake/src/nbvc_ray_generation.cpp:[m[K In member function ‘[01m[Kvoid MyNode::octomap_callback(octomap_msgs::msg::Octomap_<std::allocator<void> >::SharedPtr)[m[K’:
[01m[K/home/jajayu/TomatoHarvesting_NextBestView/nbv_code/ros2_ws2/src/my_robot_nbv_cmake/src/nbvc_ray_generation.cpp:421:40:[m[K [01;31m[Kerror: [m[K‘[01m[Kstruct message_interfaces::msg::NodeStatus_<std::allocator<void> >[m[K’ has no member named ‘[01m[Kready_for_next_iteration_msg[m[K’; did you mean ‘[01m[Kready_for_next_iteration[m[K’?
  421 |        msg_status.[01;31m[Kready_for_next_iteration_msg[m[K = ready_for_next_iteration_msg_;
      |                   [01;31m[K^~~~~~~~~~~~~~~~~~~~~~~~~~~~[m[K
      |                   [32m[Kready_for_next_iteration[m[K
Traceback (most recent call last):
  File "/home/jajayu/.local/bin/cmake", line 8, in <module>
    sys.exit(cmake())
  File "/home/jajayu/.local/lib/python3.10/site-packages/cmake/__init__.py", line 51, in cmake
gmake[2]: *** wait: No child processes.  Stop.
gmake[2]: *** Waiting for unfinished jobs....
gmake[2]: *** wait: No child processes.  Stop.
gmake[1]: *** [CMakeFiles/Makefile2:145: CMakeFiles/nbvc_ray_generation.dir/all] Error 2
gmake: *** [Makefile:146: all] Interrupt
    raise SystemExit(_program('cmake', sys.argv[1:]))
  File "/home/jajayu/.local/lib/python3.10/site-packages/cmake/__init__.py", line 47, in _program
    return subprocess.call([os.path.join(CMAKE_BIN_DIR, name), *args], close_fds=False)
  File "/usr/lib/python3.10/subprocess.py", line 347, in call
    return p.wait(timeout=timeout)
  File "/usr/lib/python3.10/subprocess.py", line 1209, in wait
    return self._wait(timeout=timeout)
  File "/usr/lib/python3.10/subprocess.py", line 1959, in _wait
    (pid, sts) = self._try_wait(0)
  File "/usr/lib/python3.10/subprocess.py", line 1917, in _try_wait
    (pid, sts) = os.waitpid(self.pid, wait_flags)
KeyboardInterrupt
