[0.021s] Invoking command in '/home/jajayu/TomatoHarvesting_NextBestView/nbv_code/ros2_ws2/build/my_robot_nbv_cmake': CMAKE_PREFIX_PATH=/home/jajayu/TomatoHarvesting_NextBestView/nbv_code/ros2_ws2/install/message_interfaces:/home/jajayu/TomatoHarvesting_NextBestView/nbv_code/ros2_ws2/install/realsense2_description:/home/jajayu/TomatoHarvesting_NextBestView/nbv_code/ros2_ws2/install/realsense2_camera:/home/jajayu/TomatoHarvesting_NextBestView/nbv_code/ros2_ws2/install/realsense2_camera_msgs:/home/jajayu/TomatoHarvesting_NextBestView/nbv_code/ros2_ws2/install/octomap_server2:/home/jajayu/TomatoHarvesting_NextBestView/nbv_code/ros2_ws2/install/my_robot_nbv_cmake:/home/jajayu/TomatoHarvesting_NextBestView/nbv_code/ros2_ws2/install/my_bot:/home/jajayu/ros2_ws/install/urdf_example:/home/jajayu/ros2_ws/install/perception_pcl:/home/jajayu/ros2_ws/install/pcl_ros:/home/jajayu/ros2_ws/install/octomap_server2:/home/jajayu/ros2_ws/install/pcl_conversions:/home/jajayu/ros2_ws/install/pcl_msgs:/home/jajayu/ros2_ws/install/my_robot_cam_cmake:/home/jajayu/ros2_ws/install/my_bot:/home/jajayu/ros2_ws/install/depthimage_to_pointcloud2:/home/jajayu/TomatoHarvesting_NextBestView/nbv_code/ros2_ws2/install/my_robot_nbv:/home/jajayu/TomatoHarvesting_NextBestView/nbv_code/ros2_ws2/install/my_robot_cam:/home/jajayu/ros2_ws/install/webots_ros2_tests:/home/jajayu/ros2_ws/install/webots_ros2:/home/jajayu/ros2_ws/install/pcd_demo:/home/jajayu/ros2_ws/install/my_robot_controller:/home/jajayu/ros2_ws/install/my_robot_cam:/home/jajayu/ros2_ws/install/gazebo_tutorial:/opt/ros/humble LD_LIBRARY_PATH=/home/jajayu/TomatoHarvesting_NextBestView/nbv_code/ros2_ws2/install/message_interfaces/lib:/home/jajayu/open3d_install/lib:/home/jajayu/TomatoHarvesting_NextBestView/nbv_code/ros2_ws2/install/realsense2_camera/lib:/home/jajayu/TomatoHarvesting_NextBestView/nbv_code/ros2_ws2/install/realsense2_camera_msgs/lib:/home/jajayu/TomatoHarvesting_NextBestView/nbv_code/ros2_ws2/install/octomap_server2/lib:/home/jajayu/ros2_ws/install/pcl_ros/lib:/home/jajayu/ros2_ws/install/octomap_server2/lib:/home/jajayu/ros2_ws/install/pcl_msgs/lib:/usr/lib/x86_64-linux-gnu/gazebo-11/plugins:/opt/ros/humble/opt/rviz_ogre_vendor/lib:/opt/ros/humble/lib/x86_64-linux-gnu:/opt/ros/humble/lib /home/jajayu/.local/bin/cmake --build /home/jajayu/TomatoHarvesting_NextBestView/nbv_code/ros2_ws2/build/my_robot_nbv_cmake -- -j8 -l8
[0.187s] [ 20%] Built target SdfModelV3
[0.189s] [ 40%] Built target nbvc_lib_SdfModel
[0.217s] [ 60%] Built target nbvc_ray_generationV3_beforeclean
[0.225s] [ 80%] Built target BestViewModel
[0.225s] [ 90%] [32mBuilding CXX object CMakeFiles/nbvc_ray_generation.dir/src/nbvc_ray_generation.cpp.o[0m
[0.848s] In file included from [01m[K/home/jajayu/TomatoHarvesting_NextBestView/nbv_code/ros2_ws2/src/my_robot_nbv_cmake/src/nbvc_ray_generation.cpp:35[m[K:
[0.848s] [01m[K/opt/ros/humble/include/tf2_geometry_msgs/tf2_geometry_msgs/tf2_geometry_msgs.h:35:2:[m[K [01;35m[Kwarning: [m[K#warning This header is obsolete, please include tf2_geometry_msgs/tf2_geometry_msgs.hpp instead [[01;35m[K]8;;https://gcc.gnu.org/onlinedocs/gcc/Warning-Options.html#index-Wcpp-Wcpp]8;;[m[K]
[0.848s]    35 | #[01;35m[Kwarning[m[K This header is obsolete, please include tf2_geometry_msgs/tf2_geometry_msgs.hpp instead
[0.848s]       |  [01;35m[K^~~~~~~[m[K
[0.867s] In file included from [01m[K/home/jajayu/TomatoHarvesting_NextBestView/nbv_code/ros2_ws2/src/my_robot_nbv_cmake/src/nbvc_ray_generation.cpp:37[m[K:
[0.867s] [01m[K/opt/ros/humble/include/tf2_eigen/tf2_eigen/tf2_eigen.h:32:2:[m[K [01;35m[Kwarning: [m[K#warning This header is obsolete, please include tf2_eigen/tf2_eigen.hpp instead [[01;35m[K]8;;https://gcc.gnu.org/onlinedocs/gcc/Warning-Options.html#index-Wcpp-Wcpp]8;;[m[K]
[0.867s]    32 | #[01;35m[Kwarning[m[K This header is obsolete, please include tf2_eigen/tf2_eigen.hpp instead
[0.868s]       |  [01;35m[K^~~~~~~[m[K
[8.973s] [01m[K/home/jajayu/TomatoHarvesting_NextBestView/nbv_code/ros2_ws2/src/my_robot_nbv_cmake/src/nbvc_ray_generation.cpp:[m[K In member function ‘[01m[Kvoid MyNode::status_topic_callback(message_interfaces::msg::NodeStatus_<std::allocator<void> >::SharedPtr) const[m[K’:
[8.973s] [01m[K/home/jajayu/TomatoHarvesting_NextBestView/nbv_code/ros2_ws2/src/my_robot_nbv_cmake/src/nbvc_ray_generation.cpp:136:43:[m[K [01;31m[Kerror: [m[Kassignment of member ‘[01m[KMyNode::ready_for_next_iteration_msg_[m[K’ in read-only object
[8.973s]   136 | [01;31m[Kxt_iteration_msg_ = msg->ready_for_next_iteration[m[K;
[8.973s]       | [01;31m[K~~~~~~~~~~~~~~~~~~^~~~~~~~~~~~~~~~~~~~~~~~~~~~~~~[m[K
[8.973s] 
[8.973s] [01m[K/home/jajayu/TomatoHarvesting_NextBestView/nbv_code/ros2_ws2/src/my_robot_nbv_cmake/src/nbvc_ray_generation.cpp:137:28:[m[K [01;31m[Kerror: [m[Kassignment of member ‘[01m[KMyNode::is_moving_msg_[m[K’ in read-only object
[8.973s]   137 |    [01;31m[Kis_moving_msg_ = msg->is_moving[m[K;
[8.973s]       |    [01;31m[K~~~~~~~~~~~~~~~^~~~~~~~~~~~~~~~[m[K
[8.973s] 
[8.973s] [01m[K/home/jajayu/TomatoHarvesting_NextBestView/nbv_code/ros2_ws2/src/my_robot_nbv_cmake/src/nbvc_ray_generation.cpp:138:28:[m[K [01;31m[Kerror: [m[Kassignment of member ‘[01m[KMyNode::iteration_msg_[m[K’ in read-only object
[8.974s]   138 |    [01;31m[Kiteration_msg_ = msg->iteration[m[K;
[8.974s]       |    [01;31m[K~~~~~~~~~~~~~~~^~~~~~~~~~~~~~~~[m[K
[8.974s] 
[8.974s] [01m[K/home/jajayu/TomatoHarvesting_NextBestView/nbv_code/ros2_ws2/src/my_robot_nbv_cmake/src/nbvc_ray_generation.cpp:139:33:[m[K [01;31m[Kerror: [m[Kassignment of member ‘[01m[KMyNode::detection_done_msg_[m[K’ in read-only object
[8.974s]   139 | [01;31m[Ktection_done_msg_ = msg->detection_done[m[K;
[8.974s]       | [01;31m[K~~~~~~~~~~~~~~~~~~^~~~~~~~~~~~~~~~~~~~~[m[K
[8.974s] 
[8.974s] [01m[K/home/jajayu/TomatoHarvesting_NextBestView/nbv_code/ros2_ws2/src/my_robot_nbv_cmake/src/nbvc_ray_generation.cpp:140:27:[m[K [01;31m[Kerror: [m[Kassignment of member ‘[01m[KMyNode::icp_done_msg_[m[K’ in read-only object
[8.974s]   140 |     [01;31m[Kicp_done_msg_ = msg->icp_done[m[K;
[8.974s]       |     [01;31m[K~~~~~~~~~~~~~~^~~~~~~~~~~~~~~[m[K
[8.974s] 
[8.974s] [01m[K/home/jajayu/TomatoHarvesting_NextBestView/nbv_code/ros2_ws2/src/my_robot_nbv_cmake/src/nbvc_ray_generation.cpp:141:31:[m[K [01;31m[Kerror: [m[Kassignment of member ‘[01m[KMyNode::octomap_done_msg_[m[K’ in read-only object
[8.974s]   141 | [01;31m[Koctomap_done_msg_ = msg->octomap_done[m[K;
[8.974s]       | [01;31m[K~~~~~~~~~~~~~~~~~~^~~~~~~~~~~~~~~~~~~[m[K
[8.974s] 
[8.974s] [01m[K/home/jajayu/TomatoHarvesting_NextBestView/nbv_code/ros2_ws2/src/my_robot_nbv_cmake/src/nbvc_ray_generation.cpp:142:27:[m[K [01;31m[Kerror: [m[Kassignment of member ‘[01m[KMyNode::nbv_done_msg_[m[K’ in read-only object
[8.974s]   142 |     [01;31m[Knbv_done_msg_ = msg->nbv_done[m[K;
[8.974s]       |     [01;31m[K~~~~~~~~~~~~~~^~~~~~~~~~~~~~~[m[K
[8.975s] 
[8.975s] [01m[K/home/jajayu/TomatoHarvesting_NextBestView/nbv_code/ros2_ws2/src/my_robot_nbv_cmake/src/nbvc_ray_generation.cpp:143:30:[m[K [01;31m[Kerror: [m[Kassignment of member ‘[01m[KMyNode::nbv_point_x_msg_[m[K’ in read-only object
[8.975s]   143 |  [01;31m[Knbv_point_x_msg_ = msg->nbv_point_x[m[K;
[8.975s]       |  [01;31m[K~~~~~~~~~~~~~~~~~^~~~~~~~~~~~~~~~~~[m[K
[8.975s] 
[8.975s] [01m[K/home/jajayu/TomatoHarvesting_NextBestView/nbv_code/ros2_ws2/src/my_robot_nbv_cmake/src/nbvc_ray_generation.cpp:144:30:[m[K [01;31m[Kerror: [m[Kassignment of member ‘[01m[KMyNode::nbv_point_y_msg_[m[K’ in read-only object
[8.975s]   144 |  [01;31m[Knbv_point_y_msg_ = msg->nbv_point_y[m[K;
[8.975s]       |  [01;31m[K~~~~~~~~~~~~~~~~~^~~~~~~~~~~~~~~~~~[m[K
[8.975s] 
[8.975s] [01m[K/home/jajayu/TomatoHarvesting_NextBestView/nbv_code/ros2_ws2/src/my_robot_nbv_cmake/src/nbvc_ray_generation.cpp:145:30:[m[K [01;31m[Kerror: [m[Kassignment of member ‘[01m[KMyNode::nbv_point_z_msg_[m[K’ in read-only object
[8.975s]   145 |  [01;31m[Knbv_point_z_msg_ = msg->nbv_point_z[m[K;
[8.975s]       |  [01;31m[K~~~~~~~~~~~~~~~~~^~~~~~~~~~~~~~~~~~[m[K
[8.975s] 
[8.975s] [01m[K/home/jajayu/TomatoHarvesting_NextBestView/nbv_code/ros2_ws2/src/my_robot_nbv_cmake/src/nbvc_ray_generation.cpp:146:34:[m[K [01;31m[Kerror: [m[Kassignment of member ‘[01m[KMyNode::is_final_result_msg_[m[K’ in read-only object
[8.975s]   146 | [01;31m[Kfinal_result_msg_ = msg->is_final_result[m[K;
[8.975s]       | [01;31m[K~~~~~~~~~~~~~~~~~~^~~~~~~~~~~~~~~~~~~~~~[m[K
[8.975s] 
[8.997s] [01m[K/home/jajayu/TomatoHarvesting_NextBestView/nbv_code/ros2_ws2/src/my_robot_nbv_cmake/src/nbvc_ray_generation.cpp:[m[K In member function ‘[01m[Kvoid MyNode::octomap_callback(octomap_msgs::msg::Octomap_<std::allocator<void> >::SharedPtr)[m[K’:
[8.997s] [01m[K/home/jajayu/TomatoHarvesting_NextBestView/nbv_code/ros2_ws2/src/my_robot_nbv_cmake/src/nbvc_ray_generation.cpp:421:40:[m[K [01;31m[Kerror: [m[K‘[01m[Kstruct message_interfaces::msg::NodeStatus_<std::allocator<void> >[m[K’ has no member named ‘[01m[Kready_for_next_iteration_msg[m[K’; did you mean ‘[01m[Kready_for_next_iteration[m[K’?
[8.998s]   421 |        msg_status.[01;31m[Kready_for_next_iteration_msg[m[K = ready_for_next_iteration_msg_;
[8.998s]       |                   [01;31m[K^~~~~~~~~~~~~~~~~~~~~~~~~~~~[m[K
[8.998s]       |                   [32m[Kready_for_next_iteration[m[K
[19.817s] Traceback (most recent call last):
[19.817s]   File "/home/jajayu/.local/bin/cmake", line 8, in <module>
[19.817s]     sys.exit(cmake())
[19.818s]   File "/home/jajayu/.local/lib/python3.10/site-packages/cmake/__init__.py", line 51, in cmake
[19.818s] gmake[2]: *** wait: No child processes.  Stop.
[19.819s] gmake[2]: *** Waiting for unfinished jobs....
[19.819s] gmake[2]: *** wait: No child processes.  Stop.
[19.820s] gmake[1]: *** [CMakeFiles/Makefile2:145: CMakeFiles/nbvc_ray_generation.dir/all] Error 2
[19.820s] gmake: *** [Makefile:146: all] Interrupt
[19.820s]     raise SystemExit(_program('cmake', sys.argv[1:]))
[19.820s]   File "/home/jajayu/.local/lib/python3.10/site-packages/cmake/__init__.py", line 47, in _program
[19.821s]     return subprocess.call([os.path.join(CMAKE_BIN_DIR, name), *args], close_fds=False)
[19.821s]   File "/usr/lib/python3.10/subprocess.py", line 347, in call
[19.821s]     return p.wait(timeout=timeout)
[19.822s]   File "/usr/lib/python3.10/subprocess.py", line 1209, in wait
[19.822s]     return self._wait(timeout=timeout)
[19.823s]   File "/usr/lib/python3.10/subprocess.py", line 1959, in _wait
[19.823s]     (pid, sts) = self._try_wait(0)
[19.823s]   File "/usr/lib/python3.10/subprocess.py", line 1917, in _try_wait
[19.823s]     (pid, sts) = os.waitpid(self.pid, wait_flags)
[19.823s] KeyboardInterrupt
[19.908s] Invoked command in '/home/jajayu/TomatoHarvesting_NextBestView/nbv_code/ros2_ws2/build/my_robot_nbv_cmake' returned '-2': CMAKE_PREFIX_PATH=/home/jajayu/TomatoHarvesting_NextBestView/nbv_code/ros2_ws2/install/message_interfaces:/home/jajayu/TomatoHarvesting_NextBestView/nbv_code/ros2_ws2/install/realsense2_description:/home/jajayu/TomatoHarvesting_NextBestView/nbv_code/ros2_ws2/install/realsense2_camera:/home/jajayu/TomatoHarvesting_NextBestView/nbv_code/ros2_ws2/install/realsense2_camera_msgs:/home/jajayu/TomatoHarvesting_NextBestView/nbv_code/ros2_ws2/install/octomap_server2:/home/jajayu/TomatoHarvesting_NextBestView/nbv_code/ros2_ws2/install/my_robot_nbv_cmake:/home/jajayu/TomatoHarvesting_NextBestView/nbv_code/ros2_ws2/install/my_bot:/home/jajayu/ros2_ws/install/urdf_example:/home/jajayu/ros2_ws/install/perception_pcl:/home/jajayu/ros2_ws/install/pcl_ros:/home/jajayu/ros2_ws/install/octomap_server2:/home/jajayu/ros2_ws/install/pcl_conversions:/home/jajayu/ros2_ws/install/pcl_msgs:/home/jajayu/ros2_ws/install/my_robot_cam_cmake:/home/jajayu/ros2_ws/install/my_bot:/home/jajayu/ros2_ws/install/depthimage_to_pointcloud2:/home/jajayu/TomatoHarvesting_NextBestView/nbv_code/ros2_ws2/install/my_robot_nbv:/home/jajayu/TomatoHarvesting_NextBestView/nbv_code/ros2_ws2/install/my_robot_cam:/home/jajayu/ros2_ws/install/webots_ros2_tests:/home/jajayu/ros2_ws/install/webots_ros2:/home/jajayu/ros2_ws/install/pcd_demo:/home/jajayu/ros2_ws/install/my_robot_controller:/home/jajayu/ros2_ws/install/my_robot_cam:/home/jajayu/ros2_ws/install/gazebo_tutorial:/opt/ros/humble LD_LIBRARY_PATH=/home/jajayu/TomatoHarvesting_NextBestView/nbv_code/ros2_ws2/install/message_interfaces/lib:/home/jajayu/open3d_install/lib:/home/jajayu/TomatoHarvesting_NextBestView/nbv_code/ros2_ws2/install/realsense2_camera/lib:/home/jajayu/TomatoHarvesting_NextBestView/nbv_code/ros2_ws2/install/realsense2_camera_msgs/lib:/home/jajayu/TomatoHarvesting_NextBestView/nbv_code/ros2_ws2/install/octomap_server2/lib:/home/jajayu/ros2_ws/install/pcl_ros/lib:/home/jajayu/ros2_ws/install/octomap_server2/lib:/home/jajayu/ros2_ws/install/pcl_msgs/lib:/usr/lib/x86_64-linux-gnu/gazebo-11/plugins:/opt/ros/humble/opt/rviz_ogre_vendor/lib:/opt/ros/humble/lib/x86_64-linux-gnu:/opt/ros/humble/lib /home/jajayu/.local/bin/cmake --build /home/jajayu/TomatoHarvesting_NextBestView/nbv_code/ros2_ws2/build/my_robot_nbv_cmake -- -j8 -l8
