[0.101s] Invoking command in '/home/jajayu/TomatoHarvesting_NextBestView/nbv_code/nbv_for_local_computer/ros2_ws2_local/build/message_interfaces': CMAKE_PREFIX_PATH=${CMAKE_PREFIX_PATH}:/home/jajayu/TomatoHarvesting_NextBestView/nbv_code/ros2_ws2/install/my_robot_nbv:/home/jajayu/TomatoHarvesting_NextBestView/nbv_code/ros2_ws2/install/my_robot_cam:/home/jajayu/TomatoHarvesting_NextBestView/nbv_code/ros2_ws2/install/my_robot_arm:/opt/ros/humble /home/jajayu/.local/bin/cmake --build /home/jajayu/TomatoHarvesting_NextBestView/nbv_code/nbv_for_local_computer/ros2_ws2_local/build/message_interfaces -- -j8 -l8
[1.696s] [  2%] Built target message_interfaces__cpp
[1.697s] [  2%] Built target ament_cmake_python_copy_message_interfaces
[1.697s] [ 12%] Built target message_interfaces__rosidl_typesupport_introspection_cpp
[1.766s] running egg_info
[1.766s] writing message_interfaces.egg-info/PKG-INFO
[1.773s] writing dependency_links to message_interfaces.egg-info/dependency_links.txt
[1.790s] writing top-level names to message_interfaces.egg-info/top_level.txt
[1.805s] reading manifest file 'message_interfaces.egg-info/SOURCES.txt'
[1.813s] writing manifest file 'message_interfaces.egg-info/SOURCES.txt'
[2.071s] [ 12%] Built target ament_cmake_python_build_message_interfaces_egg
[2.255s] [ 23%] Built target message_interfaces__rosidl_typesupport_fastrtps_cpp
[2.455s] [ 33%] Built target message_interfaces__rosidl_typesupport_cpp
[2.654s] [ 43%] Built target message_interfaces__rosidl_generator_c
[2.781s] [ 53%] Built target message_interfaces__rosidl_typesupport_fastrtps_c
[2.841s] [ 64%] Built target message_interfaces__rosidl_typesupport_c
[2.939s] [ 74%] Built target message_interfaces__rosidl_typesupport_introspection_c
[3.106s] [ 74%] Built target message_interfaces
[3.231s] [ 76%] Built target message_interfaces__py
[3.482s] [ 84%] Built target message_interfaces__rosidl_generator_py
[3.700s] [ 89%] Built target message_interfaces__rosidl_typesupport_fastrtps_c__pyext
[3.878s] [ 94%] Built target message_interfaces__rosidl_typesupport_c__pyext
[4.073s] [100%] Built target message_interfaces__rosidl_typesupport_introspection_c__pyext
[4.174s] Invoked command in '/home/jajayu/TomatoHarvesting_NextBestView/nbv_code/nbv_for_local_computer/ros2_ws2_local/build/message_interfaces' returned '0': CMAKE_PREFIX_PATH=${CMAKE_PREFIX_PATH}:/home/jajayu/TomatoHarvesting_NextBestView/nbv_code/ros2_ws2/install/my_robot_nbv:/home/jajayu/TomatoHarvesting_NextBestView/nbv_code/ros2_ws2/install/my_robot_cam:/home/jajayu/TomatoHarvesting_NextBestView/nbv_code/ros2_ws2/install/my_robot_arm:/opt/ros/humble /home/jajayu/.local/bin/cmake --build /home/jajayu/TomatoHarvesting_NextBestView/nbv_code/nbv_for_local_computer/ros2_ws2_local/build/message_interfaces -- -j8 -l8
[5.585s] Invoking command in '/home/jajayu/TomatoHarvesting_NextBestView/nbv_code/nbv_for_local_computer/ros2_ws2_local/build/message_interfaces': CMAKE_PREFIX_PATH=${CMAKE_PREFIX_PATH}:/home/jajayu/TomatoHarvesting_NextBestView/nbv_code/ros2_ws2/install/my_robot_nbv:/home/jajayu/TomatoHarvesting_NextBestView/nbv_code/ros2_ws2/install/my_robot_cam:/home/jajayu/TomatoHarvesting_NextBestView/nbv_code/ros2_ws2/install/my_robot_arm:/opt/ros/humble /home/jajayu/.local/bin/cmake --install /home/jajayu/TomatoHarvesting_NextBestView/nbv_code/nbv_for_local_computer/ros2_ws2_local/build/message_interfaces
[5.850s] -- Install configuration: ""
[5.850s] -- Up-to-date: /home/jajayu/TomatoHarvesting_NextBestView/nbv_code/nbv_for_local_computer/ros2_ws2_local/install/message_interfaces/share/ament_index/resource_index/rosidl_interfaces/message_interfaces
[5.851s] -- Up-to-date: /home/jajayu/TomatoHarvesting_NextBestView/nbv_code/nbv_for_local_computer/ros2_ws2_local/install/message_interfaces/include/message_interfaces/message_interfaces
[5.852s] -- Up-to-date: /home/jajayu/TomatoHarvesting_NextBestView/nbv_code/nbv_for_local_computer/ros2_ws2_local/install/message_interfaces/include/message_interfaces/message_interfaces/msg
[5.854s] -- Up-to-date: /home/jajayu/TomatoHarvesting_NextBestView/nbv_code/nbv_for_local_computer/ros2_ws2_local/install/message_interfaces/include/message_interfaces/message_interfaces/msg/node_status.h
[5.854s] -- Up-to-date: /home/jajayu/TomatoHarvesting_NextBestView/nbv_code/nbv_for_local_computer/ros2_ws2_local/install/message_interfaces/include/message_interfaces/message_interfaces/msg/detail
[5.856s] -- Up-to-date: /home/jajayu/TomatoHarvesting_NextBestView/nbv_code/nbv_for_local_computer/ros2_ws2_local/install/message_interfaces/include/message_interfaces/message_interfaces/msg/detail/bounding_box__functions.c
[5.856s] -- Up-to-date: /home/jajayu/TomatoHarvesting_NextBestView/nbv_code/nbv_for_local_computer/ros2_ws2_local/install/message_interfaces/include/message_interfaces/message_interfaces/msg/detail/node_status__struct.h
[5.856s] -- Up-to-date: /home/jajayu/TomatoHarvesting_NextBestView/nbv_code/nbv_for_local_computer/ros2_ws2_local/install/message_interfaces/include/message_interfaces/message_interfaces/msg/detail/bounding_box__functions.h
[5.856s] -- Up-to-date: /home/jajayu/TomatoHarvesting_NextBestView/nbv_code/nbv_for_local_computer/ros2_ws2_local/install/message_interfaces/include/message_interfaces/message_interfaces/msg/detail/node_status__functions.c
[5.857s] -- Up-to-date: /home/jajayu/TomatoHarvesting_NextBestView/nbv_code/nbv_for_local_computer/ros2_ws2_local/install/message_interfaces/include/message_interfaces/message_interfaces/msg/detail/bounding_box__type_support.h
[5.857s] -- Up-to-date: /home/jajayu/TomatoHarvesting_NextBestView/nbv_code/nbv_for_local_computer/ros2_ws2_local/install/message_interfaces/include/message_interfaces/message_interfaces/msg/detail/node_status__type_support.h
[5.857s] -- Up-to-date: /home/jajayu/TomatoHarvesting_NextBestView/nbv_code/nbv_for_local_computer/ros2_ws2_local/install/message_interfaces/include/message_interfaces/message_interfaces/msg/detail/bounding_box__struct.h
[5.857s] -- Up-to-date: /home/jajayu/TomatoHarvesting_NextBestView/nbv_code/nbv_for_local_computer/ros2_ws2_local/install/message_interfaces/include/message_interfaces/message_interfaces/msg/detail/node_status__functions.h
[5.859s] -- Up-to-date: /home/jajayu/TomatoHarvesting_NextBestView/nbv_code/nbv_for_local_computer/ros2_ws2_local/install/message_interfaces/include/message_interfaces/message_interfaces/msg/rosidl_generator_c__visibility_control.h
[5.859s] -- Up-to-date: /home/jajayu/TomatoHarvesting_NextBestView/nbv_code/nbv_for_local_computer/ros2_ws2_local/install/message_interfaces/include/message_interfaces/message_interfaces/msg/bounding_box.h
[5.859s] -- Up-to-date: /home/jajayu/TomatoHarvesting_NextBestView/nbv_code/nbv_for_local_computer/ros2_ws2_local/install/message_interfaces/share/message_interfaces/environment/library_path.sh
[5.859s] -- Up-to-date: /home/jajayu/TomatoHarvesting_NextBestView/nbv_code/nbv_for_local_computer/ros2_ws2_local/install/message_interfaces/share/message_interfaces/environment/library_path.dsv
[5.859s] -- Up-to-date: /home/jajayu/TomatoHarvesting_NextBestView/nbv_code/nbv_for_local_computer/ros2_ws2_local/install/message_interfaces/lib/libmessage_interfaces__rosidl_generator_c.so
[5.859s] -- Up-to-date: /home/jajayu/TomatoHarvesting_NextBestView/nbv_code/nbv_for_local_computer/ros2_ws2_local/install/message_interfaces/include/message_interfaces/message_interfaces
[5.859s] -- Up-to-date: /home/jajayu/TomatoHarvesting_NextBestView/nbv_code/nbv_for_local_computer/ros2_ws2_local/install/message_interfaces/include/message_interfaces/message_interfaces/msg
[5.859s] -- Up-to-date: /home/jajayu/TomatoHarvesting_NextBestView/nbv_code/nbv_for_local_computer/ros2_ws2_local/install/message_interfaces/include/message_interfaces/message_interfaces/msg/detail
[5.860s] -- Up-to-date: /home/jajayu/TomatoHarvesting_NextBestView/nbv_code/nbv_for_local_computer/ros2_ws2_local/install/message_interfaces/include/message_interfaces/message_interfaces/msg/detail/node_status__rosidl_typesupport_fastrtps_c.h
[5.861s] -- Up-to-date: /home/jajayu/TomatoHarvesting_NextBestView/nbv_code/nbv_for_local_computer/ros2_ws2_local/install/message_interfaces/include/message_interfaces/message_interfaces/msg/detail/bounding_box__rosidl_typesupport_fastrtps_c.h
[5.861s] -- Up-to-date: /home/jajayu/TomatoHarvesting_NextBestView/nbv_code/nbv_for_local_computer/ros2_ws2_local/install/message_interfaces/include/message_interfaces/message_interfaces/msg/rosidl_typesupport_fastrtps_c__visibility_control.h
[5.861s] -- Up-to-date: /home/jajayu/TomatoHarvesting_NextBestView/nbv_code/nbv_for_local_computer/ros2_ws2_local/install/message_interfaces/lib/libmessage_interfaces__rosidl_typesupport_fastrtps_c.so
[5.864s] -- Up-to-date: /home/jajayu/TomatoHarvesting_NextBestView/nbv_code/nbv_for_local_computer/ros2_ws2_local/install/message_interfaces/include/message_interfaces/message_interfaces
[5.864s] -- Up-to-date: /home/jajayu/TomatoHarvesting_NextBestView/nbv_code/nbv_for_local_computer/ros2_ws2_local/install/message_interfaces/include/message_interfaces/message_interfaces/msg
[5.864s] -- Up-to-date: /home/jajayu/TomatoHarvesting_NextBestView/nbv_code/nbv_for_local_computer/ros2_ws2_local/install/message_interfaces/include/message_interfaces/message_interfaces/msg/detail
[5.864s] -- Up-to-date: /home/jajayu/TomatoHarvesting_NextBestView/nbv_code/nbv_for_local_computer/ros2_ws2_local/install/message_interfaces/include/message_interfaces/message_interfaces/msg/detail/node_status__type_support.c
[5.864s] -- Up-to-date: /home/jajayu/TomatoHarvesting_NextBestView/nbv_code/nbv_for_local_computer/ros2_ws2_local/install/message_interfaces/include/message_interfaces/message_interfaces/msg/detail/bounding_box__rosidl_typesupport_introspection_c.h
[5.865s] -- Up-to-date: /home/jajayu/TomatoHarvesting_NextBestView/nbv_code/nbv_for_local_computer/ros2_ws2_local/install/message_interfaces/include/message_interfaces/message_interfaces/msg/detail/node_status__rosidl_typesupport_introspection_c.h
[5.865s] -- Up-to-date: /home/jajayu/TomatoHarvesting_NextBestView/nbv_code/nbv_for_local_computer/ros2_ws2_local/install/message_interfaces/include/message_interfaces/message_interfaces/msg/detail/bounding_box__type_support.c
[5.865s] -- Up-to-date: /home/jajayu/TomatoHarvesting_NextBestView/nbv_code/nbv_for_local_computer/ros2_ws2_local/install/message_interfaces/include/message_interfaces/message_interfaces/msg/rosidl_typesupport_introspection_c__visibility_control.h
[5.865s] -- Up-to-date: /home/jajayu/TomatoHarvesting_NextBestView/nbv_code/nbv_for_local_computer/ros2_ws2_local/install/message_interfaces/lib/libmessage_interfaces__rosidl_typesupport_introspection_c.so
[5.865s] -- Up-to-date: /home/jajayu/TomatoHarvesting_NextBestView/nbv_code/nbv_for_local_computer/ros2_ws2_local/install/message_interfaces/lib/libmessage_interfaces__rosidl_typesupport_c.so
[5.869s] -- Up-to-date: /home/jajayu/TomatoHarvesting_NextBestView/nbv_code/nbv_for_local_computer/ros2_ws2_local/install/message_interfaces/include/message_interfaces/message_interfaces
[5.869s] -- Up-to-date: /home/jajayu/TomatoHarvesting_NextBestView/nbv_code/nbv_for_local_computer/ros2_ws2_local/install/message_interfaces/include/message_interfaces/message_interfaces/msg
[5.869s] -- Up-to-date: /home/jajayu/TomatoHarvesting_NextBestView/nbv_code/nbv_for_local_computer/ros2_ws2_local/install/message_interfaces/include/message_interfaces/message_interfaces/msg/bounding_box.hpp
[5.869s] -- Up-to-date: /home/jajayu/TomatoHarvesting_NextBestView/nbv_code/nbv_for_local_computer/ros2_ws2_local/install/message_interfaces/include/message_interfaces/message_interfaces/msg/detail
[5.869s] -- Up-to-date: /home/jajayu/TomatoHarvesting_NextBestView/nbv_code/nbv_for_local_computer/ros2_ws2_local/install/message_interfaces/include/message_interfaces/message_interfaces/msg/detail/bounding_box__builder.hpp
[5.870s] -- Up-to-date: /home/jajayu/TomatoHarvesting_NextBestView/nbv_code/nbv_for_local_computer/ros2_ws2_local/install/message_interfaces/include/message_interfaces/message_interfaces/msg/detail/node_status__traits.hpp
[5.873s] -- Up-to-date: /home/jajayu/TomatoHarvesting_NextBestView/nbv_code/nbv_for_local_computer/ros2_ws2_local/install/message_interfaces/include/message_interfaces/message_interfaces/msg/detail/node_status__builder.hpp
[5.873s] -- Up-to-date: /home/jajayu/TomatoHarvesting_NextBestView/nbv_code/nbv_for_local_computer/ros2_ws2_local/install/message_interfaces/include/message_interfaces/message_interfaces/msg/detail/bounding_box__struct.hpp
[5.873s] -- Up-to-date: /home/jajayu/TomatoHarvesting_NextBestView/nbv_code/nbv_for_local_computer/ros2_ws2_local/install/message_interfaces/include/message_interfaces/message_interfaces/msg/detail/bounding_box__traits.hpp
[5.873s] -- Up-to-date: /home/jajayu/TomatoHarvesting_NextBestView/nbv_code/nbv_for_local_computer/ros2_ws2_local/install/message_interfaces/include/message_interfaces/message_interfaces/msg/detail/node_status__struct.hpp
[5.874s] -- Up-to-date: /home/jajayu/TomatoHarvesting_NextBestView/nbv_code/nbv_for_local_computer/ros2_ws2_local/install/message_interfaces/include/message_interfaces/message_interfaces/msg/node_status.hpp
[5.874s] -- Up-to-date: /home/jajayu/TomatoHarvesting_NextBestView/nbv_code/nbv_for_local_computer/ros2_ws2_local/install/message_interfaces/include/message_interfaces/message_interfaces
[5.874s] -- Up-to-date: /home/jajayu/TomatoHarvesting_NextBestView/nbv_code/nbv_for_local_computer/ros2_ws2_local/install/message_interfaces/include/message_interfaces/message_interfaces/msg
[5.874s] -- Up-to-date: /home/jajayu/TomatoHarvesting_NextBestView/nbv_code/nbv_for_local_computer/ros2_ws2_local/install/message_interfaces/include/message_interfaces/message_interfaces/msg/detail
[5.874s] -- Up-to-date: /home/jajayu/TomatoHarvesting_NextBestView/nbv_code/nbv_for_local_computer/ros2_ws2_local/install/message_interfaces/include/message_interfaces/message_interfaces/msg/detail/bounding_box__rosidl_typesupport_fastrtps_cpp.hpp
[5.874s] -- Up-to-date: /home/jajayu/TomatoHarvesting_NextBestView/nbv_code/nbv_for_local_computer/ros2_ws2_local/install/message_interfaces/include/message_interfaces/message_interfaces/msg/detail/dds_fastrtps
[5.874s] -- Up-to-date: /home/jajayu/TomatoHarvesting_NextBestView/nbv_code/nbv_for_local_computer/ros2_ws2_local/install/message_interfaces/include/message_interfaces/message_interfaces/msg/detail/node_status__rosidl_typesupport_fastrtps_cpp.hpp
[5.874s] -- Up-to-date: /home/jajayu/TomatoHarvesting_NextBestView/nbv_code/nbv_for_local_computer/ros2_ws2_local/install/message_interfaces/include/message_interfaces/message_interfaces/msg/rosidl_typesupport_fastrtps_cpp__visibility_control.h
[5.875s] -- Up-to-date: /home/jajayu/TomatoHarvesting_NextBestView/nbv_code/nbv_for_local_computer/ros2_ws2_local/install/message_interfaces/lib/libmessage_interfaces__rosidl_typesupport_fastrtps_cpp.so
[5.875s] -- Up-to-date: /home/jajayu/TomatoHarvesting_NextBestView/nbv_code/nbv_for_local_computer/ros2_ws2_local/install/message_interfaces/include/message_interfaces/message_interfaces
[5.875s] -- Up-to-date: /home/jajayu/TomatoHarvesting_NextBestView/nbv_code/nbv_for_local_computer/ros2_ws2_local/install/message_interfaces/include/message_interfaces/message_interfaces/msg
[5.875s] -- Up-to-date: /home/jajayu/TomatoHarvesting_NextBestView/nbv_code/nbv_for_local_computer/ros2_ws2_local/install/message_interfaces/include/message_interfaces/message_interfaces/msg/detail
[5.875s] -- Up-to-date: /home/jajayu/TomatoHarvesting_NextBestView/nbv_code/nbv_for_local_computer/ros2_ws2_local/install/message_interfaces/include/message_interfaces/message_interfaces/msg/detail/bounding_box__rosidl_typesupport_introspection_cpp.hpp
[5.875s] -- Up-to-date: /home/jajayu/TomatoHarvesting_NextBestView/nbv_code/nbv_for_local_computer/ros2_ws2_local/install/message_interfaces/include/message_interfaces/message_interfaces/msg/detail/node_status__type_support.cpp
[5.875s] -- Up-to-date: /home/jajayu/TomatoHarvesting_NextBestView/nbv_code/nbv_for_local_computer/ros2_ws2_local/install/message_interfaces/include/message_interfaces/message_interfaces/msg/detail/bounding_box__type_support.cpp
[5.875s] -- Up-to-date: /home/jajayu/TomatoHarvesting_NextBestView/nbv_code/nbv_for_local_computer/ros2_ws2_local/install/message_interfaces/include/message_interfaces/message_interfaces/msg/detail/node_status__rosidl_typesupport_introspection_cpp.hpp
[5.881s] -- Up-to-date: /home/jajayu/TomatoHarvesting_NextBestView/nbv_code/nbv_for_local_computer/ros2_ws2_local/install/message_interfaces/lib/libmessage_interfaces__rosidl_typesupport_introspection_cpp.so
[5.885s] -- Up-to-date: /home/jajayu/TomatoHarvesting_NextBestView/nbv_code/nbv_for_local_computer/ros2_ws2_local/install/message_interfaces/lib/libmessage_interfaces__rosidl_typesupport_cpp.so
[5.886s] -- Up-to-date: /home/jajayu/TomatoHarvesting_NextBestView/nbv_code/nbv_for_local_computer/ros2_ws2_local/install/message_interfaces/share/message_interfaces/environment/pythonpath.sh
[5.887s] -- Up-to-date: /home/jajayu/TomatoHarvesting_NextBestView/nbv_code/nbv_for_local_computer/ros2_ws2_local/install/message_interfaces/share/message_interfaces/environment/pythonpath.dsv
[5.887s] -- Up-to-date: /home/jajayu/TomatoHarvesting_NextBestView/nbv_code/nbv_for_local_computer/ros2_ws2_local/install/message_interfaces/local/lib/python3.10/dist-packages/message_interfaces-0.0.0-py3.10.egg-info
[5.887s] -- Installing: /home/jajayu/TomatoHarvesting_NextBestView/nbv_code/nbv_for_local_computer/ros2_ws2_local/install/message_interfaces/local/lib/python3.10/dist-packages/message_interfaces-0.0.0-py3.10.egg-info/PKG-INFO
[5.891s] -- Installing: /home/jajayu/TomatoHarvesting_NextBestView/nbv_code/nbv_for_local_computer/ros2_ws2_local/install/message_interfaces/local/lib/python3.10/dist-packages/message_interfaces-0.0.0-py3.10.egg-info/dependency_links.txt
[5.891s] -- Installing: /home/jajayu/TomatoHarvesting_NextBestView/nbv_code/nbv_for_local_computer/ros2_ws2_local/install/message_interfaces/local/lib/python3.10/dist-packages/message_interfaces-0.0.0-py3.10.egg-info/SOURCES.txt
[5.891s] -- Installing: /home/jajayu/TomatoHarvesting_NextBestView/nbv_code/nbv_for_local_computer/ros2_ws2_local/install/message_interfaces/local/lib/python3.10/dist-packages/message_interfaces-0.0.0-py3.10.egg-info/top_level.txt
[5.892s] -- Up-to-date: /home/jajayu/TomatoHarvesting_NextBestView/nbv_code/nbv_for_local_computer/ros2_ws2_local/install/message_interfaces/local/lib/python3.10/dist-packages/message_interfaces
[5.893s] -- Up-to-date: /home/jajayu/TomatoHarvesting_NextBestView/nbv_code/nbv_for_local_computer/ros2_ws2_local/install/message_interfaces/local/lib/python3.10/dist-packages/message_interfaces/message_interfaces_s__rosidl_typesupport_c.cpython-310-x86_64-linux-gnu.so
[5.895s] -- Up-to-date: /home/jajayu/TomatoHarvesting_NextBestView/nbv_code/nbv_for_local_computer/ros2_ws2_local/install/message_interfaces/local/lib/python3.10/dist-packages/message_interfaces/message_interfaces_s__rosidl_typesupport_fastrtps_c.cpython-310-x86_64-linux-gnu.so
[5.896s] -- Up-to-date: /home/jajayu/TomatoHarvesting_NextBestView/nbv_code/nbv_for_local_computer/ros2_ws2_local/install/message_interfaces/local/lib/python3.10/dist-packages/message_interfaces/_message_interfaces_s.ep.rosidl_typesupport_fastrtps_c.c
[5.896s] -- Up-to-date: /home/jajayu/TomatoHarvesting_NextBestView/nbv_code/nbv_for_local_computer/ros2_ws2_local/install/message_interfaces/local/lib/python3.10/dist-packages/message_interfaces/_message_interfaces_s.ep.rosidl_typesupport_introspection_c.c
[5.896s] -- Up-to-date: /home/jajayu/TomatoHarvesting_NextBestView/nbv_code/nbv_for_local_computer/ros2_ws2_local/install/message_interfaces/local/lib/python3.10/dist-packages/message_interfaces/message_interfaces_s__rosidl_typesupport_introspection_c.cpython-310-x86_64-linux-gnu.so
[5.896s] -- Up-to-date: /home/jajayu/TomatoHarvesting_NextBestView/nbv_code/nbv_for_local_computer/ros2_ws2_local/install/message_interfaces/local/lib/python3.10/dist-packages/message_interfaces/_message_interfaces_s.ep.rosidl_typesupport_c.c
[5.896s] -- Up-to-date: /home/jajayu/TomatoHarvesting_NextBestView/nbv_code/nbv_for_local_computer/ros2_ws2_local/install/message_interfaces/local/lib/python3.10/dist-packages/message_interfaces/libmessage_interfaces__rosidl_generator_py.so
[5.896s] -- Up-to-date: /home/jajayu/TomatoHarvesting_NextBestView/nbv_code/nbv_for_local_computer/ros2_ws2_local/install/message_interfaces/local/lib/python3.10/dist-packages/message_interfaces/msg
[5.896s] -- Up-to-date: /home/jajayu/TomatoHarvesting_NextBestView/nbv_code/nbv_for_local_computer/ros2_ws2_local/install/message_interfaces/local/lib/python3.10/dist-packages/message_interfaces/msg/_bounding_box_s.c
[5.896s] -- Up-to-date: /home/jajayu/TomatoHarvesting_NextBestView/nbv_code/nbv_for_local_computer/ros2_ws2_local/install/message_interfaces/local/lib/python3.10/dist-packages/message_interfaces/msg/_node_status_s.c
[5.901s] -- Up-to-date: /home/jajayu/TomatoHarvesting_NextBestView/nbv_code/nbv_for_local_computer/ros2_ws2_local/install/message_interfaces/local/lib/python3.10/dist-packages/message_interfaces/msg/_bounding_box.py
[5.903s] -- Up-to-date: /home/jajayu/TomatoHarvesting_NextBestView/nbv_code/nbv_for_local_computer/ros2_ws2_local/install/message_interfaces/local/lib/python3.10/dist-packages/message_interfaces/msg/__init__.py
[5.903s] -- Up-to-date: /home/jajayu/TomatoHarvesting_NextBestView/nbv_code/nbv_for_local_computer/ros2_ws2_local/install/message_interfaces/local/lib/python3.10/dist-packages/message_interfaces/msg/_node_status.py
[5.903s] -- Up-to-date: /home/jajayu/TomatoHarvesting_NextBestView/nbv_code/nbv_for_local_computer/ros2_ws2_local/install/message_interfaces/local/lib/python3.10/dist-packages/message_interfaces/__init__.py
[6.040s] Listing '/home/jajayu/TomatoHarvesting_NextBestView/nbv_code/nbv_for_local_computer/ros2_ws2_local/install/message_interfaces/local/lib/python3.10/dist-packages/message_interfaces'...
[6.040s] Listing '/home/jajayu/TomatoHarvesting_NextBestView/nbv_code/nbv_for_local_computer/ros2_ws2_local/install/message_interfaces/local/lib/python3.10/dist-packages/message_interfaces/msg'...
[6.055s] -- Up-to-date: /home/jajayu/TomatoHarvesting_NextBestView/nbv_code/nbv_for_local_computer/ros2_ws2_local/install/message_interfaces/local/lib/python3.10/dist-packages/message_interfaces/message_interfaces_s__rosidl_typesupport_fastrtps_c.cpython-310-x86_64-linux-gnu.so
[6.062s] -- Up-to-date: /home/jajayu/TomatoHarvesting_NextBestView/nbv_code/nbv_for_local_computer/ros2_ws2_local/install/message_interfaces/local/lib/python3.10/dist-packages/message_interfaces/message_interfaces_s__rosidl_typesupport_introspection_c.cpython-310-x86_64-linux-gnu.so
[6.062s] -- Up-to-date: /home/jajayu/TomatoHarvesting_NextBestView/nbv_code/nbv_for_local_computer/ros2_ws2_local/install/message_interfaces/local/lib/python3.10/dist-packages/message_interfaces/message_interfaces_s__rosidl_typesupport_c.cpython-310-x86_64-linux-gnu.so
[6.066s] -- Up-to-date: /home/jajayu/TomatoHarvesting_NextBestView/nbv_code/nbv_for_local_computer/ros2_ws2_local/install/message_interfaces/lib/libmessage_interfaces__rosidl_generator_py.so
[6.066s] -- Up-to-date: /home/jajayu/TomatoHarvesting_NextBestView/nbv_code/nbv_for_local_computer/ros2_ws2_local/install/message_interfaces/share/message_interfaces/msg/BoundingBox.idl
[6.067s] -- Up-to-date: /home/jajayu/TomatoHarvesting_NextBestView/nbv_code/nbv_for_local_computer/ros2_ws2_local/install/message_interfaces/share/message_interfaces/msg/NodeStatus.idl
[6.068s] -- Up-to-date: /home/jajayu/TomatoHarvesting_NextBestView/nbv_code/nbv_for_local_computer/ros2_ws2_local/install/message_interfaces/share/message_interfaces/msg/BoundingBox.msg
[6.068s] -- Up-to-date: /home/jajayu/TomatoHarvesting_NextBestView/nbv_code/nbv_for_local_computer/ros2_ws2_local/install/message_interfaces/share/message_interfaces/msg/NodeStatus.msg
[6.068s] -- Up-to-date: /home/jajayu/TomatoHarvesting_NextBestView/nbv_code/nbv_for_local_computer/ros2_ws2_local/install/message_interfaces/share/ament_index/resource_index/package_run_dependencies/message_interfaces
[6.068s] -- Up-to-date: /home/jajayu/TomatoHarvesting_NextBestView/nbv_code/nbv_for_local_computer/ros2_ws2_local/install/message_interfaces/share/ament_index/resource_index/parent_prefix_path/message_interfaces
[6.068s] -- Up-to-date: /home/jajayu/TomatoHarvesting_NextBestView/nbv_code/nbv_for_local_computer/ros2_ws2_local/install/message_interfaces/share/message_interfaces/environment/ament_prefix_path.sh
[6.068s] -- Up-to-date: /home/jajayu/TomatoHarvesting_NextBestView/nbv_code/nbv_for_local_computer/ros2_ws2_local/install/message_interfaces/share/message_interfaces/environment/ament_prefix_path.dsv
[6.070s] -- Up-to-date: /home/jajayu/TomatoHarvesting_NextBestView/nbv_code/nbv_for_local_computer/ros2_ws2_local/install/message_interfaces/share/message_interfaces/environment/path.sh
[6.070s] -- Up-to-date: /home/jajayu/TomatoHarvesting_NextBestView/nbv_code/nbv_for_local_computer/ros2_ws2_local/install/message_interfaces/share/message_interfaces/environment/path.dsv
[6.070s] -- Up-to-date: /home/jajayu/TomatoHarvesting_NextBestView/nbv_code/nbv_for_local_computer/ros2_ws2_local/install/message_interfaces/share/message_interfaces/local_setup.bash
[6.070s] -- Up-to-date: /home/jajayu/TomatoHarvesting_NextBestView/nbv_code/nbv_for_local_computer/ros2_ws2_local/install/message_interfaces/share/message_interfaces/local_setup.sh
[6.071s] -- Up-to-date: /home/jajayu/TomatoHarvesting_NextBestView/nbv_code/nbv_for_local_computer/ros2_ws2_local/install/message_interfaces/share/message_interfaces/local_setup.zsh
[6.071s] -- Up-to-date: /home/jajayu/TomatoHarvesting_NextBestView/nbv_code/nbv_for_local_computer/ros2_ws2_local/install/message_interfaces/share/message_interfaces/local_setup.dsv
[6.071s] -- Installing: /home/jajayu/TomatoHarvesting_NextBestView/nbv_code/nbv_for_local_computer/ros2_ws2_local/install/message_interfaces/share/message_interfaces/package.dsv
[6.071s] -- Up-to-date: /home/jajayu/TomatoHarvesting_NextBestView/nbv_code/nbv_for_local_computer/ros2_ws2_local/install/message_interfaces/share/ament_index/resource_index/packages/message_interfaces
[6.072s] -- Up-to-date: /home/jajayu/TomatoHarvesting_NextBestView/nbv_code/nbv_for_local_computer/ros2_ws2_local/install/message_interfaces/share/message_interfaces/cmake/export_message_interfaces__rosidl_generator_cExport.cmake
[6.072s] -- Up-to-date: /home/jajayu/TomatoHarvesting_NextBestView/nbv_code/nbv_for_local_computer/ros2_ws2_local/install/message_interfaces/share/message_interfaces/cmake/export_message_interfaces__rosidl_generator_cExport-noconfig.cmake
[6.074s] -- Up-to-date: /home/jajayu/TomatoHarvesting_NextBestView/nbv_code/nbv_for_local_computer/ros2_ws2_local/install/message_interfaces/share/message_interfaces/cmake/export_message_interfaces__rosidl_typesupport_fastrtps_cExport.cmake
[6.074s] -- Up-to-date: /home/jajayu/TomatoHarvesting_NextBestView/nbv_code/nbv_for_local_computer/ros2_ws2_local/install/message_interfaces/share/message_interfaces/cmake/export_message_interfaces__rosidl_typesupport_fastrtps_cExport-noconfig.cmake
[6.074s] -- Up-to-date: /home/jajayu/TomatoHarvesting_NextBestView/nbv_code/nbv_for_local_computer/ros2_ws2_local/install/message_interfaces/share/message_interfaces/cmake/message_interfaces__rosidl_typesupport_introspection_cExport.cmake
[6.074s] -- Up-to-date: /home/jajayu/TomatoHarvesting_NextBestView/nbv_code/nbv_for_local_computer/ros2_ws2_local/install/message_interfaces/share/message_interfaces/cmake/message_interfaces__rosidl_typesupport_introspection_cExport-noconfig.cmake
[6.079s] -- Up-to-date: /home/jajayu/TomatoHarvesting_NextBestView/nbv_code/nbv_for_local_computer/ros2_ws2_local/install/message_interfaces/share/message_interfaces/cmake/message_interfaces__rosidl_typesupport_cExport.cmake
[6.079s] -- Up-to-date: /home/jajayu/TomatoHarvesting_NextBestView/nbv_code/nbv_for_local_computer/ros2_ws2_local/install/message_interfaces/share/message_interfaces/cmake/message_interfaces__rosidl_typesupport_cExport-noconfig.cmake
[6.079s] -- Up-to-date: /home/jajayu/TomatoHarvesting_NextBestView/nbv_code/nbv_for_local_computer/ros2_ws2_local/install/message_interfaces/share/message_interfaces/cmake/export_message_interfaces__rosidl_generator_cppExport.cmake
[6.085s] -- Up-to-date: /home/jajayu/TomatoHarvesting_NextBestView/nbv_code/nbv_for_local_computer/ros2_ws2_local/install/message_interfaces/share/message_interfaces/cmake/export_message_interfaces__rosidl_typesupport_fastrtps_cppExport.cmake
[6.085s] -- Up-to-date: /home/jajayu/TomatoHarvesting_NextBestView/nbv_code/nbv_for_local_computer/ros2_ws2_local/install/message_interfaces/share/message_interfaces/cmake/export_message_interfaces__rosidl_typesupport_fastrtps_cppExport-noconfig.cmake
[6.088s] -- Up-to-date: /home/jajayu/TomatoHarvesting_NextBestView/nbv_code/nbv_for_local_computer/ros2_ws2_local/install/message_interfaces/share/message_interfaces/cmake/message_interfaces__rosidl_typesupport_introspection_cppExport.cmake
[6.088s] -- Up-to-date: /home/jajayu/TomatoHarvesting_NextBestView/nbv_code/nbv_for_local_computer/ros2_ws2_local/install/message_interfaces/share/message_interfaces/cmake/message_interfaces__rosidl_typesupport_introspection_cppExport-noconfig.cmake
[6.088s] -- Up-to-date: /home/jajayu/TomatoHarvesting_NextBestView/nbv_code/nbv_for_local_computer/ros2_ws2_local/install/message_interfaces/share/message_interfaces/cmake/message_interfaces__rosidl_typesupport_cppExport.cmake
[6.088s] -- Up-to-date: /home/jajayu/TomatoHarvesting_NextBestView/nbv_code/nbv_for_local_computer/ros2_ws2_local/install/message_interfaces/share/message_interfaces/cmake/message_interfaces__rosidl_typesupport_cppExport-noconfig.cmake
[6.088s] -- Up-to-date: /home/jajayu/TomatoHarvesting_NextBestView/nbv_code/nbv_for_local_computer/ros2_ws2_local/install/message_interfaces/share/message_interfaces/cmake/export_message_interfaces__rosidl_generator_pyExport.cmake
[6.089s] -- Up-to-date: /home/jajayu/TomatoHarvesting_NextBestView/nbv_code/nbv_for_local_computer/ros2_ws2_local/install/message_interfaces/share/message_interfaces/cmake/export_message_interfaces__rosidl_generator_pyExport-noconfig.cmake
[6.089s] -- Up-to-date: /home/jajayu/TomatoHarvesting_NextBestView/nbv_code/nbv_for_local_computer/ros2_ws2_local/install/message_interfaces/share/message_interfaces/cmake/rosidl_cmake-extras.cmake
[6.092s] -- Up-to-date: /home/jajayu/TomatoHarvesting_NextBestView/nbv_code/nbv_for_local_computer/ros2_ws2_local/install/message_interfaces/share/message_interfaces/cmake/ament_cmake_export_include_directories-extras.cmake
[6.092s] -- Up-to-date: /home/jajayu/TomatoHarvesting_NextBestView/nbv_code/nbv_for_local_computer/ros2_ws2_local/install/message_interfaces/share/message_interfaces/cmake/ament_cmake_export_libraries-extras.cmake
[6.094s] -- Up-to-date: /home/jajayu/TomatoHarvesting_NextBestView/nbv_code/nbv_for_local_computer/ros2_ws2_local/install/message_interfaces/share/message_interfaces/cmake/ament_cmake_export_targets-extras.cmake
[6.094s] -- Up-to-date: /home/jajayu/TomatoHarvesting_NextBestView/nbv_code/nbv_for_local_computer/ros2_ws2_local/install/message_interfaces/share/message_interfaces/cmake/rosidl_cmake_export_typesupport_targets-extras.cmake
[6.094s] -- Up-to-date: /home/jajayu/TomatoHarvesting_NextBestView/nbv_code/nbv_for_local_computer/ros2_ws2_local/install/message_interfaces/share/message_interfaces/cmake/ament_cmake_export_dependencies-extras.cmake
[6.095s] -- Up-to-date: /home/jajayu/TomatoHarvesting_NextBestView/nbv_code/nbv_for_local_computer/ros2_ws2_local/install/message_interfaces/share/message_interfaces/cmake/rosidl_cmake_export_typesupport_libraries-extras.cmake
[6.095s] -- Up-to-date: /home/jajayu/TomatoHarvesting_NextBestView/nbv_code/nbv_for_local_computer/ros2_ws2_local/install/message_interfaces/share/message_interfaces/cmake/message_interfacesConfig.cmake
[6.095s] -- Up-to-date: /home/jajayu/TomatoHarvesting_NextBestView/nbv_code/nbv_for_local_computer/ros2_ws2_local/install/message_interfaces/share/message_interfaces/cmake/message_interfacesConfig-version.cmake
[6.095s] -- Up-to-date: /home/jajayu/TomatoHarvesting_NextBestView/nbv_code/nbv_for_local_computer/ros2_ws2_local/install/message_interfaces/share/message_interfaces/package.xml
[6.147s] Invoked command in '/home/jajayu/TomatoHarvesting_NextBestView/nbv_code/nbv_for_local_computer/ros2_ws2_local/build/message_interfaces' returned '0': CMAKE_PREFIX_PATH=${CMAKE_PREFIX_PATH}:/home/jajayu/TomatoHarvesting_NextBestView/nbv_code/ros2_ws2/install/my_robot_nbv:/home/jajayu/TomatoHarvesting_NextBestView/nbv_code/ros2_ws2/install/my_robot_cam:/home/jajayu/TomatoHarvesting_NextBestView/nbv_code/ros2_ws2/install/my_robot_arm:/opt/ros/humble /home/jajayu/.local/bin/cmake --install /home/jajayu/TomatoHarvesting_NextBestView/nbv_code/nbv_for_local_computer/ros2_ws2_local/build/message_interfaces
