[0.048s] Invoking command in '/home/jajayu/TomatoHarvesting_NextBestView/nbv_code/ros2_ws2/build/realsense2_camera': CMAKE_PREFIX_PATH=/home/jajayu/TomatoHarvesting_NextBestView/nbv_code/ros2_ws2/install/realsense2_camera_msgs:/home/jajayu/TomatoHarvesting_NextBestView/nbv_code/ros2_ws2/install/realsense2_description:/home/jajayu/TomatoHarvesting_NextBestView/nbv_code/ros2_ws2/install/realsense2_camera:/home/jajayu/TomatoHarvesting_NextBestView/nbv_code/ros2_ws2/install/octomap_server2:/home/jajayu/TomatoHarvesting_NextBestView/nbv_code/ros2_ws2/install/my_robot_nbv_cmake:/home/jajayu/TomatoHarvesting_NextBestView/nbv_code/ros2_ws2/install/my_bot:/home/jajayu/TomatoHarvesting_NextBestView/nbv_code/ros2_ws2/install/message_interfaces:/home/jajayu/TomatoHarvesting_NextBestView/nbv_code/ros2_ws2/install/my_robot_nbv:/home/jajayu/TomatoHarvesting_NextBestView/nbv_code/ros2_ws2/install/my_robot_cam:/home/jajayu/TomatoHarvesting_NextBestView/nbv_code/ros2_ws2/install/my_robot_arm:/opt/ros/humble LD_LIBRARY_PATH=/home/jajayu/TomatoHarvesting_NextBestView/nbv_code/ros2_ws2/install/realsense2_camera_msgs/lib:/home/jajayu/TomatoHarvesting_NextBestView/nbv_code/ros2_ws2/install/realsense2_camera/lib:/home/jajayu/TomatoHarvesting_NextBestView/nbv_code/ros2_ws2/install/octomap_server2/lib:/home/jajayu/TomatoHarvesting_NextBestView/nbv_code/ros2_ws2/install/message_interfaces/lib:/usr/lib/x86_64-linux-gnu/gazebo-11/plugins:/opt/ros/humble/opt/rviz_ogre_vendor/lib:/opt/ros/humble/lib/x86_64-linux-gnu:/opt/ros/humble/lib /home/jajayu/.local/bin/cmake --build /home/jajayu/TomatoHarvesting_NextBestView/nbv_code/ros2_ws2/build/realsense2_camera -- -j8 -l8
[0.380s] [ 63%] Built target realsense2_camera
[0.448s] [ 72%] Built target gtest
[0.500s] [ 81%] Built target gtest_main
[0.562s] [ 90%] Built target realsense2_camera_node
[0.620s] [100%] Built target gtest_template
[0.670s] Invoked command in '/home/jajayu/TomatoHarvesting_NextBestView/nbv_code/ros2_ws2/build/realsense2_camera' returned '0': CMAKE_PREFIX_PATH=/home/jajayu/TomatoHarvesting_NextBestView/nbv_code/ros2_ws2/install/realsense2_camera_msgs:/home/jajayu/TomatoHarvesting_NextBestView/nbv_code/ros2_ws2/install/realsense2_description:/home/jajayu/TomatoHarvesting_NextBestView/nbv_code/ros2_ws2/install/realsense2_camera:/home/jajayu/TomatoHarvesting_NextBestView/nbv_code/ros2_ws2/install/octomap_server2:/home/jajayu/TomatoHarvesting_NextBestView/nbv_code/ros2_ws2/install/my_robot_nbv_cmake:/home/jajayu/TomatoHarvesting_NextBestView/nbv_code/ros2_ws2/install/my_bot:/home/jajayu/TomatoHarvesting_NextBestView/nbv_code/ros2_ws2/install/message_interfaces:/home/jajayu/TomatoHarvesting_NextBestView/nbv_code/ros2_ws2/install/my_robot_nbv:/home/jajayu/TomatoHarvesting_NextBestView/nbv_code/ros2_ws2/install/my_robot_cam:/home/jajayu/TomatoHarvesting_NextBestView/nbv_code/ros2_ws2/install/my_robot_arm:/opt/ros/humble LD_LIBRARY_PATH=/home/jajayu/TomatoHarvesting_NextBestView/nbv_code/ros2_ws2/install/realsense2_camera_msgs/lib:/home/jajayu/TomatoHarvesting_NextBestView/nbv_code/ros2_ws2/install/realsense2_camera/lib:/home/jajayu/TomatoHarvesting_NextBestView/nbv_code/ros2_ws2/install/octomap_server2/lib:/home/jajayu/TomatoHarvesting_NextBestView/nbv_code/ros2_ws2/install/message_interfaces/lib:/usr/lib/x86_64-linux-gnu/gazebo-11/plugins:/opt/ros/humble/opt/rviz_ogre_vendor/lib:/opt/ros/humble/lib/x86_64-linux-gnu:/opt/ros/humble/lib /home/jajayu/.local/bin/cmake --build /home/jajayu/TomatoHarvesting_NextBestView/nbv_code/ros2_ws2/build/realsense2_camera -- -j8 -l8
[1.253s] Invoking command in '/home/jajayu/TomatoHarvesting_NextBestView/nbv_code/ros2_ws2/build/realsense2_camera': CMAKE_PREFIX_PATH=/home/jajayu/TomatoHarvesting_NextBestView/nbv_code/ros2_ws2/install/realsense2_camera_msgs:/home/jajayu/TomatoHarvesting_NextBestView/nbv_code/ros2_ws2/install/realsense2_description:/home/jajayu/TomatoHarvesting_NextBestView/nbv_code/ros2_ws2/install/realsense2_camera:/home/jajayu/TomatoHarvesting_NextBestView/nbv_code/ros2_ws2/install/octomap_server2:/home/jajayu/TomatoHarvesting_NextBestView/nbv_code/ros2_ws2/install/my_robot_nbv_cmake:/home/jajayu/TomatoHarvesting_NextBestView/nbv_code/ros2_ws2/install/my_bot:/home/jajayu/TomatoHarvesting_NextBestView/nbv_code/ros2_ws2/install/message_interfaces:/home/jajayu/TomatoHarvesting_NextBestView/nbv_code/ros2_ws2/install/my_robot_nbv:/home/jajayu/TomatoHarvesting_NextBestView/nbv_code/ros2_ws2/install/my_robot_cam:/home/jajayu/TomatoHarvesting_NextBestView/nbv_code/ros2_ws2/install/my_robot_arm:/opt/ros/humble LD_LIBRARY_PATH=/home/jajayu/TomatoHarvesting_NextBestView/nbv_code/ros2_ws2/install/realsense2_camera_msgs/lib:/home/jajayu/TomatoHarvesting_NextBestView/nbv_code/ros2_ws2/install/realsense2_camera/lib:/home/jajayu/TomatoHarvesting_NextBestView/nbv_code/ros2_ws2/install/octomap_server2/lib:/home/jajayu/TomatoHarvesting_NextBestView/nbv_code/ros2_ws2/install/message_interfaces/lib:/usr/lib/x86_64-linux-gnu/gazebo-11/plugins:/opt/ros/humble/opt/rviz_ogre_vendor/lib:/opt/ros/humble/lib/x86_64-linux-gnu:/opt/ros/humble/lib /home/jajayu/.local/bin/cmake --install /home/jajayu/TomatoHarvesting_NextBestView/nbv_code/ros2_ws2/build/realsense2_camera
[1.397s] -- Install configuration: "Release"
[1.399s] -- Up-to-date: /home/jajayu/TomatoHarvesting_NextBestView/nbv_code/ros2_ws2/install/realsense2_camera/lib/realsense2_camera/realsense2_camera_node
[1.401s] -- Up-to-date: /home/jajayu/TomatoHarvesting_NextBestView/nbv_code/ros2_ws2/install/realsense2_camera/lib/librealsense2_camera.so
[1.402s] -- Up-to-date: /home/jajayu/TomatoHarvesting_NextBestView/nbv_code/ros2_ws2/install/realsense2_camera/include
[1.403s] -- Up-to-date: /home/jajayu/TomatoHarvesting_NextBestView/nbv_code/ros2_ws2/install/realsense2_camera/include/sensor_params.h
[1.403s] -- Up-to-date: /home/jajayu/TomatoHarvesting_NextBestView/nbv_code/ros2_ws2/install/realsense2_camera/include/ros_sensor.h
[1.403s] -- Up-to-date: /home/jajayu/TomatoHarvesting_NextBestView/nbv_code/ros2_ws2/install/realsense2_camera/include/dynamic_params.h
[1.403s] -- Up-to-date: /home/jajayu/TomatoHarvesting_NextBestView/nbv_code/ros2_ws2/install/realsense2_camera/include/image_publisher.h
[1.403s] -- Up-to-date: /home/jajayu/TomatoHarvesting_NextBestView/nbv_code/ros2_ws2/install/realsense2_camera/include/ros_param_backend.h
[1.404s] -- Up-to-date: /home/jajayu/TomatoHarvesting_NextBestView/nbv_code/ros2_ws2/install/realsense2_camera/include/profile_manager.h
[1.405s] -- Up-to-date: /home/jajayu/TomatoHarvesting_NextBestView/nbv_code/ros2_ws2/install/realsense2_camera/include/gl_window.h
[1.406s] -- Up-to-date: /home/jajayu/TomatoHarvesting_NextBestView/nbv_code/ros2_ws2/install/realsense2_camera/include/ros_utils.h
[1.406s] -- Up-to-date: /home/jajayu/TomatoHarvesting_NextBestView/nbv_code/ros2_ws2/install/realsense2_camera/include/base_realsense_node.h
[1.407s] -- Up-to-date: /home/jajayu/TomatoHarvesting_NextBestView/nbv_code/ros2_ws2/install/realsense2_camera/include/realsense_node_factory.h
[1.408s] -- Up-to-date: /home/jajayu/TomatoHarvesting_NextBestView/nbv_code/ros2_ws2/install/realsense2_camera/include/named_filter.h
[1.408s] -- Up-to-date: /home/jajayu/TomatoHarvesting_NextBestView/nbv_code/ros2_ws2/install/realsense2_camera/include/constants.h
[1.408s] -- Up-to-date: /home/jajayu/TomatoHarvesting_NextBestView/nbv_code/ros2_ws2/install/realsense2_camera/share/realsense2_camera/launch
[1.408s] -- Up-to-date: /home/jajayu/TomatoHarvesting_NextBestView/nbv_code/ros2_ws2/install/realsense2_camera/share/realsense2_camera/launch/rs_launch.py
[1.408s] -- Up-to-date: /home/jajayu/TomatoHarvesting_NextBestView/nbv_code/ros2_ws2/install/realsense2_camera/share/realsense2_camera/launch/default.rviz
[1.409s] -- Up-to-date: /home/jajayu/TomatoHarvesting_NextBestView/nbv_code/ros2_ws2/install/realsense2_camera/share/realsense2_camera/launch/rs_intra_process_demo_launch.py
[1.411s] -- Up-to-date: /home/jajayu/TomatoHarvesting_NextBestView/nbv_code/ros2_ws2/install/realsense2_camera/share/realsense2_camera/launch/rs_multi_camera_launch.py
[1.411s] -- Up-to-date: /home/jajayu/TomatoHarvesting_NextBestView/nbv_code/ros2_ws2/install/realsense2_camera/share/realsense2_camera/examples
[1.411s] -- Up-to-date: /home/jajayu/TomatoHarvesting_NextBestView/nbv_code/ros2_ws2/install/realsense2_camera/share/realsense2_camera/examples/pointcloud
[1.411s] -- Up-to-date: /home/jajayu/TomatoHarvesting_NextBestView/nbv_code/ros2_ws2/install/realsense2_camera/share/realsense2_camera/examples/pointcloud/rs_pointcloud_launch.py
[1.411s] -- Up-to-date: /home/jajayu/TomatoHarvesting_NextBestView/nbv_code/ros2_ws2/install/realsense2_camera/share/realsense2_camera/examples/pointcloud/rviz
[1.411s] -- Up-to-date: /home/jajayu/TomatoHarvesting_NextBestView/nbv_code/ros2_ws2/install/realsense2_camera/share/realsense2_camera/examples/pointcloud/rviz/urdf_pointcloud.rviz
[1.412s] -- Up-to-date: /home/jajayu/TomatoHarvesting_NextBestView/nbv_code/ros2_ws2/install/realsense2_camera/share/realsense2_camera/examples/pointcloud/rviz/pointcloud.rviz
[1.412s] -- Up-to-date: /home/jajayu/TomatoHarvesting_NextBestView/nbv_code/ros2_ws2/install/realsense2_camera/share/realsense2_camera/examples/pointcloud/README.md
[1.412s] -- Up-to-date: /home/jajayu/TomatoHarvesting_NextBestView/nbv_code/ros2_ws2/install/realsense2_camera/share/realsense2_camera/examples/pointcloud/rs_d455_pointcloud_launch.py
[1.412s] -- Up-to-date: /home/jajayu/TomatoHarvesting_NextBestView/nbv_code/ros2_ws2/install/realsense2_camera/share/realsense2_camera/examples/pointcloud/rs_d405_pointcloud_launch.py
[1.412s] -- Up-to-date: /home/jajayu/TomatoHarvesting_NextBestView/nbv_code/ros2_ws2/install/realsense2_camera/share/realsense2_camera/examples/align_depth
[1.412s] -- Up-to-date: /home/jajayu/TomatoHarvesting_NextBestView/nbv_code/ros2_ws2/install/realsense2_camera/share/realsense2_camera/examples/align_depth/rs_align_depth_launch.py
[1.415s] -- Up-to-date: /home/jajayu/TomatoHarvesting_NextBestView/nbv_code/ros2_ws2/install/realsense2_camera/share/realsense2_camera/examples/align_depth/README.md
[1.416s] -- Up-to-date: /home/jajayu/TomatoHarvesting_NextBestView/nbv_code/ros2_ws2/install/realsense2_camera/share/realsense2_camera/examples/launch_params_from_file
[1.416s] -- Up-to-date: /home/jajayu/TomatoHarvesting_NextBestView/nbv_code/ros2_ws2/install/realsense2_camera/share/realsense2_camera/examples/launch_params_from_file/rs_launch_get_params_from_yaml.py
[1.417s] -- Up-to-date: /home/jajayu/TomatoHarvesting_NextBestView/nbv_code/ros2_ws2/install/realsense2_camera/share/realsense2_camera/examples/launch_params_from_file/README.md
[1.417s] -- Up-to-date: /home/jajayu/TomatoHarvesting_NextBestView/nbv_code/ros2_ws2/install/realsense2_camera/share/realsense2_camera/examples/launch_params_from_file/config
[1.419s] -- Up-to-date: /home/jajayu/TomatoHarvesting_NextBestView/nbv_code/ros2_ws2/install/realsense2_camera/share/realsense2_camera/examples/launch_params_from_file/config/config.yaml
[1.419s] -- Up-to-date: /home/jajayu/TomatoHarvesting_NextBestView/nbv_code/ros2_ws2/install/realsense2_camera/share/realsense2_camera/examples/launch_from_rosbag
[1.419s] -- Up-to-date: /home/jajayu/TomatoHarvesting_NextBestView/nbv_code/ros2_ws2/install/realsense2_camera/share/realsense2_camera/examples/launch_from_rosbag/README.md
[1.419s] -- Up-to-date: /home/jajayu/TomatoHarvesting_NextBestView/nbv_code/ros2_ws2/install/realsense2_camera/share/realsense2_camera/examples/launch_from_rosbag/rs_launch_from_rosbag.py
[1.419s] -- Up-to-date: /home/jajayu/TomatoHarvesting_NextBestView/nbv_code/ros2_ws2/install/realsense2_camera/share/realsense2_camera/examples/dual_camera
[1.420s] -- Up-to-date: /home/jajayu/TomatoHarvesting_NextBestView/nbv_code/ros2_ws2/install/realsense2_camera/share/realsense2_camera/examples/dual_camera/rviz
[1.423s] -- Up-to-date: /home/jajayu/TomatoHarvesting_NextBestView/nbv_code/ros2_ws2/install/realsense2_camera/share/realsense2_camera/examples/dual_camera/rviz/dual_camera_pointcloud.rviz
[1.423s] -- Up-to-date: /home/jajayu/TomatoHarvesting_NextBestView/nbv_code/ros2_ws2/install/realsense2_camera/share/realsense2_camera/examples/dual_camera/rs_dual_camera_launch.py
[1.423s] -- Up-to-date: /home/jajayu/TomatoHarvesting_NextBestView/nbv_code/ros2_ws2/install/realsense2_camera/share/realsense2_camera/examples/dual_camera/README.md
[1.424s] -- Up-to-date: /home/jajayu/TomatoHarvesting_NextBestView/nbv_code/ros2_ws2/install/realsense2_camera/share/realsense2_camera/environment/library_path.sh
[1.424s] -- Up-to-date: /home/jajayu/TomatoHarvesting_NextBestView/nbv_code/ros2_ws2/install/realsense2_camera/share/realsense2_camera/environment/library_path.dsv
[1.424s] -- Up-to-date: /home/jajayu/TomatoHarvesting_NextBestView/nbv_code/ros2_ws2/install/realsense2_camera/share/ament_index/resource_index/package_run_dependencies/realsense2_camera
[1.424s] -- Up-to-date: /home/jajayu/TomatoHarvesting_NextBestView/nbv_code/ros2_ws2/install/realsense2_camera/share/ament_index/resource_index/parent_prefix_path/realsense2_camera
[1.424s] -- Up-to-date: /home/jajayu/TomatoHarvesting_NextBestView/nbv_code/ros2_ws2/install/realsense2_camera/share/realsense2_camera/environment/ament_prefix_path.sh
[1.424s] -- Up-to-date: /home/jajayu/TomatoHarvesting_NextBestView/nbv_code/ros2_ws2/install/realsense2_camera/share/realsense2_camera/environment/ament_prefix_path.dsv
[1.424s] -- Up-to-date: /home/jajayu/TomatoHarvesting_NextBestView/nbv_code/ros2_ws2/install/realsense2_camera/share/realsense2_camera/environment/path.sh
[1.425s] -- Up-to-date: /home/jajayu/TomatoHarvesting_NextBestView/nbv_code/ros2_ws2/install/realsense2_camera/share/realsense2_camera/environment/path.dsv
[1.425s] -- Up-to-date: /home/jajayu/TomatoHarvesting_NextBestView/nbv_code/ros2_ws2/install/realsense2_camera/share/realsense2_camera/local_setup.bash
[1.425s] -- Up-to-date: /home/jajayu/TomatoHarvesting_NextBestView/nbv_code/ros2_ws2/install/realsense2_camera/share/realsense2_camera/local_setup.sh
[1.425s] -- Up-to-date: /home/jajayu/TomatoHarvesting_NextBestView/nbv_code/ros2_ws2/install/realsense2_camera/share/realsense2_camera/local_setup.zsh
[1.426s] -- Up-to-date: /home/jajayu/TomatoHarvesting_NextBestView/nbv_code/ros2_ws2/install/realsense2_camera/share/realsense2_camera/local_setup.dsv
[1.426s] -- Installing: /home/jajayu/TomatoHarvesting_NextBestView/nbv_code/ros2_ws2/install/realsense2_camera/share/realsense2_camera/package.dsv
[1.426s] -- Up-to-date: /home/jajayu/TomatoHarvesting_NextBestView/nbv_code/ros2_ws2/install/realsense2_camera/share/ament_index/resource_index/packages/realsense2_camera
[1.426s] -- Up-to-date: /home/jajayu/TomatoHarvesting_NextBestView/nbv_code/ros2_ws2/install/realsense2_camera/share/ament_index/resource_index/rclcpp_components/realsense2_camera
[1.426s] -- Up-to-date: /home/jajayu/TomatoHarvesting_NextBestView/nbv_code/ros2_ws2/install/realsense2_camera/share/realsense2_camera/cmake/ament_cmake_export_include_directories-extras.cmake
[1.426s] -- Up-to-date: /home/jajayu/TomatoHarvesting_NextBestView/nbv_code/ros2_ws2/install/realsense2_camera/share/realsense2_camera/cmake/ament_cmake_export_libraries-extras.cmake
[1.426s] -- Up-to-date: /home/jajayu/TomatoHarvesting_NextBestView/nbv_code/ros2_ws2/install/realsense2_camera/share/realsense2_camera/cmake/ament_cmake_export_dependencies-extras.cmake
[1.426s] -- Up-to-date: /home/jajayu/TomatoHarvesting_NextBestView/nbv_code/ros2_ws2/install/realsense2_camera/share/realsense2_camera/cmake/realsense2_cameraConfig.cmake
[1.427s] -- Up-to-date: /home/jajayu/TomatoHarvesting_NextBestView/nbv_code/ros2_ws2/install/realsense2_camera/share/realsense2_camera/cmake/realsense2_cameraConfig-version.cmake
[1.427s] -- Up-to-date: /home/jajayu/TomatoHarvesting_NextBestView/nbv_code/ros2_ws2/install/realsense2_camera/share/realsense2_camera/package.xml
[1.441s] Invoked command in '/home/jajayu/TomatoHarvesting_NextBestView/nbv_code/ros2_ws2/build/realsense2_camera' returned '0': CMAKE_PREFIX_PATH=/home/jajayu/TomatoHarvesting_NextBestView/nbv_code/ros2_ws2/install/realsense2_camera_msgs:/home/jajayu/TomatoHarvesting_NextBestView/nbv_code/ros2_ws2/install/realsense2_description:/home/jajayu/TomatoHarvesting_NextBestView/nbv_code/ros2_ws2/install/realsense2_camera:/home/jajayu/TomatoHarvesting_NextBestView/nbv_code/ros2_ws2/install/octomap_server2:/home/jajayu/TomatoHarvesting_NextBestView/nbv_code/ros2_ws2/install/my_robot_nbv_cmake:/home/jajayu/TomatoHarvesting_NextBestView/nbv_code/ros2_ws2/install/my_bot:/home/jajayu/TomatoHarvesting_NextBestView/nbv_code/ros2_ws2/install/message_interfaces:/home/jajayu/TomatoHarvesting_NextBestView/nbv_code/ros2_ws2/install/my_robot_nbv:/home/jajayu/TomatoHarvesting_NextBestView/nbv_code/ros2_ws2/install/my_robot_cam:/home/jajayu/TomatoHarvesting_NextBestView/nbv_code/ros2_ws2/install/my_robot_arm:/opt/ros/humble LD_LIBRARY_PATH=/home/jajayu/TomatoHarvesting_NextBestView/nbv_code/ros2_ws2/install/realsense2_camera_msgs/lib:/home/jajayu/TomatoHarvesting_NextBestView/nbv_code/ros2_ws2/install/realsense2_camera/lib:/home/jajayu/TomatoHarvesting_NextBestView/nbv_code/ros2_ws2/install/octomap_server2/lib:/home/jajayu/TomatoHarvesting_NextBestView/nbv_code/ros2_ws2/install/message_interfaces/lib:/usr/lib/x86_64-linux-gnu/gazebo-11/plugins:/opt/ros/humble/opt/rviz_ogre_vendor/lib:/opt/ros/humble/lib/x86_64-linux-gnu:/opt/ros/humble/lib /home/jajayu/.local/bin/cmake --install /home/jajayu/TomatoHarvesting_NextBestView/nbv_code/ros2_ws2/build/realsense2_camera
