[0.249s] DEBUG:colcon:Command line arguments: ['/usr/bin/colcon', 'build', '--packages-select', 'my_robot_nbv']
[0.249s] DEBUG:colcon:Parsed command line arguments: Namespace(log_base=None, log_level=None, verb_name='build', build_base='build', install_base='install', merge_install=False, symlink_install=False, test_result_base=None, continue_on_error=False, executor='parallel', parallel_workers=8, event_handlers=None, ignore_user_meta=False, metas=['./colcon.meta'], base_paths=['.'], packages_ignore=None, packages_ignore_regex=None, paths=None, packages_up_to=None, packages_up_to_regex=None, packages_above=None, packages_above_and_dependencies=None, packages_above_depth=None, packages_select_by_dep=None, packages_skip_by_dep=None, packages_skip_up_to=None, packages_select_build_failed=False, packages_skip_build_finished=False, packages_select_test_failures=False, packages_skip_test_passed=False, packages_select=['my_robot_nbv'], packages_skip=None, packages_select_regex=None, packages_skip_regex=None, packages_start=None, packages_end=None, allow_overriding=[], cmake_args=None, cmake_target=None, cmake_target_skip_unavailable=False, cmake_clean_cache=False, cmake_clean_first=False, cmake_force_configure=False, ament_cmake_args=None, catkin_cmake_args=None, catkin_skip_building_tests=False, mixin_files=None, mixin=None, verb_parser=<colcon_mixin.mixin.mixin_argument.MixinArgumentDecorator object at 0x7b0cfd67e950>, verb_extension=<colcon_core.verb.build.BuildVerb object at 0x7b0cfd67e3b0>, main=<bound method BuildVerb.main of <colcon_core.verb.build.BuildVerb object at 0x7b0cfd67e3b0>>, mixin_verb=('build',))
[0.699s] Level 1:colcon.colcon_core.package_discovery:discover_packages(colcon_meta) check parameters
[0.699s] Level 1:colcon.colcon_core.package_discovery:discover_packages(recursive) check parameters
[0.700s] Level 1:colcon.colcon_core.package_discovery:discover_packages(ignore) check parameters
[0.700s] Level 1:colcon.colcon_core.package_discovery:discover_packages(path) check parameters
[0.700s] Level 1:colcon.colcon_core.package_discovery:discover_packages(colcon_meta) discover
[0.700s] Level 1:colcon.colcon_core.package_discovery:discover_packages(recursive) discover
[0.700s] INFO:colcon.colcon_core.package_discovery:Crawling recursively for packages in '/home/jajayu/TomatoHarvesting_NextBestView/nbv_code/ros2_ws2'
[0.700s] Level 1:colcon.colcon_core.package_identification:_identify(.) by extensions ['ignore', 'ignore_ament_install']
[0.700s] Level 1:colcon.colcon_core.package_identification:_identify(.) by extension 'ignore'
[0.700s] Level 1:colcon.colcon_core.package_identification:_identify(.) by extension 'ignore_ament_install'
[0.700s] Level 1:colcon.colcon_core.package_identification:_identify(.) by extensions ['colcon_pkg']
[0.700s] Level 1:colcon.colcon_core.package_identification:_identify(.) by extension 'colcon_pkg'
[0.700s] Level 1:colcon.colcon_core.package_identification:_identify(.) by extensions ['colcon_meta']
[0.700s] Level 1:colcon.colcon_core.package_identification:_identify(.) by extension 'colcon_meta'
[0.700s] Level 1:colcon.colcon_core.package_identification:_identify(.) by extensions ['ros']
[0.700s] Level 1:colcon.colcon_core.package_identification:_identify(.) by extension 'ros'
[0.730s] Level 1:colcon.colcon_core.package_identification:_identify(.) by extensions ['cmake', 'python']
[0.731s] Level 1:colcon.colcon_core.package_identification:_identify(.) by extension 'cmake'
[0.731s] Level 1:colcon.colcon_core.package_identification:_identify(.) by extension 'python'
[0.731s] Level 1:colcon.colcon_core.package_identification:_identify(.) by extensions ['python_setup_py']
[0.731s] Level 1:colcon.colcon_core.package_identification:_identify(.) by extension 'python_setup_py'
[0.731s] Level 1:colcon.colcon_core.package_identification:_identify(build) by extensions ['ignore', 'ignore_ament_install']
[0.731s] Level 1:colcon.colcon_core.package_identification:_identify(build) by extension 'ignore'
[0.731s] Level 1:colcon.colcon_core.package_identification:_identify(build) ignored
[0.732s] Level 1:colcon.colcon_core.package_identification:_identify(install) by extensions ['ignore', 'ignore_ament_install']
[0.732s] Level 1:colcon.colcon_core.package_identification:_identify(install) by extension 'ignore'
[0.732s] Level 1:colcon.colcon_core.package_identification:_identify(install) ignored
[0.733s] Level 1:colcon.colcon_core.package_identification:_identify(log) by extensions ['ignore', 'ignore_ament_install']
[0.734s] Level 1:colcon.colcon_core.package_identification:_identify(log) by extension 'ignore'
[0.734s] Level 1:colcon.colcon_core.package_identification:_identify(log) ignored
[0.734s] Level 1:colcon.colcon_core.package_identification:_identify(src) by extensions ['ignore', 'ignore_ament_install']
[0.734s] Level 1:colcon.colcon_core.package_identification:_identify(src) by extension 'ignore'
[0.734s] Level 1:colcon.colcon_core.package_identification:_identify(src) by extension 'ignore_ament_install'
[0.734s] Level 1:colcon.colcon_core.package_identification:_identify(src) by extensions ['colcon_pkg']
[0.734s] Level 1:colcon.colcon_core.package_identification:_identify(src) by extension 'colcon_pkg'
[0.734s] Level 1:colcon.colcon_core.package_identification:_identify(src) by extensions ['colcon_meta']
[0.734s] Level 1:colcon.colcon_core.package_identification:_identify(src) by extension 'colcon_meta'
[0.734s] Level 1:colcon.colcon_core.package_identification:_identify(src) by extensions ['ros']
[0.734s] Level 1:colcon.colcon_core.package_identification:_identify(src) by extension 'ros'
[0.734s] Level 1:colcon.colcon_core.package_identification:_identify(src) by extensions ['cmake', 'python']
[0.734s] Level 1:colcon.colcon_core.package_identification:_identify(src) by extension 'cmake'
[0.734s] Level 1:colcon.colcon_core.package_identification:_identify(src) by extension 'python'
[0.734s] Level 1:colcon.colcon_core.package_identification:_identify(src) by extensions ['python_setup_py']
[0.734s] Level 1:colcon.colcon_core.package_identification:_identify(src) by extension 'python_setup_py'
[0.735s] Level 1:colcon.colcon_core.package_identification:_identify(src/build) by extensions ['ignore', 'ignore_ament_install']
[0.735s] Level 1:colcon.colcon_core.package_identification:_identify(src/build) by extension 'ignore'
[0.735s] Level 1:colcon.colcon_core.package_identification:_identify(src/build) ignored
[0.735s] Level 1:colcon.colcon_core.package_identification:_identify(src/dataset) by extensions ['ignore', 'ignore_ament_install']
[0.736s] Level 1:colcon.colcon_core.package_identification:_identify(src/dataset) by extension 'ignore'
[0.736s] Level 1:colcon.colcon_core.package_identification:_identify(src/dataset) by extension 'ignore_ament_install'
[0.736s] Level 1:colcon.colcon_core.package_identification:_identify(src/dataset) by extensions ['colcon_pkg']
[0.736s] Level 1:colcon.colcon_core.package_identification:_identify(src/dataset) by extension 'colcon_pkg'
[0.736s] Level 1:colcon.colcon_core.package_identification:_identify(src/dataset) by extensions ['colcon_meta']
[0.736s] Level 1:colcon.colcon_core.package_identification:_identify(src/dataset) by extension 'colcon_meta'
[0.736s] Level 1:colcon.colcon_core.package_identification:_identify(src/dataset) by extensions ['ros']
[0.736s] Level 1:colcon.colcon_core.package_identification:_identify(src/dataset) by extension 'ros'
[0.736s] Level 1:colcon.colcon_core.package_identification:_identify(src/dataset) by extensions ['cmake', 'python']
[0.736s] Level 1:colcon.colcon_core.package_identification:_identify(src/dataset) by extension 'cmake'
[0.736s] Level 1:colcon.colcon_core.package_identification:_identify(src/dataset) by extension 'python'
[0.736s] Level 1:colcon.colcon_core.package_identification:_identify(src/dataset) by extensions ['python_setup_py']
[0.736s] Level 1:colcon.colcon_core.package_identification:_identify(src/dataset) by extension 'python_setup_py'
[0.736s] Level 1:colcon.colcon_core.package_identification:_identify(src/dataset/data_octomap) by extensions ['ignore', 'ignore_ament_install']
[0.737s] Level 1:colcon.colcon_core.package_identification:_identify(src/dataset/data_octomap) by extension 'ignore'
[0.737s] Level 1:colcon.colcon_core.package_identification:_identify(src/dataset/data_octomap) by extension 'ignore_ament_install'
[0.737s] Level 1:colcon.colcon_core.package_identification:_identify(src/dataset/data_octomap) by extensions ['colcon_pkg']
[0.737s] Level 1:colcon.colcon_core.package_identification:_identify(src/dataset/data_octomap) by extension 'colcon_pkg'
[0.737s] Level 1:colcon.colcon_core.package_identification:_identify(src/dataset/data_octomap) by extensions ['colcon_meta']
[0.737s] Level 1:colcon.colcon_core.package_identification:_identify(src/dataset/data_octomap) by extension 'colcon_meta'
[0.737s] Level 1:colcon.colcon_core.package_identification:_identify(src/dataset/data_octomap) by extensions ['ros']
[0.737s] Level 1:colcon.colcon_core.package_identification:_identify(src/dataset/data_octomap) by extension 'ros'
[0.737s] Level 1:colcon.colcon_core.package_identification:_identify(src/dataset/data_octomap) by extensions ['cmake', 'python']
[0.737s] Level 1:colcon.colcon_core.package_identification:_identify(src/dataset/data_octomap) by extension 'cmake'
[0.737s] Level 1:colcon.colcon_core.package_identification:_identify(src/dataset/data_octomap) by extension 'python'
[0.737s] Level 1:colcon.colcon_core.package_identification:_identify(src/dataset/data_octomap) by extensions ['python_setup_py']
[0.737s] Level 1:colcon.colcon_core.package_identification:_identify(src/dataset/data_octomap) by extension 'python_setup_py'
[0.738s] Level 1:colcon.colcon_core.package_identification:_identify(src/dataset/data_pcd) by extensions ['ignore', 'ignore_ament_install']
[0.738s] Level 1:colcon.colcon_core.package_identification:_identify(src/dataset/data_pcd) by extension 'ignore'
[0.738s] Level 1:colcon.colcon_core.package_identification:_identify(src/dataset/data_pcd) by extension 'ignore_ament_install'
[0.738s] Level 1:colcon.colcon_core.package_identification:_identify(src/dataset/data_pcd) by extensions ['colcon_pkg']
[0.738s] Level 1:colcon.colcon_core.package_identification:_identify(src/dataset/data_pcd) by extension 'colcon_pkg'
[0.738s] Level 1:colcon.colcon_core.package_identification:_identify(src/dataset/data_pcd) by extensions ['colcon_meta']
[0.738s] Level 1:colcon.colcon_core.package_identification:_identify(src/dataset/data_pcd) by extension 'colcon_meta'
[0.738s] Level 1:colcon.colcon_core.package_identification:_identify(src/dataset/data_pcd) by extensions ['ros']
[0.738s] Level 1:colcon.colcon_core.package_identification:_identify(src/dataset/data_pcd) by extension 'ros'
[0.738s] Level 1:colcon.colcon_core.package_identification:_identify(src/dataset/data_pcd) by extensions ['cmake', 'python']
[0.738s] Level 1:colcon.colcon_core.package_identification:_identify(src/dataset/data_pcd) by extension 'cmake'
[0.738s] Level 1:colcon.colcon_core.package_identification:_identify(src/dataset/data_pcd) by extension 'python'
[0.738s] Level 1:colcon.colcon_core.package_identification:_identify(src/dataset/data_pcd) by extensions ['python_setup_py']
[0.738s] Level 1:colcon.colcon_core.package_identification:_identify(src/dataset/data_pcd) by extension 'python_setup_py'
[0.739s] Level 1:colcon.colcon_core.package_identification:_identify(src/dataset/data_tomatoVideo_forDetection) by extensions ['ignore', 'ignore_ament_install']
[0.739s] Level 1:colcon.colcon_core.package_identification:_identify(src/dataset/data_tomatoVideo_forDetection) by extension 'ignore'
[0.739s] Level 1:colcon.colcon_core.package_identification:_identify(src/dataset/data_tomatoVideo_forDetection) by extension 'ignore_ament_install'
[0.739s] Level 1:colcon.colcon_core.package_identification:_identify(src/dataset/data_tomatoVideo_forDetection) by extensions ['colcon_pkg']
[0.739s] Level 1:colcon.colcon_core.package_identification:_identify(src/dataset/data_tomatoVideo_forDetection) by extension 'colcon_pkg'
[0.739s] Level 1:colcon.colcon_core.package_identification:_identify(src/dataset/data_tomatoVideo_forDetection) by extensions ['colcon_meta']
[0.739s] Level 1:colcon.colcon_core.package_identification:_identify(src/dataset/data_tomatoVideo_forDetection) by extension 'colcon_meta'
[0.739s] Level 1:colcon.colcon_core.package_identification:_identify(src/dataset/data_tomatoVideo_forDetection) by extensions ['ros']
[0.739s] Level 1:colcon.colcon_core.package_identification:_identify(src/dataset/data_tomatoVideo_forDetection) by extension 'ros'
[0.739s] Level 1:colcon.colcon_core.package_identification:_identify(src/dataset/data_tomatoVideo_forDetection) by extensions ['cmake', 'python']
[0.739s] Level 1:colcon.colcon_core.package_identification:_identify(src/dataset/data_tomatoVideo_forDetection) by extension 'cmake'
[0.739s] Level 1:colcon.colcon_core.package_identification:_identify(src/dataset/data_tomatoVideo_forDetection) by extension 'python'
[0.739s] Level 1:colcon.colcon_core.package_identification:_identify(src/dataset/data_tomatoVideo_forDetection) by extensions ['python_setup_py']
[0.739s] Level 1:colcon.colcon_core.package_identification:_identify(src/dataset/data_tomatoVideo_forDetection) by extension 'python_setup_py'
[0.739s] Level 1:colcon.colcon_core.package_identification:_identify(src/dataset/rqtGraph) by extensions ['ignore', 'ignore_ament_install']
[0.739s] Level 1:colcon.colcon_core.package_identification:_identify(src/dataset/rqtGraph) by extension 'ignore'
[0.740s] Level 1:colcon.colcon_core.package_identification:_identify(src/dataset/rqtGraph) by extension 'ignore_ament_install'
[0.740s] Level 1:colcon.colcon_core.package_identification:_identify(src/dataset/rqtGraph) by extensions ['colcon_pkg']
[0.740s] Level 1:colcon.colcon_core.package_identification:_identify(src/dataset/rqtGraph) by extension 'colcon_pkg'
[0.740s] Level 1:colcon.colcon_core.package_identification:_identify(src/dataset/rqtGraph) by extensions ['colcon_meta']
[0.740s] Level 1:colcon.colcon_core.package_identification:_identify(src/dataset/rqtGraph) by extension 'colcon_meta'
[0.740s] Level 1:colcon.colcon_core.package_identification:_identify(src/dataset/rqtGraph) by extensions ['ros']
[0.740s] Level 1:colcon.colcon_core.package_identification:_identify(src/dataset/rqtGraph) by extension 'ros'
[0.740s] Level 1:colcon.colcon_core.package_identification:_identify(src/dataset/rqtGraph) by extensions ['cmake', 'python']
[0.740s] Level 1:colcon.colcon_core.package_identification:_identify(src/dataset/rqtGraph) by extension 'cmake'
[0.740s] Level 1:colcon.colcon_core.package_identification:_identify(src/dataset/rqtGraph) by extension 'python'
[0.740s] Level 1:colcon.colcon_core.package_identification:_identify(src/dataset/rqtGraph) by extensions ['python_setup_py']
[0.740s] Level 1:colcon.colcon_core.package_identification:_identify(src/dataset/rqtGraph) by extension 'python_setup_py'
[0.740s] Level 1:colcon.colcon_core.package_identification:_identify(src/install) by extensions ['ignore', 'ignore_ament_install']
[0.741s] Level 1:colcon.colcon_core.package_identification:_identify(src/install) by extension 'ignore'
[0.741s] Level 1:colcon.colcon_core.package_identification:_identify(src/install) ignored
[0.742s] Level 1:colcon.colcon_core.package_identification:_identify(src/log) by extensions ['ignore', 'ignore_ament_install']
[0.742s] Level 1:colcon.colcon_core.package_identification:_identify(src/log) by extension 'ignore'
[0.742s] Level 1:colcon.colcon_core.package_identification:_identify(src/log) ignored
[0.742s] Level 1:colcon.colcon_core.package_identification:_identify(src/message_interfaces) by extensions ['ignore', 'ignore_ament_install']
[0.742s] Level 1:colcon.colcon_core.package_identification:_identify(src/message_interfaces) by extension 'ignore'
[0.742s] Level 1:colcon.colcon_core.package_identification:_identify(src/message_interfaces) by extension 'ignore_ament_install'
[0.742s] Level 1:colcon.colcon_core.package_identification:_identify(src/message_interfaces) by extensions ['colcon_pkg']
[0.742s] Level 1:colcon.colcon_core.package_identification:_identify(src/message_interfaces) by extension 'colcon_pkg'
[0.742s] Level 1:colcon.colcon_core.package_identification:_identify(src/message_interfaces) by extensions ['colcon_meta']
[0.742s] Level 1:colcon.colcon_core.package_identification:_identify(src/message_interfaces) by extension 'colcon_meta'
[0.742s] Level 1:colcon.colcon_core.package_identification:_identify(src/message_interfaces) by extensions ['ros']
[0.742s] Level 1:colcon.colcon_core.package_identification:_identify(src/message_interfaces) by extension 'ros'
[0.746s] DEBUG:colcon.colcon_core.package_identification:Package 'src/message_interfaces' with type 'ros.ament_cmake' and name 'message_interfaces'
[0.746s] Level 1:colcon.colcon_core.package_identification:_identify(src/my_bot) by extensions ['ignore', 'ignore_ament_install']
[0.746s] Level 1:colcon.colcon_core.package_identification:_identify(src/my_bot) by extension 'ignore'
[0.747s] Level 1:colcon.colcon_core.package_identification:_identify(src/my_bot) by extension 'ignore_ament_install'
[0.747s] Level 1:colcon.colcon_core.package_identification:_identify(src/my_bot) by extensions ['colcon_pkg']
[0.747s] Level 1:colcon.colcon_core.package_identification:_identify(src/my_bot) by extension 'colcon_pkg'
[0.747s] Level 1:colcon.colcon_core.package_identification:_identify(src/my_bot) by extensions ['colcon_meta']
[0.747s] Level 1:colcon.colcon_core.package_identification:_identify(src/my_bot) by extension 'colcon_meta'
[0.747s] Level 1:colcon.colcon_core.package_identification:_identify(src/my_bot) by extensions ['ros']
[0.747s] Level 1:colcon.colcon_core.package_identification:_identify(src/my_bot) by extension 'ros'
[0.748s] DEBUG:colcon.colcon_core.package_identification:Package 'src/my_bot' with type 'ros.ament_cmake' and name 'my_bot'
[0.748s] Level 1:colcon.colcon_core.package_identification:_identify(src/my_robot_cam) by extensions ['ignore', 'ignore_ament_install']
[0.748s] Level 1:colcon.colcon_core.package_identification:_identify(src/my_robot_cam) by extension 'ignore'
[0.748s] Level 1:colcon.colcon_core.package_identification:_identify(src/my_robot_cam) by extension 'ignore_ament_install'
[0.749s] Level 1:colcon.colcon_core.package_identification:_identify(src/my_robot_cam) by extensions ['colcon_pkg']
[0.749s] Level 1:colcon.colcon_core.package_identification:_identify(src/my_robot_cam) by extension 'colcon_pkg'
[0.749s] Level 1:colcon.colcon_core.package_identification:_identify(src/my_robot_cam) by extensions ['colcon_meta']
[0.749s] Level 1:colcon.colcon_core.package_identification:_identify(src/my_robot_cam) by extension 'colcon_meta'
[0.749s] Level 1:colcon.colcon_core.package_identification:_identify(src/my_robot_cam) by extensions ['ros']
[0.749s] Level 1:colcon.colcon_core.package_identification:_identify(src/my_robot_cam) by extension 'ros'
[0.750s] DEBUG:colcon.colcon_core.package_identification:Package 'src/my_robot_cam' with type 'ros.ament_python' and name 'my_robot_cam'
[0.750s] Level 1:colcon.colcon_core.package_identification:_identify(src/my_robot_nbv) by extensions ['ignore', 'ignore_ament_install']
[0.750s] Level 1:colcon.colcon_core.package_identification:_identify(src/my_robot_nbv) by extension 'ignore'
[0.750s] Level 1:colcon.colcon_core.package_identification:_identify(src/my_robot_nbv) by extension 'ignore_ament_install'
[0.750s] Level 1:colcon.colcon_core.package_identification:_identify(src/my_robot_nbv) by extensions ['colcon_pkg']
[0.750s] Level 1:colcon.colcon_core.package_identification:_identify(src/my_robot_nbv) by extension 'colcon_pkg'
[0.750s] Level 1:colcon.colcon_core.package_identification:_identify(src/my_robot_nbv) by extensions ['colcon_meta']
[0.750s] Level 1:colcon.colcon_core.package_identification:_identify(src/my_robot_nbv) by extension 'colcon_meta'
[0.750s] Level 1:colcon.colcon_core.package_identification:_identify(src/my_robot_nbv) by extensions ['ros']
[0.751s] Level 1:colcon.colcon_core.package_identification:_identify(src/my_robot_nbv) by extension 'ros'
[0.751s] DEBUG:colcon.colcon_core.package_identification:Package 'src/my_robot_nbv' with type 'ros.ament_python' and name 'my_robot_nbv'
[0.751s] Level 1:colcon.colcon_core.package_identification:_identify(src/my_robot_nbv_cmake) by extensions ['ignore', 'ignore_ament_install']
[0.751s] Level 1:colcon.colcon_core.package_identification:_identify(src/my_robot_nbv_cmake) by extension 'ignore'
[0.752s] Level 1:colcon.colcon_core.package_identification:_identify(src/my_robot_nbv_cmake) by extension 'ignore_ament_install'
[0.752s] Level 1:colcon.colcon_core.package_identification:_identify(src/my_robot_nbv_cmake) by extensions ['colcon_pkg']
[0.752s] Level 1:colcon.colcon_core.package_identification:_identify(src/my_robot_nbv_cmake) by extension 'colcon_pkg'
[0.752s] Level 1:colcon.colcon_core.package_identification:_identify(src/my_robot_nbv_cmake) by extensions ['colcon_meta']
[0.752s] Level 1:colcon.colcon_core.package_identification:_identify(src/my_robot_nbv_cmake) by extension 'colcon_meta'
[0.752s] Level 1:colcon.colcon_core.package_identification:_identify(src/my_robot_nbv_cmake) by extensions ['ros']
[0.752s] Level 1:colcon.colcon_core.package_identification:_identify(src/my_robot_nbv_cmake) by extension 'ros'
[0.754s] DEBUG:colcon.colcon_core.package_identification:Package 'src/my_robot_nbv_cmake' with type 'ros.ament_cmake' and name 'my_robot_nbv_cmake'
[0.754s] Level 1:colcon.colcon_core.package_identification:_identify(src/octomap_server2) by extensions ['ignore', 'ignore_ament_install']
[0.754s] Level 1:colcon.colcon_core.package_identification:_identify(src/octomap_server2) by extension 'ignore'
[0.754s] Level 1:colcon.colcon_core.package_identification:_identify(src/octomap_server2) by extension 'ignore_ament_install'
[0.755s] Level 1:colcon.colcon_core.package_identification:_identify(src/octomap_server2) by extensions ['colcon_pkg']
[0.755s] Level 1:colcon.colcon_core.package_identification:_identify(src/octomap_server2) by extension 'colcon_pkg'
[0.755s] Level 1:colcon.colcon_core.package_identification:_identify(src/octomap_server2) by extensions ['colcon_meta']
[0.755s] Level 1:colcon.colcon_core.package_identification:_identify(src/octomap_server2) by extension 'colcon_meta'
[0.755s] Level 1:colcon.colcon_core.package_identification:_identify(src/octomap_server2) by extensions ['ros']
[0.755s] Level 1:colcon.colcon_core.package_identification:_identify(src/octomap_server2) by extension 'ros'
[0.756s] DEBUG:colcon.colcon_core.package_identification:Package 'src/octomap_server2' with type 'ros.ament_cmake' and name 'octomap_server2'
[0.757s] Level 1:colcon.colcon_core.package_identification:_identify(src/realsense-ros) by extensions ['ignore', 'ignore_ament_install']
[0.757s] Level 1:colcon.colcon_core.package_identification:_identify(src/realsense-ros) by extension 'ignore'
[0.757s] Level 1:colcon.colcon_core.package_identification:_identify(src/realsense-ros) by extension 'ignore_ament_install'
[0.757s] Level 1:colcon.colcon_core.package_identification:_identify(src/realsense-ros) by extensions ['colcon_pkg']
[0.757s] Level 1:colcon.colcon_core.package_identification:_identify(src/realsense-ros) by extension 'colcon_pkg'
[0.757s] Level 1:colcon.colcon_core.package_identification:_identify(src/realsense-ros) by extensions ['colcon_meta']
[0.757s] Level 1:colcon.colcon_core.package_identification:_identify(src/realsense-ros) by extension 'colcon_meta'
[0.757s] Level 1:colcon.colcon_core.package_identification:_identify(src/realsense-ros) by extensions ['ros']
[0.757s] Level 1:colcon.colcon_core.package_identification:_identify(src/realsense-ros) by extension 'ros'
[0.757s] Level 1:colcon.colcon_core.package_identification:_identify(src/realsense-ros) by extensions ['cmake', 'python']
[0.757s] Level 1:colcon.colcon_core.package_identification:_identify(src/realsense-ros) by extension 'cmake'
[0.757s] Level 1:colcon.colcon_core.package_identification:_identify(src/realsense-ros) by extension 'python'
[0.757s] Level 1:colcon.colcon_core.package_identification:_identify(src/realsense-ros) by extensions ['python_setup_py']
[0.757s] Level 1:colcon.colcon_core.package_identification:_identify(src/realsense-ros) by extension 'python_setup_py'
[0.758s] Level 1:colcon.colcon_core.package_identification:_identify(src/realsense-ros/realsense2_camera) by extensions ['ignore', 'ignore_ament_install']
[0.758s] Level 1:colcon.colcon_core.package_identification:_identify(src/realsense-ros/realsense2_camera) by extension 'ignore'
[0.758s] Level 1:colcon.colcon_core.package_identification:_identify(src/realsense-ros/realsense2_camera) by extension 'ignore_ament_install'
[0.758s] Level 1:colcon.colcon_core.package_identification:_identify(src/realsense-ros/realsense2_camera) by extensions ['colcon_pkg']
[0.758s] Level 1:colcon.colcon_core.package_identification:_identify(src/realsense-ros/realsense2_camera) by extension 'colcon_pkg'
[0.758s] Level 1:colcon.colcon_core.package_identification:_identify(src/realsense-ros/realsense2_camera) by extensions ['colcon_meta']
[0.758s] Level 1:colcon.colcon_core.package_identification:_identify(src/realsense-ros/realsense2_camera) by extension 'colcon_meta'
[0.758s] Level 1:colcon.colcon_core.package_identification:_identify(src/realsense-ros/realsense2_camera) by extensions ['ros']
[0.758s] Level 1:colcon.colcon_core.package_identification:_identify(src/realsense-ros/realsense2_camera) by extension 'ros'
[0.765s] DEBUG:colcon.colcon_core.package_identification:Package 'src/realsense-ros/realsense2_camera' with type 'ros.ament_cmake' and name 'realsense2_camera'
[0.766s] Level 1:colcon.colcon_core.package_identification:_identify(src/realsense-ros/realsense2_camera_msgs) by extensions ['ignore', 'ignore_ament_install']
[0.766s] Level 1:colcon.colcon_core.package_identification:_identify(src/realsense-ros/realsense2_camera_msgs) by extension 'ignore'
[0.766s] Level 1:colcon.colcon_core.package_identification:_identify(src/realsense-ros/realsense2_camera_msgs) by extension 'ignore_ament_install'
[0.766s] Level 1:colcon.colcon_core.package_identification:_identify(src/realsense-ros/realsense2_camera_msgs) by extensions ['colcon_pkg']
[0.766s] Level 1:colcon.colcon_core.package_identification:_identify(src/realsense-ros/realsense2_camera_msgs) by extension 'colcon_pkg'
[0.766s] Level 1:colcon.colcon_core.package_identification:_identify(src/realsense-ros/realsense2_camera_msgs) by extensions ['colcon_meta']
[0.766s] Level 1:colcon.colcon_core.package_identification:_identify(src/realsense-ros/realsense2_camera_msgs) by extension 'colcon_meta'
[0.766s] Level 1:colcon.colcon_core.package_identification:_identify(src/realsense-ros/realsense2_camera_msgs) by extensions ['ros']
[0.766s] Level 1:colcon.colcon_core.package_identification:_identify(src/realsense-ros/realsense2_camera_msgs) by extension 'ros'
[0.768s] DEBUG:colcon.colcon_core.package_identification:Package 'src/realsense-ros/realsense2_camera_msgs' with type 'ros.ament_cmake' and name 'realsense2_camera_msgs'
[0.769s] Level 1:colcon.colcon_core.package_identification:_identify(src/realsense-ros/realsense2_description) by extensions ['ignore', 'ignore_ament_install']
[0.769s] Level 1:colcon.colcon_core.package_identification:_identify(src/realsense-ros/realsense2_description) by extension 'ignore'
[0.769s] Level 1:colcon.colcon_core.package_identification:_identify(src/realsense-ros/realsense2_description) by extension 'ignore_ament_install'
[0.769s] Level 1:colcon.colcon_core.package_identification:_identify(src/realsense-ros/realsense2_description) by extensions ['colcon_pkg']
[0.769s] Level 1:colcon.colcon_core.package_identification:_identify(src/realsense-ros/realsense2_description) by extension 'colcon_pkg'
[0.769s] Level 1:colcon.colcon_core.package_identification:_identify(src/realsense-ros/realsense2_description) by extensions ['colcon_meta']
[0.769s] Level 1:colcon.colcon_core.package_identification:_identify(src/realsense-ros/realsense2_description) by extension 'colcon_meta'
[0.769s] Level 1:colcon.colcon_core.package_identification:_identify(src/realsense-ros/realsense2_description) by extensions ['ros']
[0.769s] Level 1:colcon.colcon_core.package_identification:_identify(src/realsense-ros/realsense2_description) by extension 'ros'
[0.771s] DEBUG:colcon.colcon_core.package_identification:Package 'src/realsense-ros/realsense2_description' with type 'ros.ament_cmake' and name 'realsense2_description'
[0.771s] Level 1:colcon.colcon_core.package_discovery:discover_packages(recursive) using defaults
[0.771s] Level 1:colcon.colcon_core.package_discovery:discover_packages(ignore) discover
[0.771s] Level 1:colcon.colcon_core.package_discovery:discover_packages(ignore) using defaults
[0.771s] Level 1:colcon.colcon_core.package_discovery:discover_packages(path) discover
[0.771s] Level 1:colcon.colcon_core.package_discovery:discover_packages(path) using defaults
[0.807s] INFO:colcon.colcon_core.package_selection:Skipping not selected package 'message_interfaces' in 'src/message_interfaces'
[0.807s] INFO:colcon.colcon_core.package_selection:Skipping not selected package 'my_bot' in 'src/my_bot'
[0.807s] INFO:colcon.colcon_core.package_selection:Skipping not selected package 'my_robot_cam' in 'src/my_robot_cam'
[0.807s] INFO:colcon.colcon_core.package_selection:Skipping not selected package 'octomap_server2' in 'src/octomap_server2'
[0.807s] INFO:colcon.colcon_core.package_selection:Skipping not selected package 'realsense2_camera_msgs' in 'src/realsense-ros/realsense2_camera_msgs'
[0.807s] INFO:colcon.colcon_core.package_selection:Skipping not selected package 'my_robot_nbv_cmake' in 'src/my_robot_nbv_cmake'
[0.807s] INFO:colcon.colcon_core.package_selection:Skipping not selected package 'realsense2_camera' in 'src/realsense-ros/realsense2_camera'
[0.807s] INFO:colcon.colcon_core.package_selection:Skipping not selected package 'realsense2_description' in 'src/realsense-ros/realsense2_description'
[0.808s] Level 1:colcon.colcon_core.package_discovery:discover_packages(prefix_path) check parameters
[0.808s] Level 1:colcon.colcon_core.package_discovery:discover_packages(prefix_path) discover
[0.822s] DEBUG:colcon.colcon_installed_package_information.package_discovery:Found 9 installed packages in /home/jajayu/TomatoHarvesting_NextBestView/nbv_code/ros2_ws2/install
[0.823s] DEBUG:colcon.colcon_installed_package_information.package_discovery:Found 16 installed packages in /home/jajayu/ros2_ws/install
[0.827s] DEBUG:colcon.colcon_installed_package_information.package_discovery:Found 366 installed packages in /opt/ros/humble
[0.830s] Level 1:colcon.colcon_core.package_discovery:discover_packages(prefix_path) using defaults
[1.009s] Level 5:colcon.colcon_core.verb:set package 'my_robot_nbv' build argument 'cmake_args' from command line to 'None'
[1.009s] Level 5:colcon.colcon_core.verb:set package 'my_robot_nbv' build argument 'cmake_target' from command line to 'None'
[1.009s] Level 5:colcon.colcon_core.verb:set package 'my_robot_nbv' build argument 'cmake_target_skip_unavailable' from command line to 'False'
[1.009s] Level 5:colcon.colcon_core.verb:set package 'my_robot_nbv' build argument 'cmake_clean_cache' from command line to 'False'
[1.009s] Level 5:colcon.colcon_core.verb:set package 'my_robot_nbv' build argument 'cmake_clean_first' from command line to 'False'
[1.009s] Level 5:colcon.colcon_core.verb:set package 'my_robot_nbv' build argument 'cmake_force_configure' from command line to 'False'
[1.009s] Level 5:colcon.colcon_core.verb:set package 'my_robot_nbv' build argument 'ament_cmake_args' from command line to 'None'
[1.009s] Level 5:colcon.colcon_core.verb:set package 'my_robot_nbv' build argument 'catkin_cmake_args' from command line to 'None'
[1.009s] Level 5:colcon.colcon_core.verb:set package 'my_robot_nbv' build argument 'catkin_skip_building_tests' from command line to 'False'
[1.009s] DEBUG:colcon.colcon_core.verb:Building package 'my_robot_nbv' with the following arguments: {'ament_cmake_args': None, 'build_base': '/home/jajayu/TomatoHarvesting_NextBestView/nbv_code/ros2_ws2/build/my_robot_nbv', 'catkin_cmake_args': None, 'catkin_skip_building_tests': False, 'cmake_args': None, 'cmake_clean_cache': False, 'cmake_clean_first': False, 'cmake_force_configure': False, 'cmake_target': None, 'cmake_target_skip_unavailable': False, 'install_base': '/home/jajayu/TomatoHarvesting_NextBestView/nbv_code/ros2_ws2/install/my_robot_nbv', 'merge_install': False, 'path': '/home/jajayu/TomatoHarvesting_NextBestView/nbv_code/ros2_ws2/src/my_robot_nbv', 'symlink_install': False, 'test_result_base': None}
[1.009s] INFO:colcon.colcon_core.executor:Executing jobs using 'parallel' executor
[1.011s] DEBUG:colcon.colcon_parallel_executor.executor.parallel:run_until_complete
[1.011s] INFO:colcon.colcon_ros.task.ament_python.build:Building ROS package in '/home/jajayu/TomatoHarvesting_NextBestView/nbv_code/ros2_ws2/src/my_robot_nbv' with build type 'ament_python'
[1.011s] Level 1:colcon.colcon_core.shell:create_environment_hook('my_robot_nbv', 'ament_prefix_path')
[1.022s] INFO:colcon.colcon_core.plugin_system:Skipping extension 'colcon_core.shell.bat': Not used on non-Windows systems
[1.022s] INFO:colcon.colcon_core.shell:Creating environment hook '/home/jajayu/TomatoHarvesting_NextBestView/nbv_code/ros2_ws2/install/my_robot_nbv/share/my_robot_nbv/hook/ament_prefix_path.ps1'
[1.024s] INFO:colcon.colcon_core.shell:Creating environment descriptor '/home/jajayu/TomatoHarvesting_NextBestView/nbv_code/ros2_ws2/install/my_robot_nbv/share/my_robot_nbv/hook/ament_prefix_path.dsv'
[1.026s] INFO:colcon.colcon_core.shell:Creating environment hook '/home/jajayu/TomatoHarvesting_NextBestView/nbv_code/ros2_ws2/install/my_robot_nbv/share/my_robot_nbv/hook/ament_prefix_path.sh'
[1.027s] INFO:colcon.colcon_core.shell:Skip shell extension 'powershell' for command environment: Not usable outside of PowerShell
[1.027s] DEBUG:colcon.colcon_core.shell:Skip shell extension 'dsv' for command environment
[1.409s] INFO:colcon.colcon_core.task.python.build:Building Python package in '/home/jajayu/TomatoHarvesting_NextBestView/nbv_code/ros2_ws2/src/my_robot_nbv'
[1.409s] INFO:colcon.colcon_core.shell:Skip shell extension 'powershell' for command environment: Not usable outside of PowerShell
[1.409s] DEBUG:colcon.colcon_core.shell:Skip shell extension 'dsv' for command environment
[1.931s] DEBUG:colcon.colcon_core.event_handler.log_command:Invoking command in '/home/jajayu/TomatoHarvesting_NextBestView/nbv_code/ros2_ws2/src/my_robot_nbv': CMAKE_PREFIX_PATH=/home/jajayu/TomatoHarvesting_NextBestView/nbv_code/ros2_ws2/install/message_interfaces:/home/jajayu/TomatoHarvesting_NextBestView/nbv_code/ros2_ws2/install/realsense2_description:/home/jajayu/TomatoHarvesting_NextBestView/nbv_code/ros2_ws2/install/realsense2_camera:/home/jajayu/TomatoHarvesting_NextBestView/nbv_code/ros2_ws2/install/realsense2_camera_msgs:/home/jajayu/TomatoHarvesting_NextBestView/nbv_code/ros2_ws2/install/octomap_server2:/home/jajayu/TomatoHarvesting_NextBestView/nbv_code/ros2_ws2/install/my_robot_nbv_cmake:/home/jajayu/TomatoHarvesting_NextBestView/nbv_code/ros2_ws2/install/my_bot:/home/jajayu/ros2_ws/install/urdf_example:/home/jajayu/ros2_ws/install/perception_pcl:/home/jajayu/ros2_ws/install/pcl_ros:/home/jajayu/ros2_ws/install/octomap_server2:/home/jajayu/ros2_ws/install/pcl_conversions:/home/jajayu/ros2_ws/install/pcl_msgs:/home/jajayu/ros2_ws/install/my_robot_cam_cmake:/home/jajayu/ros2_ws/install/my_bot:/home/jajayu/ros2_ws/install/depthimage_to_pointcloud2 LD_LIBRARY_PATH=/home/jajayu/TomatoHarvesting_NextBestView/nbv_code/ros2_ws2/install/message_interfaces/lib:/home/jajayu/TomatoHarvesting_NextBestView/nbv_code/ros2_ws2/install/realsense2_camera/lib:/home/jajayu/TomatoHarvesting_NextBestView/nbv_code/ros2_ws2/install/realsense2_camera_msgs/lib:/home/jajayu/TomatoHarvesting_NextBestView/nbv_code/ros2_ws2/install/octomap_server2/lib:/home/jajayu/ros2_ws/install/pcl_ros/lib:/home/jajayu/ros2_ws/install/octomap_server2/lib:/home/jajayu/ros2_ws/install/pcl_msgs/lib:/usr/lib/x86_64-linux-gnu/gazebo-11/plugins:/opt/ros/humble/opt/rviz_ogre_vendor/lib:/opt/ros/humble/lib/x86_64-linux-gnu:/opt/ros/humble/lib PYTHONPATH=/home/jajayu/TomatoHarvesting_NextBestView/nbv_code/ros2_ws2/build/my_robot_nbv/prefix_override:/usr/lib/python3/dist-packages/colcon_core/task/python/colcon_distutils_commands:/home/jajayu/TomatoHarvesting_NextBestView/nbv_code/ros2_ws2/install/my_robot_nbv/lib/python3.10/site-packages:${PYTHONPATH} /usr/bin/python3 -W ignore:setup.py install is deprecated setup.py egg_info --egg-base ../../build/my_robot_nbv build --build-base /home/jajayu/TomatoHarvesting_NextBestView/nbv_code/ros2_ws2/build/my_robot_nbv/build install --record /home/jajayu/TomatoHarvesting_NextBestView/nbv_code/ros2_ws2/build/my_robot_nbv/install.log --single-version-externally-managed install_data
[2.369s] DEBUG:colcon.colcon_core.event_handler.log_command:Invoked command in '/home/jajayu/TomatoHarvesting_NextBestView/nbv_code/ros2_ws2/src/my_robot_nbv' returned '0': CMAKE_PREFIX_PATH=/home/jajayu/TomatoHarvesting_NextBestView/nbv_code/ros2_ws2/install/message_interfaces:/home/jajayu/TomatoHarvesting_NextBestView/nbv_code/ros2_ws2/install/realsense2_description:/home/jajayu/TomatoHarvesting_NextBestView/nbv_code/ros2_ws2/install/realsense2_camera:/home/jajayu/TomatoHarvesting_NextBestView/nbv_code/ros2_ws2/install/realsense2_camera_msgs:/home/jajayu/TomatoHarvesting_NextBestView/nbv_code/ros2_ws2/install/octomap_server2:/home/jajayu/TomatoHarvesting_NextBestView/nbv_code/ros2_ws2/install/my_robot_nbv_cmake:/home/jajayu/TomatoHarvesting_NextBestView/nbv_code/ros2_ws2/install/my_bot:/home/jajayu/ros2_ws/install/urdf_example:/home/jajayu/ros2_ws/install/perception_pcl:/home/jajayu/ros2_ws/install/pcl_ros:/home/jajayu/ros2_ws/install/octomap_server2:/home/jajayu/ros2_ws/install/pcl_conversions:/home/jajayu/ros2_ws/install/pcl_msgs:/home/jajayu/ros2_ws/install/my_robot_cam_cmake:/home/jajayu/ros2_ws/install/my_bot:/home/jajayu/ros2_ws/install/depthimage_to_pointcloud2 LD_LIBRARY_PATH=/home/jajayu/TomatoHarvesting_NextBestView/nbv_code/ros2_ws2/install/message_interfaces/lib:/home/jajayu/TomatoHarvesting_NextBestView/nbv_code/ros2_ws2/install/realsense2_camera/lib:/home/jajayu/TomatoHarvesting_NextBestView/nbv_code/ros2_ws2/install/realsense2_camera_msgs/lib:/home/jajayu/TomatoHarvesting_NextBestView/nbv_code/ros2_ws2/install/octomap_server2/lib:/home/jajayu/ros2_ws/install/pcl_ros/lib:/home/jajayu/ros2_ws/install/octomap_server2/lib:/home/jajayu/ros2_ws/install/pcl_msgs/lib:/usr/lib/x86_64-linux-gnu/gazebo-11/plugins:/opt/ros/humble/opt/rviz_ogre_vendor/lib:/opt/ros/humble/lib/x86_64-linux-gnu:/opt/ros/humble/lib PYTHONPATH=/home/jajayu/TomatoHarvesting_NextBestView/nbv_code/ros2_ws2/build/my_robot_nbv/prefix_override:/usr/lib/python3/dist-packages/colcon_core/task/python/colcon_distutils_commands:/home/jajayu/TomatoHarvesting_NextBestView/nbv_code/ros2_ws2/install/my_robot_nbv/lib/python3.10/site-packages:${PYTHONPATH} /usr/bin/python3 -W ignore:setup.py install is deprecated setup.py egg_info --egg-base ../../build/my_robot_nbv build --build-base /home/jajayu/TomatoHarvesting_NextBestView/nbv_code/ros2_ws2/build/my_robot_nbv/build install --record /home/jajayu/TomatoHarvesting_NextBestView/nbv_code/ros2_ws2/build/my_robot_nbv/install.log --single-version-externally-managed install_data
[2.379s] Level 1:colcon.colcon_core.environment:checking '/home/jajayu/TomatoHarvesting_NextBestView/nbv_code/ros2_ws2/install/my_robot_nbv' for CMake module files
[2.380s] Level 1:colcon.colcon_core.environment:checking '/home/jajayu/TomatoHarvesting_NextBestView/nbv_code/ros2_ws2/install/my_robot_nbv' for CMake config files
[2.382s] Level 1:colcon.colcon_core.environment:checking '/home/jajayu/TomatoHarvesting_NextBestView/nbv_code/ros2_ws2/install/my_robot_nbv/lib'
[2.383s] Level 1:colcon.colcon_core.environment:checking '/home/jajayu/TomatoHarvesting_NextBestView/nbv_code/ros2_ws2/install/my_robot_nbv/bin'
[2.383s] Level 1:colcon.colcon_core.environment:checking '/home/jajayu/TomatoHarvesting_NextBestView/nbv_code/ros2_ws2/install/my_robot_nbv/lib/pkgconfig/my_robot_nbv.pc'
[2.383s] Level 1:colcon.colcon_core.environment:checking '/home/jajayu/TomatoHarvesting_NextBestView/nbv_code/ros2_ws2/install/my_robot_nbv/lib/python3.10/site-packages'
[2.383s] Level 1:colcon.colcon_core.shell:create_environment_hook('my_robot_nbv', 'pythonpath')
[2.383s] INFO:colcon.colcon_core.shell:Creating environment hook '/home/jajayu/TomatoHarvesting_NextBestView/nbv_code/ros2_ws2/install/my_robot_nbv/share/my_robot_nbv/hook/pythonpath.ps1'
[2.384s] INFO:colcon.colcon_core.shell:Creating environment descriptor '/home/jajayu/TomatoHarvesting_NextBestView/nbv_code/ros2_ws2/install/my_robot_nbv/share/my_robot_nbv/hook/pythonpath.dsv'
[2.385s] INFO:colcon.colcon_core.shell:Creating environment hook '/home/jajayu/TomatoHarvesting_NextBestView/nbv_code/ros2_ws2/install/my_robot_nbv/share/my_robot_nbv/hook/pythonpath.sh'
[2.385s] Level 1:colcon.colcon_core.environment:checking '/home/jajayu/TomatoHarvesting_NextBestView/nbv_code/ros2_ws2/install/my_robot_nbv/bin'
[2.385s] Level 1:colcon.colcon_core.environment:create_environment_scripts_only(my_robot_nbv)
[2.386s] INFO:colcon.colcon_core.shell:Creating package script '/home/jajayu/TomatoHarvesting_NextBestView/nbv_code/ros2_ws2/install/my_robot_nbv/share/my_robot_nbv/package.ps1'
[2.387s] INFO:colcon.colcon_core.shell:Creating package descriptor '/home/jajayu/TomatoHarvesting_NextBestView/nbv_code/ros2_ws2/install/my_robot_nbv/share/my_robot_nbv/package.dsv'
[2.388s] INFO:colcon.colcon_core.shell:Creating package script '/home/jajayu/TomatoHarvesting_NextBestView/nbv_code/ros2_ws2/install/my_robot_nbv/share/my_robot_nbv/package.sh'
[2.389s] INFO:colcon.colcon_core.shell:Creating package script '/home/jajayu/TomatoHarvesting_NextBestView/nbv_code/ros2_ws2/install/my_robot_nbv/share/my_robot_nbv/package.bash'
[2.390s] INFO:colcon.colcon_core.shell:Creating package script '/home/jajayu/TomatoHarvesting_NextBestView/nbv_code/ros2_ws2/install/my_robot_nbv/share/my_robot_nbv/package.zsh'
[2.391s] Level 1:colcon.colcon_core.environment:create_file_with_runtime_dependencies(/home/jajayu/TomatoHarvesting_NextBestView/nbv_code/ros2_ws2/install/my_robot_nbv/share/colcon-core/packages/my_robot_nbv)
[2.392s] DEBUG:colcon.colcon_parallel_executor.executor.parallel:closing loop
[2.392s] DEBUG:colcon.colcon_parallel_executor.executor.parallel:loop closed
[2.392s] DEBUG:colcon.colcon_parallel_executor.executor.parallel:run_until_complete finished with '0'
[2.392s] DEBUG:colcon.colcon_core.event_reactor:joining thread
[2.415s] INFO:colcon.colcon_core.plugin_system:Skipping extension 'colcon_notification.desktop_notification.terminal_notifier': Not used on non-Darwin systems
[2.415s] INFO:colcon.colcon_core.plugin_system:Skipping extension 'colcon_notification.desktop_notification.win32': Not used on non-Windows systems
[2.415s] INFO:colcon.colcon_notification.desktop_notification:Sending desktop notification using 'notify2'
[2.439s] DEBUG:colcon.colcon_core.event_reactor:joined thread
[2.440s] INFO:colcon.colcon_core.shell:Creating prefix script '/home/jajayu/TomatoHarvesting_NextBestView/nbv_code/ros2_ws2/install/local_setup.ps1'
[2.442s] INFO:colcon.colcon_core.shell:Creating prefix util module '/home/jajayu/TomatoHarvesting_NextBestView/nbv_code/ros2_ws2/install/_local_setup_util_ps1.py'
[2.444s] INFO:colcon.colcon_core.shell:Creating prefix chain script '/home/jajayu/TomatoHarvesting_NextBestView/nbv_code/ros2_ws2/install/setup.ps1'
[2.446s] INFO:colcon.colcon_core.shell:Creating prefix script '/home/jajayu/TomatoHarvesting_NextBestView/nbv_code/ros2_ws2/install/local_setup.sh'
[2.447s] INFO:colcon.colcon_core.shell:Creating prefix util module '/home/jajayu/TomatoHarvesting_NextBestView/nbv_code/ros2_ws2/install/_local_setup_util_sh.py'
[2.448s] INFO:colcon.colcon_core.shell:Creating prefix chain script '/home/jajayu/TomatoHarvesting_NextBestView/nbv_code/ros2_ws2/install/setup.sh'
[2.450s] INFO:colcon.colcon_core.shell:Creating prefix script '/home/jajayu/TomatoHarvesting_NextBestView/nbv_code/ros2_ws2/install/local_setup.bash'
[2.452s] INFO:colcon.colcon_core.shell:Creating prefix chain script '/home/jajayu/TomatoHarvesting_NextBestView/nbv_code/ros2_ws2/install/setup.bash'
[2.454s] INFO:colcon.colcon_core.shell:Creating prefix script '/home/jajayu/TomatoHarvesting_NextBestView/nbv_code/ros2_ws2/install/local_setup.zsh'
[2.455s] INFO:colcon.colcon_core.shell:Creating prefix chain script '/home/jajayu/TomatoHarvesting_NextBestView/nbv_code/ros2_ws2/install/setup.zsh'
