running egg_info
writing ../../build/my_robot_cam/my_robot_cam.egg-info/PKG-INFO
writing dependency_links to ../../build/my_robot_cam/my_robot_cam.egg-info/dependency_links.txt
writing entry points to ../../build/my_robot_cam/my_robot_cam.egg-info/entry_points.txt
writing requirements to ../../build/my_robot_cam/my_robot_cam.egg-info/requires.txt
writing top-level names to ../../build/my_robot_cam/my_robot_cam.egg-info/top_level.txt
reading manifest file '../../build/my_robot_cam/my_robot_cam.egg-info/SOURCES.txt'
writing manifest file '../../build/my_robot_cam/my_robot_cam.egg-info/SOURCES.txt'
running build
running build_py
copying my_robot_cam/cam_cloudrate_transformer.py -> /home/jajayu/TomatoHarvesting_NextBestView/nbv_code/ros2_ws2/build/my_robot_cam/build/lib/my_robot_cam
running install
running install_lib
copying /home/jajayu/TomatoHarvesting_NextBestView/nbv_code/ros2_ws2/build/my_robot_cam/build/lib/my_robot_cam/cam_cloudrate_transformer.py -> /home/jajayu/TomatoHarvesting_NextBestView/nbv_code/ros2_ws2/install/my_robot_cam/lib/python3.10/site-packages/my_robot_cam
byte-compiling /home/jajayu/TomatoHarvesting_NextBestView/nbv_code/ros2_ws2/install/my_robot_cam/lib/python3.10/site-packages/my_robot_cam/cam_cloudrate_transformer.py to cam_cloudrate_transformer.cpython-310.pyc
running install_data
running install_egg_info
removing '/home/jajayu/TomatoHarvesting_NextBestView/nbv_code/ros2_ws2/install/my_robot_cam/lib/python3.10/site-packages/my_robot_cam-0.0.0-py3.10.egg-info' (and everything under it)
Copying ../../build/my_robot_cam/my_robot_cam.egg-info to /home/jajayu/TomatoHarvesting_NextBestView/nbv_code/ros2_ws2/install/my_robot_cam/lib/python3.10/site-packages/my_robot_cam-0.0.0-py3.10.egg-info
running install_scripts
Installing cam_cloudrate_transformer script to /home/jajayu/TomatoHarvesting_NextBestView/nbv_code/ros2_ws2/install/my_robot_cam/lib/my_robot_cam
Installing cam_point_cloud_publisher script to /home/jajayu/TomatoHarvesting_NextBestView/nbv_code/ros2_ws2/install/my_robot_cam/lib/my_robot_cam
writing list of installed files to '/home/jajayu/TomatoHarvesting_NextBestView/nbv_code/ros2_ws2/build/my_robot_cam/install.log'
