[0.013s] Invoking command in '/home/jajayu/TomatoHarvesting_NextBestView/nbv_code/ros2_ws2/build/my_robot_nbv_cmake': CMAKE_PREFIX_PATH=${CMAKE_PREFIX_PATH}:/home/jajayu/TomatoHarvesting_NextBestView/nbv_code/ros2_ws2/install/my_robot_nbv:/home/jajayu/TomatoHarvesting_NextBestView/nbv_code/ros2_ws2/install/my_robot_cam:/home/jajayu/ros2_ws/install/webots_ros2_tests:/home/jajayu/ros2_ws/install/webots_ros2:/home/jajayu/ros2_ws/install/pcd_demo:/home/jajayu/ros2_ws/install/my_robot_controller:/home/jajayu/ros2_ws/install/my_robot_cam:/home/jajayu/ros2_ws/install/gazebo_tutorial:/opt/ros/humble /home/jajayu/.local/bin/cmake --build /home/jajayu/TomatoHarvesting_NextBestView/nbv_code/ros2_ws2/build/my_robot_nbv_cmake -- -j8 -l8
[0.145s] [ 25%] Built target nbvc_lib_SdfModel
[0.145s] [ 50%] Built target SdfModelV3
[0.166s] [ 75%] Built target nbvc_ray_generationV3_beforeclean
[0.173s] [ 87%] [32mBuilding CXX object CMakeFiles/nbvc_ray_generation.dir/src/nbvc_ray_generation.cpp.o[0m
[7.006s] [01m[K/home/jajayu/TomatoHarvesting_NextBestView/nbv_code/ros2_ws2/src/my_robot_nbv_cmake/src/nbvc_ray_generation.cpp:[m[K In member function ‘[01m[Kvoid MyNode::octomap_callback(octomap_msgs::msg::Octomap_<std::allocator<void> >::SharedPtr)[m[K’:
[7.006s] [01m[K/home/jajayu/TomatoHarvesting_NextBestView/nbv_code/ros2_ws2/src/my_robot_nbv_cmake/src/nbvc_ray_generation.cpp:221:86:[m[K [01;31m[Kerror: [m[Kcannot convert ‘[01m[Koctomap::point3d[m[K’ {aka ‘[01m[Koctomath::Vector3[m[K’} to ‘[01m[Kstd::vector<octomath::Vector3>&[m[K’
[7.006s]   221 | (0,0,0), octomap::[01;31m[Kpoint3d(10,0,0)[m[K, 6, {1,0,0}, 0.5);
[7.006s]       |                   [01;31m[K^~~~~~~~~~~~~~~[m[K
[7.006s]       |                   [01;31m[K|[m[K
[7.006s]       |                   [01;31m[Koctomap::point3d {aka octomath::Vector3}[m[K
[7.007s] 
[7.007s] [01m[K/home/jajayu/TomatoHarvesting_NextBestView/nbv_code/ros2_ws2/src/my_robot_nbv_cmake/src/nbvc_ray_generation.cpp:460:100:[m[K [01;36m[Knote: [m[K  initializing argument 2 of ‘[01m[Kvoid MyNode::publish_any_ray_marker(const point3d&, std::vector<octomath::Vector3>&, int, const std::array<double, 3>&, double)[m[K’
[7.007s]   460 | [01;36m[Kctomap::point3d> &endPoints[m[K, int id=0,const std::array<double, 3> &marker_color={1,0,0}, const double x_scale=0.03) {
[7.007s]       | [01;36m[K~~~~~~~~~~~~~~~~~~^~~~~~~~~[m[K
[7.007s] 
[7.008s] [01m[K/home/jajayu/TomatoHarvesting_NextBestView/nbv_code/ros2_ws2/src/my_robot_nbv_cmake/src/nbvc_ray_generation.cpp:222:86:[m[K [01;31m[Kerror: [m[Kcannot convert ‘[01m[Koctomap::point3d[m[K’ {aka ‘[01m[Koctomath::Vector3[m[K’} to ‘[01m[Kstd::vector<octomath::Vector3>&[m[K’
[7.008s]   222 | (0,0,0), octomap::[01;31m[Kpoint3d(0,10,0)[m[K, 7, {1,1,0}, 0.5);
[7.008s]       |                   [01;31m[K^~~~~~~~~~~~~~~[m[K
[7.008s]       |                   [01;31m[K|[m[K
[7.008s]       |                   [01;31m[Koctomap::point3d {aka octomath::Vector3}[m[K
[7.008s] 
[7.008s] [01m[K/home/jajayu/TomatoHarvesting_NextBestView/nbv_code/ros2_ws2/src/my_robot_nbv_cmake/src/nbvc_ray_generation.cpp:460:100:[m[K [01;36m[Knote: [m[K  initializing argument 2 of ‘[01m[Kvoid MyNode::publish_any_ray_marker(const point3d&, std::vector<octomath::Vector3>&, int, const std::array<double, 3>&, double)[m[K’
[7.008s]   460 | [01;36m[Kctomap::point3d> &endPoints[m[K, int id=0,const std::array<double, 3> &marker_color={1,0,0}, const double x_scale=0.03) {
[7.008s]       | [01;36m[K~~~~~~~~~~~~~~~~~~^~~~~~~~~[m[K
[7.009s] 
[7.009s] [01m[K/home/jajayu/TomatoHarvesting_NextBestView/nbv_code/ros2_ws2/src/my_robot_nbv_cmake/src/nbvc_ray_generation.cpp:223:86:[m[K [01;31m[Kerror: [m[Kcannot convert ‘[01m[Koctomap::point3d[m[K’ {aka ‘[01m[Koctomath::Vector3[m[K’} to ‘[01m[Kstd::vector<octomath::Vector3>&[m[K’
[7.009s]   223 | (0,0,0), octomap::[01;31m[Kpoint3d(0,0,10)[m[K, 8, {0,0,0.5}, 0.5);
[7.009s]       |                   [01;31m[K^~~~~~~~~~~~~~~[m[K
[7.009s]       |                   [01;31m[K|[m[K
[7.009s]       |                   [01;31m[Koctomap::point3d {aka octomath::Vector3}[m[K
[7.009s] 
[7.009s] [01m[K/home/jajayu/TomatoHarvesting_NextBestView/nbv_code/ros2_ws2/src/my_robot_nbv_cmake/src/nbvc_ray_generation.cpp:460:100:[m[K [01;36m[Knote: [m[K  initializing argument 2 of ‘[01m[Kvoid MyNode::publish_any_ray_marker(const point3d&, std::vector<octomath::Vector3>&, int, const std::array<double, 3>&, double)[m[K’
[7.009s]   460 | [01;36m[Kctomap::point3d> &endPoints[m[K, int id=0,const std::array<double, 3> &marker_color={1,0,0}, const double x_scale=0.03) {
[7.009s]       | [01;36m[K~~~~~~~~~~~~~~~~~~^~~~~~~~~[m[K
[7.009s] 
[13.269s] gmake[2]: *** [CMakeFiles/nbvc_ray_generation.dir/build.make:76: CMakeFiles/nbvc_ray_generation.dir/src/nbvc_ray_generation.cpp.o] Error 1
[13.270s] gmake[1]: *** [CMakeFiles/Makefile2:143: CMakeFiles/nbvc_ray_generation.dir/all] Error 2
[13.270s] gmake: *** [Makefile:146: all] Error 2
[13.303s] Invoked command in '/home/jajayu/TomatoHarvesting_NextBestView/nbv_code/ros2_ws2/build/my_robot_nbv_cmake' returned '2': CMAKE_PREFIX_PATH=${CMAKE_PREFIX_PATH}:/home/jajayu/TomatoHarvesting_NextBestView/nbv_code/ros2_ws2/install/my_robot_nbv:/home/jajayu/TomatoHarvesting_NextBestView/nbv_code/ros2_ws2/install/my_robot_cam:/home/jajayu/ros2_ws/install/webots_ros2_tests:/home/jajayu/ros2_ws/install/webots_ros2:/home/jajayu/ros2_ws/install/pcd_demo:/home/jajayu/ros2_ws/install/my_robot_controller:/home/jajayu/ros2_ws/install/my_robot_cam:/home/jajayu/ros2_ws/install/gazebo_tutorial:/opt/ros/humble /home/jajayu/.local/bin/cmake --build /home/jajayu/TomatoHarvesting_NextBestView/nbv_code/ros2_ws2/build/my_robot_nbv_cmake -- -j8 -l8
