-- Found ament_cmake: 1.3.9 (/opt/ros/humble/share/ament_cmake/cmake)
-- Found rclcpp: 16.0.9 (/opt/ros/humble/share/rclcpp/cmake)
-- Found rosidl_generator_c: 3.1.5 (/opt/ros/humble/share/rosidl_generator_c/cmake)
-- Found rosidl_adapter: 3.1.5 (/opt/ros/humble/share/rosidl_adapter/cmake)
-- Found rosidl_generator_cpp: 3.1.5 (/opt/ros/humble/share/rosidl_generator_cpp/cmake)
-- Using all available rosidl_typesupport_c: rosidl_typesupport_fastrtps_c;rosidl_typesupport_introspection_c
-- Using all available rosidl_typesupport_cpp: rosidl_typesupport_fastrtps_cpp;rosidl_typesupport_introspection_cpp
-- Found rmw_implementation_cmake: 6.1.2 (/opt/ros/humble/share/rmw_implementation_cmake/cmake)
-- Found rmw_fastrtps_cpp: 6.2.6 (/opt/ros/humble/share/rmw_fastrtps_cpp/cmake)
-- Using RMW implementation 'rmw_fastrtps_cpp' as default
-- Found sensor_msgs: 4.2.4 (/opt/ros/humble/share/sensor_msgs/cmake)
-- Found octomap_msgs: 2.0.0 (/opt/ros/humble/share/octomap_msgs/cmake)
-- Found visualization_msgs: 4.2.4 (/opt/ros/humble/share/visualization_msgs/cmake)
[0mCMake Deprecation Warning at /home/jajayu/open3d_install/lib/cmake/Open3D/Open3DConfig.cmake:18 (cmake_policy):
  The OLD behavior for policy CMP0072 will be removed from a future version
  of CMake.

  The cmake-policies(7) manual explains that the OLD behaviors of all
  policies are deprecated and that a policy should be set to OLD only under
  specific short-term circumstances.  Projects should be ported to the NEW
  behavior and not rely on setting a policy to OLD.
Call Stack (most recent call first):
  CMakeLists.txt:43 (find_package)

[0m
-- Found Open3D libraries: Open3D::Open3D;Open3D::Open3D
-- Found ament_lint_auto: 0.12.11 (/opt/ros/humble/share/ament_lint_auto/cmake)
-- Added test 'cppcheck' to perform static code analysis on C / C++ code
-- Configured cppcheck include dirs: /home/jajayu/TomatoHarvesting_NextBestView/nbv_code/ros2_ws2/src/my_robot_nbv_cmake/include
-- Configured cppcheck exclude dirs and/or files: 
-- Added test 'lint_cmake' to check CMake code style
-- Added test 'uncrustify' to check C / C++ code style
-- Configured uncrustify additional arguments: 
-- Added test 'xmllint' to check XML markup files
-- Configuring done (1.4s)
-- Generating done (0.0s)
-- Build files have been written to: /home/jajayu/TomatoHarvesting_NextBestView/nbv_code/ros2_ws2/build/my_robot_nbv_cmake
[ 50%] Built target nbvc_lib_SdfModel
[ 50%] Built target SdfModelV3
[ 75%] Built target nbvc_ray_generationV3_beforeclean
[ 87%] [32mBuilding CXX object CMakeFiles/nbvc_ray_generation.dir/src/nbvc_ray_generation.cpp.o[0m
In file included from [01m[K/home/jajayu/TomatoHarvesting_NextBestView/nbv_code/ros2_ws2/src/my_robot_nbv_cmake/src/nbvc_ray_generation.cpp:36[m[K:
[01m[K/home/jajayu/TomatoHarvesting_NextBestView/nbv_code/ros2_ws2/src/my_robot_nbv_cmake/include/my_robot_nbv_cmake/open3d_conversions.h:42:66:[m[K [01;31m[Kerror: [m[K‘[01m[Ksensor_msgs::PointCloud2[m[K’ has not been declared
   42 | pen3dToRos(const open3d::geometry::PointCloud& pointcloud, [01;31m[Ksensor_msgs[m[K::PointCloud2& ros_pc2,
      |                                                            [01;31m[K^~~~~~~~~~~[m[K

[01m[K/home/jajayu/TomatoHarvesting_NextBestView/nbv_code/ros2_ws2/src/my_robot_nbv_cmake/include/my_robot_nbv_cmake/open3d_conversions.h:53:37:[m[K [01;31m[Kerror: [m[K‘[01m[KPointCloud2ConstPtr[m[K’ in namespace ‘[01m[Ksensor_msgs[m[K’ does not name a type; did you mean ‘[01m[KPointCloud2Modifier[m[K’?
   53 | void rosToOpen3d(const sensor_msgs::[01;31m[KPointCloud2ConstPtr[m[K& ros_pc2, open3d::geometry::PointCloud& o3d_pc,
      |                                     [01;31m[K^~~~~~~~~~~~~~~~~~~[m[K
      |                                     [32m[KPointCloud2Modifier[m[K
[01m[K/home/jajayu/TomatoHarvesting_NextBestView/nbv_code/ros2_ws2/src/my_robot_nbv_cmake/include/my_robot_nbv_cmake/open3d_conversions.h:64:69:[m[K [01;31m[Kerror: [m[K‘[01m[Ksensor_msgs::PointCloud2[m[K’ has not been declared
   64 | 3dToRos(const open3d::t::geometry::PointCloud& pointcloud, [01;31m[Ksensor_msgs[m[K::PointCloud2& ros_pc2,
      |                                                            [01;31m[K^~~~~~~~~~~[m[K

[01m[K/home/jajayu/TomatoHarvesting_NextBestView/nbv_code/ros2_ws2/src/my_robot_nbv_cmake/include/my_robot_nbv_cmake/open3d_conversions.h:74:37:[m[K [01;31m[Kerror: [m[K‘[01m[KPointCloud2ConstPtr[m[K’ in namespace ‘[01m[Ksensor_msgs[m[K’ does not name a type; did you mean ‘[01m[KPointCloud2Modifier[m[K’?
   74 | void rosToOpen3d(const sensor_msgs::[01;31m[KPointCloud2ConstPtr[m[K& ros_pc2, open3d::t::geometry::PointCloud& o3d_pc,
      |                                     [01;31m[K^~~~~~~~~~~~~~~~~~~[m[K
      |                                     [32m[KPointCloud2Modifier[m[K
gmake[2]: *** [CMakeFiles/nbvc_ray_generation.dir/build.make:76: CMakeFiles/nbvc_ray_generation.dir/src/nbvc_ray_generation.cpp.o] Error 1
gmake[1]: *** [CMakeFiles/Makefile2:143: CMakeFiles/nbvc_ray_generation.dir/all] Error 2
gmake: *** [Makefile:146: all] Error 2
