[0.008s] Invoking command in '/home/jajayu/TomatoHarvesting_NextBestView/nbv_code/ros2_ws2/build/my_robot_nbv_cmake': CMAKE_PREFIX_PATH=${CMAKE_PREFIX_PATH}:/home/jajayu/TomatoHarvesting_NextBestView/nbv_code/ros2_ws2/install/my_robot_nbv:/home/jajayu/TomatoHarvesting_NextBestView/nbv_code/ros2_ws2/install/my_robot_cam:/home/jajayu/ros2_ws/install/webots_ros2_tests:/home/jajayu/ros2_ws/install/webots_ros2:/home/jajayu/ros2_ws/install/pcd_demo:/home/jajayu/ros2_ws/install/my_robot_controller:/home/jajayu/ros2_ws/install/my_robot_cam:/home/jajayu/ros2_ws/install/gazebo_tutorial:/opt/ros/humble /home/jajayu/.local/bin/cmake --build /home/jajayu/TomatoHarvesting_NextBestView/nbv_code/ros2_ws2/build/my_robot_nbv_cmake -- -j8 -l8
[0.148s] [ 25%] Built target nbvc_lib_SdfModel
[0.173s] [ 50%] Built target SdfModelV3
[0.199s] [ 75%] Built target nbvc_ray_generationV3_beforeclean
[0.223s] [ 87%] [32mBuilding CXX object CMakeFiles/nbvc_ray_generation.dir/src/nbvc_ray_generation.cpp.o[0m
[7.285s] [01m[K/home/jajayu/TomatoHarvesting_NextBestView/nbv_code/ros2_ws2/src/my_robot_nbv_cmake/src/nbvc_ray_generation.cpp:[m[K In member function ‘[01m[Kvoid MyNode::octomap_callback(octomap_msgs::msg::Octomap_<std::allocator<void> >::SharedPtr)[m[K’:
[7.285s] [01m[K/home/jajayu/TomatoHarvesting_NextBestView/nbv_code/ros2_ws2/src/my_robot_nbv_cmake/src/nbvc_ray_generation.cpp:129:100:[m[K [01;31m[Kerror: [m[Kcannot convert ‘[01m[Kstd::vector<float>[m[K’ to ‘[01m[Kconst std::vector<Eigen::Matrix<float, 3, 1> >&[m[K’
[7.285s]   129 | loat> modelCenter = convertEigenToOctomap([01;31m[KModelScene.GetModelCenter()[m[K);
[7.285s]       |                                           [01;31m[K~~~~~~~~~~~~~~~~~~~~~~~~~^~[m[K
[7.285s]       |                                                                    [01;31m[K|[m[K
[7.285s]       |                                                                    [01;31m[Kstd::vector<float>[m[K
[7.285s] 
[7.285s] [01m[K/home/jajayu/TomatoHarvesting_NextBestView/nbv_code/ros2_ws2/src/my_robot_nbv_cmake/src/nbvc_ray_generation.cpp:275:109:[m[K [01;36m[Knote: [m[K  initializing argument 1 of ‘[01m[Kstd::vector<octomath::Vector3> MyNode::convertEigenToOctomap(const std::vector<Eigen::Matrix<float, 3, 1> >&)[m[K’
[7.285s]   275 | genToOctomap([01;36m[Kconst std::vector<Eigen::Matrix<float, 3, 1>>& eigen_points[m[K) {
[7.285s]       |              [01;36m[K~~~~~~~~~~~~~~~~~~~~~~~~~~~~~~~~~~~~~~~~~~~~~~~^~~~~~~~~~~~[m[K
[7.285s] 
[7.285s] [01m[K/home/jajayu/TomatoHarvesting_NextBestView/nbv_code/ros2_ws2/src/my_robot_nbv_cmake/src/nbvc_ray_generation.cpp:131:25:[m[K [01;31m[Kerror: [m[Kexpected ‘[01m[K,[m[K’ or ‘[01m[K;[m[K’ before ‘[01m[Kstd[m[K’
[7.285s]   131 |                         [01;31m[Kstd[m[K::vector<octomap::point3d> origins = RandomPoint(modelCenterOctomap_pcd , 5, 2); //中心座標, 點數, 長度
[7.285s]       |                         [01;31m[K^~~[m[K
[7.307s] [01m[K/home/jajayu/TomatoHarvesting_NextBestView/nbv_code/ros2_ws2/src/my_robot_nbv_cmake/src/nbvc_ray_generation.cpp:132:51:[m[K [01;31m[Kerror: [m[K‘[01m[Korigins[m[K’ was not declared in this scope; did you mean ‘[01m[Korigin[m[K’?
[7.308s]   132 |                         for (const auto& origin : [01;31m[Korigins[m[K) {
[7.308s]       |                                                   [01;31m[K^~~~~~~[m[K
[7.308s]       |                                                   [32m[Korigin[m[K
[13.677s] gmake[2]: *** [CMakeFiles/nbvc_ray_generation.dir/build.make:76: CMakeFiles/nbvc_ray_generation.dir/src/nbvc_ray_generation.cpp.o] Error 1
[13.678s] gmake[1]: *** [CMakeFiles/Makefile2:143: CMakeFiles/nbvc_ray_generation.dir/all] Error 2
[13.678s] gmake: *** [Makefile:146: all] Error 2
[13.702s] Invoked command in '/home/jajayu/TomatoHarvesting_NextBestView/nbv_code/ros2_ws2/build/my_robot_nbv_cmake' returned '2': CMAKE_PREFIX_PATH=${CMAKE_PREFIX_PATH}:/home/jajayu/TomatoHarvesting_NextBestView/nbv_code/ros2_ws2/install/my_robot_nbv:/home/jajayu/TomatoHarvesting_NextBestView/nbv_code/ros2_ws2/install/my_robot_cam:/home/jajayu/ros2_ws/install/webots_ros2_tests:/home/jajayu/ros2_ws/install/webots_ros2:/home/jajayu/ros2_ws/install/pcd_demo:/home/jajayu/ros2_ws/install/my_robot_controller:/home/jajayu/ros2_ws/install/my_robot_cam:/home/jajayu/ros2_ws/install/gazebo_tutorial:/opt/ros/humble /home/jajayu/.local/bin/cmake --build /home/jajayu/TomatoHarvesting_NextBestView/nbv_code/ros2_ws2/build/my_robot_nbv_cmake -- -j8 -l8
