[0.018s] Invoking command in '/home/jajayu/TomatoHarvesting_NextBestView/nbv_code/ros2_ws2/build/my_robot_nbv_cmake': CMAKE_PREFIX_PATH=${CMAKE_PREFIX_PATH}:/home/jajayu/TomatoHarvesting_NextBestView/nbv_code/ros2_ws2/install/my_robot_nbv:/home/jajayu/TomatoHarvesting_NextBestView/nbv_code/ros2_ws2/install/my_robot_cam:/home/jajayu/ros2_ws/install/webots_ros2_tests:/home/jajayu/ros2_ws/install/webots_ros2:/home/jajayu/ros2_ws/install/pcd_demo:/home/jajayu/ros2_ws/install/my_robot_controller:/home/jajayu/ros2_ws/install/my_robot_cam:/home/jajayu/ros2_ws/install/gazebo_tutorial:/opt/ros/humble /home/jajayu/.local/bin/cmake --build /home/jajayu/TomatoHarvesting_NextBestView/nbv_code/ros2_ws2/build/my_robot_nbv_cmake -- -j8 -l8
[0.158s] [ 25%] Built target nbvc_lib_SdfModel
[0.158s] [ 50%] Built target SdfModelV3
[0.179s] [ 75%] Built target nbvc_ray_generationV3_beforeclean
[0.183s] [ 87%] [32mBuilding CXX object CMakeFiles/nbvc_ray_generation.dir/src/nbvc_ray_generation.cpp.o[0m
[7.722s] [01m[K/home/jajayu/TomatoHarvesting_NextBestView/nbv_code/ros2_ws2/src/my_robot_nbv_cmake/src/nbvc_ray_generation.cpp:[m[K In member function ‘[01m[Kvoid MyNode::octomap_callback(octomap_msgs::msg::Octomap_<std::allocator<void> >::SharedPtr)[m[K’:
[7.722s] [01m[K/home/jajayu/TomatoHarvesting_NextBestView/nbv_code/ros2_ws2/src/my_robot_nbv_cmake/src/nbvc_ray_generation.cpp:119:66:[m[K [01;31m[Kerror: [m[Kno matching function for call to ‘[01m[KSdfModel::SdfModel(open3d::geometry::PointCloud&, float, int)[m[K’
[7.722s]   119 |                SdfModel ModelScene(open3d_cloud_, 0.2f, 5000[01;31m[K)[m[K; //這個pcd是要從另一個topic讀過來
[7.722s]       |                                                             [01;31m[K^[m[K
[7.722s] 
[7.722s] In file included from [01m[K/home/jajayu/TomatoHarvesting_NextBestView/nbv_code/ros2_ws2/src/my_robot_nbv_cmake/src/nbvc_ray_generation.cpp:27[m[K:
[7.722s] [01m[K/home/jajayu/TomatoHarvesting_NextBestView/nbv_code/ros2_ws2/src/my_robot_nbv_cmake/include/my_robot_nbv_cmake/SdfModel.h:21:5:[m[K [01;36m[Knote: [m[Kcandidate: ‘[01m[KSdfModel::SdfModel(std::shared_ptr<open3d::geometry::PointCloud>, float, int)[m[K’
[7.722s]    21 |     [01;36m[KSdfModel[m[K(std::shared_ptr<open3d::geometry::PointCloud> pcd, float radius, int num_points);
[7.722s]       |     [01;36m[K^~~~~~~~[m[K
[7.723s] [01m[K/home/jajayu/TomatoHarvesting_NextBestView/nbv_code/ros2_ws2/src/my_robot_nbv_cmake/include/my_robot_nbv_cmake/SdfModel.h:21:60:[m[K [01;36m[Knote: [m[K  no known conversion for argument 1 from ‘[01m[Kopen3d::geometry::PointCloud[m[K’ to ‘[01m[Kstd::shared_ptr<open3d::geometry::PointCloud>[m[K’
[7.723s]    21 |     SdfModel([01;36m[Kstd::shared_ptr<open3d::geometry::PointCloud> pcd[m[K, float radius, int num_points);
[7.723s]       |              [01;36m[K~~~~~~~~~~~~~~~~~~~~~~~~~~~~~~~~~~~~~~~~~~~~~~^~~[m[K
[14.740s] gmake[2]: *** [CMakeFiles/nbvc_ray_generation.dir/build.make:76: CMakeFiles/nbvc_ray_generation.dir/src/nbvc_ray_generation.cpp.o] Error 1
[14.740s] gmake[1]: *** [CMakeFiles/Makefile2:143: CMakeFiles/nbvc_ray_generation.dir/all] Error 2
[14.740s] gmake: *** [Makefile:146: all] Error 2
[14.754s] Invoked command in '/home/jajayu/TomatoHarvesting_NextBestView/nbv_code/ros2_ws2/build/my_robot_nbv_cmake' returned '2': CMAKE_PREFIX_PATH=${CMAKE_PREFIX_PATH}:/home/jajayu/TomatoHarvesting_NextBestView/nbv_code/ros2_ws2/install/my_robot_nbv:/home/jajayu/TomatoHarvesting_NextBestView/nbv_code/ros2_ws2/install/my_robot_cam:/home/jajayu/ros2_ws/install/webots_ros2_tests:/home/jajayu/ros2_ws/install/webots_ros2:/home/jajayu/ros2_ws/install/pcd_demo:/home/jajayu/ros2_ws/install/my_robot_controller:/home/jajayu/ros2_ws/install/my_robot_cam:/home/jajayu/ros2_ws/install/gazebo_tutorial:/opt/ros/humble /home/jajayu/.local/bin/cmake --build /home/jajayu/TomatoHarvesting_NextBestView/nbv_code/ros2_ws2/build/my_robot_nbv_cmake -- -j8 -l8
