[0.011s] Invoking command in '/home/jajayu/TomatoHarvesting_NextBestView/nbv_code/ros2_ws2/build/my_robot_nbv_cmake': CMAKE_PREFIX_PATH=${CMAKE_PREFIX_PATH}:/home/jajayu/TomatoHarvesting_NextBestView/nbv_code/ros2_ws2/install/my_robot_nbv:/home/jajayu/TomatoHarvesting_NextBestView/nbv_code/ros2_ws2/install/my_robot_cam:/home/jajayu/ros2_ws/install/webots_ros2_tests:/home/jajayu/ros2_ws/install/webots_ros2:/home/jajayu/ros2_ws/install/pcd_demo:/home/jajayu/ros2_ws/install/my_robot_controller:/home/jajayu/ros2_ws/install/my_robot_cam:/home/jajayu/ros2_ws/install/gazebo_tutorial:/opt/ros/humble /home/jajayu/.local/bin/cmake --build /home/jajayu/TomatoHarvesting_NextBestView/nbv_code/ros2_ws2/build/my_robot_nbv_cmake -- -j8 -l8
[0.149s] [35m[1mConsolidate compiler generated dependencies of target SdfModel[0m
[0.165s] [ 50%] Built target nbvc_ray_generation
[0.170s] [ 75%] [32mBuilding CXX object CMakeFiles/SdfModel.dir/src/SdfModel.cpp.o[0m
[6.154s] [01m[K/home/jajayu/TomatoHarvesting_NextBestView/nbv_code/ros2_ws2/src/my_robot_nbv_cmake/src/SdfModel.cpp:[m[K In member function ‘[01m[Kvoid MeshProcessor::LoadMesh()[m[K’:
[6.155s] [01m[K/home/jajayu/TomatoHarvesting_NextBestView/nbv_code/ros2_ws2/src/my_robot_nbv_cmake/src/SdfModel.cpp:43:57:[m[K [01;31m[Kerror: [m[Kno matching function for call to ‘[01m[Kopen3d::t::geometry::TriangleMesh::TriangleMesh(std::shared_ptr<open3d::geometry::TriangleMesh>&)[m[K’
[6.155s]    43 |         mesh_ = open3d::t::geometry::TriangleMesh(mesh0_[01;31m[K)[m[K;
[6.155s]       |                                                         [01;31m[K^[m[K
[6.155s] In file included from [01m[K/home/jajayu/open3d_install/include/open3d/t/geometry/PointCloud.h:24[m[K,
[6.155s]                  from [01m[K/home/jajayu/open3d_install/include/open3d/Open3D.h:70[m[K,
[6.155s]                  from [01m[K/home/jajayu/TomatoHarvesting_NextBestView/nbv_code/ros2_ws2/src/my_robot_nbv_cmake/src/SdfModel.cpp:1[m[K:
[6.155s] [01m[K/home/jajayu/open3d_install/include/open3d/t/geometry/TriangleMesh.h:109:5:[m[K [01;36m[Knote: [m[Kcandidate: ‘[01m[Kopen3d::t::geometry::TriangleMesh::TriangleMesh(const open3d::core::Tensor&, const open3d::core::Tensor&)[m[K’
[6.155s]   109 |     [01;36m[KTriangleMesh[m[K(const core::Tensor &vertex_positions,
[6.155s]       |     [01;36m[K^~~~~~~~~~~~[m[K
[6.155s] [01m[K/home/jajayu/open3d_install/include/open3d/t/geometry/TriangleMesh.h:109:5:[m[K [01;36m[Knote: [m[K  candidate expects 2 arguments, 1 provided
[6.156s] [01m[K/home/jajayu/open3d_install/include/open3d/t/geometry/TriangleMesh.h:99:5:[m[K [01;36m[Knote: [m[Kcandidate: ‘[01m[Kopen3d::t::geometry::TriangleMesh::TriangleMesh(const open3d::core::Device&)[m[K’
[6.156s]    99 |     [01;36m[KTriangleMesh[m[K(const core::Device &device = core::Device("CPU:0"));
[6.156s]       |     [01;36m[K^~~~~~~~~~~~[m[K
[6.156s] [01m[K/home/jajayu/open3d_install/include/open3d/t/geometry/TriangleMesh.h:99:38:[m[K [01;36m[Knote: [m[K  no known conversion for argument 1 from ‘[01m[Kstd::shared_ptr<open3d::geometry::TriangleMesh>[m[K’ to ‘[01m[Kconst open3d::core::Device&[m[K’
[6.156s]    99 |     TriangleMesh([01;36m[Kconst core::Device &device = core::Device("CPU:0")[m[K);
[6.156s]       |                  [01;36m[K~~~~~~~~~~~~~~~~~~~~^~~~~~~~~~~~~~~~~~~~~~~~~~~~~~[m[K
[6.156s] [01m[K/home/jajayu/open3d_install/include/open3d/t/geometry/TriangleMesh.h:94:7:[m[K [01;36m[Knote: [m[Kcandidate: ‘[01m[Kopen3d::t::geometry::TriangleMesh::TriangleMesh(const open3d::t::geometry::TriangleMesh&)[m[K’
[6.156s]    94 | class [01;36m[KTriangleMesh[m[K : public Geometry, public DrawableGeometry {
[6.156s]       |       [01;36m[K^~~~~~~~~~~~[m[K
[6.156s] [01m[K/home/jajayu/open3d_install/include/open3d/t/geometry/TriangleMesh.h:94:7:[m[K [01;36m[Knote: [m[K  no known conversion for argument 1 from ‘[01m[Kstd::shared_ptr<open3d::geometry::TriangleMesh>[m[K’ to ‘[01m[Kconst open3d::t::geometry::TriangleMesh&[m[K’
[7.896s] gmake[2]: *** [CMakeFiles/SdfModel.dir/build.make:76: CMakeFiles/SdfModel.dir/src/SdfModel.cpp.o] Error 1
[7.897s] gmake[1]: *** [CMakeFiles/Makefile2:165: CMakeFiles/SdfModel.dir/all] Error 2
[7.897s] gmake: *** [Makefile:146: all] Error 2
[7.912s] Invoked command in '/home/jajayu/TomatoHarvesting_NextBestView/nbv_code/ros2_ws2/build/my_robot_nbv_cmake' returned '2': CMAKE_PREFIX_PATH=${CMAKE_PREFIX_PATH}:/home/jajayu/TomatoHarvesting_NextBestView/nbv_code/ros2_ws2/install/my_robot_nbv:/home/jajayu/TomatoHarvesting_NextBestView/nbv_code/ros2_ws2/install/my_robot_cam:/home/jajayu/ros2_ws/install/webots_ros2_tests:/home/jajayu/ros2_ws/install/webots_ros2:/home/jajayu/ros2_ws/install/pcd_demo:/home/jajayu/ros2_ws/install/my_robot_controller:/home/jajayu/ros2_ws/install/my_robot_cam:/home/jajayu/ros2_ws/install/gazebo_tutorial:/opt/ros/humble /home/jajayu/.local/bin/cmake --build /home/jajayu/TomatoHarvesting_NextBestView/nbv_code/ros2_ws2/build/my_robot_nbv_cmake -- -j8 -l8
