[6.095s] Invoking command in '/home/jajayu/TomatoHarvesting_NextBestView/nbv_code/ros2_ws2/src/my_robot_cam': PYTHONPATH=/home/jajayu/TomatoHarvesting_NextBestView/nbv_code/ros2_ws2/build/my_robot_cam/prefix_override:/usr/lib/python3/dist-packages/colcon_core/task/python/colcon_distutils_commands:/home/jajayu/TomatoHarvesting_NextBestView/nbv_code/ros2_ws2/install/my_robot_cam/lib/python3.10/site-packages:${PYTHONPATH} /usr/bin/python3 -W ignore:setup.py install is deprecated setup.py egg_info --egg-base ../../build/my_robot_cam build --build-base /home/jajayu/TomatoHarvesting_NextBestView/nbv_code/ros2_ws2/build/my_robot_cam/build install --record /home/jajayu/TomatoHarvesting_NextBestView/nbv_code/ros2_ws2/build/my_robot_cam/install.log --single-version-externally-managed install_data
[8.460s] running egg_info
[8.483s] writing ../../build/my_robot_cam/my_robot_cam.egg-info/PKG-INFO
[8.483s] writing dependency_links to ../../build/my_robot_cam/my_robot_cam.egg-info/dependency_links.txt
[8.483s] writing entry points to ../../build/my_robot_cam/my_robot_cam.egg-info/entry_points.txt
[8.483s] writing requirements to ../../build/my_robot_cam/my_robot_cam.egg-info/requires.txt
[8.490s] writing top-level names to ../../build/my_robot_cam/my_robot_cam.egg-info/top_level.txt
[8.513s] reading manifest file '../../build/my_robot_cam/my_robot_cam.egg-info/SOURCES.txt'
[8.513s] writing manifest file '../../build/my_robot_cam/my_robot_cam.egg-info/SOURCES.txt'
[8.513s] running build
[8.513s] running build_py
[8.519s] running install
[8.519s] running install_lib
[8.541s] running install_data
[8.541s] running install_egg_info
[8.563s] removing '/home/jajayu/TomatoHarvesting_NextBestView/nbv_code/ros2_ws2/install/my_robot_cam/lib/python3.10/site-packages/my_robot_cam-0.0.0-py3.10.egg-info' (and everything under it)
[8.570s] Copying ../../build/my_robot_cam/my_robot_cam.egg-info to /home/jajayu/TomatoHarvesting_NextBestView/nbv_code/ros2_ws2/install/my_robot_cam/lib/python3.10/site-packages/my_robot_cam-0.0.0-py3.10.egg-info
[8.577s] running install_scripts
[8.777s] Installing cam_cloudrate_transformer script to /home/jajayu/TomatoHarvesting_NextBestView/nbv_code/ros2_ws2/install/my_robot_cam/lib/my_robot_cam
[8.784s] Installing cam_point_cloud_publisher script to /home/jajayu/TomatoHarvesting_NextBestView/nbv_code/ros2_ws2/install/my_robot_cam/lib/my_robot_cam
[8.784s] Installing cam_tf_broadcaster script to /home/jajayu/TomatoHarvesting_NextBestView/nbv_code/ros2_ws2/install/my_robot_cam/lib/my_robot_cam
[8.784s] writing list of installed files to '/home/jajayu/TomatoHarvesting_NextBestView/nbv_code/ros2_ws2/build/my_robot_cam/install.log'
[8.929s] Invoked command in '/home/jajayu/TomatoHarvesting_NextBestView/nbv_code/ros2_ws2/src/my_robot_cam' returned '0': PYTHONPATH=/home/jajayu/TomatoHarvesting_NextBestView/nbv_code/ros2_ws2/build/my_robot_cam/prefix_override:/usr/lib/python3/dist-packages/colcon_core/task/python/colcon_distutils_commands:/home/jajayu/TomatoHarvesting_NextBestView/nbv_code/ros2_ws2/install/my_robot_cam/lib/python3.10/site-packages:${PYTHONPATH} /usr/bin/python3 -W ignore:setup.py install is deprecated setup.py egg_info --egg-base ../../build/my_robot_cam build --build-base /home/jajayu/TomatoHarvesting_NextBestView/nbv_code/ros2_ws2/build/my_robot_cam/build install --record /home/jajayu/TomatoHarvesting_NextBestView/nbv_code/ros2_ws2/build/my_robot_cam/install.log --single-version-externally-managed install_data
