In file included from [01m[K/usr/include/c++/11/vector:67[m[K,
                 from [01m[K/usr/include/c++/11/functional:62[m[K,
                 from [01m[K/usr/include/c++/11/pstl/glue_algorithm_defs.h:13[m[K,
                 from [01m[K/usr/include/c++/11/algorithm:74[m[K,
                 from [01m[K/opt/ros/humble/include/rclcpp/rclcpp/executor.hpp:18[m[K,
                 from [01m[K/opt/ros/humble/include/rclcpp/rclcpp/executors/multi_threaded_executor.hpp:25[m[K,
                 from [01m[K/opt/ros/humble/include/rclcpp/rclcpp/executors.hpp:21[m[K,
                 from [01m[K/opt/ros/humble/include/rclcpp/rclcpp/rclcpp.hpp:155[m[K,
                 from [01m[K/home/jajayu/TomatoHarvesting_NextBestView/nbv_code/ros2_ws2/src/my_robot_nbv_cmake/src/nbvc_ray_generation.cpp:4[m[K:
/usr/include/c++/11/bits/stl_vector.h: In instantiation of ‘[01m[Kstruct std::_Vector_base<octomath::Vector3, octomath::Vector3>[m[K’:
[01m[K/usr/include/c++/11/bits/stl_vector.h:389:11:[m[K   required from ‘[01m[Kclass std::vector<octomath::Vector3, octomath::Vector3>[m[K’
[01m[K/home/jajayu/TomatoHarvesting_NextBestView/nbv_code/ros2_ws2/src/my_robot_nbv_cmake/src/nbvc_ray_generation.cpp:139:69:[m[K   required from here
[01m[K/usr/include/c++/11/bits/stl_vector.h:87:28:[m[K [01;31m[Kerror: [m[Kno type named ‘[01m[Kvalue_type[m[K’ in ‘[01m[Kclass octomath::Vector3[m[K’
   87 |         rebind<_Tp>::other [01;31m[K_Tp_alloc_type[m[K;
      |                            [01;31m[K^~~~~~~~~~~~~~[m[K
[01m[K/usr/include/c++/11/bits/stl_vector.h:89:9:[m[K [01;31m[Kerror: [m[Kno type named ‘[01m[Kvalue_type[m[K’ in ‘[01m[Kclass octomath::Vector3[m[K’
   89 |         [01;31m[Kpointer[m[K;
      |         [01;31m[K^~~~~~~[m[K
/usr/include/c++/11/bits/stl_vector.h: In instantiation of ‘[01m[Kclass std::vector<octomath::Vector3, octomath::Vector3>[m[K’:
[01m[K/home/jajayu/TomatoHarvesting_NextBestView/nbv_code/ros2_ws2/src/my_robot_nbv_cmake/src/nbvc_ray_generation.cpp:139:69:[m[K   required from here
[01m[K/usr/include/c++/11/bits/stl_vector.h:474:20:[m[K [01;31m[Kerror: [m[K‘[01m[K_M_allocate[m[K’ has not been declared in ‘[01m[Kstd::vector<octomath::Vector3, octomath::Vector3>::_Base[m[K’
  474 |       using _Base::[01;31m[K_M_allocate[m[K;
      |                    [01;31m[K^~~~~~~~~~~[m[K
[01m[K/usr/include/c++/11/bits/stl_vector.h:475:20:[m[K [01;31m[Kerror: [m[K‘[01m[K_M_deallocate[m[K’ has not been declared in ‘[01m[Kstd::vector<octomath::Vector3, octomath::Vector3>::_Base[m[K’
  475 |       using _Base::[01;31m[K_M_deallocate[m[K;
      |                    [01;31m[K^~~~~~~~~~~~~[m[K
[01m[K/usr/include/c++/11/bits/stl_vector.h:477:20:[m[K [01;31m[Kerror: [m[K‘[01m[K_M_get_Tp_allocator[m[K’ has not been declared in ‘[01m[Kstd::vector<octomath::Vector3, octomath::Vector3>::_Base[m[K’
  477 |       using _Base::[01;31m[K_M_get_Tp_allocator[m[K;
      |                    [01;31m[K^~~~~~~~~~~~~~~~~~~[m[K
In file included from [01m[K/usr/include/c++/11/csignal:41[m[K,
                 from [01m[K/opt/ros/humble/include/rclcpp/rclcpp/rclcpp.hpp:152[m[K,
                 from [01m[K/home/jajayu/TomatoHarvesting_NextBestView/nbv_code/ros2_ws2/src/my_robot_nbv_cmake/src/nbvc_ray_generation.cpp:4[m[K:
/usr/include/c++/11/bits/stl_vector.h: In instantiation of ‘[01m[Kstd::_Vector_base<_Tp, _Alloc>::_Vector_impl::_Vector_impl() [with _Tp = octomath::Vector3; _Alloc = octomath::Vector3][m[K’:
[01m[K/home/jajayu/TomatoHarvesting_NextBestView/nbv_code/ros2_ws2/src/my_robot_nbv_cmake/src/nbvc_ray_generation.cpp:139:69:[m[K   recursively required from ‘[01m[Kstd::vector<_Tp, _Alloc>::vector() [with _Tp = octomath::Vector3; _Alloc = octomath::Vector3][m[K’
[01m[K/home/jajayu/TomatoHarvesting_NextBestView/nbv_code/ros2_ws2/src/my_robot_nbv_cmake/src/nbvc_ray_generation.cpp:139:69:[m[K   required from here
[01m[K/usr/include/c++/11/bits/stl_vector.h:131:24:[m[K [01;31m[Kerror: [m[Kno type named ‘[01m[Kvalue_type[m[K’ in ‘[01m[Kclass octomath::Vector3[m[K’
  131 |         _Vector_impl() [01;31m[K_GLIBCXX_NOEXCEPT_IF[m[K(
      |                        [01;31m[K^~~~~~~~~~~~~~~~~~~~[m[K
[01m[K/home/jajayu/TomatoHarvesting_NextBestView/nbv_code/ros2_ws2/src/my_robot_nbv_cmake/src/nbvc_ray_generation.cpp:[m[K In member function ‘[01m[Kvoid MyNode::octomap_callback(octomap_msgs::msg::Octomap_<std::allocator<void> >::SharedPtr)[m[K’:
[01m[K/home/jajayu/TomatoHarvesting_NextBestView/nbv_code/ros2_ws2/src/my_robot_nbv_cmake/src/nbvc_ray_generation.cpp:159:21:[m[K [01;31m[Kerror: [m[K‘[01m[Kpublish_ray_and_direction[m[K’ was not declared in this scope; did you mean ‘[01m[Kpublish_multiple_rays_and_directions[m[K’?
  159 |                     [01;31m[Kpublish_ray_and_direction[m[K(origin, directions, hitpointV);
      |                     [01;31m[K^~~~~~~~~~~~~~~~~~~~~~~~~[m[K
      |                     [32m[Kpublish_multiple_rays_and_directions[m[K
In file included from [01m[K/usr/include/c++/11/vector:67[m[K,
                 from [01m[K/usr/include/c++/11/functional:62[m[K,
                 from [01m[K/usr/include/c++/11/pstl/glue_algorithm_defs.h:13[m[K,
                 from [01m[K/usr/include/c++/11/algorithm:74[m[K,
                 from [01m[K/opt/ros/humble/include/rclcpp/rclcpp/executor.hpp:18[m[K,
                 from [01m[K/opt/ros/humble/include/rclcpp/rclcpp/executors/multi_threaded_executor.hpp:25[m[K,
                 from [01m[K/opt/ros/humble/include/rclcpp/rclcpp/executors.hpp:21[m[K,
                 from [01m[K/opt/ros/humble/include/rclcpp/rclcpp/rclcpp.hpp:155[m[K,
                 from [01m[K/home/jajayu/TomatoHarvesting_NextBestView/nbv_code/ros2_ws2/src/my_robot_nbv_cmake/src/nbvc_ray_generation.cpp:4[m[K:
/usr/include/c++/11/bits/stl_vector.h: In instantiation of ‘[01m[Kstd::_Vector_base<_Tp, _Alloc>::_Vector_impl::_Vector_impl() [with _Tp = octomath::Vector3; _Alloc = octomath::Vector3][m[K’:
[01m[K/usr/include/c++/11/bits/stl_vector.h:288:7:[m[K   required from here
[01m[K/usr/include/c++/11/bits/stl_vector.h:133:26:[m[K [01;31m[Kerror: [m[Kno type named ‘[01m[Kvalue_type[m[K’ in ‘[01m[Kclass octomath::Vector3[m[K’
  133 |         : _Tp_alloc_type([01;31m[K)[m[K
      |                          [01;31m[K^[m[K
/usr/include/c++/11/bits/stl_vector.h: In instantiation of ‘[01m[Kstd::_Vector_base<_Tp, _Alloc>::~_Vector_base() [with _Tp = octomath::Vector3; _Alloc = octomath::Vector3][m[K’:
[01m[K/usr/include/c++/11/bits/stl_vector.h:487:7:[m[K   required from here
[01m[K/usr/include/c++/11/bits/stl_vector.h:335:31:[m[K [01;31m[Kerror: [m[K‘[01m[Kstruct std::_Vector_base<octomath::Vector3, octomath::Vector3>::_Vector_impl[m[K’ has no member named ‘[01m[K_M_start[m[K’
  335 |         _M_deallocate([01;31m[K_M_impl._M_start[m[K,
      |                       [01;31m[K~~~~~~~~^~~~~~~~[m[K
[01m[K/usr/include/c++/11/bits/stl_vector.h:336:31:[m[K [01;31m[Kerror: [m[K‘[01m[Kstruct std::_Vector_base<octomath::Vector3, octomath::Vector3>::_Vector_impl[m[K’ has no member named ‘[01m[K_M_end_of_storage[m[K’
  336 |                       [01;31m[K_M_impl._M_end_of_storage[m[K - _M_impl._M_start);
      |                       [01;31m[K~~~~~~~~^~~~~~~~~~~~~~~~~[m[K
[01m[K/usr/include/c++/11/bits/stl_vector.h:336:59:[m[K [01;31m[Kerror: [m[K‘[01m[Kstruct std::_Vector_base<octomath::Vector3, octomath::Vector3>::_Vector_impl[m[K’ has no member named ‘[01m[K_M_start[m[K’
  336 |                       _M_impl._M_end_of_storage - [01;31m[K_M_impl._M_start[m[K);
      |                                                   [01;31m[K~~~~~~~~^~~~~~~~[m[K
/usr/include/c++/11/bits/stl_vector.h: In instantiation of ‘[01m[Kstd::vector<_Tp, _Alloc>::~vector() [with _Tp = octomath::Vector3; _Alloc = octomath::Vector3][m[K’:
[01m[K/home/jajayu/TomatoHarvesting_NextBestView/nbv_code/ros2_ws2/src/my_robot_nbv_cmake/src/nbvc_ray_generation.cpp:139:69:[m[K   required from here
[01m[K/usr/include/c++/11/bits/stl_vector.h:680:37:[m[K [01;31m[Kerror: [m[K‘[01m[Kstruct std::_Vector_base<octomath::Vector3, octomath::Vector3>::_Vector_impl[m[K’ has no member named ‘[01m[K_M_start[m[K’
  680 |         std::_Destroy([01;31m[Kthis->_M_impl._M_start[m[K, this->_M_impl._M_finish,
      |                       [01;31m[K~~~~~~~~~~~~~~^~~~~~~~[m[K
[01m[K/usr/include/c++/11/bits/stl_vector.h:680:61:[m[K [01;31m[Kerror: [m[K‘[01m[Kstruct std::_Vector_base<octomath::Vector3, octomath::Vector3>::_Vector_impl[m[K’ has no member named ‘[01m[K_M_finish[m[K’
  680 |         std::_Destroy(this->_M_impl._M_start, [01;31m[Kthis->_M_impl._M_finish[m[K,
      |                                               [01;31m[K~~~~~~~~~~~~~~^~~~~~~~~[m[K
[01m[K/usr/include/c++/11/bits/stl_vector.h:681:42:[m[K [01;31m[Kerror: [m[K‘[01m[K_M_get_Tp_allocator[m[K’ was not declared in this scope; did you mean ‘[01m[Kget_allocator[m[K’?
  681 |                       [01;31m[K_M_get_Tp_allocator()[m[K);
      |                       [01;31m[K~~~~~~~~~~~~~~~~~~~^~[m[K
      |                       [32m[Kget_allocator[m[K
/usr/include/c++/11/bits/stl_vector.h: In instantiation of ‘[01m[Kvoid std::vector<_Tp, _Alloc>::push_back(const value_type&) [with _Tp = octomath::Vector3; _Alloc = octomath::Vector3; std::vector<_Tp, _Alloc>::value_type = octomath::Vector3][m[K’:
[01m[K/home/jajayu/TomatoHarvesting_NextBestView/nbv_code/ros2_ws2/src/my_robot_nbv_cmake/src/nbvc_ray_generation.cpp:148:48:[m[K   required from here
[01m[K/usr/include/c++/11/bits/stl_vector.h:1189:27:[m[K [01;31m[Kerror: [m[K‘[01m[Kstruct std::_Vector_base<octomath::Vector3, octomath::Vector3>::_Vector_impl[m[K’ has no member named ‘[01m[K_M_finish[m[K’
 1189 |         if ([01;31m[Kthis->_M_impl._M_finish[m[K != this->_M_impl._M_end_of_storage)
      |             [01;31m[K~~~~~~~~~~~~~~^~~~~~~~~[m[K
[01m[K/usr/include/c++/11/bits/stl_vector.h:1189:54:[m[K [01;31m[Kerror: [m[K‘[01m[Kstruct std::_Vector_base<octomath::Vector3, octomath::Vector3>::_Vector_impl[m[K’ has no member named ‘[01m[K_M_end_of_storage[m[K’
 1189 |         if (this->_M_impl._M_finish != [01;31m[Kthis->_M_impl._M_end_of_storage[m[K)
      |                                        [01;31m[K~~~~~~~~~~~~~~^~~~~~~~~~~~~~~~~[m[K
[01m[K/usr/include/c++/11/bits/stl_vector.h:1192:67:[m[K [01;31m[Kerror: [m[K‘[01m[Kstruct std::_Vector_base<octomath::Vector3, octomath::Vector3>::_Vector_impl[m[K’ has no member named ‘[01m[K_M_finish[m[K’
 1192 |             _Alloc_traits::construct(this->_M_impl, [01;31m[Kthis->_M_impl._M_finish[m[K,
      |                                                     [01;31m[K~~~~~~~~~~~~~~^~~~~~~~~[m[K
[01m[K/usr/include/c++/11/bits/stl_vector.h:1194:29:[m[K [01;31m[Kerror: [m[K‘[01m[Kstruct std::_Vector_base<octomath::Vector3, octomath::Vector3>::_Vector_impl[m[K’ has no member named ‘[01m[K_M_finish[m[K’
 1194 |             ++[01;31m[Kthis->_M_impl._M_finish[m[K;
      |               [01;31m[K~~~~~~~~~~~~~~^~~~~~~~~[m[K
gmake[2]: *** [CMakeFiles/nbvc_ray_generation.dir/build.make:76: CMakeFiles/nbvc_ray_generation.dir/src/nbvc_ray_generation.cpp.o] Error 1
gmake[1]: *** [CMakeFiles/Makefile2:139: CMakeFiles/nbvc_ray_generation.dir/all] Error 2
gmake: *** [Makefile:146: all] Error 2
