[ 50%] Built target nbvc_lib_SdfModel
[ 75%] [32mBuilding CXX object CMakeFiles/nbvc_ray_generation.dir/src/nbvc_ray_generation.cpp.o[0m
[01m[K/home/jajayu/TomatoHarvesting_NextBestView/nbv_code/ros2_ws2/src/my_robot_nbv_cmake/src/nbvc_ray_generation.cpp:[m[K In member function ‘[01m[Kstd::vector<octomath::Vector3> MyNode::RandomPoint(octomap::point3d, int, double)[m[K’:
[01m[K/home/jajayu/TomatoHarvesting_NextBestView/nbv_code/ros2_ws2/src/my_robot_nbv_cmake/src/nbvc_ray_generation.cpp:164:34:[m[K [01;31m[Kerror: [m[Kno match for ‘[01m[Koperator[][m[K’ (operand types are ‘[01m[Koctomap::point3d[m[K’ {aka ‘[01m[Koctomath::Vector3[m[K’} and ‘[01m[Kint[m[K’)
  164 |                 float x = center_[01;31m[K[[m[K0] + r * sin(theta)*cos(phi);
      |                                  [01;31m[K^[m[K
[01m[K/home/jajayu/TomatoHarvesting_NextBestView/nbv_code/ros2_ws2/src/my_robot_nbv_cmake/src/nbvc_ray_generation.cpp:165:34:[m[K [01;31m[Kerror: [m[Kno match for ‘[01m[Koperator[][m[K’ (operand types are ‘[01m[Koctomap::point3d[m[K’ {aka ‘[01m[Koctomath::Vector3[m[K’} and ‘[01m[Kint[m[K’)
  165 |                 float y = center_[01;31m[K[[m[K1] + r * sin(theta)*sin(phi);
      |                                  [01;31m[K^[m[K
[01m[K/home/jajayu/TomatoHarvesting_NextBestView/nbv_code/ros2_ws2/src/my_robot_nbv_cmake/src/nbvc_ray_generation.cpp:166:34:[m[K [01;31m[Kerror: [m[Kno match for ‘[01m[Koperator[][m[K’ (operand types are ‘[01m[Koctomap::point3d[m[K’ {aka ‘[01m[Koctomath::Vector3[m[K’} and ‘[01m[Kint[m[K’)
  166 |                 float z = center_[01;31m[K[[m[K2] + r * cos(theta);
      |                                  [01;31m[K^[m[K
[01m[K/home/jajayu/TomatoHarvesting_NextBestView/nbv_code/ros2_ws2/src/my_robot_nbv_cmake/src/nbvc_ray_generation.cpp:169:39:[m[K [01;31m[Kerror: [m[Kno matching function for call to ‘[01m[Kstd::vector<octomath::Vector3>::push_back(float&, float&, float&)[m[K’
  169 |                 [01;31m[KRayEndPoints.push_back(x,y,z)[m[K;
      |                 [01;31m[K~~~~~~~~~~~~~~~~~~~~~~^~~~~~~[m[K
In file included from [01m[K/usr/include/c++/11/vector:67[m[K,
                 from [01m[K/usr/include/c++/11/functional:62[m[K,
                 from [01m[K/usr/include/c++/11/pstl/glue_algorithm_defs.h:13[m[K,
                 from [01m[K/usr/include/c++/11/algorithm:74[m[K,
                 from [01m[K/opt/ros/humble/include/rclcpp/rclcpp/executor.hpp:18[m[K,
                 from [01m[K/opt/ros/humble/include/rclcpp/rclcpp/executors/multi_threaded_executor.hpp:25[m[K,
                 from [01m[K/opt/ros/humble/include/rclcpp/rclcpp/executors.hpp:21[m[K,
                 from [01m[K/opt/ros/humble/include/rclcpp/rclcpp/rclcpp.hpp:155[m[K,
                 from [01m[K/home/jajayu/TomatoHarvesting_NextBestView/nbv_code/ros2_ws2/src/my_robot_nbv_cmake/src/nbvc_ray_generation.cpp:4[m[K:
[01m[K/usr/include/c++/11/bits/stl_vector.h:1187:7:[m[K [01;36m[Knote: [m[Kcandidate: ‘[01m[Kvoid std::vector<_Tp, _Alloc>::push_back(const value_type&) [with _Tp = octomath::Vector3; _Alloc = std::allocator<octomath::Vector3>; std::vector<_Tp, _Alloc>::value_type = octomath::Vector3][m[K’
 1187 |       [01;36m[Kpush_back[m[K(const value_type& __x)
      |       [01;36m[K^~~~~~~~~[m[K
[01m[K/usr/include/c++/11/bits/stl_vector.h:1187:7:[m[K [01;36m[Knote: [m[K  candidate expects 1 argument, 3 provided
[01m[K/usr/include/c++/11/bits/stl_vector.h:1203:7:[m[K [01;36m[Knote: [m[Kcandidate: ‘[01m[Kvoid std::vector<_Tp, _Alloc>::push_back(std::vector<_Tp, _Alloc>::value_type&&) [with _Tp = octomath::Vector3; _Alloc = std::allocator<octomath::Vector3>; std::vector<_Tp, _Alloc>::value_type = octomath::Vector3][m[K’
 1203 |       [01;36m[Kpush_back[m[K(value_type&& __x)
      |       [01;36m[K^~~~~~~~~[m[K
[01m[K/usr/include/c++/11/bits/stl_vector.h:1203:7:[m[K [01;36m[Knote: [m[K  candidate expects 1 argument, 3 provided
gmake[2]: *** [CMakeFiles/nbvc_ray_generation.dir/build.make:76: CMakeFiles/nbvc_ray_generation.dir/src/nbvc_ray_generation.cpp.o] Error 1
gmake[1]: *** [CMakeFiles/Makefile2:139: CMakeFiles/nbvc_ray_generation.dir/all] Error 2
gmake: *** [Makefile:146: all] Error 2
