[0.020s] Invoking command in '/home/jajayu/TomatoHarvesting_NextBestView/nbv_code/ros2_ws2/build/my_robot_nbv_cmake': CMAKE_PREFIX_PATH=${CMAKE_PREFIX_PATH}:/home/jajayu/TomatoHarvesting_NextBestView/nbv_code/ros2_ws2/install/my_robot_nbv:/home/jajayu/TomatoHarvesting_NextBestView/nbv_code/ros2_ws2/install/my_robot_cam:/home/jajayu/ros2_ws/install/webots_ros2_tests:/home/jajayu/ros2_ws/install/webots_ros2:/home/jajayu/ros2_ws/install/pcd_demo:/home/jajayu/ros2_ws/install/my_robot_controller:/home/jajayu/ros2_ws/install/my_robot_cam:/home/jajayu/ros2_ws/install/gazebo_tutorial:/opt/ros/humble /home/jajayu/.local/bin/cmake --build /home/jajayu/TomatoHarvesting_NextBestView/nbv_code/ros2_ws2/build/my_robot_nbv_cmake -- -j8 -l8
[0.166s] [ 50%] Built target nbvc_lib_SdfModel
[0.194s] [ 75%] [32mBuilding CXX object CMakeFiles/nbvc_ray_generation.dir/src/nbvc_ray_generation.cpp.o[0m
[7.811s] [01m[K/home/jajayu/TomatoHarvesting_NextBestView/nbv_code/ros2_ws2/src/my_robot_nbv_cmake/src/nbvc_ray_generation.cpp:[m[K In member function ‘[01m[Kstd::vector<octomath::Vector3> MyNode::RandomPoint(octomap::point3d, int, double)[m[K’:
[7.811s] [01m[K/home/jajayu/TomatoHarvesting_NextBestView/nbv_code/ros2_ws2/src/my_robot_nbv_cmake/src/nbvc_ray_generation.cpp:164:34:[m[K [01;31m[Kerror: [m[Kno match for ‘[01m[Koperator[][m[K’ (operand types are ‘[01m[Koctomap::point3d[m[K’ {aka ‘[01m[Koctomath::Vector3[m[K’} and ‘[01m[Kint[m[K’)
[7.811s]   164 |                 float x = center_[01;31m[K[[m[K0] + r * sin(theta)*cos(phi);
[7.812s]       |                                  [01;31m[K^[m[K
[7.812s] [01m[K/home/jajayu/TomatoHarvesting_NextBestView/nbv_code/ros2_ws2/src/my_robot_nbv_cmake/src/nbvc_ray_generation.cpp:165:34:[m[K [01;31m[Kerror: [m[Kno match for ‘[01m[Koperator[][m[K’ (operand types are ‘[01m[Koctomap::point3d[m[K’ {aka ‘[01m[Koctomath::Vector3[m[K’} and ‘[01m[Kint[m[K’)
[7.812s]   165 |                 float y = center_[01;31m[K[[m[K1] + r * sin(theta)*sin(phi);
[7.812s]       |                                  [01;31m[K^[m[K
[7.812s] [01m[K/home/jajayu/TomatoHarvesting_NextBestView/nbv_code/ros2_ws2/src/my_robot_nbv_cmake/src/nbvc_ray_generation.cpp:166:34:[m[K [01;31m[Kerror: [m[Kno match for ‘[01m[Koperator[][m[K’ (operand types are ‘[01m[Koctomap::point3d[m[K’ {aka ‘[01m[Koctomath::Vector3[m[K’} and ‘[01m[Kint[m[K’)
[7.812s]   166 |                 float z = center_[01;31m[K[[m[K2] + r * cos(theta);
[7.812s]       |                                  [01;31m[K^[m[K
[7.812s] [01m[K/home/jajayu/TomatoHarvesting_NextBestView/nbv_code/ros2_ws2/src/my_robot_nbv_cmake/src/nbvc_ray_generation.cpp:169:39:[m[K [01;31m[Kerror: [m[Kno matching function for call to ‘[01m[Kstd::vector<octomath::Vector3>::push_back(float&, float&, float&)[m[K’
[7.812s]   169 |                 [01;31m[KRayEndPoints.push_back(x,y,z)[m[K;
[7.812s]       |                 [01;31m[K~~~~~~~~~~~~~~~~~~~~~~^~~~~~~[m[K
[7.812s] In file included from [01m[K/usr/include/c++/11/vector:67[m[K,
[7.812s]                  from [01m[K/usr/include/c++/11/functional:62[m[K,
[7.812s]                  from [01m[K/usr/include/c++/11/pstl/glue_algorithm_defs.h:13[m[K,
[7.812s]                  from [01m[K/usr/include/c++/11/algorithm:74[m[K,
[7.814s]                  from [01m[K/opt/ros/humble/include/rclcpp/rclcpp/executor.hpp:18[m[K,
[7.814s]                  from [01m[K/opt/ros/humble/include/rclcpp/rclcpp/executors/multi_threaded_executor.hpp:25[m[K,
[7.814s]                  from [01m[K/opt/ros/humble/include/rclcpp/rclcpp/executors.hpp:21[m[K,
[7.814s]                  from [01m[K/opt/ros/humble/include/rclcpp/rclcpp/rclcpp.hpp:155[m[K,
[7.814s]                  from [01m[K/home/jajayu/TomatoHarvesting_NextBestView/nbv_code/ros2_ws2/src/my_robot_nbv_cmake/src/nbvc_ray_generation.cpp:4[m[K:
[7.814s] [01m[K/usr/include/c++/11/bits/stl_vector.h:1187:7:[m[K [01;36m[Knote: [m[Kcandidate: ‘[01m[Kvoid std::vector<_Tp, _Alloc>::push_back(const value_type&) [with _Tp = octomath::Vector3; _Alloc = std::allocator<octomath::Vector3>; std::vector<_Tp, _Alloc>::value_type = octomath::Vector3][m[K’
[7.814s]  1187 |       [01;36m[Kpush_back[m[K(const value_type& __x)
[7.814s]       |       [01;36m[K^~~~~~~~~[m[K
[7.814s] [01m[K/usr/include/c++/11/bits/stl_vector.h:1187:7:[m[K [01;36m[Knote: [m[K  candidate expects 1 argument, 3 provided
[7.814s] [01m[K/usr/include/c++/11/bits/stl_vector.h:1203:7:[m[K [01;36m[Knote: [m[Kcandidate: ‘[01m[Kvoid std::vector<_Tp, _Alloc>::push_back(std::vector<_Tp, _Alloc>::value_type&&) [with _Tp = octomath::Vector3; _Alloc = std::allocator<octomath::Vector3>; std::vector<_Tp, _Alloc>::value_type = octomath::Vector3][m[K’
[7.814s]  1203 |       [01;36m[Kpush_back[m[K(value_type&& __x)
[7.814s]       |       [01;36m[K^~~~~~~~~[m[K
[7.814s] [01m[K/usr/include/c++/11/bits/stl_vector.h:1203:7:[m[K [01;36m[Knote: [m[K  candidate expects 1 argument, 3 provided
[13.458s] gmake[2]: *** [CMakeFiles/nbvc_ray_generation.dir/build.make:76: CMakeFiles/nbvc_ray_generation.dir/src/nbvc_ray_generation.cpp.o] Error 1
[13.458s] gmake[1]: *** [CMakeFiles/Makefile2:139: CMakeFiles/nbvc_ray_generation.dir/all] Error 2
[13.459s] gmake: *** [Makefile:146: all] Error 2
[13.476s] Invoked command in '/home/jajayu/TomatoHarvesting_NextBestView/nbv_code/ros2_ws2/build/my_robot_nbv_cmake' returned '2': CMAKE_PREFIX_PATH=${CMAKE_PREFIX_PATH}:/home/jajayu/TomatoHarvesting_NextBestView/nbv_code/ros2_ws2/install/my_robot_nbv:/home/jajayu/TomatoHarvesting_NextBestView/nbv_code/ros2_ws2/install/my_robot_cam:/home/jajayu/ros2_ws/install/webots_ros2_tests:/home/jajayu/ros2_ws/install/webots_ros2:/home/jajayu/ros2_ws/install/pcd_demo:/home/jajayu/ros2_ws/install/my_robot_controller:/home/jajayu/ros2_ws/install/my_robot_cam:/home/jajayu/ros2_ws/install/gazebo_tutorial:/opt/ros/humble /home/jajayu/.local/bin/cmake --build /home/jajayu/TomatoHarvesting_NextBestView/nbv_code/ros2_ws2/build/my_robot_nbv_cmake -- -j8 -l8
