[2.852s] Invoking command in '/home/jajayu/TomatoHarvesting_NextBestView/nbv_code/ros2_ws2/src/my_robot_arm': CMAKE_PREFIX_PATH=/home/jajayu/TomatoHarvesting_NextBestView/nbv_code/ros2_ws2/install/message_interfaces:/home/jajayu/TomatoHarvesting_NextBestView/nbv_code/ros2_ws2/install/realsense2_description:/home/jajayu/TomatoHarvesting_NextBestView/nbv_code/ros2_ws2/install/realsense2_camera:/home/jajayu/TomatoHarvesting_NextBestView/nbv_code/ros2_ws2/install/realsense2_camera_msgs:/home/jajayu/TomatoHarvesting_NextBestView/nbv_code/ros2_ws2/install/octomap_server2:/home/jajayu/TomatoHarvesting_NextBestView/nbv_code/ros2_ws2/install/my_robot_nbv_cmake:/home/jajayu/TomatoHarvesting_NextBestView/nbv_code/ros2_ws2/install/my_bot LD_LIBRARY_PATH=/home/jajayu/TomatoHarvesting_NextBestView/nbv_code/ros2_ws2/install/message_interfaces/lib:/home/jajayu/TomatoHarvesting_NextBestView/nbv_code/ros2_ws2/install/realsense2_camera/lib:/home/jajayu/TomatoHarvesting_NextBestView/nbv_code/ros2_ws2/install/realsense2_camera_msgs/lib:/home/jajayu/TomatoHarvesting_NextBestView/nbv_code/ros2_ws2/install/octomap_server2/lib:/usr/lib/x86_64-linux-gnu/gazebo-11/plugins:/opt/ros/humble/opt/rviz_ogre_vendor/lib:/opt/ros/humble/lib/x86_64-linux-gnu:/opt/ros/humble/lib PYTHONPATH=/home/jajayu/TomatoHarvesting_NextBestView/nbv_code/ros2_ws2/build/my_robot_arm/prefix_override:/usr/lib/python3/dist-packages/colcon_core/task/python/colcon_distutils_commands:/home/jajayu/TomatoHarvesting_NextBestView/nbv_code/ros2_ws2/install/my_robot_arm/lib/python3.10/site-packages:${PYTHONPATH} /usr/bin/python3 -W ignore:setup.py install is deprecated setup.py egg_info --egg-base ../../build/my_robot_arm build --build-base /home/jajayu/TomatoHarvesting_NextBestView/nbv_code/ros2_ws2/build/my_robot_arm/build install --record /home/jajayu/TomatoHarvesting_NextBestView/nbv_code/ros2_ws2/build/my_robot_arm/install.log --single-version-externally-managed install_data
[3.883s] running egg_info
[3.887s] writing ../../build/my_robot_arm/my_robot_arm.egg-info/PKG-INFO
[3.896s] writing dependency_links to ../../build/my_robot_arm/my_robot_arm.egg-info/dependency_links.txt
[3.896s] writing entry points to ../../build/my_robot_arm/my_robot_arm.egg-info/entry_points.txt
[3.896s] writing requirements to ../../build/my_robot_arm/my_robot_arm.egg-info/requires.txt
[3.896s] writing top-level names to ../../build/my_robot_arm/my_robot_arm.egg-info/top_level.txt
[3.903s] reading manifest file '../../build/my_robot_arm/my_robot_arm.egg-info/SOURCES.txt'
[3.906s] writing manifest file '../../build/my_robot_arm/my_robot_arm.egg-info/SOURCES.txt'
[3.907s] running build
[3.908s] running build_py
[3.908s] copying my_robot_arm/arm_move_controller.py -> /home/jajayu/TomatoHarvesting_NextBestView/nbv_code/ros2_ws2/build/my_robot_arm/build/lib/my_robot_arm
[3.917s] running install
[3.918s] running install_lib
[3.918s] copying /home/jajayu/TomatoHarvesting_NextBestView/nbv_code/ros2_ws2/build/my_robot_arm/build/lib/my_robot_arm/arm_move_controller.py -> /home/jajayu/TomatoHarvesting_NextBestView/nbv_code/ros2_ws2/install/my_robot_arm/lib/python3.10/site-packages/my_robot_arm
[3.919s] byte-compiling /home/jajayu/TomatoHarvesting_NextBestView/nbv_code/ros2_ws2/install/my_robot_arm/lib/python3.10/site-packages/my_robot_arm/arm_move_controller.py to arm_move_controller.cpython-310.pyc
[3.927s] running install_data
[3.927s] running install_egg_info
[3.929s] removing '/home/jajayu/TomatoHarvesting_NextBestView/nbv_code/ros2_ws2/install/my_robot_arm/lib/python3.10/site-packages/my_robot_arm-0.0.0-py3.10.egg-info' (and everything under it)
[3.932s] Copying ../../build/my_robot_arm/my_robot_arm.egg-info to /home/jajayu/TomatoHarvesting_NextBestView/nbv_code/ros2_ws2/install/my_robot_arm/lib/python3.10/site-packages/my_robot_arm-0.0.0-py3.10.egg-info
[3.935s] running install_scripts
[3.992s] Installing arm_move_controller script to /home/jajayu/TomatoHarvesting_NextBestView/nbv_code/ros2_ws2/install/my_robot_arm/lib/my_robot_arm
[3.992s] writing list of installed files to '/home/jajayu/TomatoHarvesting_NextBestView/nbv_code/ros2_ws2/build/my_robot_arm/install.log'
[4.098s] Invoked command in '/home/jajayu/TomatoHarvesting_NextBestView/nbv_code/ros2_ws2/src/my_robot_arm' returned '0': CMAKE_PREFIX_PATH=/home/jajayu/TomatoHarvesting_NextBestView/nbv_code/ros2_ws2/install/message_interfaces:/home/jajayu/TomatoHarvesting_NextBestView/nbv_code/ros2_ws2/install/realsense2_description:/home/jajayu/TomatoHarvesting_NextBestView/nbv_code/ros2_ws2/install/realsense2_camera:/home/jajayu/TomatoHarvesting_NextBestView/nbv_code/ros2_ws2/install/realsense2_camera_msgs:/home/jajayu/TomatoHarvesting_NextBestView/nbv_code/ros2_ws2/install/octomap_server2:/home/jajayu/TomatoHarvesting_NextBestView/nbv_code/ros2_ws2/install/my_robot_nbv_cmake:/home/jajayu/TomatoHarvesting_NextBestView/nbv_code/ros2_ws2/install/my_bot LD_LIBRARY_PATH=/home/jajayu/TomatoHarvesting_NextBestView/nbv_code/ros2_ws2/install/message_interfaces/lib:/home/jajayu/TomatoHarvesting_NextBestView/nbv_code/ros2_ws2/install/realsense2_camera/lib:/home/jajayu/TomatoHarvesting_NextBestView/nbv_code/ros2_ws2/install/realsense2_camera_msgs/lib:/home/jajayu/TomatoHarvesting_NextBestView/nbv_code/ros2_ws2/install/octomap_server2/lib:/usr/lib/x86_64-linux-gnu/gazebo-11/plugins:/opt/ros/humble/opt/rviz_ogre_vendor/lib:/opt/ros/humble/lib/x86_64-linux-gnu:/opt/ros/humble/lib PYTHONPATH=/home/jajayu/TomatoHarvesting_NextBestView/nbv_code/ros2_ws2/build/my_robot_arm/prefix_override:/usr/lib/python3/dist-packages/colcon_core/task/python/colcon_distutils_commands:/home/jajayu/TomatoHarvesting_NextBestView/nbv_code/ros2_ws2/install/my_robot_arm/lib/python3.10/site-packages:${PYTHONPATH} /usr/bin/python3 -W ignore:setup.py install is deprecated setup.py egg_info --egg-base ../../build/my_robot_arm build --build-base /home/jajayu/TomatoHarvesting_NextBestView/nbv_code/ros2_ws2/build/my_robot_arm/build install --record /home/jajayu/TomatoHarvesting_NextBestView/nbv_code/ros2_ws2/build/my_robot_arm/install.log --single-version-externally-managed install_data
