[0.013s] Invoking command in '/home/jajayu/TomatoHarvesting_NextBestView/nbv_code/ros2_ws2/build/my_robot_nbv_cmake': CMAKE_PREFIX_PATH=${CMAKE_PREFIX_PATH}:/home/jajayu/TomatoHarvesting_NextBestView/nbv_code/ros2_ws2/install/my_robot_nbv:/home/jajayu/TomatoHarvesting_NextBestView/nbv_code/ros2_ws2/install/my_robot_cam:/home/jajayu/ros2_ws/install/webots_ros2_tests:/home/jajayu/ros2_ws/install/webots_ros2:/home/jajayu/ros2_ws/install/pcd_demo:/home/jajayu/ros2_ws/install/my_robot_controller:/home/jajayu/ros2_ws/install/my_robot_cam:/home/jajayu/ros2_ws/install/gazebo_tutorial:/opt/ros/humble /home/jajayu/.local/bin/cmake --build /home/jajayu/TomatoHarvesting_NextBestView/nbv_code/ros2_ws2/build/my_robot_nbv_cmake -- -j8 -l8
[0.147s] [ 25%] Built target nbvc_lib_SdfModel
[0.147s] [ 50%] Built target SdfModelV3
[0.170s] [ 75%] Built target nbvc_ray_generationV3_beforeclean
[0.175s] [ 87%] [32mBuilding CXX object CMakeFiles/nbvc_ray_generation.dir/src/nbvc_ray_generation.cpp.o[0m
[7.008s] [01m[K/home/jajayu/TomatoHarvesting_NextBestView/nbv_code/ros2_ws2/src/my_robot_nbv_cmake/src/nbvc_ray_generation.cpp:[m[K In member function ‘[01m[Kvoid MyNode::octomap_callback(octomap_msgs::msg::Octomap_<std::allocator<void> >::SharedPtr)[m[K’:
[7.008s] [01m[K/home/jajayu/TomatoHarvesting_NextBestView/nbv_code/ros2_ws2/src/my_robot_nbv_cmake/src/nbvc_ray_generation.cpp:220:51:[m[K [01;31m[Kerror: [m[Kcannot convert ‘[01m[K<brace-enclosed initializer list>[m[K’ to ‘[01m[Kstd::vector<octomath::Vector3>&[m[K’
[7.008s]   220 | [01;31m[Kish_any_ray_marker({0,0,0}, {10,0,0}, 100, {1,0,0}, 0.03)[m[K;
[7.009s]       | [01;31m[K~~~~~~~~~~~~~~~~~~^~~~~~~~~~~~~~~~~~~~~~~~~~~~~~~~~~~~~~~[m[K
[7.009s] 
[7.009s] [01m[K/home/jajayu/TomatoHarvesting_NextBestView/nbv_code/ros2_ws2/src/my_robot_nbv_cmake/src/nbvc_ray_generation.cpp:459:100:[m[K [01;36m[Knote: [m[K  initializing argument 2 of ‘[01m[Kvoid MyNode::publish_any_ray_marker(const point3d&, std::vector<octomath::Vector3>&, int, const std::array<double, 3>&, double)[m[K’
[7.009s]   459 | [01;36m[Kctomap::point3d> &endPoints[m[K, int id=0,const std::array<double, 3> &marker_color={1,0,0}, const double x_scale=0.03) {
[7.009s]       | [01;36m[K~~~~~~~~~~~~~~~~~~^~~~~~~~~[m[K
[7.009s] 
[7.009s] [01m[K/home/jajayu/TomatoHarvesting_NextBestView/nbv_code/ros2_ws2/src/my_robot_nbv_cmake/src/nbvc_ray_generation.cpp:221:51:[m[K [01;31m[Kerror: [m[Kcannot convert ‘[01m[K<brace-enclosed initializer list>[m[K’ to ‘[01m[Kstd::vector<octomath::Vector3>&[m[K’
[7.009s]   221 | [01;31m[Kish_any_ray_marker({0,0,0}, {0,10,0}, 101, {1,1,0}, 0.03)[m[K;
[7.009s]       | [01;31m[K~~~~~~~~~~~~~~~~~~^~~~~~~~~~~~~~~~~~~~~~~~~~~~~~~~~~~~~~~[m[K
[7.009s] 
[7.009s] [01m[K/home/jajayu/TomatoHarvesting_NextBestView/nbv_code/ros2_ws2/src/my_robot_nbv_cmake/src/nbvc_ray_generation.cpp:459:100:[m[K [01;36m[Knote: [m[K  initializing argument 2 of ‘[01m[Kvoid MyNode::publish_any_ray_marker(const point3d&, std::vector<octomath::Vector3>&, int, const std::array<double, 3>&, double)[m[K’
[7.009s]   459 | [01;36m[Kctomap::point3d> &endPoints[m[K, int id=0,const std::array<double, 3> &marker_color={1,0,0}, const double x_scale=0.03) {
[7.009s]       | [01;36m[K~~~~~~~~~~~~~~~~~~^~~~~~~~~[m[K
[7.009s] 
[7.009s] [01m[K/home/jajayu/TomatoHarvesting_NextBestView/nbv_code/ros2_ws2/src/my_robot_nbv_cmake/src/nbvc_ray_generation.cpp:222:51:[m[K [01;31m[Kerror: [m[Kcannot convert ‘[01m[K<brace-enclosed initializer list>[m[K’ to ‘[01m[Kstd::vector<octomath::Vector3>&[m[K’
[7.009s]   222 | [01;31m[Kish_any_ray_marker({0,0,0}, {0,0,10}, 102, {0,0,0.5}, 0.03)[m[K;
[7.009s]       | [01;31m[K~~~~~~~~~~~~~~~~~~^~~~~~~~~~~~~~~~~~~~~~~~~~~~~~~~~~~~~~~~~[m[K
[7.009s] 
[7.010s] [01m[K/home/jajayu/TomatoHarvesting_NextBestView/nbv_code/ros2_ws2/src/my_robot_nbv_cmake/src/nbvc_ray_generation.cpp:459:100:[m[K [01;36m[Knote: [m[K  initializing argument 2 of ‘[01m[Kvoid MyNode::publish_any_ray_marker(const point3d&, std::vector<octomath::Vector3>&, int, const std::array<double, 3>&, double)[m[K’
[7.010s]   459 | [01;36m[Kctomap::point3d> &endPoints[m[K, int id=0,const std::array<double, 3> &marker_color={1,0,0}, const double x_scale=0.03) {
[7.010s]       | [01;36m[K~~~~~~~~~~~~~~~~~~^~~~~~~~~[m[K
[7.010s] 
[13.275s] gmake[2]: *** [CMakeFiles/nbvc_ray_generation.dir/build.make:76: CMakeFiles/nbvc_ray_generation.dir/src/nbvc_ray_generation.cpp.o] Error 1
[13.275s] gmake[1]: *** [CMakeFiles/Makefile2:143: CMakeFiles/nbvc_ray_generation.dir/all] Error 2
[13.275s] gmake: *** [Makefile:146: all] Error 2
[13.292s] Invoked command in '/home/jajayu/TomatoHarvesting_NextBestView/nbv_code/ros2_ws2/build/my_robot_nbv_cmake' returned '2': CMAKE_PREFIX_PATH=${CMAKE_PREFIX_PATH}:/home/jajayu/TomatoHarvesting_NextBestView/nbv_code/ros2_ws2/install/my_robot_nbv:/home/jajayu/TomatoHarvesting_NextBestView/nbv_code/ros2_ws2/install/my_robot_cam:/home/jajayu/ros2_ws/install/webots_ros2_tests:/home/jajayu/ros2_ws/install/webots_ros2:/home/jajayu/ros2_ws/install/pcd_demo:/home/jajayu/ros2_ws/install/my_robot_controller:/home/jajayu/ros2_ws/install/my_robot_cam:/home/jajayu/ros2_ws/install/gazebo_tutorial:/opt/ros/humble /home/jajayu/.local/bin/cmake --build /home/jajayu/TomatoHarvesting_NextBestView/nbv_code/ros2_ws2/build/my_robot_nbv_cmake -- -j8 -l8
