[0.013s] Invoking command in '/home/jajayu/TomatoHarvesting_NextBestView/nbv_code/ros2_ws2/build/my_robot_nbv_cmake': CMAKE_PREFIX_PATH=${CMAKE_PREFIX_PATH}:/home/jajayu/TomatoHarvesting_NextBestView/nbv_code/ros2_ws2/install/my_robot_nbv:/home/jajayu/TomatoHarvesting_NextBestView/nbv_code/ros2_ws2/install/my_robot_cam:/home/jajayu/ros2_ws/install/webots_ros2_tests:/home/jajayu/ros2_ws/install/webots_ros2:/home/jajayu/ros2_ws/install/pcd_demo:/home/jajayu/ros2_ws/install/my_robot_controller:/home/jajayu/ros2_ws/install/my_robot_cam:/home/jajayu/ros2_ws/install/gazebo_tutorial:/opt/ros/humble /home/jajayu/.local/bin/cmake --build /home/jajayu/TomatoHarvesting_NextBestView/nbv_code/ros2_ws2/build/my_robot_nbv_cmake -- -j8 -l8
[0.132s] [ 40%] Built target SdfModelV3
[0.132s] [ 40%] Built target nbvc_lib_SdfModel
[0.152s] [ 80%] Built target nbvc_ray_generation
[0.152s] [ 80%] Built target nbvc_ray_generationV3_beforeclean
[0.159s] [ 90%] [32mBuilding CXX object CMakeFiles/BestViewModel.dir/src/BestViewModel.cpp.o[0m
[0.700s] In file included from [01m[K/home/jajayu/TomatoHarvesting_NextBestView/nbv_code/ros2_ws2/src/my_robot_nbv_cmake/src/BestViewModel.cpp:36[m[K:
[0.700s] [01m[K/opt/ros/humble/include/tf2_geometry_msgs/tf2_geometry_msgs/tf2_geometry_msgs.h:35:2:[m[K [01;35m[Kwarning: [m[K#warning This header is obsolete, please include tf2_geometry_msgs/tf2_geometry_msgs.hpp instead [[01;35m[K]8;;https://gcc.gnu.org/onlinedocs/gcc/Warning-Options.html#index-Wcpp-Wcpp]8;;[m[K]
[0.700s]    35 | #[01;35m[Kwarning[m[K This header is obsolete, please include tf2_geometry_msgs/tf2_geometry_msgs.hpp instead
[0.700s]       |  [01;35m[K^~~~~~~[m[K
[0.713s] In file included from [01m[K/home/jajayu/TomatoHarvesting_NextBestView/nbv_code/ros2_ws2/src/my_robot_nbv_cmake/src/BestViewModel.cpp:38[m[K:
[0.713s] [01m[K/opt/ros/humble/include/tf2_eigen/tf2_eigen/tf2_eigen.h:32:2:[m[K [01;35m[Kwarning: [m[K#warning This header is obsolete, please include tf2_eigen/tf2_eigen.hpp instead [[01;35m[K]8;;https://gcc.gnu.org/onlinedocs/gcc/Warning-Options.html#index-Wcpp-Wcpp]8;;[m[K]
[0.713s]    32 | #[01;35m[Kwarning[m[K This header is obsolete, please include tf2_eigen/tf2_eigen.hpp instead
[0.713s]       |  [01;35m[K^~~~~~~[m[K
[7.310s] In file included from [01m[K/opt/ros/humble/include/rclcpp/rclcpp/client.hpp:40[m[K,
[7.310s]                  from [01m[K/opt/ros/humble/include/rclcpp/rclcpp/callback_group.hpp:24[m[K,
[7.310s]                  from [01m[K/opt/ros/humble/include/rclcpp/rclcpp/any_executable.hpp:20[m[K,
[7.311s]                  from [01m[K/opt/ros/humble/include/rclcpp/rclcpp/memory_strategy.hpp:25[m[K,
[7.311s]                  from [01m[K/opt/ros/humble/include/rclcpp/rclcpp/memory_strategies.hpp:18[m[K,
[7.311s]                  from [01m[K/opt/ros/humble/include/rclcpp/rclcpp/executor_options.hpp:20[m[K,
[7.311s]                  from [01m[K/opt/ros/humble/include/rclcpp/rclcpp/executor.hpp:37[m[K,
[7.311s]                  from [01m[K/opt/ros/humble/include/rclcpp/rclcpp/executors/multi_threaded_executor.hpp:25[m[K,
[7.311s]                  from [01m[K/opt/ros/humble/include/rclcpp/rclcpp/executors.hpp:21[m[K,
[7.311s]                  from [01m[K/opt/ros/humble/include/rclcpp/rclcpp/rclcpp.hpp:155[m[K,
[7.311s]                  from [01m[K/home/jajayu/TomatoHarvesting_NextBestView/nbv_code/ros2_ws2/src/my_robot_nbv_cmake/src/BestViewModel.cpp:5[m[K:
[7.312s] [01m[K/home/jajayu/TomatoHarvesting_NextBestView/nbv_code/ros2_ws2/src/my_robot_nbv_cmake/src/BestViewModel.cpp:[m[K In member function ‘[01m[Kstd::vector<octomath::Vector3> BestViewModel::RandomPoint(octomap::point3d, int, double)[m[K’:
[7.312s] [01m[K/home/jajayu/TomatoHarvesting_NextBestView/nbv_code/ros2_ws2/src/my_robot_nbv_cmake/src/BestViewModel.cpp:96:35:[m[K [01;31m[Kerror: [m[K‘[01m[Kclass BestViewModel[m[K’ has no member named ‘[01m[Kget_logger[m[K’
[7.312s]    96 |                 RCLCPP_INFO(this->[01;31m[Kget_logger[m[K(), "%d-th ray", i);
[7.312s]       |                                   [01;31m[K^~~~~~~~~~[m[K
[7.312s] [01m[K/home/jajayu/TomatoHarvesting_NextBestView/nbv_code/ros2_ws2/src/my_robot_nbv_cmake/src/BestViewModel.cpp:96:35:[m[K [01;31m[Kerror: [m[K‘[01m[Kclass BestViewModel[m[K’ has no member named ‘[01m[Kget_logger[m[K’
[7.312s] [01m[K/home/jajayu/TomatoHarvesting_NextBestView/nbv_code/ros2_ws2/src/my_robot_nbv_cmake/src/BestViewModel.cpp:96:17:[m[K [01;31m[Kerror: [m[Ktemplate argument 1 is invalid
[7.312s]    96 |                 [01;31m[KRCLCPP_INFO[m[K(this->get_logger(), "%d-th ray", i);
[7.312s]       |                 [01;31m[K^~~~~~~~~~~[m[K
[7.312s] [01m[K/home/jajayu/TomatoHarvesting_NextBestView/nbv_code/ros2_ws2/src/my_robot_nbv_cmake/src/BestViewModel.cpp:96:17:[m[K [01;31m[Kerror: [m[Ktemplate argument 1 is invalid
[7.312s]    96 |                 [01;31m[KRCLCPP_INFO[m[K(this->get_logger(), "%d-th ray", i);
[7.312s]       |                 [01;31m[K^~~~~~~~~~~[m[K
[7.313s] [01m[K/home/jajayu/TomatoHarvesting_NextBestView/nbv_code/ros2_ws2/src/my_robot_nbv_cmake/src/BestViewModel.cpp:96:17:[m[K [01;31m[Kerror: [m[Ktemplate argument 1 is invalid
[7.313s]    96 |                 [01;31m[KRCLCPP_INFO[m[K(this->get_logger(), "%d-th ray", i);
[7.313s]       |                 [01;31m[K^~~~~~~~~~~[m[K
[7.313s] In file included from [01m[K/opt/ros/humble/include/rclcpp/rclcpp/logging.hpp:24[m[K,
[7.313s]                  from [01m[K/opt/ros/humble/include/rclcpp/rclcpp/client.hpp:40[m[K,
[7.313s]                  from [01m[K/opt/ros/humble/include/rclcpp/rclcpp/callback_group.hpp:24[m[K,
[7.313s]                  from [01m[K/opt/ros/humble/include/rclcpp/rclcpp/any_executable.hpp:20[m[K,
[7.313s]                  from [01m[K/opt/ros/humble/include/rclcpp/rclcpp/memory_strategy.hpp:25[m[K,
[7.313s]                  from [01m[K/opt/ros/humble/include/rclcpp/rclcpp/memory_strategies.hpp:18[m[K,
[7.313s]                  from [01m[K/opt/ros/humble/include/rclcpp/rclcpp/executor_options.hpp:20[m[K,
[7.313s]                  from [01m[K/opt/ros/humble/include/rclcpp/rclcpp/executor.hpp:37[m[K,
[7.313s]                  from [01m[K/opt/ros/humble/include/rclcpp/rclcpp/executors/multi_threaded_executor.hpp:25[m[K,
[7.313s]                  from [01m[K/opt/ros/humble/include/rclcpp/rclcpp/executors.hpp:21[m[K,
[7.313s]                  from [01m[K/opt/ros/humble/include/rclcpp/rclcpp/rclcpp.hpp:155[m[K,
[7.313s]                  from [01m[K/home/jajayu/TomatoHarvesting_NextBestView/nbv_code/ros2_ws2/src/my_robot_nbv_cmake/src/BestViewModel.cpp:5[m[K:
[7.313s] [01m[K/home/jajayu/TomatoHarvesting_NextBestView/nbv_code/ros2_ws2/src/my_robot_nbv_cmake/src/BestViewModel.cpp:96:35:[m[K [01;31m[Kerror: [m[K‘[01m[Kclass BestViewModel[m[K’ has no member named ‘[01m[Kget_logger[m[K’
[7.313s]    96 |                 RCLCPP_INFO(this->[01;31m[Kget_logger[m[K(), "%d-th ray", i);
[7.313s]       |                                   [01;31m[K^~~~~~~~~~[m[K
[7.314s] [01m[K/home/jajayu/TomatoHarvesting_NextBestView/nbv_code/ros2_ws2/src/my_robot_nbv_cmake/src/BestViewModel.cpp:96:35:[m[K [01;31m[Kerror: [m[K‘[01m[Kclass BestViewModel[m[K’ has no member named ‘[01m[Kget_logger[m[K’
[7.314s]    96 |                 RCLCPP_INFO(this->[01;31m[Kget_logger[m[K(), "%d-th ray", i);
[7.314s]       |                                   [01;31m[K^~~~~~~~~~[m[K
[7.314s] In file included from [01m[K/opt/ros/humble/include/rclcpp/rclcpp/client.hpp:40[m[K,
[7.314s]                  from [01m[K/opt/ros/humble/include/rclcpp/rclcpp/callback_group.hpp:24[m[K,
[7.314s]                  from [01m[K/opt/ros/humble/include/rclcpp/rclcpp/any_executable.hpp:20[m[K,
[7.314s]                  from [01m[K/opt/ros/humble/include/rclcpp/rclcpp/memory_strategy.hpp:25[m[K,
[7.314s]                  from [01m[K/opt/ros/humble/include/rclcpp/rclcpp/memory_strategies.hpp:18[m[K,
[7.314s]                  from [01m[K/opt/ros/humble/include/rclcpp/rclcpp/executor_options.hpp:20[m[K,
[7.314s]                  from [01m[K/opt/ros/humble/include/rclcpp/rclcpp/executor.hpp:37[m[K,
[7.314s]                  from [01m[K/opt/ros/humble/include/rclcpp/rclcpp/executors/multi_threaded_executor.hpp:25[m[K,
[7.314s]                  from [01m[K/opt/ros/humble/include/rclcpp/rclcpp/executors.hpp:21[m[K,
[7.314s]                  from [01m[K/opt/ros/humble/include/rclcpp/rclcpp/rclcpp.hpp:155[m[K,
[7.314s]                  from [01m[K/home/jajayu/TomatoHarvesting_NextBestView/nbv_code/ros2_ws2/src/my_robot_nbv_cmake/src/BestViewModel.cpp:5[m[K:
[7.314s] [01m[K/home/jajayu/TomatoHarvesting_NextBestView/nbv_code/ros2_ws2/src/my_robot_nbv_cmake/src/BestViewModel.cpp:97:35:[m[K [01;31m[Kerror: [m[K‘[01m[Kclass BestViewModel[m[K’ has no member named ‘[01m[Kget_logger[m[K’
[7.314s]    97 |                 RCLCPP_INFO(this->[01;31m[Kget_logger[m[K(), " ");
[7.314s]       |                                   [01;31m[K^~~~~~~~~~[m[K
[7.314s] [01m[K/home/jajayu/TomatoHarvesting_NextBestView/nbv_code/ros2_ws2/src/my_robot_nbv_cmake/src/BestViewModel.cpp:97:35:[m[K [01;31m[Kerror: [m[K‘[01m[Kclass BestViewModel[m[K’ has no member named ‘[01m[Kget_logger[m[K’
[7.315s] [01m[K/home/jajayu/TomatoHarvesting_NextBestView/nbv_code/ros2_ws2/src/my_robot_nbv_cmake/src/BestViewModel.cpp:97:17:[m[K [01;31m[Kerror: [m[Ktemplate argument 1 is invalid
[7.315s]    97 |                 [01;31m[KRCLCPP_INFO[m[K(this->get_logger(), " ");
[7.315s]       |                 [01;31m[K^~~~~~~~~~~[m[K
[7.315s] [01m[K/home/jajayu/TomatoHarvesting_NextBestView/nbv_code/ros2_ws2/src/my_robot_nbv_cmake/src/BestViewModel.cpp:97:17:[m[K [01;31m[Kerror: [m[Ktemplate argument 1 is invalid
[7.315s]    97 |                 [01;31m[KRCLCPP_INFO[m[K(this->get_logger(), " ");
[7.315s]       |                 [01;31m[K^~~~~~~~~~~[m[K
[7.315s] [01m[K/home/jajayu/TomatoHarvesting_NextBestView/nbv_code/ros2_ws2/src/my_robot_nbv_cmake/src/BestViewModel.cpp:97:17:[m[K [01;31m[Kerror: [m[Ktemplate argument 1 is invalid
[7.315s]    97 |                 [01;31m[KRCLCPP_INFO[m[K(this->get_logger(), " ");
[7.315s]       |                 [01;31m[K^~~~~~~~~~~[m[K
[7.315s] In file included from [01m[K/opt/ros/humble/include/rclcpp/rclcpp/logging.hpp:24[m[K,
[7.315s]                  from [01m[K/opt/ros/humble/include/rclcpp/rclcpp/client.hpp:40[m[K,
[7.315s]                  from [01m[K/opt/ros/humble/include/rclcpp/rclcpp/callback_group.hpp:24[m[K,
[7.315s]                  from [01m[K/opt/ros/humble/include/rclcpp/rclcpp/any_executable.hpp:20[m[K,
[7.315s]                  from [01m[K/opt/ros/humble/include/rclcpp/rclcpp/memory_strategy.hpp:25[m[K,
[7.315s]                  from [01m[K/opt/ros/humble/include/rclcpp/rclcpp/memory_strategies.hpp:18[m[K,
[7.315s]                  from [01m[K/opt/ros/humble/include/rclcpp/rclcpp/executor_options.hpp:20[m[K,
[7.315s]                  from [01m[K/opt/ros/humble/include/rclcpp/rclcpp/executor.hpp:37[m[K,
[7.315s]                  from [01m[K/opt/ros/humble/include/rclcpp/rclcpp/executors/multi_threaded_executor.hpp:25[m[K,
[7.315s]                  from [01m[K/opt/ros/humble/include/rclcpp/rclcpp/executors.hpp:21[m[K,
[7.316s]                  from [01m[K/opt/ros/humble/include/rclcpp/rclcpp/rclcpp.hpp:155[m[K,
[7.316s]                  from [01m[K/home/jajayu/TomatoHarvesting_NextBestView/nbv_code/ros2_ws2/src/my_robot_nbv_cmake/src/BestViewModel.cpp:5[m[K:
[7.316s] [01m[K/home/jajayu/TomatoHarvesting_NextBestView/nbv_code/ros2_ws2/src/my_robot_nbv_cmake/src/BestViewModel.cpp:97:35:[m[K [01;31m[Kerror: [m[K‘[01m[Kclass BestViewModel[m[K’ has no member named ‘[01m[Kget_logger[m[K’
[7.316s]    97 |                 RCLCPP_INFO(this->[01;31m[Kget_logger[m[K(), " ");
[7.316s]       |                                   [01;31m[K^~~~~~~~~~[m[K
[7.316s] [01m[K/home/jajayu/TomatoHarvesting_NextBestView/nbv_code/ros2_ws2/src/my_robot_nbv_cmake/src/BestViewModel.cpp:97:35:[m[K [01;31m[Kerror: [m[K‘[01m[Kclass BestViewModel[m[K’ has no member named ‘[01m[Kget_logger[m[K’
[7.316s]    97 |                 RCLCPP_INFO(this->[01;31m[Kget_logger[m[K(), " ");
[7.316s]       |                                   [01;31m[K^~~~~~~~~~[m[K
[10.992s] gmake[2]: *** [CMakeFiles/BestViewModel.dir/build.make:76: CMakeFiles/BestViewModel.dir/src/BestViewModel.cpp.o] Error 1
[10.992s] gmake[1]: *** [CMakeFiles/Makefile2:223: CMakeFiles/BestViewModel.dir/all] Error 2
[10.992s] gmake: *** [Makefile:146: all] Error 2
[11.009s] Invoked command in '/home/jajayu/TomatoHarvesting_NextBestView/nbv_code/ros2_ws2/build/my_robot_nbv_cmake' returned '2': CMAKE_PREFIX_PATH=${CMAKE_PREFIX_PATH}:/home/jajayu/TomatoHarvesting_NextBestView/nbv_code/ros2_ws2/install/my_robot_nbv:/home/jajayu/TomatoHarvesting_NextBestView/nbv_code/ros2_ws2/install/my_robot_cam:/home/jajayu/ros2_ws/install/webots_ros2_tests:/home/jajayu/ros2_ws/install/webots_ros2:/home/jajayu/ros2_ws/install/pcd_demo:/home/jajayu/ros2_ws/install/my_robot_controller:/home/jajayu/ros2_ws/install/my_robot_cam:/home/jajayu/ros2_ws/install/gazebo_tutorial:/opt/ros/humble /home/jajayu/.local/bin/cmake --build /home/jajayu/TomatoHarvesting_NextBestView/nbv_code/ros2_ws2/build/my_robot_nbv_cmake -- -j8 -l8
