[0.106s] Invoking command in '/home/jajayu/TomatoHarvesting_NextBestView/nbv_code/ros2_ws2/build/message_interfaces': CMAKE_PREFIX_PATH=${CMAKE_PREFIX_PATH}:/home/jajayu/TomatoHarvesting_NextBestView/nbv_code/ros2_ws2/install/my_robot_nbv:/home/jajayu/TomatoHarvesting_NextBestView/nbv_code/ros2_ws2/install/my_robot_cam:/home/jajayu/ros2_ws/install/webots_ros2_tests:/home/jajayu/ros2_ws/install/webots_ros2:/home/jajayu/ros2_ws/install/pcd_demo:/home/jajayu/ros2_ws/install/my_robot_controller:/home/jajayu/ros2_ws/install/my_robot_cam:/home/jajayu/ros2_ws/install/gazebo_tutorial:/opt/ros/humble /home/jajayu/.local/bin/cmake --build /home/jajayu/TomatoHarvesting_NextBestView/nbv_code/ros2_ws2/build/message_interfaces -- -j8 -l8
[0.871s] [  2%] Built target message_interfaces__cpp
[0.872s] [  2%] Built target ament_cmake_python_copy_message_interfaces
[0.872s] [ 12%] Built target message_interfaces__rosidl_typesupport_introspection_cpp
[1.504s] running egg_info
[1.510s] writing message_interfaces.egg-info/PKG-INFO
[1.510s] writing dependency_links to message_interfaces.egg-info/dependency_links.txt
[1.510s] writing top-level names to message_interfaces.egg-info/top_level.txt
[1.528s] reading manifest file 'message_interfaces.egg-info/SOURCES.txt'
[1.541s] writing manifest file 'message_interfaces.egg-info/SOURCES.txt'
[1.612s] [ 12%] Built target ament_cmake_python_build_message_interfaces_egg
[1.685s] [ 23%] Built target message_interfaces__rosidl_typesupport_fastrtps_cpp
[1.719s] [ 33%] Built target message_interfaces__rosidl_typesupport_cpp
[1.765s] [ 43%] Built target message_interfaces__rosidl_generator_c
[1.834s] [ 53%] Built target message_interfaces__rosidl_typesupport_fastrtps_c
[1.898s] [ 64%] Built target message_interfaces__rosidl_typesupport_c
[1.948s] [ 74%] Built target message_interfaces__rosidl_typesupport_introspection_c
[2.018s] [ 74%] Built target message_interfaces
[2.106s] [ 76%] Built target message_interfaces__py
[2.210s] [ 84%] Built target message_interfaces__rosidl_generator_py
[2.284s] [ 89%] Built target message_interfaces__rosidl_typesupport_fastrtps_c__pyext
[2.333s] [ 94%] Built target message_interfaces__rosidl_typesupport_c__pyext
[2.374s] [100%] Built target message_interfaces__rosidl_typesupport_introspection_c__pyext
[2.420s] Invoked command in '/home/jajayu/TomatoHarvesting_NextBestView/nbv_code/ros2_ws2/build/message_interfaces' returned '0': CMAKE_PREFIX_PATH=${CMAKE_PREFIX_PATH}:/home/jajayu/TomatoHarvesting_NextBestView/nbv_code/ros2_ws2/install/my_robot_nbv:/home/jajayu/TomatoHarvesting_NextBestView/nbv_code/ros2_ws2/install/my_robot_cam:/home/jajayu/ros2_ws/install/webots_ros2_tests:/home/jajayu/ros2_ws/install/webots_ros2:/home/jajayu/ros2_ws/install/pcd_demo:/home/jajayu/ros2_ws/install/my_robot_controller:/home/jajayu/ros2_ws/install/my_robot_cam:/home/jajayu/ros2_ws/install/gazebo_tutorial:/opt/ros/humble /home/jajayu/.local/bin/cmake --build /home/jajayu/TomatoHarvesting_NextBestView/nbv_code/ros2_ws2/build/message_interfaces -- -j8 -l8
[3.073s] Invoking command in '/home/jajayu/TomatoHarvesting_NextBestView/nbv_code/ros2_ws2/build/message_interfaces': CMAKE_PREFIX_PATH=${CMAKE_PREFIX_PATH}:/home/jajayu/TomatoHarvesting_NextBestView/nbv_code/ros2_ws2/install/my_robot_nbv:/home/jajayu/TomatoHarvesting_NextBestView/nbv_code/ros2_ws2/install/my_robot_cam:/home/jajayu/ros2_ws/install/webots_ros2_tests:/home/jajayu/ros2_ws/install/webots_ros2:/home/jajayu/ros2_ws/install/pcd_demo:/home/jajayu/ros2_ws/install/my_robot_controller:/home/jajayu/ros2_ws/install/my_robot_cam:/home/jajayu/ros2_ws/install/gazebo_tutorial:/opt/ros/humble /home/jajayu/.local/bin/cmake --install /home/jajayu/TomatoHarvesting_NextBestView/nbv_code/ros2_ws2/build/message_interfaces
[3.346s] -- Install configuration: ""
[3.346s] -- Up-to-date: /home/jajayu/TomatoHarvesting_NextBestView/nbv_code/ros2_ws2/install/message_interfaces/share/ament_index/resource_index/rosidl_interfaces/message_interfaces
[3.346s] -- Up-to-date: /home/jajayu/TomatoHarvesting_NextBestView/nbv_code/ros2_ws2/install/message_interfaces/include/message_interfaces/message_interfaces
[3.346s] -- Up-to-date: /home/jajayu/TomatoHarvesting_NextBestView/nbv_code/ros2_ws2/install/message_interfaces/include/message_interfaces/message_interfaces/msg
[3.348s] -- Up-to-date: /home/jajayu/TomatoHarvesting_NextBestView/nbv_code/ros2_ws2/install/message_interfaces/include/message_interfaces/message_interfaces/msg/node_status.h
[3.348s] -- Up-to-date: /home/jajayu/TomatoHarvesting_NextBestView/nbv_code/ros2_ws2/install/message_interfaces/include/message_interfaces/message_interfaces/msg/detail
[3.350s] -- Up-to-date: /home/jajayu/TomatoHarvesting_NextBestView/nbv_code/ros2_ws2/install/message_interfaces/include/message_interfaces/message_interfaces/msg/detail/bounding_box__functions.c
[3.350s] -- Up-to-date: /home/jajayu/TomatoHarvesting_NextBestView/nbv_code/ros2_ws2/install/message_interfaces/include/message_interfaces/message_interfaces/msg/detail/node_status__struct.h
[3.350s] -- Up-to-date: /home/jajayu/TomatoHarvesting_NextBestView/nbv_code/ros2_ws2/install/message_interfaces/include/message_interfaces/message_interfaces/msg/detail/bounding_box__functions.h
[3.351s] -- Up-to-date: /home/jajayu/TomatoHarvesting_NextBestView/nbv_code/ros2_ws2/install/message_interfaces/include/message_interfaces/message_interfaces/msg/detail/node_status__functions.c
[3.355s] -- Up-to-date: /home/jajayu/TomatoHarvesting_NextBestView/nbv_code/ros2_ws2/install/message_interfaces/include/message_interfaces/message_interfaces/msg/detail/bounding_box__type_support.h
[3.355s] -- Up-to-date: /home/jajayu/TomatoHarvesting_NextBestView/nbv_code/ros2_ws2/install/message_interfaces/include/message_interfaces/message_interfaces/msg/detail/node_status__type_support.h
[3.355s] -- Up-to-date: /home/jajayu/TomatoHarvesting_NextBestView/nbv_code/ros2_ws2/install/message_interfaces/include/message_interfaces/message_interfaces/msg/detail/bounding_box__struct.h
[3.355s] -- Up-to-date: /home/jajayu/TomatoHarvesting_NextBestView/nbv_code/ros2_ws2/install/message_interfaces/include/message_interfaces/message_interfaces/msg/detail/node_status__functions.h
[3.356s] -- Up-to-date: /home/jajayu/TomatoHarvesting_NextBestView/nbv_code/ros2_ws2/install/message_interfaces/include/message_interfaces/message_interfaces/msg/rosidl_generator_c__visibility_control.h
[3.356s] -- Up-to-date: /home/jajayu/TomatoHarvesting_NextBestView/nbv_code/ros2_ws2/install/message_interfaces/include/message_interfaces/message_interfaces/msg/bounding_box.h
[3.356s] -- Up-to-date: /home/jajayu/TomatoHarvesting_NextBestView/nbv_code/ros2_ws2/install/message_interfaces/share/message_interfaces/environment/library_path.sh
[3.356s] -- Up-to-date: /home/jajayu/TomatoHarvesting_NextBestView/nbv_code/ros2_ws2/install/message_interfaces/share/message_interfaces/environment/library_path.dsv
[3.356s] -- Up-to-date: /home/jajayu/TomatoHarvesting_NextBestView/nbv_code/ros2_ws2/install/message_interfaces/lib/libmessage_interfaces__rosidl_generator_c.so
[3.356s] -- Up-to-date: /home/jajayu/TomatoHarvesting_NextBestView/nbv_code/ros2_ws2/install/message_interfaces/include/message_interfaces/message_interfaces
[3.356s] -- Up-to-date: /home/jajayu/TomatoHarvesting_NextBestView/nbv_code/ros2_ws2/install/message_interfaces/include/message_interfaces/message_interfaces/msg
[3.357s] -- Up-to-date: /home/jajayu/TomatoHarvesting_NextBestView/nbv_code/ros2_ws2/install/message_interfaces/include/message_interfaces/message_interfaces/msg/detail
[3.358s] -- Up-to-date: /home/jajayu/TomatoHarvesting_NextBestView/nbv_code/ros2_ws2/install/message_interfaces/include/message_interfaces/message_interfaces/msg/detail/node_status__rosidl_typesupport_fastrtps_c.h
[3.359s] -- Up-to-date: /home/jajayu/TomatoHarvesting_NextBestView/nbv_code/ros2_ws2/install/message_interfaces/include/message_interfaces/message_interfaces/msg/detail/bounding_box__rosidl_typesupport_fastrtps_c.h
[3.359s] -- Up-to-date: /home/jajayu/TomatoHarvesting_NextBestView/nbv_code/ros2_ws2/install/message_interfaces/include/message_interfaces/message_interfaces/msg/rosidl_typesupport_fastrtps_c__visibility_control.h
[3.359s] -- Up-to-date: /home/jajayu/TomatoHarvesting_NextBestView/nbv_code/ros2_ws2/install/message_interfaces/lib/libmessage_interfaces__rosidl_typesupport_fastrtps_c.so
[3.359s] -- Up-to-date: /home/jajayu/TomatoHarvesting_NextBestView/nbv_code/ros2_ws2/install/message_interfaces/include/message_interfaces/message_interfaces
[3.359s] -- Up-to-date: /home/jajayu/TomatoHarvesting_NextBestView/nbv_code/ros2_ws2/install/message_interfaces/include/message_interfaces/message_interfaces/msg
[3.359s] -- Up-to-date: /home/jajayu/TomatoHarvesting_NextBestView/nbv_code/ros2_ws2/install/message_interfaces/include/message_interfaces/message_interfaces/msg/detail
[3.359s] -- Up-to-date: /home/jajayu/TomatoHarvesting_NextBestView/nbv_code/ros2_ws2/install/message_interfaces/include/message_interfaces/message_interfaces/msg/detail/node_status__type_support.c
[3.359s] -- Up-to-date: /home/jajayu/TomatoHarvesting_NextBestView/nbv_code/ros2_ws2/install/message_interfaces/include/message_interfaces/message_interfaces/msg/detail/bounding_box__rosidl_typesupport_introspection_c.h
[3.365s] -- Up-to-date: /home/jajayu/TomatoHarvesting_NextBestView/nbv_code/ros2_ws2/install/message_interfaces/include/message_interfaces/message_interfaces/msg/detail/node_status__rosidl_typesupport_introspection_c.h
[3.365s] -- Up-to-date: /home/jajayu/TomatoHarvesting_NextBestView/nbv_code/ros2_ws2/install/message_interfaces/include/message_interfaces/message_interfaces/msg/detail/bounding_box__type_support.c
[3.365s] -- Up-to-date: /home/jajayu/TomatoHarvesting_NextBestView/nbv_code/ros2_ws2/install/message_interfaces/include/message_interfaces/message_interfaces/msg/rosidl_typesupport_introspection_c__visibility_control.h
[3.368s] -- Up-to-date: /home/jajayu/TomatoHarvesting_NextBestView/nbv_code/ros2_ws2/install/message_interfaces/lib/libmessage_interfaces__rosidl_typesupport_introspection_c.so
[3.369s] -- Up-to-date: /home/jajayu/TomatoHarvesting_NextBestView/nbv_code/ros2_ws2/install/message_interfaces/lib/libmessage_interfaces__rosidl_typesupport_c.so
[3.369s] -- Up-to-date: /home/jajayu/TomatoHarvesting_NextBestView/nbv_code/ros2_ws2/install/message_interfaces/include/message_interfaces/message_interfaces
[3.369s] -- Up-to-date: /home/jajayu/TomatoHarvesting_NextBestView/nbv_code/ros2_ws2/install/message_interfaces/include/message_interfaces/message_interfaces/msg
[3.369s] -- Up-to-date: /home/jajayu/TomatoHarvesting_NextBestView/nbv_code/ros2_ws2/install/message_interfaces/include/message_interfaces/message_interfaces/msg/bounding_box.hpp
[3.369s] -- Up-to-date: /home/jajayu/TomatoHarvesting_NextBestView/nbv_code/ros2_ws2/install/message_interfaces/include/message_interfaces/message_interfaces/msg/detail
[3.369s] -- Up-to-date: /home/jajayu/TomatoHarvesting_NextBestView/nbv_code/ros2_ws2/install/message_interfaces/include/message_interfaces/message_interfaces/msg/detail/bounding_box__builder.hpp
[3.369s] -- Up-to-date: /home/jajayu/TomatoHarvesting_NextBestView/nbv_code/ros2_ws2/install/message_interfaces/include/message_interfaces/message_interfaces/msg/detail/node_status__traits.hpp
[3.372s] -- Up-to-date: /home/jajayu/TomatoHarvesting_NextBestView/nbv_code/ros2_ws2/install/message_interfaces/include/message_interfaces/message_interfaces/msg/detail/node_status__builder.hpp
[3.377s] -- Up-to-date: /home/jajayu/TomatoHarvesting_NextBestView/nbv_code/ros2_ws2/install/message_interfaces/include/message_interfaces/message_interfaces/msg/detail/bounding_box__struct.hpp
[3.377s] -- Up-to-date: /home/jajayu/TomatoHarvesting_NextBestView/nbv_code/ros2_ws2/install/message_interfaces/include/message_interfaces/message_interfaces/msg/detail/bounding_box__traits.hpp
[3.377s] -- Up-to-date: /home/jajayu/TomatoHarvesting_NextBestView/nbv_code/ros2_ws2/install/message_interfaces/include/message_interfaces/message_interfaces/msg/detail/node_status__struct.hpp
[3.377s] -- Up-to-date: /home/jajayu/TomatoHarvesting_NextBestView/nbv_code/ros2_ws2/install/message_interfaces/include/message_interfaces/message_interfaces/msg/node_status.hpp
[3.377s] -- Up-to-date: /home/jajayu/TomatoHarvesting_NextBestView/nbv_code/ros2_ws2/install/message_interfaces/include/message_interfaces/message_interfaces
[3.377s] -- Up-to-date: /home/jajayu/TomatoHarvesting_NextBestView/nbv_code/ros2_ws2/install/message_interfaces/include/message_interfaces/message_interfaces/msg
[3.378s] -- Up-to-date: /home/jajayu/TomatoHarvesting_NextBestView/nbv_code/ros2_ws2/install/message_interfaces/include/message_interfaces/message_interfaces/msg/detail
[3.378s] -- Up-to-date: /home/jajayu/TomatoHarvesting_NextBestView/nbv_code/ros2_ws2/install/message_interfaces/include/message_interfaces/message_interfaces/msg/detail/bounding_box__rosidl_typesupport_fastrtps_cpp.hpp
[3.378s] -- Up-to-date: /home/jajayu/TomatoHarvesting_NextBestView/nbv_code/ros2_ws2/install/message_interfaces/include/message_interfaces/message_interfaces/msg/detail/dds_fastrtps
[3.378s] -- Up-to-date: /home/jajayu/TomatoHarvesting_NextBestView/nbv_code/ros2_ws2/install/message_interfaces/include/message_interfaces/message_interfaces/msg/detail/node_status__rosidl_typesupport_fastrtps_cpp.hpp
[3.378s] -- Up-to-date: /home/jajayu/TomatoHarvesting_NextBestView/nbv_code/ros2_ws2/install/message_interfaces/include/message_interfaces/message_interfaces/msg/rosidl_typesupport_fastrtps_cpp__visibility_control.h
[3.378s] -- Up-to-date: /home/jajayu/TomatoHarvesting_NextBestView/nbv_code/ros2_ws2/install/message_interfaces/lib/libmessage_interfaces__rosidl_typesupport_fastrtps_cpp.so
[3.378s] -- Up-to-date: /home/jajayu/TomatoHarvesting_NextBestView/nbv_code/ros2_ws2/install/message_interfaces/include/message_interfaces/message_interfaces
[3.378s] -- Up-to-date: /home/jajayu/TomatoHarvesting_NextBestView/nbv_code/ros2_ws2/install/message_interfaces/include/message_interfaces/message_interfaces/msg
[3.379s] -- Up-to-date: /home/jajayu/TomatoHarvesting_NextBestView/nbv_code/ros2_ws2/install/message_interfaces/include/message_interfaces/message_interfaces/msg/detail
[3.379s] -- Up-to-date: /home/jajayu/TomatoHarvesting_NextBestView/nbv_code/ros2_ws2/install/message_interfaces/include/message_interfaces/message_interfaces/msg/detail/bounding_box__rosidl_typesupport_introspection_cpp.hpp
[3.379s] -- Up-to-date: /home/jajayu/TomatoHarvesting_NextBestView/nbv_code/ros2_ws2/install/message_interfaces/include/message_interfaces/message_interfaces/msg/detail/node_status__type_support.cpp
[3.380s] -- Up-to-date: /home/jajayu/TomatoHarvesting_NextBestView/nbv_code/ros2_ws2/install/message_interfaces/include/message_interfaces/message_interfaces/msg/detail/bounding_box__type_support.cpp
[3.384s] -- Up-to-date: /home/jajayu/TomatoHarvesting_NextBestView/nbv_code/ros2_ws2/install/message_interfaces/include/message_interfaces/message_interfaces/msg/detail/node_status__rosidl_typesupport_introspection_cpp.hpp
[3.384s] -- Up-to-date: /home/jajayu/TomatoHarvesting_NextBestView/nbv_code/ros2_ws2/install/message_interfaces/lib/libmessage_interfaces__rosidl_typesupport_introspection_cpp.so
[3.384s] -- Up-to-date: /home/jajayu/TomatoHarvesting_NextBestView/nbv_code/ros2_ws2/install/message_interfaces/lib/libmessage_interfaces__rosidl_typesupport_cpp.so
[3.384s] -- Up-to-date: /home/jajayu/TomatoHarvesting_NextBestView/nbv_code/ros2_ws2/install/message_interfaces/share/message_interfaces/environment/pythonpath.sh
[3.384s] -- Up-to-date: /home/jajayu/TomatoHarvesting_NextBestView/nbv_code/ros2_ws2/install/message_interfaces/share/message_interfaces/environment/pythonpath.dsv
[3.384s] -- Up-to-date: /home/jajayu/TomatoHarvesting_NextBestView/nbv_code/ros2_ws2/install/message_interfaces/local/lib/python3.10/dist-packages/message_interfaces-0.0.0-py3.10.egg-info
[3.384s] -- Installing: /home/jajayu/TomatoHarvesting_NextBestView/nbv_code/ros2_ws2/install/message_interfaces/local/lib/python3.10/dist-packages/message_interfaces-0.0.0-py3.10.egg-info/PKG-INFO
[3.384s] -- Installing: /home/jajayu/TomatoHarvesting_NextBestView/nbv_code/ros2_ws2/install/message_interfaces/local/lib/python3.10/dist-packages/message_interfaces-0.0.0-py3.10.egg-info/dependency_links.txt
[3.384s] -- Installing: /home/jajayu/TomatoHarvesting_NextBestView/nbv_code/ros2_ws2/install/message_interfaces/local/lib/python3.10/dist-packages/message_interfaces-0.0.0-py3.10.egg-info/SOURCES.txt
[3.384s] -- Installing: /home/jajayu/TomatoHarvesting_NextBestView/nbv_code/ros2_ws2/install/message_interfaces/local/lib/python3.10/dist-packages/message_interfaces-0.0.0-py3.10.egg-info/top_level.txt
[3.384s] -- Up-to-date: /home/jajayu/TomatoHarvesting_NextBestView/nbv_code/ros2_ws2/install/message_interfaces/local/lib/python3.10/dist-packages/message_interfaces
[3.384s] -- Up-to-date: /home/jajayu/TomatoHarvesting_NextBestView/nbv_code/ros2_ws2/install/message_interfaces/local/lib/python3.10/dist-packages/message_interfaces/message_interfaces_s__rosidl_typesupport_c.cpython-310-x86_64-linux-gnu.so
[3.384s] -- Up-to-date: /home/jajayu/TomatoHarvesting_NextBestView/nbv_code/ros2_ws2/install/message_interfaces/local/lib/python3.10/dist-packages/message_interfaces/message_interfaces_s__rosidl_typesupport_fastrtps_c.cpython-310-x86_64-linux-gnu.so
[3.385s] -- Up-to-date: /home/jajayu/TomatoHarvesting_NextBestView/nbv_code/ros2_ws2/install/message_interfaces/local/lib/python3.10/dist-packages/message_interfaces/_message_interfaces_s.ep.rosidl_typesupport_fastrtps_c.c
[3.385s] -- Up-to-date: /home/jajayu/TomatoHarvesting_NextBestView/nbv_code/ros2_ws2/install/message_interfaces/local/lib/python3.10/dist-packages/message_interfaces/_message_interfaces_s.ep.rosidl_typesupport_introspection_c.c
[3.391s] -- Up-to-date: /home/jajayu/TomatoHarvesting_NextBestView/nbv_code/ros2_ws2/install/message_interfaces/local/lib/python3.10/dist-packages/message_interfaces/message_interfaces_s__rosidl_typesupport_introspection_c.cpython-310-x86_64-linux-gnu.so
[3.391s] -- Up-to-date: /home/jajayu/TomatoHarvesting_NextBestView/nbv_code/ros2_ws2/install/message_interfaces/local/lib/python3.10/dist-packages/message_interfaces/_message_interfaces_s.ep.rosidl_typesupport_c.c
[3.391s] -- Up-to-date: /home/jajayu/TomatoHarvesting_NextBestView/nbv_code/ros2_ws2/install/message_interfaces/local/lib/python3.10/dist-packages/message_interfaces/libmessage_interfaces__rosidl_generator_py.so
[3.391s] -- Up-to-date: /home/jajayu/TomatoHarvesting_NextBestView/nbv_code/ros2_ws2/install/message_interfaces/local/lib/python3.10/dist-packages/message_interfaces/msg
[3.391s] -- Up-to-date: /home/jajayu/TomatoHarvesting_NextBestView/nbv_code/ros2_ws2/install/message_interfaces/local/lib/python3.10/dist-packages/message_interfaces/msg/_bounding_box_s.c
[3.391s] -- Up-to-date: /home/jajayu/TomatoHarvesting_NextBestView/nbv_code/ros2_ws2/install/message_interfaces/local/lib/python3.10/dist-packages/message_interfaces/msg/_node_status_s.c
[3.391s] -- Up-to-date: /home/jajayu/TomatoHarvesting_NextBestView/nbv_code/ros2_ws2/install/message_interfaces/local/lib/python3.10/dist-packages/message_interfaces/msg/_bounding_box.py
[3.391s] -- Up-to-date: /home/jajayu/TomatoHarvesting_NextBestView/nbv_code/ros2_ws2/install/message_interfaces/local/lib/python3.10/dist-packages/message_interfaces/msg/__init__.py
[3.391s] -- Up-to-date: /home/jajayu/TomatoHarvesting_NextBestView/nbv_code/ros2_ws2/install/message_interfaces/local/lib/python3.10/dist-packages/message_interfaces/msg/_node_status.py
[3.391s] -- Up-to-date: /home/jajayu/TomatoHarvesting_NextBestView/nbv_code/ros2_ws2/install/message_interfaces/local/lib/python3.10/dist-packages/message_interfaces/__init__.py
[3.485s] Listing '/home/jajayu/TomatoHarvesting_NextBestView/nbv_code/ros2_ws2/install/message_interfaces/local/lib/python3.10/dist-packages/message_interfaces'...
[3.485s] Listing '/home/jajayu/TomatoHarvesting_NextBestView/nbv_code/ros2_ws2/install/message_interfaces/local/lib/python3.10/dist-packages/message_interfaces/msg'...
[3.486s] -- Up-to-date: /home/jajayu/TomatoHarvesting_NextBestView/nbv_code/ros2_ws2/install/message_interfaces/local/lib/python3.10/dist-packages/message_interfaces/message_interfaces_s__rosidl_typesupport_fastrtps_c.cpython-310-x86_64-linux-gnu.so
[3.488s] -- Up-to-date: /home/jajayu/TomatoHarvesting_NextBestView/nbv_code/ros2_ws2/install/message_interfaces/local/lib/python3.10/dist-packages/message_interfaces/message_interfaces_s__rosidl_typesupport_introspection_c.cpython-310-x86_64-linux-gnu.so
[3.494s] -- Up-to-date: /home/jajayu/TomatoHarvesting_NextBestView/nbv_code/ros2_ws2/install/message_interfaces/local/lib/python3.10/dist-packages/message_interfaces/message_interfaces_s__rosidl_typesupport_c.cpython-310-x86_64-linux-gnu.so
[3.494s] -- Up-to-date: /home/jajayu/TomatoHarvesting_NextBestView/nbv_code/ros2_ws2/install/message_interfaces/lib/libmessage_interfaces__rosidl_generator_py.so
[3.511s] -- Up-to-date: /home/jajayu/TomatoHarvesting_NextBestView/nbv_code/ros2_ws2/install/message_interfaces/share/message_interfaces/msg/BoundingBox.idl
[3.512s] -- Up-to-date: /home/jajayu/TomatoHarvesting_NextBestView/nbv_code/ros2_ws2/install/message_interfaces/share/message_interfaces/msg/NodeStatus.idl
[3.512s] -- Up-to-date: /home/jajayu/TomatoHarvesting_NextBestView/nbv_code/ros2_ws2/install/message_interfaces/share/message_interfaces/msg/BoundingBox.msg
[3.512s] -- Up-to-date: /home/jajayu/TomatoHarvesting_NextBestView/nbv_code/ros2_ws2/install/message_interfaces/share/message_interfaces/msg/NodeStatus.msg
[3.512s] -- Up-to-date: /home/jajayu/TomatoHarvesting_NextBestView/nbv_code/ros2_ws2/install/message_interfaces/share/ament_index/resource_index/package_run_dependencies/message_interfaces
[3.512s] -- Up-to-date: /home/jajayu/TomatoHarvesting_NextBestView/nbv_code/ros2_ws2/install/message_interfaces/share/ament_index/resource_index/parent_prefix_path/message_interfaces
[3.512s] -- Up-to-date: /home/jajayu/TomatoHarvesting_NextBestView/nbv_code/ros2_ws2/install/message_interfaces/share/message_interfaces/environment/ament_prefix_path.sh
[3.513s] -- Up-to-date: /home/jajayu/TomatoHarvesting_NextBestView/nbv_code/ros2_ws2/install/message_interfaces/share/message_interfaces/environment/ament_prefix_path.dsv
[3.513s] -- Up-to-date: /home/jajayu/TomatoHarvesting_NextBestView/nbv_code/ros2_ws2/install/message_interfaces/share/message_interfaces/environment/path.sh
[3.513s] -- Up-to-date: /home/jajayu/TomatoHarvesting_NextBestView/nbv_code/ros2_ws2/install/message_interfaces/share/message_interfaces/environment/path.dsv
[3.513s] -- Up-to-date: /home/jajayu/TomatoHarvesting_NextBestView/nbv_code/ros2_ws2/install/message_interfaces/share/message_interfaces/local_setup.bash
[3.513s] -- Up-to-date: /home/jajayu/TomatoHarvesting_NextBestView/nbv_code/ros2_ws2/install/message_interfaces/share/message_interfaces/local_setup.sh
[3.513s] -- Up-to-date: /home/jajayu/TomatoHarvesting_NextBestView/nbv_code/ros2_ws2/install/message_interfaces/share/message_interfaces/local_setup.zsh
[3.513s] -- Up-to-date: /home/jajayu/TomatoHarvesting_NextBestView/nbv_code/ros2_ws2/install/message_interfaces/share/message_interfaces/local_setup.dsv
[3.513s] -- Installing: /home/jajayu/TomatoHarvesting_NextBestView/nbv_code/ros2_ws2/install/message_interfaces/share/message_interfaces/package.dsv
[3.513s] -- Up-to-date: /home/jajayu/TomatoHarvesting_NextBestView/nbv_code/ros2_ws2/install/message_interfaces/share/ament_index/resource_index/packages/message_interfaces
[3.519s] -- Up-to-date: /home/jajayu/TomatoHarvesting_NextBestView/nbv_code/ros2_ws2/install/message_interfaces/share/message_interfaces/cmake/export_message_interfaces__rosidl_generator_cExport.cmake
[3.519s] -- Up-to-date: /home/jajayu/TomatoHarvesting_NextBestView/nbv_code/ros2_ws2/install/message_interfaces/share/message_interfaces/cmake/export_message_interfaces__rosidl_generator_cExport-noconfig.cmake
[3.521s] -- Up-to-date: /home/jajayu/TomatoHarvesting_NextBestView/nbv_code/ros2_ws2/install/message_interfaces/share/message_interfaces/cmake/export_message_interfaces__rosidl_typesupport_fastrtps_cExport.cmake
[3.524s] -- Up-to-date: /home/jajayu/TomatoHarvesting_NextBestView/nbv_code/ros2_ws2/install/message_interfaces/share/message_interfaces/cmake/export_message_interfaces__rosidl_typesupport_fastrtps_cExport-noconfig.cmake
[3.524s] -- Up-to-date: /home/jajayu/TomatoHarvesting_NextBestView/nbv_code/ros2_ws2/install/message_interfaces/share/message_interfaces/cmake/message_interfaces__rosidl_typesupport_introspection_cExport.cmake
[3.524s] -- Up-to-date: /home/jajayu/TomatoHarvesting_NextBestView/nbv_code/ros2_ws2/install/message_interfaces/share/message_interfaces/cmake/message_interfaces__rosidl_typesupport_introspection_cExport-noconfig.cmake
[3.524s] -- Up-to-date: /home/jajayu/TomatoHarvesting_NextBestView/nbv_code/ros2_ws2/install/message_interfaces/share/message_interfaces/cmake/message_interfaces__rosidl_typesupport_cExport.cmake
[3.525s] -- Up-to-date: /home/jajayu/TomatoHarvesting_NextBestView/nbv_code/ros2_ws2/install/message_interfaces/share/message_interfaces/cmake/message_interfaces__rosidl_typesupport_cExport-noconfig.cmake
[3.525s] -- Up-to-date: /home/jajayu/TomatoHarvesting_NextBestView/nbv_code/ros2_ws2/install/message_interfaces/share/message_interfaces/cmake/export_message_interfaces__rosidl_generator_cppExport.cmake
[3.525s] -- Up-to-date: /home/jajayu/TomatoHarvesting_NextBestView/nbv_code/ros2_ws2/install/message_interfaces/share/message_interfaces/cmake/export_message_interfaces__rosidl_typesupport_fastrtps_cppExport.cmake
[3.525s] -- Up-to-date: /home/jajayu/TomatoHarvesting_NextBestView/nbv_code/ros2_ws2/install/message_interfaces/share/message_interfaces/cmake/export_message_interfaces__rosidl_typesupport_fastrtps_cppExport-noconfig.cmake
[3.525s] -- Up-to-date: /home/jajayu/TomatoHarvesting_NextBestView/nbv_code/ros2_ws2/install/message_interfaces/share/message_interfaces/cmake/message_interfaces__rosidl_typesupport_introspection_cppExport.cmake
[3.526s] -- Up-to-date: /home/jajayu/TomatoHarvesting_NextBestView/nbv_code/ros2_ws2/install/message_interfaces/share/message_interfaces/cmake/message_interfaces__rosidl_typesupport_introspection_cppExport-noconfig.cmake
[3.532s] -- Up-to-date: /home/jajayu/TomatoHarvesting_NextBestView/nbv_code/ros2_ws2/install/message_interfaces/share/message_interfaces/cmake/message_interfaces__rosidl_typesupport_cppExport.cmake
[3.532s] -- Up-to-date: /home/jajayu/TomatoHarvesting_NextBestView/nbv_code/ros2_ws2/install/message_interfaces/share/message_interfaces/cmake/message_interfaces__rosidl_typesupport_cppExport-noconfig.cmake
[3.537s] -- Up-to-date: /home/jajayu/TomatoHarvesting_NextBestView/nbv_code/ros2_ws2/install/message_interfaces/share/message_interfaces/cmake/export_message_interfaces__rosidl_generator_pyExport.cmake
[3.537s] -- Up-to-date: /home/jajayu/TomatoHarvesting_NextBestView/nbv_code/ros2_ws2/install/message_interfaces/share/message_interfaces/cmake/export_message_interfaces__rosidl_generator_pyExport-noconfig.cmake
[3.545s] -- Up-to-date: /home/jajayu/TomatoHarvesting_NextBestView/nbv_code/ros2_ws2/install/message_interfaces/share/message_interfaces/cmake/rosidl_cmake-extras.cmake
[3.545s] -- Up-to-date: /home/jajayu/TomatoHarvesting_NextBestView/nbv_code/ros2_ws2/install/message_interfaces/share/message_interfaces/cmake/ament_cmake_export_include_directories-extras.cmake
[3.545s] -- Up-to-date: /home/jajayu/TomatoHarvesting_NextBestView/nbv_code/ros2_ws2/install/message_interfaces/share/message_interfaces/cmake/ament_cmake_export_libraries-extras.cmake
[3.545s] -- Up-to-date: /home/jajayu/TomatoHarvesting_NextBestView/nbv_code/ros2_ws2/install/message_interfaces/share/message_interfaces/cmake/ament_cmake_export_targets-extras.cmake
[3.545s] -- Up-to-date: /home/jajayu/TomatoHarvesting_NextBestView/nbv_code/ros2_ws2/install/message_interfaces/share/message_interfaces/cmake/rosidl_cmake_export_typesupport_targets-extras.cmake
[3.546s] -- Up-to-date: /home/jajayu/TomatoHarvesting_NextBestView/nbv_code/ros2_ws2/install/message_interfaces/share/message_interfaces/cmake/ament_cmake_export_dependencies-extras.cmake
[3.546s] -- Up-to-date: /home/jajayu/TomatoHarvesting_NextBestView/nbv_code/ros2_ws2/install/message_interfaces/share/message_interfaces/cmake/rosidl_cmake_export_typesupport_libraries-extras.cmake
[3.546s] -- Up-to-date: /home/jajayu/TomatoHarvesting_NextBestView/nbv_code/ros2_ws2/install/message_interfaces/share/message_interfaces/cmake/message_interfacesConfig.cmake
[3.546s] -- Up-to-date: /home/jajayu/TomatoHarvesting_NextBestView/nbv_code/ros2_ws2/install/message_interfaces/share/message_interfaces/cmake/message_interfacesConfig-version.cmake
[3.547s] -- Up-to-date: /home/jajayu/TomatoHarvesting_NextBestView/nbv_code/ros2_ws2/install/message_interfaces/share/message_interfaces/package.xml
[3.568s] Invoked command in '/home/jajayu/TomatoHarvesting_NextBestView/nbv_code/ros2_ws2/build/message_interfaces' returned '0': CMAKE_PREFIX_PATH=${CMAKE_PREFIX_PATH}:/home/jajayu/TomatoHarvesting_NextBestView/nbv_code/ros2_ws2/install/my_robot_nbv:/home/jajayu/TomatoHarvesting_NextBestView/nbv_code/ros2_ws2/install/my_robot_cam:/home/jajayu/ros2_ws/install/webots_ros2_tests:/home/jajayu/ros2_ws/install/webots_ros2:/home/jajayu/ros2_ws/install/pcd_demo:/home/jajayu/ros2_ws/install/my_robot_controller:/home/jajayu/ros2_ws/install/my_robot_cam:/home/jajayu/ros2_ws/install/gazebo_tutorial:/opt/ros/humble /home/jajayu/.local/bin/cmake --install /home/jajayu/TomatoHarvesting_NextBestView/nbv_code/ros2_ws2/build/message_interfaces
