[0.014s] Invoking command in '/home/jajayu/TomatoHarvesting_NextBestView/nbv_code/ros2_ws2/build/my_robot_nbv_cmake': CMAKE_PREFIX_PATH=${CMAKE_PREFIX_PATH}:/home/jajayu/TomatoHarvesting_NextBestView/nbv_code/ros2_ws2/install/my_robot_nbv:/home/jajayu/TomatoHarvesting_NextBestView/nbv_code/ros2_ws2/install/my_robot_cam:/home/jajayu/ros2_ws/install/webots_ros2_tests:/home/jajayu/ros2_ws/install/webots_ros2:/home/jajayu/ros2_ws/install/pcd_demo:/home/jajayu/ros2_ws/install/my_robot_controller:/home/jajayu/ros2_ws/install/my_robot_cam:/home/jajayu/ros2_ws/install/gazebo_tutorial:/opt/ros/humble /home/jajayu/.local/bin/cmake --build /home/jajayu/TomatoHarvesting_NextBestView/nbv_code/ros2_ws2/build/my_robot_nbv_cmake -- -j8 -l8
[0.155s] [35m[1mConsolidate compiler generated dependencies of target SdfModel[0m
[0.165s] [ 50%] Built target nbvc_ray_generation
[0.175s] [ 75%] [32mBuilding CXX object CMakeFiles/SdfModel.dir/src/SdfModel.cpp.o[0m
[6.235s] [01m[K/home/jajayu/TomatoHarvesting_NextBestView/nbv_code/ros2_ws2/src/my_robot_nbv_cmake/src/SdfModel.cpp:[m[K In member function ‘[01m[Kvoid MeshProcessor::LoadMesh()[m[K’:
[6.235s] [01m[K/home/jajayu/TomatoHarvesting_NextBestView/nbv_code/ros2_ws2/src/my_robot_nbv_cmake/src/SdfModel.cpp:44:63:[m[K [01;31m[Kerror: [m[Kcannot convert ‘[01m[Kstd::shared_ptr<open3d::geometry::TriangleMesh>[m[K’ to ‘[01m[Kconst open3d::geometry::TriangleMesh&[m[K’
[6.235s]    44 |         mesh_ = open3d::t::geometry::TriangleMesh::FromLegacy([01;31m[Kmesh0_[m[K);
[6.235s]       |                                                               [01;31m[K^~~~~~[m[K
[6.235s]       |                                                               [01;31m[K|[m[K
[6.235s]       |                                                               [01;31m[Kstd::shared_ptr<open3d::geometry::TriangleMesh>[m[K
[6.235s] In file included from [01m[K/home/jajayu/open3d_install/include/open3d/t/geometry/PointCloud.h:24[m[K,
[6.236s]                  from [01m[K/home/jajayu/open3d_install/include/open3d/Open3D.h:70[m[K,
[6.236s]                  from [01m[K/home/jajayu/TomatoHarvesting_NextBestView/nbv_code/ros2_ws2/src/my_robot_nbv_cmake/src/SdfModel.cpp:1[m[K:
[6.236s] [01m[K/home/jajayu/open3d_install/include/open3d/t/geometry/TriangleMesh.h:728:51:[m[K [01;36m[Knote: [m[K  initializing argument 1 of ‘[01m[Kstatic open3d::t::geometry::TriangleMesh open3d::t::geometry::TriangleMesh::FromLegacy(const open3d::geometry::TriangleMesh&, open3d::core::Dtype, open3d::core::Dtype, const open3d::core::Device&)[m[K’
[6.236s]   728 |             [01;36m[Kconst open3d::geometry::TriangleMesh &mesh_legacy[m[K,
[6.236s]       |             [01;36m[K~~~~~~~~~~~~~~~~~~~~~~~~~~~~~~~~~~~~~~^~~~~~~~~~~[m[K
[8.022s] gmake[2]: *** [CMakeFiles/SdfModel.dir/build.make:76: CMakeFiles/SdfModel.dir/src/SdfModel.cpp.o] Error 1
[8.023s] gmake[1]: *** [CMakeFiles/Makefile2:165: CMakeFiles/SdfModel.dir/all] Error 2
[8.023s] gmake: *** [Makefile:146: all] Error 2
[8.040s] Invoked command in '/home/jajayu/TomatoHarvesting_NextBestView/nbv_code/ros2_ws2/build/my_robot_nbv_cmake' returned '2': CMAKE_PREFIX_PATH=${CMAKE_PREFIX_PATH}:/home/jajayu/TomatoHarvesting_NextBestView/nbv_code/ros2_ws2/install/my_robot_nbv:/home/jajayu/TomatoHarvesting_NextBestView/nbv_code/ros2_ws2/install/my_robot_cam:/home/jajayu/ros2_ws/install/webots_ros2_tests:/home/jajayu/ros2_ws/install/webots_ros2:/home/jajayu/ros2_ws/install/pcd_demo:/home/jajayu/ros2_ws/install/my_robot_controller:/home/jajayu/ros2_ws/install/my_robot_cam:/home/jajayu/ros2_ws/install/gazebo_tutorial:/opt/ros/humble /home/jajayu/.local/bin/cmake --build /home/jajayu/TomatoHarvesting_NextBestView/nbv_code/ros2_ws2/build/my_robot_nbv_cmake -- -j8 -l8
