[1.464s] Invoking command in '/home/jajayu/TomatoHarvesting_NextBestView/nbv_code/ros2_ws2/src/my_robot_nbv': PYTHONPATH=/home/jajayu/TomatoHarvesting_NextBestView/nbv_code/ros2_ws2/build/my_robot_nbv/prefix_override:/usr/lib/python3/dist-packages/colcon_core/task/python/colcon_distutils_commands:/home/jajayu/TomatoHarvesting_NextBestView/nbv_code/ros2_ws2/install/my_robot_nbv/lib/python3.10/site-packages:${PYTHONPATH} /usr/bin/python3 -W ignore:setup.py install is deprecated setup.py egg_info --egg-base ../../build/my_robot_nbv build --build-base /home/jajayu/TomatoHarvesting_NextBestView/nbv_code/ros2_ws2/build/my_robot_nbv/build install --record /home/jajayu/TomatoHarvesting_NextBestView/nbv_code/ros2_ws2/build/my_robot_nbv/install.log --single-version-externally-managed install_data
[2.379s] running egg_info
[2.382s] writing ../../build/my_robot_nbv/my_robot_nbv.egg-info/PKG-INFO
[2.390s] writing dependency_links to ../../build/my_robot_nbv/my_robot_nbv.egg-info/dependency_links.txt
[2.390s] writing entry points to ../../build/my_robot_nbv/my_robot_nbv.egg-info/entry_points.txt
[2.391s] writing requirements to ../../build/my_robot_nbv/my_robot_nbv.egg-info/requires.txt
[2.391s] writing top-level names to ../../build/my_robot_nbv/my_robot_nbv.egg-info/top_level.txt
[2.395s] reading manifest file '../../build/my_robot_nbv/my_robot_nbv.egg-info/SOURCES.txt'
[2.408s] writing manifest file '../../build/my_robot_nbv/my_robot_nbv.egg-info/SOURCES.txt'
[2.408s] running build
[2.408s] running build_py
[2.408s] running install
[2.411s] running install_lib
[2.413s] running install_data
[2.413s] running install_egg_info
[2.424s] removing '/home/jajayu/TomatoHarvesting_NextBestView/nbv_code/ros2_ws2/install/my_robot_nbv/lib/python3.10/site-packages/my_robot_nbv-0.0.0-py3.10.egg-info' (and everything under it)
[2.425s] Copying ../../build/my_robot_nbv/my_robot_nbv.egg-info to /home/jajayu/TomatoHarvesting_NextBestView/nbv_code/ros2_ws2/install/my_robot_nbv/lib/python3.10/site-packages/my_robot_nbv-0.0.0-py3.10.egg-info
[2.426s] running install_scripts
[2.503s] Installing nbv_tompcd_filter script to /home/jajayu/TomatoHarvesting_NextBestView/nbv_code/ros2_ws2/install/my_robot_nbv/lib/my_robot_nbv
[2.504s] writing list of installed files to '/home/jajayu/TomatoHarvesting_NextBestView/nbv_code/ros2_ws2/build/my_robot_nbv/install.log'
[2.549s] Invoked command in '/home/jajayu/TomatoHarvesting_NextBestView/nbv_code/ros2_ws2/src/my_robot_nbv' returned '0': PYTHONPATH=/home/jajayu/TomatoHarvesting_NextBestView/nbv_code/ros2_ws2/build/my_robot_nbv/prefix_override:/usr/lib/python3/dist-packages/colcon_core/task/python/colcon_distutils_commands:/home/jajayu/TomatoHarvesting_NextBestView/nbv_code/ros2_ws2/install/my_robot_nbv/lib/python3.10/site-packages:${PYTHONPATH} /usr/bin/python3 -W ignore:setup.py install is deprecated setup.py egg_info --egg-base ../../build/my_robot_nbv build --build-base /home/jajayu/TomatoHarvesting_NextBestView/nbv_code/ros2_ws2/build/my_robot_nbv/build install --record /home/jajayu/TomatoHarvesting_NextBestView/nbv_code/ros2_ws2/build/my_robot_nbv/install.log --single-version-externally-managed install_data
