[0.165s] Invoking command in '/home/jajayu/TomatoHarvesting_NextBestView/nbv_code/nbv_for_local_computer/ros2_ws2_local/build/realsense2_description': AMENT_PREFIX_PATH=/home/jajayu/TomatoHarvesting_NextBestView/nbv_code/nbv_for_local_computer/ros2_ws2_local/install/realsense2_camera_msgs:${AMENT_PREFIX_PATH} CMAKE_PREFIX_PATH=/home/jajayu/TomatoHarvesting_NextBestView/nbv_code/nbv_for_local_computer/ros2_ws2_local/install/realsense2_camera_msgs:/home/jajayu/TomatoHarvesting_NextBestView/nbv_code/ros2_ws2/install/realsense2_description:/home/jajayu/TomatoHarvesting_NextBestView/nbv_code/ros2_ws2/install/realsense2_camera:/home/jajayu/TomatoHarvesting_NextBestView/nbv_code/ros2_ws2/install/realsense2_camera_msgs:/home/jajayu/TomatoHarvesting_NextBestView/nbv_code/ros2_ws2/install/octomap_server2:/home/jajayu/TomatoHarvesting_NextBestView/nbv_code/ros2_ws2/install/my_robot_nbv_cmake:/home/jajayu/TomatoHarvesting_NextBestView/nbv_code/ros2_ws2/install/my_bot:/home/jajayu/TomatoHarvesting_NextBestView/nbv_code/ros2_ws2/install/message_interfaces:/home/jajayu/TomatoHarvesting_NextBestView/nbv_code/ros2_ws2/install/my_robot_nbv:/home/jajayu/TomatoHarvesting_NextBestView/nbv_code/ros2_ws2/install/my_robot_cam:/home/jajayu/TomatoHarvesting_NextBestView/nbv_code/ros2_ws2/install/my_robot_arm:/opt/ros/humble LD_LIBRARY_PATH=/home/jajayu/TomatoHarvesting_NextBestView/nbv_code/nbv_for_local_computer/ros2_ws2_local/install/realsense2_camera_msgs/lib:${LD_LIBRARY_PATH} PYTHONPATH=/home/jajayu/TomatoHarvesting_NextBestView/nbv_code/nbv_for_local_computer/ros2_ws2_local/install/realsense2_camera_msgs/local/lib/python3.10/dist-packages:${PYTHONPATH} /home/jajayu/.local/bin/cmake /home/jajayu/TomatoHarvesting_NextBestView/nbv_code/nbv_for_local_computer/ros2_ws2_local/src/realsense-ros/realsense2_description -DCMAKE_INSTALL_PREFIX=/home/jajayu/TomatoHarvesting_NextBestView/nbv_code/nbv_for_local_computer/ros2_ws2_local/install/realsense2_description
[1.062s] -- The C compiler identification is GNU 11.4.0
[1.381s] -- The CXX compiler identification is GNU 11.4.0
[1.473s] -- Detecting C compiler ABI info
[1.890s] -- Detecting C compiler ABI info - done
[1.967s] -- Check for working C compiler: /usr/bin/cc - skipped
[1.972s] -- Detecting C compile features
[1.973s] -- Detecting C compile features - done
[1.985s] -- Detecting CXX compiler ABI info
[2.518s] -- Detecting CXX compiler ABI info - done
[2.599s] -- Check for working CXX compiler: /usr/bin/c++ - skipped
[2.601s] -- Detecting CXX compile features
[2.605s] -- Detecting CXX compile features - done
[2.610s] -- Found ament_cmake: 1.3.9 (/opt/ros/humble/share/ament_cmake/cmake)
[3.205s] -- Found Python3: /usr/bin/python3 (found version "3.10.12") found components: Interpreter
[4.191s] -- Configuring done (3.5s)
[4.210s] -- Generating done (0.0s)
[4.210s] -- Build files have been written to: /home/jajayu/TomatoHarvesting_NextBestView/nbv_code/nbv_for_local_computer/ros2_ws2_local/build/realsense2_description
[4.270s] Invoked command in '/home/jajayu/TomatoHarvesting_NextBestView/nbv_code/nbv_for_local_computer/ros2_ws2_local/build/realsense2_description' returned '0': AMENT_PREFIX_PATH=/home/jajayu/TomatoHarvesting_NextBestView/nbv_code/nbv_for_local_computer/ros2_ws2_local/install/realsense2_camera_msgs:${AMENT_PREFIX_PATH} CMAKE_PREFIX_PATH=/home/jajayu/TomatoHarvesting_NextBestView/nbv_code/nbv_for_local_computer/ros2_ws2_local/install/realsense2_camera_msgs:/home/jajayu/TomatoHarvesting_NextBestView/nbv_code/ros2_ws2/install/realsense2_description:/home/jajayu/TomatoHarvesting_NextBestView/nbv_code/ros2_ws2/install/realsense2_camera:/home/jajayu/TomatoHarvesting_NextBestView/nbv_code/ros2_ws2/install/realsense2_camera_msgs:/home/jajayu/TomatoHarvesting_NextBestView/nbv_code/ros2_ws2/install/octomap_server2:/home/jajayu/TomatoHarvesting_NextBestView/nbv_code/ros2_ws2/install/my_robot_nbv_cmake:/home/jajayu/TomatoHarvesting_NextBestView/nbv_code/ros2_ws2/install/my_bot:/home/jajayu/TomatoHarvesting_NextBestView/nbv_code/ros2_ws2/install/message_interfaces:/home/jajayu/TomatoHarvesting_NextBestView/nbv_code/ros2_ws2/install/my_robot_nbv:/home/jajayu/TomatoHarvesting_NextBestView/nbv_code/ros2_ws2/install/my_robot_cam:/home/jajayu/TomatoHarvesting_NextBestView/nbv_code/ros2_ws2/install/my_robot_arm:/opt/ros/humble LD_LIBRARY_PATH=/home/jajayu/TomatoHarvesting_NextBestView/nbv_code/nbv_for_local_computer/ros2_ws2_local/install/realsense2_camera_msgs/lib:${LD_LIBRARY_PATH} PYTHONPATH=/home/jajayu/TomatoHarvesting_NextBestView/nbv_code/nbv_for_local_computer/ros2_ws2_local/install/realsense2_camera_msgs/local/lib/python3.10/dist-packages:${PYTHONPATH} /home/jajayu/.local/bin/cmake /home/jajayu/TomatoHarvesting_NextBestView/nbv_code/nbv_for_local_computer/ros2_ws2_local/src/realsense-ros/realsense2_description -DCMAKE_INSTALL_PREFIX=/home/jajayu/TomatoHarvesting_NextBestView/nbv_code/nbv_for_local_computer/ros2_ws2_local/install/realsense2_description
[4.270s] Invoking command in '/home/jajayu/TomatoHarvesting_NextBestView/nbv_code/nbv_for_local_computer/ros2_ws2_local/build/realsense2_description': AMENT_PREFIX_PATH=/home/jajayu/TomatoHarvesting_NextBestView/nbv_code/nbv_for_local_computer/ros2_ws2_local/install/realsense2_camera_msgs:${AMENT_PREFIX_PATH} CMAKE_PREFIX_PATH=/home/jajayu/TomatoHarvesting_NextBestView/nbv_code/nbv_for_local_computer/ros2_ws2_local/install/realsense2_camera_msgs:/home/jajayu/TomatoHarvesting_NextBestView/nbv_code/ros2_ws2/install/realsense2_description:/home/jajayu/TomatoHarvesting_NextBestView/nbv_code/ros2_ws2/install/realsense2_camera:/home/jajayu/TomatoHarvesting_NextBestView/nbv_code/ros2_ws2/install/realsense2_camera_msgs:/home/jajayu/TomatoHarvesting_NextBestView/nbv_code/ros2_ws2/install/octomap_server2:/home/jajayu/TomatoHarvesting_NextBestView/nbv_code/ros2_ws2/install/my_robot_nbv_cmake:/home/jajayu/TomatoHarvesting_NextBestView/nbv_code/ros2_ws2/install/my_bot:/home/jajayu/TomatoHarvesting_NextBestView/nbv_code/ros2_ws2/install/message_interfaces:/home/jajayu/TomatoHarvesting_NextBestView/nbv_code/ros2_ws2/install/my_robot_nbv:/home/jajayu/TomatoHarvesting_NextBestView/nbv_code/ros2_ws2/install/my_robot_cam:/home/jajayu/TomatoHarvesting_NextBestView/nbv_code/ros2_ws2/install/my_robot_arm:/opt/ros/humble LD_LIBRARY_PATH=/home/jajayu/TomatoHarvesting_NextBestView/nbv_code/nbv_for_local_computer/ros2_ws2_local/install/realsense2_camera_msgs/lib:${LD_LIBRARY_PATH} PYTHONPATH=/home/jajayu/TomatoHarvesting_NextBestView/nbv_code/nbv_for_local_computer/ros2_ws2_local/install/realsense2_camera_msgs/local/lib/python3.10/dist-packages:${PYTHONPATH} /home/jajayu/.local/bin/cmake --build /home/jajayu/TomatoHarvesting_NextBestView/nbv_code/nbv_for_local_computer/ros2_ws2_local/build/realsense2_description -- -j8 -l8
[4.649s] Invoked command in '/home/jajayu/TomatoHarvesting_NextBestView/nbv_code/nbv_for_local_computer/ros2_ws2_local/build/realsense2_description' returned '0': AMENT_PREFIX_PATH=/home/jajayu/TomatoHarvesting_NextBestView/nbv_code/nbv_for_local_computer/ros2_ws2_local/install/realsense2_camera_msgs:${AMENT_PREFIX_PATH} CMAKE_PREFIX_PATH=/home/jajayu/TomatoHarvesting_NextBestView/nbv_code/nbv_for_local_computer/ros2_ws2_local/install/realsense2_camera_msgs:/home/jajayu/TomatoHarvesting_NextBestView/nbv_code/ros2_ws2/install/realsense2_description:/home/jajayu/TomatoHarvesting_NextBestView/nbv_code/ros2_ws2/install/realsense2_camera:/home/jajayu/TomatoHarvesting_NextBestView/nbv_code/ros2_ws2/install/realsense2_camera_msgs:/home/jajayu/TomatoHarvesting_NextBestView/nbv_code/ros2_ws2/install/octomap_server2:/home/jajayu/TomatoHarvesting_NextBestView/nbv_code/ros2_ws2/install/my_robot_nbv_cmake:/home/jajayu/TomatoHarvesting_NextBestView/nbv_code/ros2_ws2/install/my_bot:/home/jajayu/TomatoHarvesting_NextBestView/nbv_code/ros2_ws2/install/message_interfaces:/home/jajayu/TomatoHarvesting_NextBestView/nbv_code/ros2_ws2/install/my_robot_nbv:/home/jajayu/TomatoHarvesting_NextBestView/nbv_code/ros2_ws2/install/my_robot_cam:/home/jajayu/TomatoHarvesting_NextBestView/nbv_code/ros2_ws2/install/my_robot_arm:/opt/ros/humble LD_LIBRARY_PATH=/home/jajayu/TomatoHarvesting_NextBestView/nbv_code/nbv_for_local_computer/ros2_ws2_local/install/realsense2_camera_msgs/lib:${LD_LIBRARY_PATH} PYTHONPATH=/home/jajayu/TomatoHarvesting_NextBestView/nbv_code/nbv_for_local_computer/ros2_ws2_local/install/realsense2_camera_msgs/local/lib/python3.10/dist-packages:${PYTHONPATH} /home/jajayu/.local/bin/cmake --build /home/jajayu/TomatoHarvesting_NextBestView/nbv_code/nbv_for_local_computer/ros2_ws2_local/build/realsense2_description -- -j8 -l8
[5.056s] Invoking command in '/home/jajayu/TomatoHarvesting_NextBestView/nbv_code/nbv_for_local_computer/ros2_ws2_local/build/realsense2_description': AMENT_PREFIX_PATH=/home/jajayu/TomatoHarvesting_NextBestView/nbv_code/nbv_for_local_computer/ros2_ws2_local/install/realsense2_camera_msgs:${AMENT_PREFIX_PATH} CMAKE_PREFIX_PATH=/home/jajayu/TomatoHarvesting_NextBestView/nbv_code/nbv_for_local_computer/ros2_ws2_local/install/realsense2_camera_msgs:/home/jajayu/TomatoHarvesting_NextBestView/nbv_code/ros2_ws2/install/realsense2_description:/home/jajayu/TomatoHarvesting_NextBestView/nbv_code/ros2_ws2/install/realsense2_camera:/home/jajayu/TomatoHarvesting_NextBestView/nbv_code/ros2_ws2/install/realsense2_camera_msgs:/home/jajayu/TomatoHarvesting_NextBestView/nbv_code/ros2_ws2/install/octomap_server2:/home/jajayu/TomatoHarvesting_NextBestView/nbv_code/ros2_ws2/install/my_robot_nbv_cmake:/home/jajayu/TomatoHarvesting_NextBestView/nbv_code/ros2_ws2/install/my_bot:/home/jajayu/TomatoHarvesting_NextBestView/nbv_code/ros2_ws2/install/message_interfaces:/home/jajayu/TomatoHarvesting_NextBestView/nbv_code/ros2_ws2/install/my_robot_nbv:/home/jajayu/TomatoHarvesting_NextBestView/nbv_code/ros2_ws2/install/my_robot_cam:/home/jajayu/TomatoHarvesting_NextBestView/nbv_code/ros2_ws2/install/my_robot_arm:/opt/ros/humble LD_LIBRARY_PATH=/home/jajayu/TomatoHarvesting_NextBestView/nbv_code/nbv_for_local_computer/ros2_ws2_local/install/realsense2_camera_msgs/lib:${LD_LIBRARY_PATH} PYTHONPATH=/home/jajayu/TomatoHarvesting_NextBestView/nbv_code/nbv_for_local_computer/ros2_ws2_local/install/realsense2_camera_msgs/local/lib/python3.10/dist-packages:${PYTHONPATH} /home/jajayu/.local/bin/cmake --install /home/jajayu/TomatoHarvesting_NextBestView/nbv_code/nbv_for_local_computer/ros2_ws2_local/build/realsense2_description
[5.383s] -- Install configuration: ""
[5.387s] -- Installing: /home/jajayu/TomatoHarvesting_NextBestView/nbv_code/nbv_for_local_computer/ros2_ws2_local/install/realsense2_description/share/realsense2_description/launch
[5.388s] -- Installing: /home/jajayu/TomatoHarvesting_NextBestView/nbv_code/nbv_for_local_computer/ros2_ws2_local/install/realsense2_description/share/realsense2_description/launch/launch_utils.py
[5.389s] -- Installing: /home/jajayu/TomatoHarvesting_NextBestView/nbv_code/nbv_for_local_computer/ros2_ws2_local/install/realsense2_description/share/realsense2_description/launch/view_model.launch.py
[5.389s] -- Installing: /home/jajayu/TomatoHarvesting_NextBestView/nbv_code/nbv_for_local_computer/ros2_ws2_local/install/realsense2_description/share/realsense2_description/meshes
[5.390s] -- Installing: /home/jajayu/TomatoHarvesting_NextBestView/nbv_code/nbv_for_local_computer/ros2_ws2_local/install/realsense2_description/share/realsense2_description/meshes/plug.stl
[5.402s] -- Installing: /home/jajayu/TomatoHarvesting_NextBestView/nbv_code/nbv_for_local_computer/ros2_ws2_local/install/realsense2_description/share/realsense2_description/meshes/d415.stl
[5.873s] -- Installing: /home/jajayu/TomatoHarvesting_NextBestView/nbv_code/nbv_for_local_computer/ros2_ws2_local/install/realsense2_description/share/realsense2_description/meshes/d405.stl
[5.880s] -- Installing: /home/jajayu/TomatoHarvesting_NextBestView/nbv_code/nbv_for_local_computer/ros2_ws2_local/install/realsense2_description/share/realsense2_description/meshes/l515.dae
[6.240s] -- Installing: /home/jajayu/TomatoHarvesting_NextBestView/nbv_code/nbv_for_local_computer/ros2_ws2_local/install/realsense2_description/share/realsense2_description/meshes/plug_collision.stl
[6.241s] -- Installing: /home/jajayu/TomatoHarvesting_NextBestView/nbv_code/nbv_for_local_computer/ros2_ws2_local/install/realsense2_description/share/realsense2_description/meshes/d435.dae
[6.378s] -- Installing: /home/jajayu/TomatoHarvesting_NextBestView/nbv_code/nbv_for_local_computer/ros2_ws2_local/install/realsense2_description/share/realsense2_description/meshes/d455.stl
[6.409s] -- Installing: /home/jajayu/TomatoHarvesting_NextBestView/nbv_code/nbv_for_local_computer/ros2_ws2_local/install/realsense2_description/share/realsense2_description/rviz
[6.410s] -- Installing: /home/jajayu/TomatoHarvesting_NextBestView/nbv_code/nbv_for_local_computer/ros2_ws2_local/install/realsense2_description/share/realsense2_description/rviz/urdf.rviz
[6.410s] -- Installing: /home/jajayu/TomatoHarvesting_NextBestView/nbv_code/nbv_for_local_computer/ros2_ws2_local/install/realsense2_description/share/realsense2_description/urdf
[6.411s] -- Installing: /home/jajayu/TomatoHarvesting_NextBestView/nbv_code/nbv_for_local_computer/ros2_ws2_local/install/realsense2_description/share/realsense2_description/urdf/_usb_plug.urdf.xacro
[6.413s] -- Installing: /home/jajayu/TomatoHarvesting_NextBestView/nbv_code/nbv_for_local_computer/ros2_ws2_local/install/realsense2_description/share/realsense2_description/urdf/test_d435_multiple_cameras.urdf.xacro
[6.414s] -- Installing: /home/jajayu/TomatoHarvesting_NextBestView/nbv_code/nbv_for_local_computer/ros2_ws2_local/install/realsense2_description/share/realsense2_description/urdf/_d435.urdf.xacro
[6.414s] -- Installing: /home/jajayu/TomatoHarvesting_NextBestView/nbv_code/nbv_for_local_computer/ros2_ws2_local/install/realsense2_description/share/realsense2_description/urdf/test_d405_camera.urdf.xacro
[6.415s] -- Installing: /home/jajayu/TomatoHarvesting_NextBestView/nbv_code/nbv_for_local_computer/ros2_ws2_local/install/realsense2_description/share/realsense2_description/urdf/test_d435_camera.urdf.xacro
[6.416s] -- Installing: /home/jajayu/TomatoHarvesting_NextBestView/nbv_code/nbv_for_local_computer/ros2_ws2_local/install/realsense2_description/share/realsense2_description/urdf/_d405.urdf.xacro
[6.416s] -- Installing: /home/jajayu/TomatoHarvesting_NextBestView/nbv_code/nbv_for_local_computer/ros2_ws2_local/install/realsense2_description/share/realsense2_description/urdf/_d415.urdf.xacro
[6.417s] -- Installing: /home/jajayu/TomatoHarvesting_NextBestView/nbv_code/nbv_for_local_computer/ros2_ws2_local/install/realsense2_description/share/realsense2_description/urdf/test_r430_camera.urdf.xacro
[6.417s] -- Installing: /home/jajayu/TomatoHarvesting_NextBestView/nbv_code/nbv_for_local_computer/ros2_ws2_local/install/realsense2_description/share/realsense2_description/urdf/_d435i.urdf.xacro
[6.418s] -- Installing: /home/jajayu/TomatoHarvesting_NextBestView/nbv_code/nbv_for_local_computer/ros2_ws2_local/install/realsense2_description/share/realsense2_description/urdf/test_r410_camera.urdf.xacro
[6.419s] -- Installing: /home/jajayu/TomatoHarvesting_NextBestView/nbv_code/nbv_for_local_computer/ros2_ws2_local/install/realsense2_description/share/realsense2_description/urdf/_d455.urdf.xacro
[6.420s] -- Installing: /home/jajayu/TomatoHarvesting_NextBestView/nbv_code/nbv_for_local_computer/ros2_ws2_local/install/realsense2_description/share/realsense2_description/urdf/_materials.urdf.xacro
[6.420s] -- Installing: /home/jajayu/TomatoHarvesting_NextBestView/nbv_code/nbv_for_local_computer/ros2_ws2_local/install/realsense2_description/share/realsense2_description/urdf/_d435i_imu_modules.urdf.xacro
[6.421s] -- Installing: /home/jajayu/TomatoHarvesting_NextBestView/nbv_code/nbv_for_local_computer/ros2_ws2_local/install/realsense2_description/share/realsense2_description/urdf/_r410.urdf.xacro
[6.421s] -- Installing: /home/jajayu/TomatoHarvesting_NextBestView/nbv_code/nbv_for_local_computer/ros2_ws2_local/install/realsense2_description/share/realsense2_description/urdf/_r430.urdf.xacro
[6.422s] -- Installing: /home/jajayu/TomatoHarvesting_NextBestView/nbv_code/nbv_for_local_computer/ros2_ws2_local/install/realsense2_description/share/realsense2_description/urdf/test_d435i_camera.urdf.xacro
[6.423s] -- Installing: /home/jajayu/TomatoHarvesting_NextBestView/nbv_code/nbv_for_local_computer/ros2_ws2_local/install/realsense2_description/share/realsense2_description/urdf/test_d455_camera.urdf.xacro
[6.424s] -- Installing: /home/jajayu/TomatoHarvesting_NextBestView/nbv_code/nbv_for_local_computer/ros2_ws2_local/install/realsense2_description/share/realsense2_description/urdf/test_d415_camera.urdf.xacro
[6.426s] -- Installing: /home/jajayu/TomatoHarvesting_NextBestView/nbv_code/nbv_for_local_computer/ros2_ws2_local/install/realsense2_description/share/ament_index/resource_index/package_run_dependencies/realsense2_description
[6.427s] -- Installing: /home/jajayu/TomatoHarvesting_NextBestView/nbv_code/nbv_for_local_computer/ros2_ws2_local/install/realsense2_description/share/ament_index/resource_index/parent_prefix_path/realsense2_description
[6.428s] -- Installing: /home/jajayu/TomatoHarvesting_NextBestView/nbv_code/nbv_for_local_computer/ros2_ws2_local/install/realsense2_description/share/realsense2_description/environment/ament_prefix_path.sh
[6.429s] -- Installing: /home/jajayu/TomatoHarvesting_NextBestView/nbv_code/nbv_for_local_computer/ros2_ws2_local/install/realsense2_description/share/realsense2_description/environment/ament_prefix_path.dsv
[6.430s] -- Installing: /home/jajayu/TomatoHarvesting_NextBestView/nbv_code/nbv_for_local_computer/ros2_ws2_local/install/realsense2_description/share/realsense2_description/environment/path.sh
[6.431s] -- Installing: /home/jajayu/TomatoHarvesting_NextBestView/nbv_code/nbv_for_local_computer/ros2_ws2_local/install/realsense2_description/share/realsense2_description/environment/path.dsv
[6.431s] -- Installing: /home/jajayu/TomatoHarvesting_NextBestView/nbv_code/nbv_for_local_computer/ros2_ws2_local/install/realsense2_description/share/realsense2_description/local_setup.bash
[6.432s] -- Installing: /home/jajayu/TomatoHarvesting_NextBestView/nbv_code/nbv_for_local_computer/ros2_ws2_local/install/realsense2_description/share/realsense2_description/local_setup.sh
[6.434s] -- Installing: /home/jajayu/TomatoHarvesting_NextBestView/nbv_code/nbv_for_local_computer/ros2_ws2_local/install/realsense2_description/share/realsense2_description/local_setup.zsh
[6.434s] -- Installing: /home/jajayu/TomatoHarvesting_NextBestView/nbv_code/nbv_for_local_computer/ros2_ws2_local/install/realsense2_description/share/realsense2_description/local_setup.dsv
[6.434s] -- Installing: /home/jajayu/TomatoHarvesting_NextBestView/nbv_code/nbv_for_local_computer/ros2_ws2_local/install/realsense2_description/share/realsense2_description/package.dsv
[6.435s] -- Installing: /home/jajayu/TomatoHarvesting_NextBestView/nbv_code/nbv_for_local_computer/ros2_ws2_local/install/realsense2_description/share/ament_index/resource_index/packages/realsense2_description
[6.435s] -- Installing: /home/jajayu/TomatoHarvesting_NextBestView/nbv_code/nbv_for_local_computer/ros2_ws2_local/install/realsense2_description/share/realsense2_description/cmake/realsense2_descriptionConfig.cmake
[6.435s] -- Installing: /home/jajayu/TomatoHarvesting_NextBestView/nbv_code/nbv_for_local_computer/ros2_ws2_local/install/realsense2_description/share/realsense2_description/cmake/realsense2_descriptionConfig-version.cmake
[6.436s] -- Installing: /home/jajayu/TomatoHarvesting_NextBestView/nbv_code/nbv_for_local_computer/ros2_ws2_local/install/realsense2_description/share/realsense2_description/package.xml
