[ 30%] Built target nbvc_lib_SdfModel
[ 40%] Built target SdfModelV3
[ 60%] Built target nbvc_ray_generation
[ 80%] Built target nbvc_ray_generationV3_beforeclean
[ 90%] [32mBuilding CXX object CMakeFiles/BestViewModel.dir/src/BestViewModel.cpp.o[0m
In file included from [01m[K/home/jajayu/TomatoHarvesting_NextBestView/nbv_code/ros2_ws2/src/my_robot_nbv_cmake/src/BestViewModel.cpp:36[m[K:
[01m[K/opt/ros/humble/include/tf2_geometry_msgs/tf2_geometry_msgs/tf2_geometry_msgs.h:35:2:[m[K [01;35m[Kwarning: [m[K#warning This header is obsolete, please include tf2_geometry_msgs/tf2_geometry_msgs.hpp instead [[01;35m[K]8;;https://gcc.gnu.org/onlinedocs/gcc/Warning-Options.html#index-Wcpp-Wcpp]8;;[m[K]
   35 | #[01;35m[Kwarning[m[K This header is obsolete, please include tf2_geometry_msgs/tf2_geometry_msgs.hpp instead
      |  [01;35m[K^~~~~~~[m[K
In file included from [01m[K/home/jajayu/TomatoHarvesting_NextBestView/nbv_code/ros2_ws2/src/my_robot_nbv_cmake/src/BestViewModel.cpp:38[m[K:
[01m[K/opt/ros/humble/include/tf2_eigen/tf2_eigen/tf2_eigen.h:32:2:[m[K [01;35m[Kwarning: [m[K#warning This header is obsolete, please include tf2_eigen/tf2_eigen.hpp instead [[01;35m[K]8;;https://gcc.gnu.org/onlinedocs/gcc/Warning-Options.html#index-Wcpp-Wcpp]8;;[m[K]
   32 | #[01;35m[Kwarning[m[K This header is obsolete, please include tf2_eigen/tf2_eigen.hpp instead
      |  [01;35m[K^~~~~~~[m[K
[01m[K/home/jajayu/TomatoHarvesting_NextBestView/nbv_code/ros2_ws2/src/my_robot_nbv_cmake/src/BestViewModel.cpp:125:27:[m[K [01;31m[Kerror: [m[K‘[01m[KString[m[K’ has not been declared
  125 |     void ShowDebugMessage([01;31m[KString[m[K message){
      |                           [01;31m[K^~~~~~[m[K
[01m[K/home/jajayu/TomatoHarvesting_NextBestView/nbv_code/ros2_ws2/src/my_robot_nbv_cmake/src/BestViewModel.cpp:[m[K In member function ‘[01m[Kvoid BestViewModel::ShowDebugMessage(int)[m[K’:
[01m[K/home/jajayu/TomatoHarvesting_NextBestView/nbv_code/ros2_ws2/src/my_robot_nbv_cmake/src/BestViewModel.cpp:126:9:[m[K [01;31m[Kerror: [m[K‘[01m[Kprint[m[K’ was not declared in this scope
  126 |         [01;31m[Kprint[m[K(message);
      |         [01;31m[K^~~~~[m[K
[01m[K/home/jajayu/TomatoHarvesting_NextBestView/nbv_code/ros2_ws2/src/my_robot_nbv_cmake/src/BestViewModel.cpp:126:9:[m[K [01;36m[Knote: [m[Ksuggested alternatives:
In file included from [01m[K/home/jajayu/open3d_install/include/open3d/3rdparty/fmt/std.h:23[m[K,
                 from [01m[K/home/jajayu/open3d_install/include/open3d/utility/Logging.h:25[m[K,
                 from [01m[K/home/jajayu/open3d_install/include/open3d/core/Dispatch.h:11[m[K,
                 from [01m[K/home/jajayu/open3d_install/include/open3d/core/Dtype.h:14[m[K,
                 from [01m[K/home/jajayu/open3d_install/include/open3d/Open3D.h:18[m[K,
                 from [01m[K/home/jajayu/TomatoHarvesting_NextBestView/nbv_code/ros2_ws2/src/my_robot_nbv_cmake/include/my_robot_nbv_cmake/SdfModel.h:4[m[K,
                 from [01m[K/home/jajayu/TomatoHarvesting_NextBestView/nbv_code/ros2_ws2/src/my_robot_nbv_cmake/src/BestViewModel.cpp:28[m[K:
[01m[K/home/jajayu/open3d_install/include/open3d/3rdparty/fmt/ostream.h:224:6:[m[K [01;36m[Knote: [m[K  ‘[01m[Kfmt::v10::print[m[K’
  224 | void [01;36m[Kprint[m[K(std::wostream& os,
      |      [01;36m[K^~~~~[m[K
In file included from [01m[K/usr/include/eigen3/Eigen/Core:172[m[K,
                 from [01m[K/home/jajayu/open3d_install/include/open3d/camera/PinholeCameraIntrinsic.h:10[m[K,
                 from [01m[K/home/jajayu/open3d_install/include/open3d/Open3D.h:12[m[K,
                 from [01m[K/home/jajayu/TomatoHarvesting_NextBestView/nbv_code/ros2_ws2/src/my_robot_nbv_cmake/include/my_robot_nbv_cmake/SdfModel.h:4[m[K,
                 from [01m[K/home/jajayu/TomatoHarvesting_NextBestView/nbv_code/ros2_ws2/src/my_robot_nbv_cmake/src/BestViewModel.cpp:28[m[K:
[01m[K/usr/include/eigen3/Eigen/src/Core/GenericPacketMath.h:835:8:[m[K [01;36m[Knote: [m[K  ‘[01m[KEigen::internal::print[m[K’
  835 | Packet [01;36m[Kprint[m[K(const Packet& a) { using numext::rint; return rint(a); }
      |        [01;36m[K^~~~~[m[K
gmake[2]: *** [CMakeFiles/BestViewModel.dir/build.make:76: CMakeFiles/BestViewModel.dir/src/BestViewModel.cpp.o] Error 1
gmake[1]: *** [CMakeFiles/Makefile2:223: CMakeFiles/BestViewModel.dir/all] Error 2
gmake: *** [Makefile:146: all] Error 2
