[0.017s] Invoking command in '/home/jajayu/TomatoHarvesting_NextBestView/nbv_code/ros2_ws2/build/my_robot_nbv_cmake': CMAKE_PREFIX_PATH=${CMAKE_PREFIX_PATH}:/home/jajayu/TomatoHarvesting_NextBestView/nbv_code/ros2_ws2/install/my_robot_nbv:/home/jajayu/TomatoHarvesting_NextBestView/nbv_code/ros2_ws2/install/my_robot_cam:/home/jajayu/ros2_ws/install/webots_ros2_tests:/home/jajayu/ros2_ws/install/webots_ros2:/home/jajayu/ros2_ws/install/pcd_demo:/home/jajayu/ros2_ws/install/my_robot_controller:/home/jajayu/ros2_ws/install/my_robot_cam:/home/jajayu/ros2_ws/install/gazebo_tutorial:/opt/ros/humble /home/jajayu/.local/bin/cmake --build /home/jajayu/TomatoHarvesting_NextBestView/nbv_code/ros2_ws2/build/my_robot_nbv_cmake -- -j8 -l8
[0.156s] [ 30%] Built target nbvc_lib_SdfModel
[0.156s] [ 40%] Built target SdfModelV3
[0.180s] [ 60%] Built target nbvc_ray_generation
[0.181s] [ 80%] Built target nbvc_ray_generationV3_beforeclean
[0.185s] [ 90%] [32mBuilding CXX object CMakeFiles/BestViewModel.dir/src/BestViewModel.cpp.o[0m
[0.754s] In file included from [01m[K/home/jajayu/TomatoHarvesting_NextBestView/nbv_code/ros2_ws2/src/my_robot_nbv_cmake/src/BestViewModel.cpp:36[m[K:
[0.754s] [01m[K/opt/ros/humble/include/tf2_geometry_msgs/tf2_geometry_msgs/tf2_geometry_msgs.h:35:2:[m[K [01;35m[Kwarning: [m[K#warning This header is obsolete, please include tf2_geometry_msgs/tf2_geometry_msgs.hpp instead [[01;35m[K]8;;https://gcc.gnu.org/onlinedocs/gcc/Warning-Options.html#index-Wcpp-Wcpp]8;;[m[K]
[0.755s]    35 | #[01;35m[Kwarning[m[K This header is obsolete, please include tf2_geometry_msgs/tf2_geometry_msgs.hpp instead
[0.755s]       |  [01;35m[K^~~~~~~[m[K
[0.767s] In file included from [01m[K/home/jajayu/TomatoHarvesting_NextBestView/nbv_code/ros2_ws2/src/my_robot_nbv_cmake/src/BestViewModel.cpp:38[m[K:
[0.768s] [01m[K/opt/ros/humble/include/tf2_eigen/tf2_eigen/tf2_eigen.h:32:2:[m[K [01;35m[Kwarning: [m[K#warning This header is obsolete, please include tf2_eigen/tf2_eigen.hpp instead [[01;35m[K]8;;https://gcc.gnu.org/onlinedocs/gcc/Warning-Options.html#index-Wcpp-Wcpp]8;;[m[K]
[0.768s]    32 | #[01;35m[Kwarning[m[K This header is obsolete, please include tf2_eigen/tf2_eigen.hpp instead
[0.768s]       |  [01;35m[K^~~~~~~[m[K
[7.490s] [01m[K/home/jajayu/TomatoHarvesting_NextBestView/nbv_code/ros2_ws2/src/my_robot_nbv_cmake/src/BestViewModel.cpp:125:27:[m[K [01;31m[Kerror: [m[K‘[01m[KString[m[K’ has not been declared
[7.490s]   125 |     void ShowDebugMessage([01;31m[KString[m[K message){
[7.490s]       |                           [01;31m[K^~~~~~[m[K
[7.499s] [01m[K/home/jajayu/TomatoHarvesting_NextBestView/nbv_code/ros2_ws2/src/my_robot_nbv_cmake/src/BestViewModel.cpp:[m[K In member function ‘[01m[Kvoid BestViewModel::ShowDebugMessage(int)[m[K’:
[7.499s] [01m[K/home/jajayu/TomatoHarvesting_NextBestView/nbv_code/ros2_ws2/src/my_robot_nbv_cmake/src/BestViewModel.cpp:126:9:[m[K [01;31m[Kerror: [m[K‘[01m[Kprint[m[K’ was not declared in this scope
[7.499s]   126 |         [01;31m[Kprint[m[K(message);
[7.499s]       |         [01;31m[K^~~~~[m[K
[7.499s] [01m[K/home/jajayu/TomatoHarvesting_NextBestView/nbv_code/ros2_ws2/src/my_robot_nbv_cmake/src/BestViewModel.cpp:126:9:[m[K [01;36m[Knote: [m[Ksuggested alternatives:
[7.499s] In file included from [01m[K/home/jajayu/open3d_install/include/open3d/3rdparty/fmt/std.h:23[m[K,
[7.499s]                  from [01m[K/home/jajayu/open3d_install/include/open3d/utility/Logging.h:25[m[K,
[7.499s]                  from [01m[K/home/jajayu/open3d_install/include/open3d/core/Dispatch.h:11[m[K,
[7.499s]                  from [01m[K/home/jajayu/open3d_install/include/open3d/core/Dtype.h:14[m[K,
[7.499s]                  from [01m[K/home/jajayu/open3d_install/include/open3d/Open3D.h:18[m[K,
[7.499s]                  from [01m[K/home/jajayu/TomatoHarvesting_NextBestView/nbv_code/ros2_ws2/src/my_robot_nbv_cmake/include/my_robot_nbv_cmake/SdfModel.h:4[m[K,
[7.500s]                  from [01m[K/home/jajayu/TomatoHarvesting_NextBestView/nbv_code/ros2_ws2/src/my_robot_nbv_cmake/src/BestViewModel.cpp:28[m[K:
[7.500s] [01m[K/home/jajayu/open3d_install/include/open3d/3rdparty/fmt/ostream.h:224:6:[m[K [01;36m[Knote: [m[K  ‘[01m[Kfmt::v10::print[m[K’
[7.500s]   224 | void [01;36m[Kprint[m[K(std::wostream& os,
[7.500s]       |      [01;36m[K^~~~~[m[K
[7.500s] In file included from [01m[K/usr/include/eigen3/Eigen/Core:172[m[K,
[7.500s]                  from [01m[K/home/jajayu/open3d_install/include/open3d/camera/PinholeCameraIntrinsic.h:10[m[K,
[7.500s]                  from [01m[K/home/jajayu/open3d_install/include/open3d/Open3D.h:12[m[K,
[7.500s]                  from [01m[K/home/jajayu/TomatoHarvesting_NextBestView/nbv_code/ros2_ws2/src/my_robot_nbv_cmake/include/my_robot_nbv_cmake/SdfModel.h:4[m[K,
[7.500s]                  from [01m[K/home/jajayu/TomatoHarvesting_NextBestView/nbv_code/ros2_ws2/src/my_robot_nbv_cmake/src/BestViewModel.cpp:28[m[K:
[7.500s] [01m[K/usr/include/eigen3/Eigen/src/Core/GenericPacketMath.h:835:8:[m[K [01;36m[Knote: [m[K  ‘[01m[KEigen::internal::print[m[K’
[7.500s]   835 | Packet [01;36m[Kprint[m[K(const Packet& a) { using numext::rint; return rint(a); }
[7.500s]       |        [01;36m[K^~~~~[m[K
[11.197s] gmake[2]: *** [CMakeFiles/BestViewModel.dir/build.make:76: CMakeFiles/BestViewModel.dir/src/BestViewModel.cpp.o] Error 1
[11.197s] gmake[1]: *** [CMakeFiles/Makefile2:223: CMakeFiles/BestViewModel.dir/all] Error 2
[11.198s] gmake: *** [Makefile:146: all] Error 2
[11.214s] Invoked command in '/home/jajayu/TomatoHarvesting_NextBestView/nbv_code/ros2_ws2/build/my_robot_nbv_cmake' returned '2': CMAKE_PREFIX_PATH=${CMAKE_PREFIX_PATH}:/home/jajayu/TomatoHarvesting_NextBestView/nbv_code/ros2_ws2/install/my_robot_nbv:/home/jajayu/TomatoHarvesting_NextBestView/nbv_code/ros2_ws2/install/my_robot_cam:/home/jajayu/ros2_ws/install/webots_ros2_tests:/home/jajayu/ros2_ws/install/webots_ros2:/home/jajayu/ros2_ws/install/pcd_demo:/home/jajayu/ros2_ws/install/my_robot_controller:/home/jajayu/ros2_ws/install/my_robot_cam:/home/jajayu/ros2_ws/install/gazebo_tutorial:/opt/ros/humble /home/jajayu/.local/bin/cmake --build /home/jajayu/TomatoHarvesting_NextBestView/nbv_code/ros2_ws2/build/my_robot_nbv_cmake -- -j8 -l8
