[01m[K/home/jajayu/TomatoHarvesting_NextBestView/nbv_code/ros2_ws2/src/my_robot_nbv_cmake/src/SdfModel.cpp:[m[K In member function ‘[01m[Kvoid MeshProcessor::LoadMesh()[m[K’:
[01m[K/home/jajayu/TomatoHarvesting_NextBestView/nbv_code/ros2_ws2/src/my_robot_nbv_cmake/src/SdfModel.cpp:42:35:[m[K [01;31m[Kerror: [m[K‘[01m[Kgeometry[m[K’ was not declared in this scope
   42 |         mesh0_ = std::shared_ptr< [01;31m[Kgeometry[m[K::TriangleMesh > open3d::io::CreateMeshFromFile(ply_file_path_);
      |                                   [01;31m[K^~~~~~~~[m[K
[01m[K/home/jajayu/TomatoHarvesting_NextBestView/nbv_code/ros2_ws2/src/my_robot_nbv_cmake/src/SdfModel.cpp:42:35:[m[K [01;36m[Knote: [m[Ksuggested alternatives:
In file included from [01m[K/home/jajayu/open3d_install/include/open3d/geometry/Geometry3D.h:14[m[K,
                 from [01m[K/home/jajayu/open3d_install/include/open3d/geometry/BoundingVolume.h:12[m[K,
                 from [01m[K/home/jajayu/open3d_install/include/open3d/Open3D.h:31[m[K,
                 from [01m[K/home/jajayu/TomatoHarvesting_NextBestView/nbv_code/ros2_ws2/src/my_robot_nbv_cmake/src/SdfModel.cpp:1[m[K:
[01m[K/home/jajayu/open3d_install/include/open3d/geometry/Geometry.h:13:11:[m[K [01;36m[Knote: [m[K  ‘[01m[Kopen3d::geometry[m[K’
   13 | namespace [01;36m[Kgeometry[m[K {
      |           [01;36m[K^~~~~~~~[m[K
In file included from [01m[K/home/jajayu/open3d_install/include/open3d/Open3D.h:68[m[K,
                 from [01m[K/home/jajayu/TomatoHarvesting_NextBestView/nbv_code/ros2_ws2/src/my_robot_nbv_cmake/src/SdfModel.cpp:1[m[K:
[01m[K/home/jajayu/open3d_install/include/open3d/t/geometry/Geometry.h:16:11:[m[K [01;36m[Knote: [m[K  ‘[01m[Kopen3d::t::geometry[m[K’
   16 | namespace [01;36m[Kgeometry[m[K {
      |           [01;36m[K^~~~~~~~[m[K
[01m[K/home/jajayu/TomatoHarvesting_NextBestView/nbv_code/ros2_ws2/src/my_robot_nbv_cmake/src/SdfModel.cpp:42:58:[m[K [01;31m[Kerror: [m[Ktemplate argument 1 is invalid
   42 |         mesh0_ = std::shared_ptr< geometry::TriangleMesh [01;31m[K>[m[K open3d::io::CreateMeshFromFile(ply_file_path_);
      |                                                          [01;31m[K^[m[K
gmake[2]: *** [CMakeFiles/SdfModel.dir/build.make:76: CMakeFiles/SdfModel.dir/src/SdfModel.cpp.o] Error 1
gmake[1]: *** [CMakeFiles/Makefile2:165: CMakeFiles/SdfModel.dir/all] Error 2
gmake: *** [Makefile:146: all] Error 2
