[0.234s] DEBUG:colcon:Command line arguments: ['/usr/bin/colcon', 'build', '--packages-select', 'message_interfaces']
[0.234s] DEBUG:colcon:Parsed command line arguments: Namespace(log_base=None, log_level=None, verb_name='build', build_base='build', install_base='install', merge_install=False, symlink_install=False, test_result_base=None, continue_on_error=False, executor='parallel', parallel_workers=12, event_handlers=None, ignore_user_meta=False, metas=['./colcon.meta'], base_paths=['.'], packages_ignore=None, packages_ignore_regex=None, paths=None, packages_up_to=None, packages_up_to_regex=None, packages_above=None, packages_above_and_dependencies=None, packages_above_depth=None, packages_select_by_dep=None, packages_skip_by_dep=None, packages_skip_up_to=None, packages_select_build_failed=False, packages_skip_build_finished=False, packages_select_test_failures=False, packages_skip_test_passed=False, packages_select=['message_interfaces'], packages_skip=None, packages_select_regex=None, packages_skip_regex=None, packages_start=None, packages_end=None, allow_overriding=[], cmake_args=None, cmake_target=None, cmake_target_skip_unavailable=False, cmake_clean_cache=False, cmake_clean_first=False, cmake_force_configure=False, ament_cmake_args=None, catkin_cmake_args=None, catkin_skip_building_tests=False, mixin_files=None, mixin=None, verb_parser=<colcon_mixin.mixin.mixin_argument.MixinArgumentDecorator object at 0xffff7ff4bc40>, verb_extension=<colcon_core.verb.build.BuildVerb object at 0xffff7ff4b280>, main=<bound method BuildVerb.main of <colcon_core.verb.build.BuildVerb object at 0xffff7ff4b280>>, mixin_verb=('build',))
[0.645s] Level 1:colcon.colcon_core.package_discovery:discover_packages(colcon_meta) check parameters
[0.645s] Level 1:colcon.colcon_core.package_discovery:discover_packages(recursive) check parameters
[0.646s] Level 1:colcon.colcon_core.package_discovery:discover_packages(ignore) check parameters
[0.646s] Level 1:colcon.colcon_core.package_discovery:discover_packages(path) check parameters
[0.646s] Level 1:colcon.colcon_core.package_discovery:discover_packages(colcon_meta) discover
[0.646s] Level 1:colcon.colcon_core.package_discovery:discover_packages(recursive) discover
[0.646s] INFO:colcon.colcon_core.package_discovery:Crawling recursively for packages in '/home/rmml05/Best_View/nbv_JaJaYu/TomatoHarvesting_NextBestView/nbv_code/nbv_for_local_computer/ros2_ws2_local'
[0.646s] Level 1:colcon.colcon_core.package_identification:_identify(.) by extensions ['ignore', 'ignore_ament_install']
[0.646s] Level 1:colcon.colcon_core.package_identification:_identify(.) by extension 'ignore'
[0.646s] Level 1:colcon.colcon_core.package_identification:_identify(.) by extension 'ignore_ament_install'
[0.646s] Level 1:colcon.colcon_core.package_identification:_identify(.) by extensions ['colcon_pkg']
[0.647s] Level 1:colcon.colcon_core.package_identification:_identify(.) by extension 'colcon_pkg'
[0.647s] Level 1:colcon.colcon_core.package_identification:_identify(.) by extensions ['colcon_meta']
[0.647s] Level 1:colcon.colcon_core.package_identification:_identify(.) by extension 'colcon_meta'
[0.647s] Level 1:colcon.colcon_core.package_identification:_identify(.) by extensions ['ros']
[0.647s] Level 1:colcon.colcon_core.package_identification:_identify(.) by extension 'ros'
[0.666s] Level 1:colcon.colcon_core.package_identification:_identify(.) by extensions ['cmake', 'python']
[0.666s] Level 1:colcon.colcon_core.package_identification:_identify(.) by extension 'cmake'
[0.666s] Level 1:colcon.colcon_core.package_identification:_identify(.) by extension 'python'
[0.666s] Level 1:colcon.colcon_core.package_identification:_identify(.) by extensions ['python_setup_py']
[0.666s] Level 1:colcon.colcon_core.package_identification:_identify(.) by extension 'python_setup_py'
[0.667s] Level 1:colcon.colcon_core.package_identification:_identify(build) by extensions ['ignore', 'ignore_ament_install']
[0.667s] Level 1:colcon.colcon_core.package_identification:_identify(build) by extension 'ignore'
[0.667s] Level 1:colcon.colcon_core.package_identification:_identify(build) ignored
[0.667s] Level 1:colcon.colcon_core.package_identification:_identify(install) by extensions ['ignore', 'ignore_ament_install']
[0.667s] Level 1:colcon.colcon_core.package_identification:_identify(install) by extension 'ignore'
[0.667s] Level 1:colcon.colcon_core.package_identification:_identify(install) ignored
[0.668s] Level 1:colcon.colcon_core.package_identification:_identify(log) by extensions ['ignore', 'ignore_ament_install']
[0.668s] Level 1:colcon.colcon_core.package_identification:_identify(log) by extension 'ignore'
[0.668s] Level 1:colcon.colcon_core.package_identification:_identify(log) ignored
[0.668s] Level 1:colcon.colcon_core.package_identification:_identify(src) by extensions ['ignore', 'ignore_ament_install']
[0.668s] Level 1:colcon.colcon_core.package_identification:_identify(src) by extension 'ignore'
[0.668s] Level 1:colcon.colcon_core.package_identification:_identify(src) by extension 'ignore_ament_install'
[0.668s] Level 1:colcon.colcon_core.package_identification:_identify(src) by extensions ['colcon_pkg']
[0.668s] Level 1:colcon.colcon_core.package_identification:_identify(src) by extension 'colcon_pkg'
[0.668s] Level 1:colcon.colcon_core.package_identification:_identify(src) by extensions ['colcon_meta']
[0.668s] Level 1:colcon.colcon_core.package_identification:_identify(src) by extension 'colcon_meta'
[0.668s] Level 1:colcon.colcon_core.package_identification:_identify(src) by extensions ['ros']
[0.668s] Level 1:colcon.colcon_core.package_identification:_identify(src) by extension 'ros'
[0.669s] Level 1:colcon.colcon_core.package_identification:_identify(src) by extensions ['cmake', 'python']
[0.669s] Level 1:colcon.colcon_core.package_identification:_identify(src) by extension 'cmake'
[0.669s] Level 1:colcon.colcon_core.package_identification:_identify(src) by extension 'python'
[0.669s] Level 1:colcon.colcon_core.package_identification:_identify(src) by extensions ['python_setup_py']
[0.669s] Level 1:colcon.colcon_core.package_identification:_identify(src) by extension 'python_setup_py'
[0.669s] Level 1:colcon.colcon_core.package_identification:_identify(src/build) by extensions ['ignore', 'ignore_ament_install']
[0.669s] Level 1:colcon.colcon_core.package_identification:_identify(src/build) by extension 'ignore'
[0.669s] Level 1:colcon.colcon_core.package_identification:_identify(src/build) ignored
[0.669s] Level 1:colcon.colcon_core.package_identification:_identify(src/dataset) by extensions ['ignore', 'ignore_ament_install']
[0.669s] Level 1:colcon.colcon_core.package_identification:_identify(src/dataset) by extension 'ignore'
[0.669s] Level 1:colcon.colcon_core.package_identification:_identify(src/dataset) by extension 'ignore_ament_install'
[0.669s] Level 1:colcon.colcon_core.package_identification:_identify(src/dataset) by extensions ['colcon_pkg']
[0.669s] Level 1:colcon.colcon_core.package_identification:_identify(src/dataset) by extension 'colcon_pkg'
[0.670s] Level 1:colcon.colcon_core.package_identification:_identify(src/dataset) by extensions ['colcon_meta']
[0.670s] Level 1:colcon.colcon_core.package_identification:_identify(src/dataset) by extension 'colcon_meta'
[0.670s] Level 1:colcon.colcon_core.package_identification:_identify(src/dataset) by extensions ['ros']
[0.670s] Level 1:colcon.colcon_core.package_identification:_identify(src/dataset) by extension 'ros'
[0.670s] Level 1:colcon.colcon_core.package_identification:_identify(src/dataset) by extensions ['cmake', 'python']
[0.670s] Level 1:colcon.colcon_core.package_identification:_identify(src/dataset) by extension 'cmake'
[0.670s] Level 1:colcon.colcon_core.package_identification:_identify(src/dataset) by extension 'python'
[0.670s] Level 1:colcon.colcon_core.package_identification:_identify(src/dataset) by extensions ['python_setup_py']
[0.670s] Level 1:colcon.colcon_core.package_identification:_identify(src/dataset) by extension 'python_setup_py'
[0.670s] Level 1:colcon.colcon_core.package_identification:_identify(src/dataset/data_octomap) by extensions ['ignore', 'ignore_ament_install']
[0.670s] Level 1:colcon.colcon_core.package_identification:_identify(src/dataset/data_octomap) by extension 'ignore'
[0.670s] Level 1:colcon.colcon_core.package_identification:_identify(src/dataset/data_octomap) by extension 'ignore_ament_install'
[0.670s] Level 1:colcon.colcon_core.package_identification:_identify(src/dataset/data_octomap) by extensions ['colcon_pkg']
[0.671s] Level 1:colcon.colcon_core.package_identification:_identify(src/dataset/data_octomap) by extension 'colcon_pkg'
[0.671s] Level 1:colcon.colcon_core.package_identification:_identify(src/dataset/data_octomap) by extensions ['colcon_meta']
[0.671s] Level 1:colcon.colcon_core.package_identification:_identify(src/dataset/data_octomap) by extension 'colcon_meta'
[0.671s] Level 1:colcon.colcon_core.package_identification:_identify(src/dataset/data_octomap) by extensions ['ros']
[0.671s] Level 1:colcon.colcon_core.package_identification:_identify(src/dataset/data_octomap) by extension 'ros'
[0.671s] Level 1:colcon.colcon_core.package_identification:_identify(src/dataset/data_octomap) by extensions ['cmake', 'python']
[0.671s] Level 1:colcon.colcon_core.package_identification:_identify(src/dataset/data_octomap) by extension 'cmake'
[0.671s] Level 1:colcon.colcon_core.package_identification:_identify(src/dataset/data_octomap) by extension 'python'
[0.671s] Level 1:colcon.colcon_core.package_identification:_identify(src/dataset/data_octomap) by extensions ['python_setup_py']
[0.671s] Level 1:colcon.colcon_core.package_identification:_identify(src/dataset/data_octomap) by extension 'python_setup_py'
[0.671s] Level 1:colcon.colcon_core.package_identification:_identify(src/dataset/data_pcd) by extensions ['ignore', 'ignore_ament_install']
[0.671s] Level 1:colcon.colcon_core.package_identification:_identify(src/dataset/data_pcd) by extension 'ignore'
[0.671s] Level 1:colcon.colcon_core.package_identification:_identify(src/dataset/data_pcd) by extension 'ignore_ament_install'
[0.671s] Level 1:colcon.colcon_core.package_identification:_identify(src/dataset/data_pcd) by extensions ['colcon_pkg']
[0.672s] Level 1:colcon.colcon_core.package_identification:_identify(src/dataset/data_pcd) by extension 'colcon_pkg'
[0.672s] Level 1:colcon.colcon_core.package_identification:_identify(src/dataset/data_pcd) by extensions ['colcon_meta']
[0.672s] Level 1:colcon.colcon_core.package_identification:_identify(src/dataset/data_pcd) by extension 'colcon_meta'
[0.672s] Level 1:colcon.colcon_core.package_identification:_identify(src/dataset/data_pcd) by extensions ['ros']
[0.672s] Level 1:colcon.colcon_core.package_identification:_identify(src/dataset/data_pcd) by extension 'ros'
[0.672s] Level 1:colcon.colcon_core.package_identification:_identify(src/dataset/data_pcd) by extensions ['cmake', 'python']
[0.672s] Level 1:colcon.colcon_core.package_identification:_identify(src/dataset/data_pcd) by extension 'cmake'
[0.672s] Level 1:colcon.colcon_core.package_identification:_identify(src/dataset/data_pcd) by extension 'python'
[0.672s] Level 1:colcon.colcon_core.package_identification:_identify(src/dataset/data_pcd) by extensions ['python_setup_py']
[0.672s] Level 1:colcon.colcon_core.package_identification:_identify(src/dataset/data_pcd) by extension 'python_setup_py'
[0.672s] Level 1:colcon.colcon_core.package_identification:_identify(src/dataset/data_tomatoVideo_forDetection) by extensions ['ignore', 'ignore_ament_install']
[0.672s] Level 1:colcon.colcon_core.package_identification:_identify(src/dataset/data_tomatoVideo_forDetection) by extension 'ignore'
[0.672s] Level 1:colcon.colcon_core.package_identification:_identify(src/dataset/data_tomatoVideo_forDetection) by extension 'ignore_ament_install'
[0.672s] Level 1:colcon.colcon_core.package_identification:_identify(src/dataset/data_tomatoVideo_forDetection) by extensions ['colcon_pkg']
[0.673s] Level 1:colcon.colcon_core.package_identification:_identify(src/dataset/data_tomatoVideo_forDetection) by extension 'colcon_pkg'
[0.673s] Level 1:colcon.colcon_core.package_identification:_identify(src/dataset/data_tomatoVideo_forDetection) by extensions ['colcon_meta']
[0.673s] Level 1:colcon.colcon_core.package_identification:_identify(src/dataset/data_tomatoVideo_forDetection) by extension 'colcon_meta'
[0.673s] Level 1:colcon.colcon_core.package_identification:_identify(src/dataset/data_tomatoVideo_forDetection) by extensions ['ros']
[0.673s] Level 1:colcon.colcon_core.package_identification:_identify(src/dataset/data_tomatoVideo_forDetection) by extension 'ros'
[0.673s] Level 1:colcon.colcon_core.package_identification:_identify(src/dataset/data_tomatoVideo_forDetection) by extensions ['cmake', 'python']
[0.673s] Level 1:colcon.colcon_core.package_identification:_identify(src/dataset/data_tomatoVideo_forDetection) by extension 'cmake'
[0.673s] Level 1:colcon.colcon_core.package_identification:_identify(src/dataset/data_tomatoVideo_forDetection) by extension 'python'
[0.673s] Level 1:colcon.colcon_core.package_identification:_identify(src/dataset/data_tomatoVideo_forDetection) by extensions ['python_setup_py']
[0.673s] Level 1:colcon.colcon_core.package_identification:_identify(src/dataset/data_tomatoVideo_forDetection) by extension 'python_setup_py'
[0.673s] Level 1:colcon.colcon_core.package_identification:_identify(src/dataset/rqtGraph) by extensions ['ignore', 'ignore_ament_install']
[0.673s] Level 1:colcon.colcon_core.package_identification:_identify(src/dataset/rqtGraph) by extension 'ignore'
[0.673s] Level 1:colcon.colcon_core.package_identification:_identify(src/dataset/rqtGraph) by extension 'ignore_ament_install'
[0.674s] Level 1:colcon.colcon_core.package_identification:_identify(src/dataset/rqtGraph) by extensions ['colcon_pkg']
[0.674s] Level 1:colcon.colcon_core.package_identification:_identify(src/dataset/rqtGraph) by extension 'colcon_pkg'
[0.674s] Level 1:colcon.colcon_core.package_identification:_identify(src/dataset/rqtGraph) by extensions ['colcon_meta']
[0.674s] Level 1:colcon.colcon_core.package_identification:_identify(src/dataset/rqtGraph) by extension 'colcon_meta'
[0.674s] Level 1:colcon.colcon_core.package_identification:_identify(src/dataset/rqtGraph) by extensions ['ros']
[0.674s] Level 1:colcon.colcon_core.package_identification:_identify(src/dataset/rqtGraph) by extension 'ros'
[0.674s] Level 1:colcon.colcon_core.package_identification:_identify(src/dataset/rqtGraph) by extensions ['cmake', 'python']
[0.674s] Level 1:colcon.colcon_core.package_identification:_identify(src/dataset/rqtGraph) by extension 'cmake'
[0.674s] Level 1:colcon.colcon_core.package_identification:_identify(src/dataset/rqtGraph) by extension 'python'
[0.674s] Level 1:colcon.colcon_core.package_identification:_identify(src/dataset/rqtGraph) by extensions ['python_setup_py']
[0.674s] Level 1:colcon.colcon_core.package_identification:_identify(src/dataset/rqtGraph) by extension 'python_setup_py'
[0.674s] Level 1:colcon.colcon_core.package_identification:_identify(src/install) by extensions ['ignore', 'ignore_ament_install']
[0.674s] Level 1:colcon.colcon_core.package_identification:_identify(src/install) by extension 'ignore'
[0.674s] Level 1:colcon.colcon_core.package_identification:_identify(src/install) ignored
[0.675s] Level 1:colcon.colcon_core.package_identification:_identify(src/log) by extensions ['ignore', 'ignore_ament_install']
[0.675s] Level 1:colcon.colcon_core.package_identification:_identify(src/log) by extension 'ignore'
[0.675s] Level 1:colcon.colcon_core.package_identification:_identify(src/log) ignored
[0.675s] Level 1:colcon.colcon_core.package_identification:_identify(src/message_interfaces) by extensions ['ignore', 'ignore_ament_install']
[0.675s] Level 1:colcon.colcon_core.package_identification:_identify(src/message_interfaces) by extension 'ignore'
[0.675s] Level 1:colcon.colcon_core.package_identification:_identify(src/message_interfaces) by extension 'ignore_ament_install'
[0.675s] Level 1:colcon.colcon_core.package_identification:_identify(src/message_interfaces) by extensions ['colcon_pkg']
[0.675s] Level 1:colcon.colcon_core.package_identification:_identify(src/message_interfaces) by extension 'colcon_pkg'
[0.675s] Level 1:colcon.colcon_core.package_identification:_identify(src/message_interfaces) by extensions ['colcon_meta']
[0.675s] Level 1:colcon.colcon_core.package_identification:_identify(src/message_interfaces) by extension 'colcon_meta'
[0.675s] Level 1:colcon.colcon_core.package_identification:_identify(src/message_interfaces) by extensions ['ros']
[0.675s] Level 1:colcon.colcon_core.package_identification:_identify(src/message_interfaces) by extension 'ros'
[0.679s] DEBUG:colcon.colcon_core.package_identification:Package 'src/message_interfaces' with type 'ros.ament_cmake' and name 'message_interfaces'
[0.679s] Level 1:colcon.colcon_core.package_identification:_identify(src/my_bot) by extensions ['ignore', 'ignore_ament_install']
[0.680s] Level 1:colcon.colcon_core.package_identification:_identify(src/my_bot) by extension 'ignore'
[0.680s] Level 1:colcon.colcon_core.package_identification:_identify(src/my_bot) by extension 'ignore_ament_install'
[0.680s] Level 1:colcon.colcon_core.package_identification:_identify(src/my_bot) by extensions ['colcon_pkg']
[0.680s] Level 1:colcon.colcon_core.package_identification:_identify(src/my_bot) by extension 'colcon_pkg'
[0.680s] Level 1:colcon.colcon_core.package_identification:_identify(src/my_bot) by extensions ['colcon_meta']
[0.680s] Level 1:colcon.colcon_core.package_identification:_identify(src/my_bot) by extension 'colcon_meta'
[0.680s] Level 1:colcon.colcon_core.package_identification:_identify(src/my_bot) by extensions ['ros']
[0.680s] Level 1:colcon.colcon_core.package_identification:_identify(src/my_bot) by extension 'ros'
[0.681s] DEBUG:colcon.colcon_core.package_identification:Package 'src/my_bot' with type 'ros.ament_cmake' and name 'my_bot'
[0.682s] Level 1:colcon.colcon_core.package_identification:_identify(src/my_robot_arm) by extensions ['ignore', 'ignore_ament_install']
[0.682s] Level 1:colcon.colcon_core.package_identification:_identify(src/my_robot_arm) by extension 'ignore'
[0.682s] Level 1:colcon.colcon_core.package_identification:_identify(src/my_robot_arm) by extension 'ignore_ament_install'
[0.682s] Level 1:colcon.colcon_core.package_identification:_identify(src/my_robot_arm) by extensions ['colcon_pkg']
[0.682s] Level 1:colcon.colcon_core.package_identification:_identify(src/my_robot_arm) by extension 'colcon_pkg'
[0.682s] Level 1:colcon.colcon_core.package_identification:_identify(src/my_robot_arm) by extensions ['colcon_meta']
[0.682s] Level 1:colcon.colcon_core.package_identification:_identify(src/my_robot_arm) by extension 'colcon_meta'
[0.682s] Level 1:colcon.colcon_core.package_identification:_identify(src/my_robot_arm) by extensions ['ros']
[0.682s] Level 1:colcon.colcon_core.package_identification:_identify(src/my_robot_arm) by extension 'ros'
[0.683s] DEBUG:colcon.colcon_core.package_identification:Package 'src/my_robot_arm' with type 'ros.ament_python' and name 'my_robot_arm'
[0.683s] Level 1:colcon.colcon_core.package_identification:_identify(src/my_robot_cam) by extensions ['ignore', 'ignore_ament_install']
[0.683s] Level 1:colcon.colcon_core.package_identification:_identify(src/my_robot_cam) by extension 'ignore'
[0.684s] Level 1:colcon.colcon_core.package_identification:_identify(src/my_robot_cam) by extension 'ignore_ament_install'
[0.684s] Level 1:colcon.colcon_core.package_identification:_identify(src/my_robot_cam) by extensions ['colcon_pkg']
[0.684s] Level 1:colcon.colcon_core.package_identification:_identify(src/my_robot_cam) by extension 'colcon_pkg'
[0.684s] Level 1:colcon.colcon_core.package_identification:_identify(src/my_robot_cam) by extensions ['colcon_meta']
[0.684s] Level 1:colcon.colcon_core.package_identification:_identify(src/my_robot_cam) by extension 'colcon_meta'
[0.684s] Level 1:colcon.colcon_core.package_identification:_identify(src/my_robot_cam) by extensions ['ros']
[0.684s] Level 1:colcon.colcon_core.package_identification:_identify(src/my_robot_cam) by extension 'ros'
[0.685s] DEBUG:colcon.colcon_core.package_identification:Package 'src/my_robot_cam' with type 'ros.ament_python' and name 'my_robot_cam'
[0.685s] Level 1:colcon.colcon_core.package_identification:_identify(src/my_robot_nbv) by extensions ['ignore', 'ignore_ament_install']
[0.685s] Level 1:colcon.colcon_core.package_identification:_identify(src/my_robot_nbv) by extension 'ignore'
[0.686s] Level 1:colcon.colcon_core.package_identification:_identify(src/my_robot_nbv) by extension 'ignore_ament_install'
[0.686s] Level 1:colcon.colcon_core.package_identification:_identify(src/my_robot_nbv) by extensions ['colcon_pkg']
[0.686s] Level 1:colcon.colcon_core.package_identification:_identify(src/my_robot_nbv) by extension 'colcon_pkg'
[0.686s] Level 1:colcon.colcon_core.package_identification:_identify(src/my_robot_nbv) by extensions ['colcon_meta']
[0.686s] Level 1:colcon.colcon_core.package_identification:_identify(src/my_robot_nbv) by extension 'colcon_meta'
[0.686s] Level 1:colcon.colcon_core.package_identification:_identify(src/my_robot_nbv) by extensions ['ros']
[0.686s] Level 1:colcon.colcon_core.package_identification:_identify(src/my_robot_nbv) by extension 'ros'
[0.687s] DEBUG:colcon.colcon_core.package_identification:Package 'src/my_robot_nbv' with type 'ros.ament_python' and name 'my_robot_nbv'
[0.687s] Level 1:colcon.colcon_core.package_identification:_identify(src/my_robot_nbv_cmake) by extensions ['ignore', 'ignore_ament_install']
[0.687s] Level 1:colcon.colcon_core.package_identification:_identify(src/my_robot_nbv_cmake) by extension 'ignore'
[0.687s] Level 1:colcon.colcon_core.package_identification:_identify(src/my_robot_nbv_cmake) by extension 'ignore_ament_install'
[0.687s] Level 1:colcon.colcon_core.package_identification:_identify(src/my_robot_nbv_cmake) by extensions ['colcon_pkg']
[0.687s] Level 1:colcon.colcon_core.package_identification:_identify(src/my_robot_nbv_cmake) by extension 'colcon_pkg'
[0.687s] Level 1:colcon.colcon_core.package_identification:_identify(src/my_robot_nbv_cmake) by extensions ['colcon_meta']
[0.688s] Level 1:colcon.colcon_core.package_identification:_identify(src/my_robot_nbv_cmake) by extension 'colcon_meta'
[0.688s] Level 1:colcon.colcon_core.package_identification:_identify(src/my_robot_nbv_cmake) by extensions ['ros']
[0.688s] Level 1:colcon.colcon_core.package_identification:_identify(src/my_robot_nbv_cmake) by extension 'ros'
[0.690s] DEBUG:colcon.colcon_core.package_identification:Package 'src/my_robot_nbv_cmake' with type 'ros.ament_cmake' and name 'my_robot_nbv_cmake'
[0.690s] Level 1:colcon.colcon_core.package_identification:_identify(src/octomap_server2) by extensions ['ignore', 'ignore_ament_install']
[0.690s] Level 1:colcon.colcon_core.package_identification:_identify(src/octomap_server2) by extension 'ignore'
[0.690s] Level 1:colcon.colcon_core.package_identification:_identify(src/octomap_server2) by extension 'ignore_ament_install'
[0.690s] Level 1:colcon.colcon_core.package_identification:_identify(src/octomap_server2) by extensions ['colcon_pkg']
[0.690s] Level 1:colcon.colcon_core.package_identification:_identify(src/octomap_server2) by extension 'colcon_pkg'
[0.690s] Level 1:colcon.colcon_core.package_identification:_identify(src/octomap_server2) by extensions ['colcon_meta']
[0.690s] Level 1:colcon.colcon_core.package_identification:_identify(src/octomap_server2) by extension 'colcon_meta'
[0.690s] Level 1:colcon.colcon_core.package_identification:_identify(src/octomap_server2) by extensions ['ros']
[0.690s] Level 1:colcon.colcon_core.package_identification:_identify(src/octomap_server2) by extension 'ros'
[0.691s] DEBUG:colcon.colcon_core.package_identification:Package 'src/octomap_server2' with type 'ros.ament_cmake' and name 'octomap_server2'
[0.692s] Level 1:colcon.colcon_core.package_identification:_identify(src/realsense-ros) by extensions ['ignore', 'ignore_ament_install']
[0.692s] Level 1:colcon.colcon_core.package_identification:_identify(src/realsense-ros) by extension 'ignore'
[0.692s] Level 1:colcon.colcon_core.package_identification:_identify(src/realsense-ros) by extension 'ignore_ament_install'
[0.692s] Level 1:colcon.colcon_core.package_identification:_identify(src/realsense-ros) by extensions ['colcon_pkg']
[0.692s] Level 1:colcon.colcon_core.package_identification:_identify(src/realsense-ros) by extension 'colcon_pkg'
[0.692s] Level 1:colcon.colcon_core.package_identification:_identify(src/realsense-ros) by extensions ['colcon_meta']
[0.692s] Level 1:colcon.colcon_core.package_identification:_identify(src/realsense-ros) by extension 'colcon_meta'
[0.692s] Level 1:colcon.colcon_core.package_identification:_identify(src/realsense-ros) by extensions ['ros']
[0.692s] Level 1:colcon.colcon_core.package_identification:_identify(src/realsense-ros) by extension 'ros'
[0.692s] Level 1:colcon.colcon_core.package_identification:_identify(src/realsense-ros) by extensions ['cmake', 'python']
[0.692s] Level 1:colcon.colcon_core.package_identification:_identify(src/realsense-ros) by extension 'cmake'
[0.693s] Level 1:colcon.colcon_core.package_identification:_identify(src/realsense-ros) by extension 'python'
[0.693s] Level 1:colcon.colcon_core.package_identification:_identify(src/realsense-ros) by extensions ['python_setup_py']
[0.693s] Level 1:colcon.colcon_core.package_identification:_identify(src/realsense-ros) by extension 'python_setup_py'
[0.693s] Level 1:colcon.colcon_core.package_identification:_identify(src/realsense-ros/realsense2_camera) by extensions ['ignore', 'ignore_ament_install']
[0.693s] Level 1:colcon.colcon_core.package_identification:_identify(src/realsense-ros/realsense2_camera) by extension 'ignore'
[0.693s] Level 1:colcon.colcon_core.package_identification:_identify(src/realsense-ros/realsense2_camera) by extension 'ignore_ament_install'
[0.693s] Level 1:colcon.colcon_core.package_identification:_identify(src/realsense-ros/realsense2_camera) by extensions ['colcon_pkg']
[0.693s] Level 1:colcon.colcon_core.package_identification:_identify(src/realsense-ros/realsense2_camera) by extension 'colcon_pkg'
[0.693s] Level 1:colcon.colcon_core.package_identification:_identify(src/realsense-ros/realsense2_camera) by extensions ['colcon_meta']
[0.693s] Level 1:colcon.colcon_core.package_identification:_identify(src/realsense-ros/realsense2_camera) by extension 'colcon_meta'
[0.693s] Level 1:colcon.colcon_core.package_identification:_identify(src/realsense-ros/realsense2_camera) by extensions ['ros']
[0.693s] Level 1:colcon.colcon_core.package_identification:_identify(src/realsense-ros/realsense2_camera) by extension 'ros'
[0.701s] DEBUG:colcon.colcon_core.package_identification:Package 'src/realsense-ros/realsense2_camera' with type 'ros.ament_cmake' and name 'realsense2_camera'
[0.701s] Level 1:colcon.colcon_core.package_identification:_identify(src/realsense-ros/realsense2_camera_msgs) by extensions ['ignore', 'ignore_ament_install']
[0.701s] Level 1:colcon.colcon_core.package_identification:_identify(src/realsense-ros/realsense2_camera_msgs) by extension 'ignore'
[0.701s] Level 1:colcon.colcon_core.package_identification:_identify(src/realsense-ros/realsense2_camera_msgs) by extension 'ignore_ament_install'
[0.702s] Level 1:colcon.colcon_core.package_identification:_identify(src/realsense-ros/realsense2_camera_msgs) by extensions ['colcon_pkg']
[0.702s] Level 1:colcon.colcon_core.package_identification:_identify(src/realsense-ros/realsense2_camera_msgs) by extension 'colcon_pkg'
[0.702s] Level 1:colcon.colcon_core.package_identification:_identify(src/realsense-ros/realsense2_camera_msgs) by extensions ['colcon_meta']
[0.702s] Level 1:colcon.colcon_core.package_identification:_identify(src/realsense-ros/realsense2_camera_msgs) by extension 'colcon_meta'
[0.702s] Level 1:colcon.colcon_core.package_identification:_identify(src/realsense-ros/realsense2_camera_msgs) by extensions ['ros']
[0.702s] Level 1:colcon.colcon_core.package_identification:_identify(src/realsense-ros/realsense2_camera_msgs) by extension 'ros'
[0.703s] DEBUG:colcon.colcon_core.package_identification:Package 'src/realsense-ros/realsense2_camera_msgs' with type 'ros.ament_cmake' and name 'realsense2_camera_msgs'
[0.703s] Level 1:colcon.colcon_core.package_identification:_identify(src/realsense-ros/realsense2_description) by extensions ['ignore', 'ignore_ament_install']
[0.704s] Level 1:colcon.colcon_core.package_identification:_identify(src/realsense-ros/realsense2_description) by extension 'ignore'
[0.704s] Level 1:colcon.colcon_core.package_identification:_identify(src/realsense-ros/realsense2_description) by extension 'ignore_ament_install'
[0.704s] Level 1:colcon.colcon_core.package_identification:_identify(src/realsense-ros/realsense2_description) by extensions ['colcon_pkg']
[0.704s] Level 1:colcon.colcon_core.package_identification:_identify(src/realsense-ros/realsense2_description) by extension 'colcon_pkg'
[0.704s] Level 1:colcon.colcon_core.package_identification:_identify(src/realsense-ros/realsense2_description) by extensions ['colcon_meta']
[0.704s] Level 1:colcon.colcon_core.package_identification:_identify(src/realsense-ros/realsense2_description) by extension 'colcon_meta'
[0.704s] Level 1:colcon.colcon_core.package_identification:_identify(src/realsense-ros/realsense2_description) by extensions ['ros']
[0.704s] Level 1:colcon.colcon_core.package_identification:_identify(src/realsense-ros/realsense2_description) by extension 'ros'
[0.705s] DEBUG:colcon.colcon_core.package_identification:Package 'src/realsense-ros/realsense2_description' with type 'ros.ament_cmake' and name 'realsense2_description'
[0.705s] Level 1:colcon.colcon_core.package_discovery:discover_packages(recursive) using defaults
[0.705s] Level 1:colcon.colcon_core.package_discovery:discover_packages(ignore) discover
[0.705s] Level 1:colcon.colcon_core.package_discovery:discover_packages(ignore) using defaults
[0.705s] Level 1:colcon.colcon_core.package_discovery:discover_packages(path) discover
[0.705s] Level 1:colcon.colcon_core.package_discovery:discover_packages(path) using defaults
[0.747s] INFO:colcon.colcon_core.package_selection:Skipping not selected package 'my_bot' in 'src/my_bot'
[0.747s] INFO:colcon.colcon_core.package_selection:Skipping not selected package 'my_robot_cam' in 'src/my_robot_cam'
[0.748s] INFO:colcon.colcon_core.package_selection:Skipping not selected package 'octomap_server2' in 'src/octomap_server2'
[0.748s] INFO:colcon.colcon_core.package_selection:Skipping not selected package 'realsense2_camera_msgs' in 'src/realsense-ros/realsense2_camera_msgs'
[0.748s] INFO:colcon.colcon_core.package_selection:Skipping not selected package 'my_robot_arm' in 'src/my_robot_arm'
[0.748s] INFO:colcon.colcon_core.package_selection:Skipping not selected package 'my_robot_nbv' in 'src/my_robot_nbv'
[0.748s] INFO:colcon.colcon_core.package_selection:Skipping not selected package 'my_robot_nbv_cmake' in 'src/my_robot_nbv_cmake'
[0.748s] INFO:colcon.colcon_core.package_selection:Skipping not selected package 'realsense2_camera' in 'src/realsense-ros/realsense2_camera'
[0.748s] INFO:colcon.colcon_core.package_selection:Skipping not selected package 'realsense2_description' in 'src/realsense-ros/realsense2_description'
[0.748s] Level 1:colcon.colcon_core.package_discovery:discover_packages(prefix_path) check parameters
[0.749s] Level 1:colcon.colcon_core.package_discovery:discover_packages(prefix_path) discover
[0.758s] DEBUG:colcon.colcon_installed_package_information.package_discovery:Found 1 installed packages in /home/rmml05/custom_msgs/custom_msgs_ros2/install
[0.759s] DEBUG:colcon.colcon_installed_package_information.package_discovery:Found 1 installed packages in /home/rmml05/ros-humble-ros1-bridge/install
[0.760s] DEBUG:colcon.colcon_installed_package_information.package_discovery:Found 4 installed packages in /home/rmml05/thr_ws_release/install
[0.762s] DEBUG:colcon.colcon_installed_package_information.package_discovery:Found 55 installed packages in /home/rmml05/ws_moveit/install
[0.763s] DEBUG:colcon.colcon_installed_package_information.package_discovery:Found 3 installed packages in /home/rmml05/micro_ros_ws/install
[0.765s] DEBUG:colcon.colcon_installed_package_information.package_discovery:Found 38 installed packages in /home/rmml05/thr_ws/install
[0.767s] DEBUG:colcon.colcon_installed_package_information.package_discovery:Found 19 installed packages in /home/rmml05/rslidar_ws/install
[0.769s] DEBUG:colcon.colcon_installed_package_information.package_discovery:Found 447 installed packages in /opt/ros/humble
[0.774s] Level 1:colcon.colcon_core.package_discovery:discover_packages(prefix_path) using defaults
[0.871s] Level 5:colcon.colcon_core.verb:set package 'message_interfaces' build argument 'cmake_args' from command line to 'None'
[0.871s] Level 5:colcon.colcon_core.verb:set package 'message_interfaces' build argument 'cmake_target' from command line to 'None'
[0.871s] Level 5:colcon.colcon_core.verb:set package 'message_interfaces' build argument 'cmake_target_skip_unavailable' from command line to 'False'
[0.871s] Level 5:colcon.colcon_core.verb:set package 'message_interfaces' build argument 'cmake_clean_cache' from command line to 'False'
[0.871s] Level 5:colcon.colcon_core.verb:set package 'message_interfaces' build argument 'cmake_clean_first' from command line to 'False'
[0.871s] Level 5:colcon.colcon_core.verb:set package 'message_interfaces' build argument 'cmake_force_configure' from command line to 'False'
[0.871s] Level 5:colcon.colcon_core.verb:set package 'message_interfaces' build argument 'ament_cmake_args' from command line to 'None'
[0.871s] Level 5:colcon.colcon_core.verb:set package 'message_interfaces' build argument 'catkin_cmake_args' from command line to 'None'
[0.871s] Level 5:colcon.colcon_core.verb:set package 'message_interfaces' build argument 'catkin_skip_building_tests' from command line to 'False'
[0.872s] DEBUG:colcon.colcon_core.verb:Building package 'message_interfaces' with the following arguments: {'ament_cmake_args': None, 'build_base': '/home/rmml05/Best_View/nbv_JaJaYu/TomatoHarvesting_NextBestView/nbv_code/nbv_for_local_computer/ros2_ws2_local/build/message_interfaces', 'catkin_cmake_args': None, 'catkin_skip_building_tests': False, 'cmake_args': None, 'cmake_clean_cache': False, 'cmake_clean_first': False, 'cmake_force_configure': False, 'cmake_target': None, 'cmake_target_skip_unavailable': False, 'install_base': '/home/rmml05/Best_View/nbv_JaJaYu/TomatoHarvesting_NextBestView/nbv_code/nbv_for_local_computer/ros2_ws2_local/install/message_interfaces', 'merge_install': False, 'path': '/home/rmml05/Best_View/nbv_JaJaYu/TomatoHarvesting_NextBestView/nbv_code/nbv_for_local_computer/ros2_ws2_local/src/message_interfaces', 'symlink_install': False, 'test_result_base': None}
[0.872s] INFO:colcon.colcon_core.executor:Executing jobs using 'parallel' executor
[0.874s] DEBUG:colcon.colcon_parallel_executor.executor.parallel:run_until_complete
[0.874s] INFO:colcon.colcon_ros.task.ament_cmake.build:Building ROS package in '/home/rmml05/Best_View/nbv_JaJaYu/TomatoHarvesting_NextBestView/nbv_code/nbv_for_local_computer/ros2_ws2_local/src/message_interfaces' with build type 'ament_cmake'
[0.875s] INFO:colcon.colcon_cmake.task.cmake.build:Building CMake package in '/home/rmml05/Best_View/nbv_JaJaYu/TomatoHarvesting_NextBestView/nbv_code/nbv_for_local_computer/ros2_ws2_local/src/message_interfaces'
[0.879s] INFO:colcon.colcon_core.plugin_system:Skipping extension 'colcon_core.shell.bat': Not used on non-Windows systems
[0.880s] INFO:colcon.colcon_core.shell:Skip shell extension 'powershell' for command environment: Not usable outside of PowerShell
[0.880s] DEBUG:colcon.colcon_core.shell:Skip shell extension 'dsv' for command environment
[0.912s] DEBUG:colcon.colcon_core.event_handler.log_command:Invoking command in '/home/rmml05/Best_View/nbv_JaJaYu/TomatoHarvesting_NextBestView/nbv_code/nbv_for_local_computer/ros2_ws2_local/build/message_interfaces': CMAKE_PREFIX_PATH=/home/rmml05/thr_ws/install/tm_driver:/home/rmml05/thr_ws/install/tm_msgs:/home/rmml05/thr_ws/install/thr_ugv_rviz_gui:/home/rmml05/thr_ws/install/thr_ugv_bt_executor:/home/rmml05/thr_ws/install/thr_sensors:/home/rmml05/thr_ws/install/thr_sensor_description:/home/rmml05/thr_ws/install/thr_platform_description:/home/rmml05/thr_ws/install/thr_platform:/home/rmml05/thr_ws/install/thr_planners:/home/rmml05/thr_ws/install/thr_nav_controllers:/home/rmml05/thr_ws/install/thr_manipulator_description:/home/rmml05/thr_ws/install/thr_description:/home/rmml05/thr_ws/install/thr_bringup_:/home/rmml05/thr_ws/install/tag_lidar_localizer:/home/rmml05/thr_ws/install/point_lio:/home/rmml05/thr_ws/install/hdl_localization:/home/rmml05/thr_ws/install/ndt_omp:/home/rmml05/thr_ws/install/mcu_hwif:/home/rmml05/thr_ws/install/keyence_cmos_laser:/home/rmml05/thr_ws/install/hdl_global_localization:/home/rmml05/thr_ws/install/fast_gicp:/home/rmml05/thr_ws/install/dh_gripper_ros2:/home/rmml05/thr_ws/install/apriltag_ros:/home/rmml05/thr_ws/install/aisle_path_finder:/home/rmml05/custom_msgs/custom_msgs_ros2/install/custom_msgs:/home/rmml05/ros-humble-ros1-bridge/install/ros1_bridge:/home/rmml05/thr_ws_release/install/thr_robot_bringup:/home/rmml05/thr_ws_release/install/point_lio_unilidar:/home/rmml05/thr_ws_release/install/nav_activation:/home/rmml05/ws_moveit/install/pilz_industrial_motion_planner_testutils:/home/rmml05/ws_moveit/install/moveit_runtime:/home/rmml05/ws_moveit/install/moveit2_tutorials:/home/rmml05/ws_moveit/install/moveit:/home/rmml05/ws_moveit/install/moveit_planners:/home/rmml05/ws_moveit/install/pilz_industrial_motion_planner:/home/rmml05/ws_moveit/install/moveit_visual_tools:/home/rmml05/ws_moveit/install/moveit_task_constructor_visualization:/home/rmml05/ws_moveit/install/moveit_task_constructor_demo:/home/rmml05/ws_moveit/install/moveit_task_constructor_capabilities:/home/rmml05/ws_moveit/install/moveit_task_constructor_core:/home/rmml05/ws_moveit/install/moveit_ros_control_interface:/home/rmml05/ws_moveit/install/moveit_plugins:/home/rmml05/ws_moveit/install/moveit_simple_controller_manager:/home/rmml05/ws_moveit/install/moveit_setup_assistant:/home/rmml05/ws_moveit/install/moveit_setup_srdf_plugins:/home/rmml05/ws_moveit/install/moveit_setup_core_plugins:/home/rmml05/ws_moveit/install/moveit_setup_controllers:/home/rmml05/ws_moveit/install/moveit_setup_app_plugins:/home/rmml05/ws_moveit/install/moveit_setup_framework:/home/rmml05/ws_moveit/install/moveit_servo:/home/rmml05/ws_moveit/install/moveit_ros:/home/rmml05/ws_moveit/install/moveit_ros_visualization:/home/rmml05/ws_moveit/install/moveit_hybrid_planning:/home/rmml05/ws_moveit/install/moveit_ros_planning_interface:/home/rmml05/ws_moveit/install/moveit_ros_benchmarks:/home/rmml05/ws_moveit/install/moveit_ros_warehouse:/home/rmml05/ws_moveit/install/moveit_ros_robot_interaction:/home/rmml05/ws_moveit/install/moveit_ros_perception:/home/rmml05/ws_moveit/install/moveit_resources_prbt_pg70_support:/home/rmml05/ws_moveit/install/moveit_resources_prbt_moveit_config:/home/rmml05/ws_moveit/install/moveit_ros_move_group:/home/rmml05/ws_moveit/install/moveit_planners_ompl:/home/rmml05/ws_moveit/install/moveit_ros_planning:/home/rmml05/ws_moveit/install/moveit_ros_occupancy_map_monitor:/home/rmml05/ws_moveit/install/moveit_resources_prbt_ikfast_manipulator_plugin:/home/rmml05/ws_moveit/install/moveit_planners_chomp:/home/rmml05/ws_moveit/install/moveit_kinematics:/home/rmml05/ws_moveit/install/moveit_chomp_optimizer_adapter:/home/rmml05/ws_moveit/install/chomp_motion_planner:/home/rmml05/ws_moveit/install/moveit_core:/home/rmml05/ws_moveit/install/srdfdom:/home/rmml05/ws_moveit/install/rviz_marker_tools:/home/rmml05/ws_moveit/install/rosparam_shortcuts:/home/rmml05/ws_moveit/install/moveit_task_constructor_msgs:/home/rmml05/ws_moveit/install/moveit_resources_prbt_support:/home/rmml05/ws_moveit/install/moveit_resources:/home/rmml05/ws_moveit/install/moveit_resources_pr2_description:/home/rmml05/ws_moveit/install/moveit_resources_panda_moveit_config:/home/rmml05/ws_moveit/install/moveit_resources_panda_description:/home/rmml05/ws_moveit/install/moveit_resources_fanuc_moveit_config:/home/rmml05/ws_moveit/install/moveit_resources_fanuc_description:/home/rmml05/ws_moveit/install/moveit_common:/home/rmml05/micro_ros_ws/install/micro_ros_setup:/home/rmml05/micro_ros_ws/install/micro_ros_agent:/home/rmml05/micro_ros_ws/install/micro_ros_msgs:/home/rmml05/rslidar_ws/install/serial_imu:/home/rmml05/rslidar_ws/install/rslidar_sdk:/home/rmml05/rslidar_ws/install/rslidar_msg:/home/rmml05/rslidar_ws/install/rs_to_velodyne:/home/rmml05/rslidar_ws/install/potential_field:/home/rmml05/rslidar_ws/install/pointcloud_to_laserscan:/home/rmml05/rslidar_ws/install/pointcloud_to_grid:/home/rmml05/rslidar_ws/install/plane_segmentation:/home/rmml05/rslidar_ws/install/lidar_localization_ros2:/home/rmml05/rslidar_ws/install/ndt_omp_ros2:/home/rmml05/rslidar_ws/install/nav_trial:/home/rmml05/rslidar_ws/install/fast_lio:/home/rmml05/rslidar_ws/install/livox_ros_driver2:/home/rmml05/rslidar_ws/install/lidarslam_msgs:/home/rmml05/thr_ws/install/ugv_mission_controller:/home/rmml05/thr_ws/install/tm_arm_control_py:/home/rmml05/thr_ws/install/thr_gui_teleoperation:/home/rmml05/thr_ws/install/thr_fruit_vision:/home/rmml05/thr_ws/install/thr_daq:/home/rmml05/thr_ws/install/thr_camera_publisher:/home/rmml05/thr_ws/install/path_follower:/home/rmml05/thr_ws/install/light_controller:/home/rmml05/thr_ws/install/gripper_controller:/home/rmml05/thr_ws/install/bvp_driver_interface_py:/home/rmml05/thr_ws/install/apriltag_localizer:/home/rmml05/thr_ws/install/apriltag_localization:/home/rmml05/thr_ws/install/aisle_extractor:/home/rmml05/ws_moveit/install/moveit_configs_utils:/home/rmml05/ws_moveit/install/launch_param_builder:/home/rmml05/rslidar_ws/install/spark_fast_lio:/home/rmml05/rslidar_ws/install/lio_sam:/opt/ros/humble:/home/rmml05/rslidar_ws/install/genz_icp /home/rmml05/.local/bin/cmake /home/rmml05/Best_View/nbv_JaJaYu/TomatoHarvesting_NextBestView/nbv_code/nbv_for_local_computer/ros2_ws2_local/src/message_interfaces -DCMAKE_INSTALL_PREFIX=/home/rmml05/Best_View/nbv_JaJaYu/TomatoHarvesting_NextBestView/nbv_code/nbv_for_local_computer/ros2_ws2_local/install/message_interfaces
[7.191s] DEBUG:colcon.colcon_core.event_handler.log_command:Invoked command in '/home/rmml05/Best_View/nbv_JaJaYu/TomatoHarvesting_NextBestView/nbv_code/nbv_for_local_computer/ros2_ws2_local/build/message_interfaces' returned '0': CMAKE_PREFIX_PATH=/home/rmml05/thr_ws/install/tm_driver:/home/rmml05/thr_ws/install/tm_msgs:/home/rmml05/thr_ws/install/thr_ugv_rviz_gui:/home/rmml05/thr_ws/install/thr_ugv_bt_executor:/home/rmml05/thr_ws/install/thr_sensors:/home/rmml05/thr_ws/install/thr_sensor_description:/home/rmml05/thr_ws/install/thr_platform_description:/home/rmml05/thr_ws/install/thr_platform:/home/rmml05/thr_ws/install/thr_planners:/home/rmml05/thr_ws/install/thr_nav_controllers:/home/rmml05/thr_ws/install/thr_manipulator_description:/home/rmml05/thr_ws/install/thr_description:/home/rmml05/thr_ws/install/thr_bringup_:/home/rmml05/thr_ws/install/tag_lidar_localizer:/home/rmml05/thr_ws/install/point_lio:/home/rmml05/thr_ws/install/hdl_localization:/home/rmml05/thr_ws/install/ndt_omp:/home/rmml05/thr_ws/install/mcu_hwif:/home/rmml05/thr_ws/install/keyence_cmos_laser:/home/rmml05/thr_ws/install/hdl_global_localization:/home/rmml05/thr_ws/install/fast_gicp:/home/rmml05/thr_ws/install/dh_gripper_ros2:/home/rmml05/thr_ws/install/apriltag_ros:/home/rmml05/thr_ws/install/aisle_path_finder:/home/rmml05/custom_msgs/custom_msgs_ros2/install/custom_msgs:/home/rmml05/ros-humble-ros1-bridge/install/ros1_bridge:/home/rmml05/thr_ws_release/install/thr_robot_bringup:/home/rmml05/thr_ws_release/install/point_lio_unilidar:/home/rmml05/thr_ws_release/install/nav_activation:/home/rmml05/ws_moveit/install/pilz_industrial_motion_planner_testutils:/home/rmml05/ws_moveit/install/moveit_runtime:/home/rmml05/ws_moveit/install/moveit2_tutorials:/home/rmml05/ws_moveit/install/moveit:/home/rmml05/ws_moveit/install/moveit_planners:/home/rmml05/ws_moveit/install/pilz_industrial_motion_planner:/home/rmml05/ws_moveit/install/moveit_visual_tools:/home/rmml05/ws_moveit/install/moveit_task_constructor_visualization:/home/rmml05/ws_moveit/install/moveit_task_constructor_demo:/home/rmml05/ws_moveit/install/moveit_task_constructor_capabilities:/home/rmml05/ws_moveit/install/moveit_task_constructor_core:/home/rmml05/ws_moveit/install/moveit_ros_control_interface:/home/rmml05/ws_moveit/install/moveit_plugins:/home/rmml05/ws_moveit/install/moveit_simple_controller_manager:/home/rmml05/ws_moveit/install/moveit_setup_assistant:/home/rmml05/ws_moveit/install/moveit_setup_srdf_plugins:/home/rmml05/ws_moveit/install/moveit_setup_core_plugins:/home/rmml05/ws_moveit/install/moveit_setup_controllers:/home/rmml05/ws_moveit/install/moveit_setup_app_plugins:/home/rmml05/ws_moveit/install/moveit_setup_framework:/home/rmml05/ws_moveit/install/moveit_servo:/home/rmml05/ws_moveit/install/moveit_ros:/home/rmml05/ws_moveit/install/moveit_ros_visualization:/home/rmml05/ws_moveit/install/moveit_hybrid_planning:/home/rmml05/ws_moveit/install/moveit_ros_planning_interface:/home/rmml05/ws_moveit/install/moveit_ros_benchmarks:/home/rmml05/ws_moveit/install/moveit_ros_warehouse:/home/rmml05/ws_moveit/install/moveit_ros_robot_interaction:/home/rmml05/ws_moveit/install/moveit_ros_perception:/home/rmml05/ws_moveit/install/moveit_resources_prbt_pg70_support:/home/rmml05/ws_moveit/install/moveit_resources_prbt_moveit_config:/home/rmml05/ws_moveit/install/moveit_ros_move_group:/home/rmml05/ws_moveit/install/moveit_planners_ompl:/home/rmml05/ws_moveit/install/moveit_ros_planning:/home/rmml05/ws_moveit/install/moveit_ros_occupancy_map_monitor:/home/rmml05/ws_moveit/install/moveit_resources_prbt_ikfast_manipulator_plugin:/home/rmml05/ws_moveit/install/moveit_planners_chomp:/home/rmml05/ws_moveit/install/moveit_kinematics:/home/rmml05/ws_moveit/install/moveit_chomp_optimizer_adapter:/home/rmml05/ws_moveit/install/chomp_motion_planner:/home/rmml05/ws_moveit/install/moveit_core:/home/rmml05/ws_moveit/install/srdfdom:/home/rmml05/ws_moveit/install/rviz_marker_tools:/home/rmml05/ws_moveit/install/rosparam_shortcuts:/home/rmml05/ws_moveit/install/moveit_task_constructor_msgs:/home/rmml05/ws_moveit/install/moveit_resources_prbt_support:/home/rmml05/ws_moveit/install/moveit_resources:/home/rmml05/ws_moveit/install/moveit_resources_pr2_description:/home/rmml05/ws_moveit/install/moveit_resources_panda_moveit_config:/home/rmml05/ws_moveit/install/moveit_resources_panda_description:/home/rmml05/ws_moveit/install/moveit_resources_fanuc_moveit_config:/home/rmml05/ws_moveit/install/moveit_resources_fanuc_description:/home/rmml05/ws_moveit/install/moveit_common:/home/rmml05/micro_ros_ws/install/micro_ros_setup:/home/rmml05/micro_ros_ws/install/micro_ros_agent:/home/rmml05/micro_ros_ws/install/micro_ros_msgs:/home/rmml05/rslidar_ws/install/serial_imu:/home/rmml05/rslidar_ws/install/rslidar_sdk:/home/rmml05/rslidar_ws/install/rslidar_msg:/home/rmml05/rslidar_ws/install/rs_to_velodyne:/home/rmml05/rslidar_ws/install/potential_field:/home/rmml05/rslidar_ws/install/pointcloud_to_laserscan:/home/rmml05/rslidar_ws/install/pointcloud_to_grid:/home/rmml05/rslidar_ws/install/plane_segmentation:/home/rmml05/rslidar_ws/install/lidar_localization_ros2:/home/rmml05/rslidar_ws/install/ndt_omp_ros2:/home/rmml05/rslidar_ws/install/nav_trial:/home/rmml05/rslidar_ws/install/fast_lio:/home/rmml05/rslidar_ws/install/livox_ros_driver2:/home/rmml05/rslidar_ws/install/lidarslam_msgs:/home/rmml05/thr_ws/install/ugv_mission_controller:/home/rmml05/thr_ws/install/tm_arm_control_py:/home/rmml05/thr_ws/install/thr_gui_teleoperation:/home/rmml05/thr_ws/install/thr_fruit_vision:/home/rmml05/thr_ws/install/thr_daq:/home/rmml05/thr_ws/install/thr_camera_publisher:/home/rmml05/thr_ws/install/path_follower:/home/rmml05/thr_ws/install/light_controller:/home/rmml05/thr_ws/install/gripper_controller:/home/rmml05/thr_ws/install/bvp_driver_interface_py:/home/rmml05/thr_ws/install/apriltag_localizer:/home/rmml05/thr_ws/install/apriltag_localization:/home/rmml05/thr_ws/install/aisle_extractor:/home/rmml05/ws_moveit/install/moveit_configs_utils:/home/rmml05/ws_moveit/install/launch_param_builder:/home/rmml05/rslidar_ws/install/spark_fast_lio:/home/rmml05/rslidar_ws/install/lio_sam:/opt/ros/humble:/home/rmml05/rslidar_ws/install/genz_icp /home/rmml05/.local/bin/cmake /home/rmml05/Best_View/nbv_JaJaYu/TomatoHarvesting_NextBestView/nbv_code/nbv_for_local_computer/ros2_ws2_local/src/message_interfaces -DCMAKE_INSTALL_PREFIX=/home/rmml05/Best_View/nbv_JaJaYu/TomatoHarvesting_NextBestView/nbv_code/nbv_for_local_computer/ros2_ws2_local/install/message_interfaces
[7.194s] DEBUG:colcon.colcon_core.event_handler.log_command:Invoking command in '/home/rmml05/Best_View/nbv_JaJaYu/TomatoHarvesting_NextBestView/nbv_code/nbv_for_local_computer/ros2_ws2_local/build/message_interfaces': CMAKE_PREFIX_PATH=/home/rmml05/thr_ws/install/tm_driver:/home/rmml05/thr_ws/install/tm_msgs:/home/rmml05/thr_ws/install/thr_ugv_rviz_gui:/home/rmml05/thr_ws/install/thr_ugv_bt_executor:/home/rmml05/thr_ws/install/thr_sensors:/home/rmml05/thr_ws/install/thr_sensor_description:/home/rmml05/thr_ws/install/thr_platform_description:/home/rmml05/thr_ws/install/thr_platform:/home/rmml05/thr_ws/install/thr_planners:/home/rmml05/thr_ws/install/thr_nav_controllers:/home/rmml05/thr_ws/install/thr_manipulator_description:/home/rmml05/thr_ws/install/thr_description:/home/rmml05/thr_ws/install/thr_bringup_:/home/rmml05/thr_ws/install/tag_lidar_localizer:/home/rmml05/thr_ws/install/point_lio:/home/rmml05/thr_ws/install/hdl_localization:/home/rmml05/thr_ws/install/ndt_omp:/home/rmml05/thr_ws/install/mcu_hwif:/home/rmml05/thr_ws/install/keyence_cmos_laser:/home/rmml05/thr_ws/install/hdl_global_localization:/home/rmml05/thr_ws/install/fast_gicp:/home/rmml05/thr_ws/install/dh_gripper_ros2:/home/rmml05/thr_ws/install/apriltag_ros:/home/rmml05/thr_ws/install/aisle_path_finder:/home/rmml05/custom_msgs/custom_msgs_ros2/install/custom_msgs:/home/rmml05/ros-humble-ros1-bridge/install/ros1_bridge:/home/rmml05/thr_ws_release/install/thr_robot_bringup:/home/rmml05/thr_ws_release/install/point_lio_unilidar:/home/rmml05/thr_ws_release/install/nav_activation:/home/rmml05/ws_moveit/install/pilz_industrial_motion_planner_testutils:/home/rmml05/ws_moveit/install/moveit_runtime:/home/rmml05/ws_moveit/install/moveit2_tutorials:/home/rmml05/ws_moveit/install/moveit:/home/rmml05/ws_moveit/install/moveit_planners:/home/rmml05/ws_moveit/install/pilz_industrial_motion_planner:/home/rmml05/ws_moveit/install/moveit_visual_tools:/home/rmml05/ws_moveit/install/moveit_task_constructor_visualization:/home/rmml05/ws_moveit/install/moveit_task_constructor_demo:/home/rmml05/ws_moveit/install/moveit_task_constructor_capabilities:/home/rmml05/ws_moveit/install/moveit_task_constructor_core:/home/rmml05/ws_moveit/install/moveit_ros_control_interface:/home/rmml05/ws_moveit/install/moveit_plugins:/home/rmml05/ws_moveit/install/moveit_simple_controller_manager:/home/rmml05/ws_moveit/install/moveit_setup_assistant:/home/rmml05/ws_moveit/install/moveit_setup_srdf_plugins:/home/rmml05/ws_moveit/install/moveit_setup_core_plugins:/home/rmml05/ws_moveit/install/moveit_setup_controllers:/home/rmml05/ws_moveit/install/moveit_setup_app_plugins:/home/rmml05/ws_moveit/install/moveit_setup_framework:/home/rmml05/ws_moveit/install/moveit_servo:/home/rmml05/ws_moveit/install/moveit_ros:/home/rmml05/ws_moveit/install/moveit_ros_visualization:/home/rmml05/ws_moveit/install/moveit_hybrid_planning:/home/rmml05/ws_moveit/install/moveit_ros_planning_interface:/home/rmml05/ws_moveit/install/moveit_ros_benchmarks:/home/rmml05/ws_moveit/install/moveit_ros_warehouse:/home/rmml05/ws_moveit/install/moveit_ros_robot_interaction:/home/rmml05/ws_moveit/install/moveit_ros_perception:/home/rmml05/ws_moveit/install/moveit_resources_prbt_pg70_support:/home/rmml05/ws_moveit/install/moveit_resources_prbt_moveit_config:/home/rmml05/ws_moveit/install/moveit_ros_move_group:/home/rmml05/ws_moveit/install/moveit_planners_ompl:/home/rmml05/ws_moveit/install/moveit_ros_planning:/home/rmml05/ws_moveit/install/moveit_ros_occupancy_map_monitor:/home/rmml05/ws_moveit/install/moveit_resources_prbt_ikfast_manipulator_plugin:/home/rmml05/ws_moveit/install/moveit_planners_chomp:/home/rmml05/ws_moveit/install/moveit_kinematics:/home/rmml05/ws_moveit/install/moveit_chomp_optimizer_adapter:/home/rmml05/ws_moveit/install/chomp_motion_planner:/home/rmml05/ws_moveit/install/moveit_core:/home/rmml05/ws_moveit/install/srdfdom:/home/rmml05/ws_moveit/install/rviz_marker_tools:/home/rmml05/ws_moveit/install/rosparam_shortcuts:/home/rmml05/ws_moveit/install/moveit_task_constructor_msgs:/home/rmml05/ws_moveit/install/moveit_resources_prbt_support:/home/rmml05/ws_moveit/install/moveit_resources:/home/rmml05/ws_moveit/install/moveit_resources_pr2_description:/home/rmml05/ws_moveit/install/moveit_resources_panda_moveit_config:/home/rmml05/ws_moveit/install/moveit_resources_panda_description:/home/rmml05/ws_moveit/install/moveit_resources_fanuc_moveit_config:/home/rmml05/ws_moveit/install/moveit_resources_fanuc_description:/home/rmml05/ws_moveit/install/moveit_common:/home/rmml05/micro_ros_ws/install/micro_ros_setup:/home/rmml05/micro_ros_ws/install/micro_ros_agent:/home/rmml05/micro_ros_ws/install/micro_ros_msgs:/home/rmml05/rslidar_ws/install/serial_imu:/home/rmml05/rslidar_ws/install/rslidar_sdk:/home/rmml05/rslidar_ws/install/rslidar_msg:/home/rmml05/rslidar_ws/install/rs_to_velodyne:/home/rmml05/rslidar_ws/install/potential_field:/home/rmml05/rslidar_ws/install/pointcloud_to_laserscan:/home/rmml05/rslidar_ws/install/pointcloud_to_grid:/home/rmml05/rslidar_ws/install/plane_segmentation:/home/rmml05/rslidar_ws/install/lidar_localization_ros2:/home/rmml05/rslidar_ws/install/ndt_omp_ros2:/home/rmml05/rslidar_ws/install/nav_trial:/home/rmml05/rslidar_ws/install/fast_lio:/home/rmml05/rslidar_ws/install/livox_ros_driver2:/home/rmml05/rslidar_ws/install/lidarslam_msgs:/home/rmml05/thr_ws/install/ugv_mission_controller:/home/rmml05/thr_ws/install/tm_arm_control_py:/home/rmml05/thr_ws/install/thr_gui_teleoperation:/home/rmml05/thr_ws/install/thr_fruit_vision:/home/rmml05/thr_ws/install/thr_daq:/home/rmml05/thr_ws/install/thr_camera_publisher:/home/rmml05/thr_ws/install/path_follower:/home/rmml05/thr_ws/install/light_controller:/home/rmml05/thr_ws/install/gripper_controller:/home/rmml05/thr_ws/install/bvp_driver_interface_py:/home/rmml05/thr_ws/install/apriltag_localizer:/home/rmml05/thr_ws/install/apriltag_localization:/home/rmml05/thr_ws/install/aisle_extractor:/home/rmml05/ws_moveit/install/moveit_configs_utils:/home/rmml05/ws_moveit/install/launch_param_builder:/home/rmml05/rslidar_ws/install/spark_fast_lio:/home/rmml05/rslidar_ws/install/lio_sam:/opt/ros/humble:/home/rmml05/rslidar_ws/install/genz_icp /home/rmml05/.local/bin/cmake --build /home/rmml05/Best_View/nbv_JaJaYu/TomatoHarvesting_NextBestView/nbv_code/nbv_for_local_computer/ros2_ws2_local/build/message_interfaces -- -j12 -l12
[11.580s] DEBUG:colcon.colcon_core.event_handler.log_command:Invoked command in '/home/rmml05/Best_View/nbv_JaJaYu/TomatoHarvesting_NextBestView/nbv_code/nbv_for_local_computer/ros2_ws2_local/build/message_interfaces' returned '0': CMAKE_PREFIX_PATH=/home/rmml05/thr_ws/install/tm_driver:/home/rmml05/thr_ws/install/tm_msgs:/home/rmml05/thr_ws/install/thr_ugv_rviz_gui:/home/rmml05/thr_ws/install/thr_ugv_bt_executor:/home/rmml05/thr_ws/install/thr_sensors:/home/rmml05/thr_ws/install/thr_sensor_description:/home/rmml05/thr_ws/install/thr_platform_description:/home/rmml05/thr_ws/install/thr_platform:/home/rmml05/thr_ws/install/thr_planners:/home/rmml05/thr_ws/install/thr_nav_controllers:/home/rmml05/thr_ws/install/thr_manipulator_description:/home/rmml05/thr_ws/install/thr_description:/home/rmml05/thr_ws/install/thr_bringup_:/home/rmml05/thr_ws/install/tag_lidar_localizer:/home/rmml05/thr_ws/install/point_lio:/home/rmml05/thr_ws/install/hdl_localization:/home/rmml05/thr_ws/install/ndt_omp:/home/rmml05/thr_ws/install/mcu_hwif:/home/rmml05/thr_ws/install/keyence_cmos_laser:/home/rmml05/thr_ws/install/hdl_global_localization:/home/rmml05/thr_ws/install/fast_gicp:/home/rmml05/thr_ws/install/dh_gripper_ros2:/home/rmml05/thr_ws/install/apriltag_ros:/home/rmml05/thr_ws/install/aisle_path_finder:/home/rmml05/custom_msgs/custom_msgs_ros2/install/custom_msgs:/home/rmml05/ros-humble-ros1-bridge/install/ros1_bridge:/home/rmml05/thr_ws_release/install/thr_robot_bringup:/home/rmml05/thr_ws_release/install/point_lio_unilidar:/home/rmml05/thr_ws_release/install/nav_activation:/home/rmml05/ws_moveit/install/pilz_industrial_motion_planner_testutils:/home/rmml05/ws_moveit/install/moveit_runtime:/home/rmml05/ws_moveit/install/moveit2_tutorials:/home/rmml05/ws_moveit/install/moveit:/home/rmml05/ws_moveit/install/moveit_planners:/home/rmml05/ws_moveit/install/pilz_industrial_motion_planner:/home/rmml05/ws_moveit/install/moveit_visual_tools:/home/rmml05/ws_moveit/install/moveit_task_constructor_visualization:/home/rmml05/ws_moveit/install/moveit_task_constructor_demo:/home/rmml05/ws_moveit/install/moveit_task_constructor_capabilities:/home/rmml05/ws_moveit/install/moveit_task_constructor_core:/home/rmml05/ws_moveit/install/moveit_ros_control_interface:/home/rmml05/ws_moveit/install/moveit_plugins:/home/rmml05/ws_moveit/install/moveit_simple_controller_manager:/home/rmml05/ws_moveit/install/moveit_setup_assistant:/home/rmml05/ws_moveit/install/moveit_setup_srdf_plugins:/home/rmml05/ws_moveit/install/moveit_setup_core_plugins:/home/rmml05/ws_moveit/install/moveit_setup_controllers:/home/rmml05/ws_moveit/install/moveit_setup_app_plugins:/home/rmml05/ws_moveit/install/moveit_setup_framework:/home/rmml05/ws_moveit/install/moveit_servo:/home/rmml05/ws_moveit/install/moveit_ros:/home/rmml05/ws_moveit/install/moveit_ros_visualization:/home/rmml05/ws_moveit/install/moveit_hybrid_planning:/home/rmml05/ws_moveit/install/moveit_ros_planning_interface:/home/rmml05/ws_moveit/install/moveit_ros_benchmarks:/home/rmml05/ws_moveit/install/moveit_ros_warehouse:/home/rmml05/ws_moveit/install/moveit_ros_robot_interaction:/home/rmml05/ws_moveit/install/moveit_ros_perception:/home/rmml05/ws_moveit/install/moveit_resources_prbt_pg70_support:/home/rmml05/ws_moveit/install/moveit_resources_prbt_moveit_config:/home/rmml05/ws_moveit/install/moveit_ros_move_group:/home/rmml05/ws_moveit/install/moveit_planners_ompl:/home/rmml05/ws_moveit/install/moveit_ros_planning:/home/rmml05/ws_moveit/install/moveit_ros_occupancy_map_monitor:/home/rmml05/ws_moveit/install/moveit_resources_prbt_ikfast_manipulator_plugin:/home/rmml05/ws_moveit/install/moveit_planners_chomp:/home/rmml05/ws_moveit/install/moveit_kinematics:/home/rmml05/ws_moveit/install/moveit_chomp_optimizer_adapter:/home/rmml05/ws_moveit/install/chomp_motion_planner:/home/rmml05/ws_moveit/install/moveit_core:/home/rmml05/ws_moveit/install/srdfdom:/home/rmml05/ws_moveit/install/rviz_marker_tools:/home/rmml05/ws_moveit/install/rosparam_shortcuts:/home/rmml05/ws_moveit/install/moveit_task_constructor_msgs:/home/rmml05/ws_moveit/install/moveit_resources_prbt_support:/home/rmml05/ws_moveit/install/moveit_resources:/home/rmml05/ws_moveit/install/moveit_resources_pr2_description:/home/rmml05/ws_moveit/install/moveit_resources_panda_moveit_config:/home/rmml05/ws_moveit/install/moveit_resources_panda_description:/home/rmml05/ws_moveit/install/moveit_resources_fanuc_moveit_config:/home/rmml05/ws_moveit/install/moveit_resources_fanuc_description:/home/rmml05/ws_moveit/install/moveit_common:/home/rmml05/micro_ros_ws/install/micro_ros_setup:/home/rmml05/micro_ros_ws/install/micro_ros_agent:/home/rmml05/micro_ros_ws/install/micro_ros_msgs:/home/rmml05/rslidar_ws/install/serial_imu:/home/rmml05/rslidar_ws/install/rslidar_sdk:/home/rmml05/rslidar_ws/install/rslidar_msg:/home/rmml05/rslidar_ws/install/rs_to_velodyne:/home/rmml05/rslidar_ws/install/potential_field:/home/rmml05/rslidar_ws/install/pointcloud_to_laserscan:/home/rmml05/rslidar_ws/install/pointcloud_to_grid:/home/rmml05/rslidar_ws/install/plane_segmentation:/home/rmml05/rslidar_ws/install/lidar_localization_ros2:/home/rmml05/rslidar_ws/install/ndt_omp_ros2:/home/rmml05/rslidar_ws/install/nav_trial:/home/rmml05/rslidar_ws/install/fast_lio:/home/rmml05/rslidar_ws/install/livox_ros_driver2:/home/rmml05/rslidar_ws/install/lidarslam_msgs:/home/rmml05/thr_ws/install/ugv_mission_controller:/home/rmml05/thr_ws/install/tm_arm_control_py:/home/rmml05/thr_ws/install/thr_gui_teleoperation:/home/rmml05/thr_ws/install/thr_fruit_vision:/home/rmml05/thr_ws/install/thr_daq:/home/rmml05/thr_ws/install/thr_camera_publisher:/home/rmml05/thr_ws/install/path_follower:/home/rmml05/thr_ws/install/light_controller:/home/rmml05/thr_ws/install/gripper_controller:/home/rmml05/thr_ws/install/bvp_driver_interface_py:/home/rmml05/thr_ws/install/apriltag_localizer:/home/rmml05/thr_ws/install/apriltag_localization:/home/rmml05/thr_ws/install/aisle_extractor:/home/rmml05/ws_moveit/install/moveit_configs_utils:/home/rmml05/ws_moveit/install/launch_param_builder:/home/rmml05/rslidar_ws/install/spark_fast_lio:/home/rmml05/rslidar_ws/install/lio_sam:/opt/ros/humble:/home/rmml05/rslidar_ws/install/genz_icp /home/rmml05/.local/bin/cmake --build /home/rmml05/Best_View/nbv_JaJaYu/TomatoHarvesting_NextBestView/nbv_code/nbv_for_local_computer/ros2_ws2_local/build/message_interfaces -- -j12 -l12
[11.747s] DEBUG:colcon.colcon_core.event_handler.log_command:Invoking command in '/home/rmml05/Best_View/nbv_JaJaYu/TomatoHarvesting_NextBestView/nbv_code/nbv_for_local_computer/ros2_ws2_local/build/message_interfaces': CMAKE_PREFIX_PATH=/home/rmml05/thr_ws/install/tm_driver:/home/rmml05/thr_ws/install/tm_msgs:/home/rmml05/thr_ws/install/thr_ugv_rviz_gui:/home/rmml05/thr_ws/install/thr_ugv_bt_executor:/home/rmml05/thr_ws/install/thr_sensors:/home/rmml05/thr_ws/install/thr_sensor_description:/home/rmml05/thr_ws/install/thr_platform_description:/home/rmml05/thr_ws/install/thr_platform:/home/rmml05/thr_ws/install/thr_planners:/home/rmml05/thr_ws/install/thr_nav_controllers:/home/rmml05/thr_ws/install/thr_manipulator_description:/home/rmml05/thr_ws/install/thr_description:/home/rmml05/thr_ws/install/thr_bringup_:/home/rmml05/thr_ws/install/tag_lidar_localizer:/home/rmml05/thr_ws/install/point_lio:/home/rmml05/thr_ws/install/hdl_localization:/home/rmml05/thr_ws/install/ndt_omp:/home/rmml05/thr_ws/install/mcu_hwif:/home/rmml05/thr_ws/install/keyence_cmos_laser:/home/rmml05/thr_ws/install/hdl_global_localization:/home/rmml05/thr_ws/install/fast_gicp:/home/rmml05/thr_ws/install/dh_gripper_ros2:/home/rmml05/thr_ws/install/apriltag_ros:/home/rmml05/thr_ws/install/aisle_path_finder:/home/rmml05/custom_msgs/custom_msgs_ros2/install/custom_msgs:/home/rmml05/ros-humble-ros1-bridge/install/ros1_bridge:/home/rmml05/thr_ws_release/install/thr_robot_bringup:/home/rmml05/thr_ws_release/install/point_lio_unilidar:/home/rmml05/thr_ws_release/install/nav_activation:/home/rmml05/ws_moveit/install/pilz_industrial_motion_planner_testutils:/home/rmml05/ws_moveit/install/moveit_runtime:/home/rmml05/ws_moveit/install/moveit2_tutorials:/home/rmml05/ws_moveit/install/moveit:/home/rmml05/ws_moveit/install/moveit_planners:/home/rmml05/ws_moveit/install/pilz_industrial_motion_planner:/home/rmml05/ws_moveit/install/moveit_visual_tools:/home/rmml05/ws_moveit/install/moveit_task_constructor_visualization:/home/rmml05/ws_moveit/install/moveit_task_constructor_demo:/home/rmml05/ws_moveit/install/moveit_task_constructor_capabilities:/home/rmml05/ws_moveit/install/moveit_task_constructor_core:/home/rmml05/ws_moveit/install/moveit_ros_control_interface:/home/rmml05/ws_moveit/install/moveit_plugins:/home/rmml05/ws_moveit/install/moveit_simple_controller_manager:/home/rmml05/ws_moveit/install/moveit_setup_assistant:/home/rmml05/ws_moveit/install/moveit_setup_srdf_plugins:/home/rmml05/ws_moveit/install/moveit_setup_core_plugins:/home/rmml05/ws_moveit/install/moveit_setup_controllers:/home/rmml05/ws_moveit/install/moveit_setup_app_plugins:/home/rmml05/ws_moveit/install/moveit_setup_framework:/home/rmml05/ws_moveit/install/moveit_servo:/home/rmml05/ws_moveit/install/moveit_ros:/home/rmml05/ws_moveit/install/moveit_ros_visualization:/home/rmml05/ws_moveit/install/moveit_hybrid_planning:/home/rmml05/ws_moveit/install/moveit_ros_planning_interface:/home/rmml05/ws_moveit/install/moveit_ros_benchmarks:/home/rmml05/ws_moveit/install/moveit_ros_warehouse:/home/rmml05/ws_moveit/install/moveit_ros_robot_interaction:/home/rmml05/ws_moveit/install/moveit_ros_perception:/home/rmml05/ws_moveit/install/moveit_resources_prbt_pg70_support:/home/rmml05/ws_moveit/install/moveit_resources_prbt_moveit_config:/home/rmml05/ws_moveit/install/moveit_ros_move_group:/home/rmml05/ws_moveit/install/moveit_planners_ompl:/home/rmml05/ws_moveit/install/moveit_ros_planning:/home/rmml05/ws_moveit/install/moveit_ros_occupancy_map_monitor:/home/rmml05/ws_moveit/install/moveit_resources_prbt_ikfast_manipulator_plugin:/home/rmml05/ws_moveit/install/moveit_planners_chomp:/home/rmml05/ws_moveit/install/moveit_kinematics:/home/rmml05/ws_moveit/install/moveit_chomp_optimizer_adapter:/home/rmml05/ws_moveit/install/chomp_motion_planner:/home/rmml05/ws_moveit/install/moveit_core:/home/rmml05/ws_moveit/install/srdfdom:/home/rmml05/ws_moveit/install/rviz_marker_tools:/home/rmml05/ws_moveit/install/rosparam_shortcuts:/home/rmml05/ws_moveit/install/moveit_task_constructor_msgs:/home/rmml05/ws_moveit/install/moveit_resources_prbt_support:/home/rmml05/ws_moveit/install/moveit_resources:/home/rmml05/ws_moveit/install/moveit_resources_pr2_description:/home/rmml05/ws_moveit/install/moveit_resources_panda_moveit_config:/home/rmml05/ws_moveit/install/moveit_resources_panda_description:/home/rmml05/ws_moveit/install/moveit_resources_fanuc_moveit_config:/home/rmml05/ws_moveit/install/moveit_resources_fanuc_description:/home/rmml05/ws_moveit/install/moveit_common:/home/rmml05/micro_ros_ws/install/micro_ros_setup:/home/rmml05/micro_ros_ws/install/micro_ros_agent:/home/rmml05/micro_ros_ws/install/micro_ros_msgs:/home/rmml05/rslidar_ws/install/serial_imu:/home/rmml05/rslidar_ws/install/rslidar_sdk:/home/rmml05/rslidar_ws/install/rslidar_msg:/home/rmml05/rslidar_ws/install/rs_to_velodyne:/home/rmml05/rslidar_ws/install/potential_field:/home/rmml05/rslidar_ws/install/pointcloud_to_laserscan:/home/rmml05/rslidar_ws/install/pointcloud_to_grid:/home/rmml05/rslidar_ws/install/plane_segmentation:/home/rmml05/rslidar_ws/install/lidar_localization_ros2:/home/rmml05/rslidar_ws/install/ndt_omp_ros2:/home/rmml05/rslidar_ws/install/nav_trial:/home/rmml05/rslidar_ws/install/fast_lio:/home/rmml05/rslidar_ws/install/livox_ros_driver2:/home/rmml05/rslidar_ws/install/lidarslam_msgs:/home/rmml05/thr_ws/install/ugv_mission_controller:/home/rmml05/thr_ws/install/tm_arm_control_py:/home/rmml05/thr_ws/install/thr_gui_teleoperation:/home/rmml05/thr_ws/install/thr_fruit_vision:/home/rmml05/thr_ws/install/thr_daq:/home/rmml05/thr_ws/install/thr_camera_publisher:/home/rmml05/thr_ws/install/path_follower:/home/rmml05/thr_ws/install/light_controller:/home/rmml05/thr_ws/install/gripper_controller:/home/rmml05/thr_ws/install/bvp_driver_interface_py:/home/rmml05/thr_ws/install/apriltag_localizer:/home/rmml05/thr_ws/install/apriltag_localization:/home/rmml05/thr_ws/install/aisle_extractor:/home/rmml05/ws_moveit/install/moveit_configs_utils:/home/rmml05/ws_moveit/install/launch_param_builder:/home/rmml05/rslidar_ws/install/spark_fast_lio:/home/rmml05/rslidar_ws/install/lio_sam:/opt/ros/humble:/home/rmml05/rslidar_ws/install/genz_icp /home/rmml05/.local/bin/cmake --install /home/rmml05/Best_View/nbv_JaJaYu/TomatoHarvesting_NextBestView/nbv_code/nbv_for_local_computer/ros2_ws2_local/build/message_interfaces
[12.055s] Level 1:colcon.colcon_core.environment:create_environment_scripts_only(message_interfaces)
[12.055s] DEBUG:colcon.colcon_core.event_handler.log_command:Invoked command in '/home/rmml05/Best_View/nbv_JaJaYu/TomatoHarvesting_NextBestView/nbv_code/nbv_for_local_computer/ros2_ws2_local/build/message_interfaces' returned '0': CMAKE_PREFIX_PATH=/home/rmml05/thr_ws/install/tm_driver:/home/rmml05/thr_ws/install/tm_msgs:/home/rmml05/thr_ws/install/thr_ugv_rviz_gui:/home/rmml05/thr_ws/install/thr_ugv_bt_executor:/home/rmml05/thr_ws/install/thr_sensors:/home/rmml05/thr_ws/install/thr_sensor_description:/home/rmml05/thr_ws/install/thr_platform_description:/home/rmml05/thr_ws/install/thr_platform:/home/rmml05/thr_ws/install/thr_planners:/home/rmml05/thr_ws/install/thr_nav_controllers:/home/rmml05/thr_ws/install/thr_manipulator_description:/home/rmml05/thr_ws/install/thr_description:/home/rmml05/thr_ws/install/thr_bringup_:/home/rmml05/thr_ws/install/tag_lidar_localizer:/home/rmml05/thr_ws/install/point_lio:/home/rmml05/thr_ws/install/hdl_localization:/home/rmml05/thr_ws/install/ndt_omp:/home/rmml05/thr_ws/install/mcu_hwif:/home/rmml05/thr_ws/install/keyence_cmos_laser:/home/rmml05/thr_ws/install/hdl_global_localization:/home/rmml05/thr_ws/install/fast_gicp:/home/rmml05/thr_ws/install/dh_gripper_ros2:/home/rmml05/thr_ws/install/apriltag_ros:/home/rmml05/thr_ws/install/aisle_path_finder:/home/rmml05/custom_msgs/custom_msgs_ros2/install/custom_msgs:/home/rmml05/ros-humble-ros1-bridge/install/ros1_bridge:/home/rmml05/thr_ws_release/install/thr_robot_bringup:/home/rmml05/thr_ws_release/install/point_lio_unilidar:/home/rmml05/thr_ws_release/install/nav_activation:/home/rmml05/ws_moveit/install/pilz_industrial_motion_planner_testutils:/home/rmml05/ws_moveit/install/moveit_runtime:/home/rmml05/ws_moveit/install/moveit2_tutorials:/home/rmml05/ws_moveit/install/moveit:/home/rmml05/ws_moveit/install/moveit_planners:/home/rmml05/ws_moveit/install/pilz_industrial_motion_planner:/home/rmml05/ws_moveit/install/moveit_visual_tools:/home/rmml05/ws_moveit/install/moveit_task_constructor_visualization:/home/rmml05/ws_moveit/install/moveit_task_constructor_demo:/home/rmml05/ws_moveit/install/moveit_task_constructor_capabilities:/home/rmml05/ws_moveit/install/moveit_task_constructor_core:/home/rmml05/ws_moveit/install/moveit_ros_control_interface:/home/rmml05/ws_moveit/install/moveit_plugins:/home/rmml05/ws_moveit/install/moveit_simple_controller_manager:/home/rmml05/ws_moveit/install/moveit_setup_assistant:/home/rmml05/ws_moveit/install/moveit_setup_srdf_plugins:/home/rmml05/ws_moveit/install/moveit_setup_core_plugins:/home/rmml05/ws_moveit/install/moveit_setup_controllers:/home/rmml05/ws_moveit/install/moveit_setup_app_plugins:/home/rmml05/ws_moveit/install/moveit_setup_framework:/home/rmml05/ws_moveit/install/moveit_servo:/home/rmml05/ws_moveit/install/moveit_ros:/home/rmml05/ws_moveit/install/moveit_ros_visualization:/home/rmml05/ws_moveit/install/moveit_hybrid_planning:/home/rmml05/ws_moveit/install/moveit_ros_planning_interface:/home/rmml05/ws_moveit/install/moveit_ros_benchmarks:/home/rmml05/ws_moveit/install/moveit_ros_warehouse:/home/rmml05/ws_moveit/install/moveit_ros_robot_interaction:/home/rmml05/ws_moveit/install/moveit_ros_perception:/home/rmml05/ws_moveit/install/moveit_resources_prbt_pg70_support:/home/rmml05/ws_moveit/install/moveit_resources_prbt_moveit_config:/home/rmml05/ws_moveit/install/moveit_ros_move_group:/home/rmml05/ws_moveit/install/moveit_planners_ompl:/home/rmml05/ws_moveit/install/moveit_ros_planning:/home/rmml05/ws_moveit/install/moveit_ros_occupancy_map_monitor:/home/rmml05/ws_moveit/install/moveit_resources_prbt_ikfast_manipulator_plugin:/home/rmml05/ws_moveit/install/moveit_planners_chomp:/home/rmml05/ws_moveit/install/moveit_kinematics:/home/rmml05/ws_moveit/install/moveit_chomp_optimizer_adapter:/home/rmml05/ws_moveit/install/chomp_motion_planner:/home/rmml05/ws_moveit/install/moveit_core:/home/rmml05/ws_moveit/install/srdfdom:/home/rmml05/ws_moveit/install/rviz_marker_tools:/home/rmml05/ws_moveit/install/rosparam_shortcuts:/home/rmml05/ws_moveit/install/moveit_task_constructor_msgs:/home/rmml05/ws_moveit/install/moveit_resources_prbt_support:/home/rmml05/ws_moveit/install/moveit_resources:/home/rmml05/ws_moveit/install/moveit_resources_pr2_description:/home/rmml05/ws_moveit/install/moveit_resources_panda_moveit_config:/home/rmml05/ws_moveit/install/moveit_resources_panda_description:/home/rmml05/ws_moveit/install/moveit_resources_fanuc_moveit_config:/home/rmml05/ws_moveit/install/moveit_resources_fanuc_description:/home/rmml05/ws_moveit/install/moveit_common:/home/rmml05/micro_ros_ws/install/micro_ros_setup:/home/rmml05/micro_ros_ws/install/micro_ros_agent:/home/rmml05/micro_ros_ws/install/micro_ros_msgs:/home/rmml05/rslidar_ws/install/serial_imu:/home/rmml05/rslidar_ws/install/rslidar_sdk:/home/rmml05/rslidar_ws/install/rslidar_msg:/home/rmml05/rslidar_ws/install/rs_to_velodyne:/home/rmml05/rslidar_ws/install/potential_field:/home/rmml05/rslidar_ws/install/pointcloud_to_laserscan:/home/rmml05/rslidar_ws/install/pointcloud_to_grid:/home/rmml05/rslidar_ws/install/plane_segmentation:/home/rmml05/rslidar_ws/install/lidar_localization_ros2:/home/rmml05/rslidar_ws/install/ndt_omp_ros2:/home/rmml05/rslidar_ws/install/nav_trial:/home/rmml05/rslidar_ws/install/fast_lio:/home/rmml05/rslidar_ws/install/livox_ros_driver2:/home/rmml05/rslidar_ws/install/lidarslam_msgs:/home/rmml05/thr_ws/install/ugv_mission_controller:/home/rmml05/thr_ws/install/tm_arm_control_py:/home/rmml05/thr_ws/install/thr_gui_teleoperation:/home/rmml05/thr_ws/install/thr_fruit_vision:/home/rmml05/thr_ws/install/thr_daq:/home/rmml05/thr_ws/install/thr_camera_publisher:/home/rmml05/thr_ws/install/path_follower:/home/rmml05/thr_ws/install/light_controller:/home/rmml05/thr_ws/install/gripper_controller:/home/rmml05/thr_ws/install/bvp_driver_interface_py:/home/rmml05/thr_ws/install/apriltag_localizer:/home/rmml05/thr_ws/install/apriltag_localization:/home/rmml05/thr_ws/install/aisle_extractor:/home/rmml05/ws_moveit/install/moveit_configs_utils:/home/rmml05/ws_moveit/install/launch_param_builder:/home/rmml05/rslidar_ws/install/spark_fast_lio:/home/rmml05/rslidar_ws/install/lio_sam:/opt/ros/humble:/home/rmml05/rslidar_ws/install/genz_icp /home/rmml05/.local/bin/cmake --install /home/rmml05/Best_View/nbv_JaJaYu/TomatoHarvesting_NextBestView/nbv_code/nbv_for_local_computer/ros2_ws2_local/build/message_interfaces
[12.061s] Level 1:colcon.colcon_core.environment:checking '/home/rmml05/Best_View/nbv_JaJaYu/TomatoHarvesting_NextBestView/nbv_code/nbv_for_local_computer/ros2_ws2_local/install/message_interfaces' for CMake module files
[12.062s] Level 1:colcon.colcon_core.environment:checking '/home/rmml05/Best_View/nbv_JaJaYu/TomatoHarvesting_NextBestView/nbv_code/nbv_for_local_computer/ros2_ws2_local/install/message_interfaces' for CMake config files
[12.063s] Level 1:colcon.colcon_core.shell:create_environment_hook('message_interfaces', 'cmake_prefix_path')
[12.064s] INFO:colcon.colcon_core.shell:Creating environment hook '/home/rmml05/Best_View/nbv_JaJaYu/TomatoHarvesting_NextBestView/nbv_code/nbv_for_local_computer/ros2_ws2_local/install/message_interfaces/share/message_interfaces/hook/cmake_prefix_path.ps1'
[12.065s] INFO:colcon.colcon_core.shell:Creating environment descriptor '/home/rmml05/Best_View/nbv_JaJaYu/TomatoHarvesting_NextBestView/nbv_code/nbv_for_local_computer/ros2_ws2_local/install/message_interfaces/share/message_interfaces/hook/cmake_prefix_path.dsv'
[12.066s] INFO:colcon.colcon_core.shell:Creating environment hook '/home/rmml05/Best_View/nbv_JaJaYu/TomatoHarvesting_NextBestView/nbv_code/nbv_for_local_computer/ros2_ws2_local/install/message_interfaces/share/message_interfaces/hook/cmake_prefix_path.sh'
[12.067s] Level 1:colcon.colcon_core.environment:checking '/home/rmml05/Best_View/nbv_JaJaYu/TomatoHarvesting_NextBestView/nbv_code/nbv_for_local_computer/ros2_ws2_local/install/message_interfaces/lib'
[12.067s] Level 1:colcon.colcon_core.shell:create_environment_hook('message_interfaces', 'ld_library_path_lib')
[12.068s] INFO:colcon.colcon_core.shell:Creating environment hook '/home/rmml05/Best_View/nbv_JaJaYu/TomatoHarvesting_NextBestView/nbv_code/nbv_for_local_computer/ros2_ws2_local/install/message_interfaces/share/message_interfaces/hook/ld_library_path_lib.ps1'
[12.068s] INFO:colcon.colcon_core.shell:Creating environment descriptor '/home/rmml05/Best_View/nbv_JaJaYu/TomatoHarvesting_NextBestView/nbv_code/nbv_for_local_computer/ros2_ws2_local/install/message_interfaces/share/message_interfaces/hook/ld_library_path_lib.dsv'
[12.068s] INFO:colcon.colcon_core.shell:Creating environment hook '/home/rmml05/Best_View/nbv_JaJaYu/TomatoHarvesting_NextBestView/nbv_code/nbv_for_local_computer/ros2_ws2_local/install/message_interfaces/share/message_interfaces/hook/ld_library_path_lib.sh'
[12.069s] Level 1:colcon.colcon_core.environment:checking '/home/rmml05/Best_View/nbv_JaJaYu/TomatoHarvesting_NextBestView/nbv_code/nbv_for_local_computer/ros2_ws2_local/install/message_interfaces/bin'
[12.069s] Level 1:colcon.colcon_core.environment:checking '/home/rmml05/Best_View/nbv_JaJaYu/TomatoHarvesting_NextBestView/nbv_code/nbv_for_local_computer/ros2_ws2_local/install/message_interfaces/lib/pkgconfig/message_interfaces.pc'
[12.069s] Level 1:colcon.colcon_core.environment:checking '/home/rmml05/Best_View/nbv_JaJaYu/TomatoHarvesting_NextBestView/nbv_code/nbv_for_local_computer/ros2_ws2_local/install/message_interfaces/lib/python3.10/site-packages'
[12.070s] Level 1:colcon.colcon_core.environment:checking '/home/rmml05/Best_View/nbv_JaJaYu/TomatoHarvesting_NextBestView/nbv_code/nbv_for_local_computer/ros2_ws2_local/install/message_interfaces/bin'
[12.070s] INFO:colcon.colcon_core.shell:Creating package script '/home/rmml05/Best_View/nbv_JaJaYu/TomatoHarvesting_NextBestView/nbv_code/nbv_for_local_computer/ros2_ws2_local/install/message_interfaces/share/message_interfaces/package.ps1'
[12.071s] INFO:colcon.colcon_core.shell:Creating package descriptor '/home/rmml05/Best_View/nbv_JaJaYu/TomatoHarvesting_NextBestView/nbv_code/nbv_for_local_computer/ros2_ws2_local/install/message_interfaces/share/message_interfaces/package.dsv'
[12.073s] INFO:colcon.colcon_core.shell:Creating package script '/home/rmml05/Best_View/nbv_JaJaYu/TomatoHarvesting_NextBestView/nbv_code/nbv_for_local_computer/ros2_ws2_local/install/message_interfaces/share/message_interfaces/package.sh'
[12.074s] INFO:colcon.colcon_core.shell:Creating package script '/home/rmml05/Best_View/nbv_JaJaYu/TomatoHarvesting_NextBestView/nbv_code/nbv_for_local_computer/ros2_ws2_local/install/message_interfaces/share/message_interfaces/package.bash'
[12.075s] INFO:colcon.colcon_core.shell:Creating package script '/home/rmml05/Best_View/nbv_JaJaYu/TomatoHarvesting_NextBestView/nbv_code/nbv_for_local_computer/ros2_ws2_local/install/message_interfaces/share/message_interfaces/package.zsh'
[12.076s] Level 1:colcon.colcon_core.environment:create_file_with_runtime_dependencies(/home/rmml05/Best_View/nbv_JaJaYu/TomatoHarvesting_NextBestView/nbv_code/nbv_for_local_computer/ros2_ws2_local/install/message_interfaces/share/colcon-core/packages/message_interfaces)
[12.078s] Level 1:colcon.colcon_core.environment:create_environment_scripts_only(message_interfaces)
[12.078s] Level 1:colcon.colcon_core.environment:checking '/home/rmml05/Best_View/nbv_JaJaYu/TomatoHarvesting_NextBestView/nbv_code/nbv_for_local_computer/ros2_ws2_local/install/message_interfaces' for CMake module files
[12.079s] Level 1:colcon.colcon_core.environment:checking '/home/rmml05/Best_View/nbv_JaJaYu/TomatoHarvesting_NextBestView/nbv_code/nbv_for_local_computer/ros2_ws2_local/install/message_interfaces' for CMake config files
[12.080s] Level 1:colcon.colcon_core.shell:create_environment_hook('message_interfaces', 'cmake_prefix_path')
[12.081s] INFO:colcon.colcon_core.shell:Creating environment hook '/home/rmml05/Best_View/nbv_JaJaYu/TomatoHarvesting_NextBestView/nbv_code/nbv_for_local_computer/ros2_ws2_local/install/message_interfaces/share/message_interfaces/hook/cmake_prefix_path.ps1'
[12.082s] INFO:colcon.colcon_core.shell:Creating environment descriptor '/home/rmml05/Best_View/nbv_JaJaYu/TomatoHarvesting_NextBestView/nbv_code/nbv_for_local_computer/ros2_ws2_local/install/message_interfaces/share/message_interfaces/hook/cmake_prefix_path.dsv'
[12.083s] INFO:colcon.colcon_core.shell:Creating environment hook '/home/rmml05/Best_View/nbv_JaJaYu/TomatoHarvesting_NextBestView/nbv_code/nbv_for_local_computer/ros2_ws2_local/install/message_interfaces/share/message_interfaces/hook/cmake_prefix_path.sh'
[12.083s] Level 1:colcon.colcon_core.environment:checking '/home/rmml05/Best_View/nbv_JaJaYu/TomatoHarvesting_NextBestView/nbv_code/nbv_for_local_computer/ros2_ws2_local/install/message_interfaces/lib'
[12.084s] Level 1:colcon.colcon_core.shell:create_environment_hook('message_interfaces', 'ld_library_path_lib')
[12.084s] INFO:colcon.colcon_core.shell:Creating environment hook '/home/rmml05/Best_View/nbv_JaJaYu/TomatoHarvesting_NextBestView/nbv_code/nbv_for_local_computer/ros2_ws2_local/install/message_interfaces/share/message_interfaces/hook/ld_library_path_lib.ps1'
[12.085s] INFO:colcon.colcon_core.shell:Creating environment descriptor '/home/rmml05/Best_View/nbv_JaJaYu/TomatoHarvesting_NextBestView/nbv_code/nbv_for_local_computer/ros2_ws2_local/install/message_interfaces/share/message_interfaces/hook/ld_library_path_lib.dsv'
[12.085s] INFO:colcon.colcon_core.shell:Creating environment hook '/home/rmml05/Best_View/nbv_JaJaYu/TomatoHarvesting_NextBestView/nbv_code/nbv_for_local_computer/ros2_ws2_local/install/message_interfaces/share/message_interfaces/hook/ld_library_path_lib.sh'
[12.086s] Level 1:colcon.colcon_core.environment:checking '/home/rmml05/Best_View/nbv_JaJaYu/TomatoHarvesting_NextBestView/nbv_code/nbv_for_local_computer/ros2_ws2_local/install/message_interfaces/bin'
[12.086s] Level 1:colcon.colcon_core.environment:checking '/home/rmml05/Best_View/nbv_JaJaYu/TomatoHarvesting_NextBestView/nbv_code/nbv_for_local_computer/ros2_ws2_local/install/message_interfaces/lib/pkgconfig/message_interfaces.pc'
[12.086s] Level 1:colcon.colcon_core.environment:checking '/home/rmml05/Best_View/nbv_JaJaYu/TomatoHarvesting_NextBestView/nbv_code/nbv_for_local_computer/ros2_ws2_local/install/message_interfaces/lib/python3.10/site-packages'
[12.087s] Level 1:colcon.colcon_core.environment:checking '/home/rmml05/Best_View/nbv_JaJaYu/TomatoHarvesting_NextBestView/nbv_code/nbv_for_local_computer/ros2_ws2_local/install/message_interfaces/bin'
[12.087s] INFO:colcon.colcon_core.shell:Creating package script '/home/rmml05/Best_View/nbv_JaJaYu/TomatoHarvesting_NextBestView/nbv_code/nbv_for_local_computer/ros2_ws2_local/install/message_interfaces/share/message_interfaces/package.ps1'
[12.088s] INFO:colcon.colcon_core.shell:Creating package descriptor '/home/rmml05/Best_View/nbv_JaJaYu/TomatoHarvesting_NextBestView/nbv_code/nbv_for_local_computer/ros2_ws2_local/install/message_interfaces/share/message_interfaces/package.dsv'
[12.089s] INFO:colcon.colcon_core.shell:Creating package script '/home/rmml05/Best_View/nbv_JaJaYu/TomatoHarvesting_NextBestView/nbv_code/nbv_for_local_computer/ros2_ws2_local/install/message_interfaces/share/message_interfaces/package.sh'
[12.089s] INFO:colcon.colcon_core.shell:Creating package script '/home/rmml05/Best_View/nbv_JaJaYu/TomatoHarvesting_NextBestView/nbv_code/nbv_for_local_computer/ros2_ws2_local/install/message_interfaces/share/message_interfaces/package.bash'
[12.090s] INFO:colcon.colcon_core.shell:Creating package script '/home/rmml05/Best_View/nbv_JaJaYu/TomatoHarvesting_NextBestView/nbv_code/nbv_for_local_computer/ros2_ws2_local/install/message_interfaces/share/message_interfaces/package.zsh'
[12.091s] Level 1:colcon.colcon_core.environment:create_file_with_runtime_dependencies(/home/rmml05/Best_View/nbv_JaJaYu/TomatoHarvesting_NextBestView/nbv_code/nbv_for_local_computer/ros2_ws2_local/install/message_interfaces/share/colcon-core/packages/message_interfaces)
[12.091s] DEBUG:colcon.colcon_parallel_executor.executor.parallel:closing loop
[12.092s] DEBUG:colcon.colcon_parallel_executor.executor.parallel:loop closed
[12.092s] DEBUG:colcon.colcon_parallel_executor.executor.parallel:run_until_complete finished with '0'
[12.092s] DEBUG:colcon.colcon_core.event_reactor:joining thread
[12.104s] INFO:colcon.colcon_core.plugin_system:Skipping extension 'colcon_notification.desktop_notification.terminal_notifier': Not used on non-Darwin systems
[12.104s] INFO:colcon.colcon_core.plugin_system:Skipping extension 'colcon_notification.desktop_notification.win32': Not used on non-Windows systems
[12.104s] INFO:colcon.colcon_notification.desktop_notification:Sending desktop notification using 'notify2'
[12.126s] DEBUG:colcon.colcon_core.event_reactor:joined thread
[12.127s] INFO:colcon.colcon_core.shell:Creating prefix script '/home/rmml05/Best_View/nbv_JaJaYu/TomatoHarvesting_NextBestView/nbv_code/nbv_for_local_computer/ros2_ws2_local/install/local_setup.ps1'
[12.130s] INFO:colcon.colcon_core.shell:Creating prefix util module '/home/rmml05/Best_View/nbv_JaJaYu/TomatoHarvesting_NextBestView/nbv_code/nbv_for_local_computer/ros2_ws2_local/install/_local_setup_util_ps1.py'
[12.134s] INFO:colcon.colcon_core.shell:Creating prefix chain script '/home/rmml05/Best_View/nbv_JaJaYu/TomatoHarvesting_NextBestView/nbv_code/nbv_for_local_computer/ros2_ws2_local/install/setup.ps1'
[12.144s] INFO:colcon.colcon_core.shell:Creating prefix script '/home/rmml05/Best_View/nbv_JaJaYu/TomatoHarvesting_NextBestView/nbv_code/nbv_for_local_computer/ros2_ws2_local/install/local_setup.sh'
[12.145s] INFO:colcon.colcon_core.shell:Creating prefix util module '/home/rmml05/Best_View/nbv_JaJaYu/TomatoHarvesting_NextBestView/nbv_code/nbv_for_local_computer/ros2_ws2_local/install/_local_setup_util_sh.py'
[12.146s] INFO:colcon.colcon_core.shell:Creating prefix chain script '/home/rmml05/Best_View/nbv_JaJaYu/TomatoHarvesting_NextBestView/nbv_code/nbv_for_local_computer/ros2_ws2_local/install/setup.sh'
[12.155s] INFO:colcon.colcon_core.shell:Creating prefix script '/home/rmml05/Best_View/nbv_JaJaYu/TomatoHarvesting_NextBestView/nbv_code/nbv_for_local_computer/ros2_ws2_local/install/local_setup.bash'
[12.156s] INFO:colcon.colcon_core.shell:Creating prefix chain script '/home/rmml05/Best_View/nbv_JaJaYu/TomatoHarvesting_NextBestView/nbv_code/nbv_for_local_computer/ros2_ws2_local/install/setup.bash'
[12.165s] INFO:colcon.colcon_core.shell:Creating prefix script '/home/rmml05/Best_View/nbv_JaJaYu/TomatoHarvesting_NextBestView/nbv_code/nbv_for_local_computer/ros2_ws2_local/install/local_setup.zsh'
[12.166s] INFO:colcon.colcon_core.shell:Creating prefix chain script '/home/rmml05/Best_View/nbv_JaJaYu/TomatoHarvesting_NextBestView/nbv_code/nbv_for_local_computer/ros2_ws2_local/install/setup.zsh'
