[ 40%] Built target nbvc_lib_SdfModel
[ 40%] Built target SdfModelV3
[ 60%] Built target nbvc_ray_generation
[ 80%] Built target nbvc_ray_generationV3_beforeclean
[ 90%] [32mBuilding CXX object CMakeFiles/BestViewModel.dir/src/BestViewModel.cpp.o[0m
In file included from [01m[K/home/jajayu/TomatoHarvesting_NextBestView/nbv_code/ros2_ws2/src/my_robot_nbv_cmake/src/BestViewModel.cpp:36[m[K:
[01m[K/opt/ros/humble/include/tf2_geometry_msgs/tf2_geometry_msgs/tf2_geometry_msgs.h:35:2:[m[K [01;35m[Kwarning: [m[K#warning This header is obsolete, please include tf2_geometry_msgs/tf2_geometry_msgs.hpp instead [[01;35m[K]8;;https://gcc.gnu.org/onlinedocs/gcc/Warning-Options.html#index-Wcpp-Wcpp]8;;[m[K]
   35 | #[01;35m[Kwarning[m[K This header is obsolete, please include tf2_geometry_msgs/tf2_geometry_msgs.hpp instead
      |  [01;35m[K^~~~~~~[m[K
In file included from [01m[K/home/jajayu/TomatoHarvesting_NextBestView/nbv_code/ros2_ws2/src/my_robot_nbv_cmake/src/BestViewModel.cpp:38[m[K:
[01m[K/opt/ros/humble/include/tf2_eigen/tf2_eigen/tf2_eigen.h:32:2:[m[K [01;35m[Kwarning: [m[K#warning This header is obsolete, please include tf2_eigen/tf2_eigen.hpp instead [[01;35m[K]8;;https://gcc.gnu.org/onlinedocs/gcc/Warning-Options.html#index-Wcpp-Wcpp]8;;[m[K]
   32 | #[01;35m[Kwarning[m[K This header is obsolete, please include tf2_eigen/tf2_eigen.hpp instead
      |  [01;35m[K^~~~~~~[m[K
In file included from [01m[K/opt/ros/humble/include/rclcpp/rclcpp/client.hpp:40[m[K,
                 from [01m[K/opt/ros/humble/include/rclcpp/rclcpp/callback_group.hpp:24[m[K,
                 from [01m[K/opt/ros/humble/include/rclcpp/rclcpp/any_executable.hpp:20[m[K,
                 from [01m[K/opt/ros/humble/include/rclcpp/rclcpp/memory_strategy.hpp:25[m[K,
                 from [01m[K/opt/ros/humble/include/rclcpp/rclcpp/memory_strategies.hpp:18[m[K,
                 from [01m[K/opt/ros/humble/include/rclcpp/rclcpp/executor_options.hpp:20[m[K,
                 from [01m[K/opt/ros/humble/include/rclcpp/rclcpp/executor.hpp:37[m[K,
                 from [01m[K/opt/ros/humble/include/rclcpp/rclcpp/executors/multi_threaded_executor.hpp:25[m[K,
                 from [01m[K/opt/ros/humble/include/rclcpp/rclcpp/executors.hpp:21[m[K,
                 from [01m[K/opt/ros/humble/include/rclcpp/rclcpp/rclcpp.hpp:155[m[K,
                 from [01m[K/home/jajayu/TomatoHarvesting_NextBestView/nbv_code/ros2_ws2/src/my_robot_nbv_cmake/src/BestViewModel.cpp:5[m[K:
[01m[K/home/jajayu/TomatoHarvesting_NextBestView/nbv_code/ros2_ws2/src/my_robot_nbv_cmake/src/BestViewModel.cpp:[m[K In member function ‘[01m[Kstd::vector<octomath::Vector3> BestViewModel::RandomPoint_Direction(octomap::point3d, int, double, octomap::point3d)[m[K’:
[01m[K/home/jajayu/TomatoHarvesting_NextBestView/nbv_code/ros2_ws2/src/my_robot_nbv_cmake/src/BestViewModel.cpp:194:31:[m[K [01;31m[Kerror: [m[K‘[01m[Kclass BestViewModel[m[K’ has no member named ‘[01m[Kget_logger[m[K’
  194 |             RCLCPP_INFO(this->[01;31m[Kget_logger[m[K(), "%d-th ray", i);
      |                               [01;31m[K^~~~~~~~~~[m[K
[01m[K/home/jajayu/TomatoHarvesting_NextBestView/nbv_code/ros2_ws2/src/my_robot_nbv_cmake/src/BestViewModel.cpp:194:31:[m[K [01;31m[Kerror: [m[K‘[01m[Kclass BestViewModel[m[K’ has no member named ‘[01m[Kget_logger[m[K’
[01m[K/home/jajayu/TomatoHarvesting_NextBestView/nbv_code/ros2_ws2/src/my_robot_nbv_cmake/src/BestViewModel.cpp:194:13:[m[K [01;31m[Kerror: [m[Ktemplate argument 1 is invalid
  194 |             [01;31m[KRCLCPP_INFO[m[K(this->get_logger(), "%d-th ray", i);
      |             [01;31m[K^~~~~~~~~~~[m[K
[01m[K/home/jajayu/TomatoHarvesting_NextBestView/nbv_code/ros2_ws2/src/my_robot_nbv_cmake/src/BestViewModel.cpp:194:13:[m[K [01;31m[Kerror: [m[Ktemplate argument 1 is invalid
  194 |             [01;31m[KRCLCPP_INFO[m[K(this->get_logger(), "%d-th ray", i);
      |             [01;31m[K^~~~~~~~~~~[m[K
[01m[K/home/jajayu/TomatoHarvesting_NextBestView/nbv_code/ros2_ws2/src/my_robot_nbv_cmake/src/BestViewModel.cpp:194:13:[m[K [01;31m[Kerror: [m[Ktemplate argument 1 is invalid
  194 |             [01;31m[KRCLCPP_INFO[m[K(this->get_logger(), "%d-th ray", i);
      |             [01;31m[K^~~~~~~~~~~[m[K
In file included from [01m[K/opt/ros/humble/include/rclcpp/rclcpp/logging.hpp:24[m[K,
                 from [01m[K/opt/ros/humble/include/rclcpp/rclcpp/client.hpp:40[m[K,
                 from [01m[K/opt/ros/humble/include/rclcpp/rclcpp/callback_group.hpp:24[m[K,
                 from [01m[K/opt/ros/humble/include/rclcpp/rclcpp/any_executable.hpp:20[m[K,
                 from [01m[K/opt/ros/humble/include/rclcpp/rclcpp/memory_strategy.hpp:25[m[K,
                 from [01m[K/opt/ros/humble/include/rclcpp/rclcpp/memory_strategies.hpp:18[m[K,
                 from [01m[K/opt/ros/humble/include/rclcpp/rclcpp/executor_options.hpp:20[m[K,
                 from [01m[K/opt/ros/humble/include/rclcpp/rclcpp/executor.hpp:37[m[K,
                 from [01m[K/opt/ros/humble/include/rclcpp/rclcpp/executors/multi_threaded_executor.hpp:25[m[K,
                 from [01m[K/opt/ros/humble/include/rclcpp/rclcpp/executors.hpp:21[m[K,
                 from [01m[K/opt/ros/humble/include/rclcpp/rclcpp/rclcpp.hpp:155[m[K,
                 from [01m[K/home/jajayu/TomatoHarvesting_NextBestView/nbv_code/ros2_ws2/src/my_robot_nbv_cmake/src/BestViewModel.cpp:5[m[K:
[01m[K/home/jajayu/TomatoHarvesting_NextBestView/nbv_code/ros2_ws2/src/my_robot_nbv_cmake/src/BestViewModel.cpp:194:31:[m[K [01;31m[Kerror: [m[K‘[01m[Kclass BestViewModel[m[K’ has no member named ‘[01m[Kget_logger[m[K’
  194 |             RCLCPP_INFO(this->[01;31m[Kget_logger[m[K(), "%d-th ray", i);
      |                               [01;31m[K^~~~~~~~~~[m[K
[01m[K/home/jajayu/TomatoHarvesting_NextBestView/nbv_code/ros2_ws2/src/my_robot_nbv_cmake/src/BestViewModel.cpp:194:31:[m[K [01;31m[Kerror: [m[K‘[01m[Kclass BestViewModel[m[K’ has no member named ‘[01m[Kget_logger[m[K’
  194 |             RCLCPP_INFO(this->[01;31m[Kget_logger[m[K(), "%d-th ray", i);
      |                               [01;31m[K^~~~~~~~~~[m[K
In file included from [01m[K/opt/ros/humble/include/rclcpp/rclcpp/client.hpp:40[m[K,
                 from [01m[K/opt/ros/humble/include/rclcpp/rclcpp/callback_group.hpp:24[m[K,
                 from [01m[K/opt/ros/humble/include/rclcpp/rclcpp/any_executable.hpp:20[m[K,
                 from [01m[K/opt/ros/humble/include/rclcpp/rclcpp/memory_strategy.hpp:25[m[K,
                 from [01m[K/opt/ros/humble/include/rclcpp/rclcpp/memory_strategies.hpp:18[m[K,
                 from [01m[K/opt/ros/humble/include/rclcpp/rclcpp/executor_options.hpp:20[m[K,
                 from [01m[K/opt/ros/humble/include/rclcpp/rclcpp/executor.hpp:37[m[K,
                 from [01m[K/opt/ros/humble/include/rclcpp/rclcpp/executors/multi_threaded_executor.hpp:25[m[K,
                 from [01m[K/opt/ros/humble/include/rclcpp/rclcpp/executors.hpp:21[m[K,
                 from [01m[K/opt/ros/humble/include/rclcpp/rclcpp/rclcpp.hpp:155[m[K,
                 from [01m[K/home/jajayu/TomatoHarvesting_NextBestView/nbv_code/ros2_ws2/src/my_robot_nbv_cmake/src/BestViewModel.cpp:5[m[K:
[01m[K/home/jajayu/TomatoHarvesting_NextBestView/nbv_code/ros2_ws2/src/my_robot_nbv_cmake/src/BestViewModel.cpp:195:31:[m[K [01;31m[Kerror: [m[K‘[01m[Kclass BestViewModel[m[K’ has no member named ‘[01m[Kget_logger[m[K’
  195 |             RCLCPP_INFO(this->[01;31m[Kget_logger[m[K(), " ");
      |                               [01;31m[K^~~~~~~~~~[m[K
[01m[K/home/jajayu/TomatoHarvesting_NextBestView/nbv_code/ros2_ws2/src/my_robot_nbv_cmake/src/BestViewModel.cpp:195:31:[m[K [01;31m[Kerror: [m[K‘[01m[Kclass BestViewModel[m[K’ has no member named ‘[01m[Kget_logger[m[K’
[01m[K/home/jajayu/TomatoHarvesting_NextBestView/nbv_code/ros2_ws2/src/my_robot_nbv_cmake/src/BestViewModel.cpp:195:13:[m[K [01;31m[Kerror: [m[Ktemplate argument 1 is invalid
  195 |             [01;31m[KRCLCPP_INFO[m[K(this->get_logger(), " ");
      |             [01;31m[K^~~~~~~~~~~[m[K
[01m[K/home/jajayu/TomatoHarvesting_NextBestView/nbv_code/ros2_ws2/src/my_robot_nbv_cmake/src/BestViewModel.cpp:195:13:[m[K [01;31m[Kerror: [m[Ktemplate argument 1 is invalid
  195 |             [01;31m[KRCLCPP_INFO[m[K(this->get_logger(), " ");
      |             [01;31m[K^~~~~~~~~~~[m[K
[01m[K/home/jajayu/TomatoHarvesting_NextBestView/nbv_code/ros2_ws2/src/my_robot_nbv_cmake/src/BestViewModel.cpp:195:13:[m[K [01;31m[Kerror: [m[Ktemplate argument 1 is invalid
  195 |             [01;31m[KRCLCPP_INFO[m[K(this->get_logger(), " ");
      |             [01;31m[K^~~~~~~~~~~[m[K
In file included from [01m[K/opt/ros/humble/include/rclcpp/rclcpp/logging.hpp:24[m[K,
                 from [01m[K/opt/ros/humble/include/rclcpp/rclcpp/client.hpp:40[m[K,
                 from [01m[K/opt/ros/humble/include/rclcpp/rclcpp/callback_group.hpp:24[m[K,
                 from [01m[K/opt/ros/humble/include/rclcpp/rclcpp/any_executable.hpp:20[m[K,
                 from [01m[K/opt/ros/humble/include/rclcpp/rclcpp/memory_strategy.hpp:25[m[K,
                 from [01m[K/opt/ros/humble/include/rclcpp/rclcpp/memory_strategies.hpp:18[m[K,
                 from [01m[K/opt/ros/humble/include/rclcpp/rclcpp/executor_options.hpp:20[m[K,
                 from [01m[K/opt/ros/humble/include/rclcpp/rclcpp/executor.hpp:37[m[K,
                 from [01m[K/opt/ros/humble/include/rclcpp/rclcpp/executors/multi_threaded_executor.hpp:25[m[K,
                 from [01m[K/opt/ros/humble/include/rclcpp/rclcpp/executors.hpp:21[m[K,
                 from [01m[K/opt/ros/humble/include/rclcpp/rclcpp/rclcpp.hpp:155[m[K,
                 from [01m[K/home/jajayu/TomatoHarvesting_NextBestView/nbv_code/ros2_ws2/src/my_robot_nbv_cmake/src/BestViewModel.cpp:5[m[K:
[01m[K/home/jajayu/TomatoHarvesting_NextBestView/nbv_code/ros2_ws2/src/my_robot_nbv_cmake/src/BestViewModel.cpp:195:31:[m[K [01;31m[Kerror: [m[K‘[01m[Kclass BestViewModel[m[K’ has no member named ‘[01m[Kget_logger[m[K’
  195 |             RCLCPP_INFO(this->[01;31m[Kget_logger[m[K(), " ");
      |                               [01;31m[K^~~~~~~~~~[m[K
[01m[K/home/jajayu/TomatoHarvesting_NextBestView/nbv_code/ros2_ws2/src/my_robot_nbv_cmake/src/BestViewModel.cpp:195:31:[m[K [01;31m[Kerror: [m[K‘[01m[Kclass BestViewModel[m[K’ has no member named ‘[01m[Kget_logger[m[K’
  195 |             RCLCPP_INFO(this->[01;31m[Kget_logger[m[K(), " ");
      |                               [01;31m[K^~~~~~~~~~[m[K
gmake[2]: *** [CMakeFiles/BestViewModel.dir/build.make:76: CMakeFiles/BestViewModel.dir/src/BestViewModel.cpp.o] Error 1
gmake[1]: *** [CMakeFiles/Makefile2:223: CMakeFiles/BestViewModel.dir/all] Error 2
gmake: *** [Makefile:146: all] Error 2
