[1.304s] Invoking command in '/home/jajayu/TomatoHarvesting_NextBestView/nbv_code/ros2_ws2/src/my_robot_nbv': PYTHONPATH=/home/jajayu/TomatoHarvesting_NextBestView/build/my_robot_nbv/prefix_override:/usr/lib/python3/dist-packages/colcon_core/task/python/colcon_distutils_commands:/home/jajayu/TomatoHarvesting_NextBestView/install/my_robot_nbv/lib/python3.10/site-packages:${PYTHONPATH} /usr/bin/python3 -W ignore:setup.py install is deprecated setup.py egg_info --egg-base ../../../../build/my_robot_nbv build --build-base /home/jajayu/TomatoHarvesting_NextBestView/build/my_robot_nbv/build install --record /home/jajayu/TomatoHarvesting_NextBestView/build/my_robot_nbv/install.log --single-version-externally-managed install_data
[1.639s] running egg_info
[1.640s] writing ../../../../build/my_robot_nbv/my_robot_nbv.egg-info/PKG-INFO
[1.641s] writing dependency_links to ../../../../build/my_robot_nbv/my_robot_nbv.egg-info/dependency_links.txt
[1.641s] writing entry points to ../../../../build/my_robot_nbv/my_robot_nbv.egg-info/entry_points.txt
[1.641s] writing requirements to ../../../../build/my_robot_nbv/my_robot_nbv.egg-info/requires.txt
[1.641s] writing top-level names to ../../../../build/my_robot_nbv/my_robot_nbv.egg-info/top_level.txt
[1.644s] reading manifest file '../../../../build/my_robot_nbv/my_robot_nbv.egg-info/SOURCES.txt'
[1.645s] writing manifest file '../../../../build/my_robot_nbv/my_robot_nbv.egg-info/SOURCES.txt'
[1.645s] running build
[1.645s] running build_py
[1.646s] running install
[1.646s] running install_lib
[1.648s] running install_data
[1.648s] running install_egg_info
[1.650s] removing '/home/jajayu/TomatoHarvesting_NextBestView/install/my_robot_nbv/lib/python3.10/site-packages/my_robot_nbv-0.0.0-py3.10.egg-info' (and everything under it)
[1.651s] Copying ../../../../build/my_robot_nbv/my_robot_nbv.egg-info to /home/jajayu/TomatoHarvesting_NextBestView/install/my_robot_nbv/lib/python3.10/site-packages/my_robot_nbv-0.0.0-py3.10.egg-info
[1.652s] running install_scripts
[1.676s] Installing nbv_tompcd_filter script to /home/jajayu/TomatoHarvesting_NextBestView/install/my_robot_nbv/lib/my_robot_nbv
[1.677s] writing list of installed files to '/home/jajayu/TomatoHarvesting_NextBestView/build/my_robot_nbv/install.log'
[1.712s] Invoked command in '/home/jajayu/TomatoHarvesting_NextBestView/nbv_code/ros2_ws2/src/my_robot_nbv' returned '0': PYTHONPATH=/home/jajayu/TomatoHarvesting_NextBestView/build/my_robot_nbv/prefix_override:/usr/lib/python3/dist-packages/colcon_core/task/python/colcon_distutils_commands:/home/jajayu/TomatoHarvesting_NextBestView/install/my_robot_nbv/lib/python3.10/site-packages:${PYTHONPATH} /usr/bin/python3 -W ignore:setup.py install is deprecated setup.py egg_info --egg-base ../../../../build/my_robot_nbv build --build-base /home/jajayu/TomatoHarvesting_NextBestView/build/my_robot_nbv/build install --record /home/jajayu/TomatoHarvesting_NextBestView/build/my_robot_nbv/install.log --single-version-externally-managed install_data
