[01m[K/home/jajayu/TomatoHarvesting_NextBestView/nbv_code/ros2_ws2/src/my_robot_nbv_cmake/src/SdfModel.cpp:168:8:[m[K [01;31m[Kerror: [m[Kexpected unqualified-id before ‘[01m[K[[m[K’ token
  168 |     int[01;31m[K[[m[K] ShowInPointCount(){
      |        [01;31m[K^[m[K
[01m[K/home/jajayu/TomatoHarvesting_NextBestView/nbv_code/ros2_ws2/src/my_robot_nbv_cmake/src/SdfModel.cpp:222:8:[m[K [01;31m[Kerror: [m[Kexpected unqualified-id before ‘[01m[K[[m[K’ token
  222 |     int[01;31m[K[[m[K] countPoint={0,0};
      |        [01;31m[K^[m[K
[01m[K/home/jajayu/TomatoHarvesting_NextBestView/nbv_code/ros2_ws2/src/my_robot_nbv_cmake/src/SdfModel.cpp:[m[K In member function ‘[01m[Kvoid SdfModel::ComputeSDF(std::vector<Eigen::Matrix<float, 3, 1> >)[m[K’:
[01m[K/home/jajayu/TomatoHarvesting_NextBestView/nbv_code/ros2_ws2/src/my_robot_nbv_cmake/src/SdfModel.cpp:157:17:[m[K [01;31m[Kerror: [m[K‘[01m[KcountPoint[m[K’ was not declared in this scope
  157 |                 [01;31m[KcountPoint[m[K[0]+=1;
      |                 [01;31m[K^~~~~~~~~~[m[K
[01m[K/home/jajayu/TomatoHarvesting_NextBestView/nbv_code/ros2_ws2/src/my_robot_nbv_cmake/src/SdfModel.cpp:161:17:[m[K [01;31m[Kerror: [m[K‘[01m[KcountPoint[m[K’ was not declared in this scope
  161 |                 [01;31m[KcountPoint[m[K[1]+=1;
      |                 [01;31m[K^~~~~~~~~~[m[K
[01m[K/home/jajayu/TomatoHarvesting_NextBestView/nbv_code/ros2_ws2/src/my_robot_nbv_cmake/src/SdfModel.cpp:[m[K In member function ‘[01m[Kvoid SdfModel::CleanPointCount()[m[K’:
[01m[K/home/jajayu/TomatoHarvesting_NextBestView/nbv_code/ros2_ws2/src/my_robot_nbv_cmake/src/SdfModel.cpp:173:9:[m[K [01;31m[Kerror: [m[K‘[01m[KcountPoint[m[K’ was not declared in this scope
  173 |         [01;31m[KcountPoint[m[K[0]=0;//每換一個candidate view要弄一次
      |         [01;31m[K^~~~~~~~~~[m[K
[01m[K/home/jajayu/TomatoHarvesting_NextBestView/nbv_code/ros2_ws2/src/my_robot_nbv_cmake/src/SdfModel.cpp:[m[K In function ‘[01m[Kint main(int, char**)[m[K’:
[01m[K/home/jajayu/TomatoHarvesting_NextBestView/nbv_code/ros2_ws2/src/my_robot_nbv_cmake/src/SdfModel.cpp:284:45:[m[K [01;31m[Kerror: [m[K‘[01m[Kradius[m[K’ was not declared in this scope
  284 |     std::uniform_real_distribution<> dist_r([01;31m[Kradius[m[K, radius);
      |                                             [01;31m[K^~~~~~[m[K
[01m[K/home/jajayu/TomatoHarvesting_NextBestView/nbv_code/ros2_ws2/src/my_robot_nbv_cmake/src/SdfModel.cpp:317:8:[m[K [01;31m[Kerror: [m[Kstructured binding declaration cannot have type ‘[01m[Kint[m[K’
  317 |     int[01;31m[K[][m[K countpoint=processor.ShowInPointCount();
      |        [01;31m[K^~[m[K
[01m[K/home/jajayu/TomatoHarvesting_NextBestView/nbv_code/ros2_ws2/src/my_robot_nbv_cmake/src/SdfModel.cpp:317:8:[m[K [01;36m[Knote: [m[Ktype must be cv-qualified ‘[01m[Kauto[m[K’ or reference to cv-qualified ‘[01m[Kauto[m[K’
[01m[K/home/jajayu/TomatoHarvesting_NextBestView/nbv_code/ros2_ws2/src/my_robot_nbv_cmake/src/SdfModel.cpp:317:8:[m[K [01;31m[Kerror: [m[Kempty structured binding declaration
[01m[K/home/jajayu/TomatoHarvesting_NextBestView/nbv_code/ros2_ws2/src/my_robot_nbv_cmake/src/SdfModel.cpp:317:11:[m[K [01;31m[Kerror: [m[Kexpected initializer before ‘[01m[Kcountpoint[m[K’
  317 |     int[] [01;31m[Kcountpoint[m[K=processor.ShowInPointCount();
      |           [01;31m[K^~~~~~~~~~[m[K
[01m[K/home/jajayu/TomatoHarvesting_NextBestView/nbv_code/ros2_ws2/src/my_robot_nbv_cmake/src/SdfModel.cpp:318:30:[m[K [01;31m[Kerror: [m[K‘[01m[Kcountpoint[m[K’ was not declared in this scope
  318 |     cout<<"the count kkk: "<<[01;31m[Kcountpoint[m[K[0]<<"[1]: "<<countpoint[1];
      |                              [01;31m[K^~~~~~~~~~[m[K
[01m[K/home/jajayu/TomatoHarvesting_NextBestView/nbv_code/ros2_ws2/src/my_robot_nbv_cmake/src/SdfModel.cpp:321:26:[m[K [01;31m[Kerror: [m[K‘[01m[Kclass SdfModel[m[K’ has no member named ‘[01m[KShowInPointCount[m[K’; did you mean ‘[01m[KCleanPointCount[m[K’?
  321 |     countpoint=processor.[01;31m[KShowInPointCount[m[K();
      |                          [01;31m[K^~~~~~~~~~~~~~~~[m[K
      |                          [32m[KCleanPointCount[m[K
[01m[K/home/jajayu/TomatoHarvesting_NextBestView/nbv_code/ros2_ws2/src/my_robot_nbv_cmake/src/SdfModel.cpp:284:38:[m[K [01;35m[Kwarning: [m[Kunused variable ‘[01m[Kdist_r[m[K’ [[01;35m[K]8;;https://gcc.gnu.org/onlinedocs/gcc/Warning-Options.html#index-Wunused-variable-Wunused-variable]8;;[m[K]
  284 |     std::uniform_real_distribution<> [01;35m[Kdist_r[m[K(radius, radius);
      |                                      [01;35m[K^~~~~~[m[K
[01m[K/home/jajayu/TomatoHarvesting_NextBestView/nbv_code/ros2_ws2/src/my_robot_nbv_cmake/src/SdfModel.cpp:317:8:[m[K [01;35m[Kwarning: [m[Kunused structured binding declaration [[01;35m[K]8;;https://gcc.gnu.org/onlinedocs/gcc/Warning-Options.html#index-Wunused-variable-Wunused-variable]8;;[m[K]
  317 |     int[01;35m[K[][m[K countpoint=processor.ShowInPointCount();
      |        [01;35m[K^~[m[K
gmake[2]: *** [CMakeFiles/SdfModel.dir/build.make:76: CMakeFiles/SdfModel.dir/src/SdfModel.cpp.o] Error 1
gmake[1]: *** [CMakeFiles/Makefile2:165: CMakeFiles/SdfModel.dir/all] Error 2
gmake: *** [Makefile:146: all] Error 2
