[0.293s] Invoking command in '/home/jajayu/TomatoHarvesting_NextBestView/nbv_code/ros2_ws2/build/message_interfaces': CMAKE_PREFIX_PATH=${CMAKE_PREFIX_PATH}:/home/jajayu/TomatoHarvesting_NextBestView/nbv_code/ros2_ws2/install/my_robot_nbv:/home/jajayu/TomatoHarvesting_NextBestView/nbv_code/ros2_ws2/install/my_robot_cam:/home/jajayu/TomatoHarvesting_NextBestView/nbv_code/ros2_ws2/install/my_robot_arm:/opt/ros/humble /home/jajayu/.local/bin/cmake --build /home/jajayu/TomatoHarvesting_NextBestView/nbv_code/ros2_ws2/build/message_interfaces -- -j8 -l8
[3.204s] [  2%] Built target message_interfaces__cpp
[3.204s] [  2%] Built target ament_cmake_python_copy_message_interfaces
[3.204s] [ 12%] Built target message_interfaces__rosidl_typesupport_introspection_cpp
[4.217s] running egg_info
[4.230s] writing message_interfaces.egg-info/PKG-INFO
[4.231s] writing dependency_links to message_interfaces.egg-info/dependency_links.txt
[4.240s] writing top-level names to message_interfaces.egg-info/top_level.txt
[4.287s] reading manifest file 'message_interfaces.egg-info/SOURCES.txt'
[4.314s] writing manifest file 'message_interfaces.egg-info/SOURCES.txt'
[4.947s] [ 12%] Built target ament_cmake_python_build_message_interfaces_egg
[5.126s] [ 23%] Built target message_interfaces__rosidl_typesupport_fastrtps_cpp
[5.424s] [ 33%] Built target message_interfaces__rosidl_typesupport_cpp
[5.613s] [ 43%] Built target message_interfaces__rosidl_generator_c
[5.778s] [ 53%] Built target message_interfaces__rosidl_typesupport_fastrtps_c
[5.988s] [ 64%] Built target message_interfaces__rosidl_typesupport_c
[6.216s] [ 74%] Built target message_interfaces__rosidl_typesupport_introspection_c
[6.482s] [ 74%] Built target message_interfaces
[6.701s] [ 76%] Built target message_interfaces__py
[6.850s] [ 84%] Built target message_interfaces__rosidl_generator_py
[7.028s] [ 89%] Built target message_interfaces__rosidl_typesupport_fastrtps_c__pyext
[7.251s] [ 94%] Built target message_interfaces__rosidl_typesupport_c__pyext
[7.459s] [100%] Built target message_interfaces__rosidl_typesupport_introspection_c__pyext
[7.866s] Invoked command in '/home/jajayu/TomatoHarvesting_NextBestView/nbv_code/ros2_ws2/build/message_interfaces' returned '0': CMAKE_PREFIX_PATH=${CMAKE_PREFIX_PATH}:/home/jajayu/TomatoHarvesting_NextBestView/nbv_code/ros2_ws2/install/my_robot_nbv:/home/jajayu/TomatoHarvesting_NextBestView/nbv_code/ros2_ws2/install/my_robot_cam:/home/jajayu/TomatoHarvesting_NextBestView/nbv_code/ros2_ws2/install/my_robot_arm:/opt/ros/humble /home/jajayu/.local/bin/cmake --build /home/jajayu/TomatoHarvesting_NextBestView/nbv_code/ros2_ws2/build/message_interfaces -- -j8 -l8
[10.439s] Invoking command in '/home/jajayu/TomatoHarvesting_NextBestView/nbv_code/ros2_ws2/build/message_interfaces': CMAKE_PREFIX_PATH=${CMAKE_PREFIX_PATH}:/home/jajayu/TomatoHarvesting_NextBestView/nbv_code/ros2_ws2/install/my_robot_nbv:/home/jajayu/TomatoHarvesting_NextBestView/nbv_code/ros2_ws2/install/my_robot_cam:/home/jajayu/TomatoHarvesting_NextBestView/nbv_code/ros2_ws2/install/my_robot_arm:/opt/ros/humble /home/jajayu/.local/bin/cmake --install /home/jajayu/TomatoHarvesting_NextBestView/nbv_code/ros2_ws2/build/message_interfaces
[11.003s] -- Install configuration: ""
[11.004s] -- Up-to-date: /home/jajayu/TomatoHarvesting_NextBestView/nbv_code/ros2_ws2/install/message_interfaces/share/ament_index/resource_index/rosidl_interfaces/message_interfaces
[11.004s] -- Up-to-date: /home/jajayu/TomatoHarvesting_NextBestView/nbv_code/ros2_ws2/install/message_interfaces/include/message_interfaces/message_interfaces
[11.004s] -- Up-to-date: /home/jajayu/TomatoHarvesting_NextBestView/nbv_code/ros2_ws2/install/message_interfaces/include/message_interfaces/message_interfaces/msg
[11.004s] -- Up-to-date: /home/jajayu/TomatoHarvesting_NextBestView/nbv_code/ros2_ws2/install/message_interfaces/include/message_interfaces/message_interfaces/msg/node_status.h
[11.005s] -- Up-to-date: /home/jajayu/TomatoHarvesting_NextBestView/nbv_code/ros2_ws2/install/message_interfaces/include/message_interfaces/message_interfaces/msg/detail
[11.005s] -- Up-to-date: /home/jajayu/TomatoHarvesting_NextBestView/nbv_code/ros2_ws2/install/message_interfaces/include/message_interfaces/message_interfaces/msg/detail/bounding_box__functions.c
[11.005s] -- Up-to-date: /home/jajayu/TomatoHarvesting_NextBestView/nbv_code/ros2_ws2/install/message_interfaces/include/message_interfaces/message_interfaces/msg/detail/node_status__struct.h
[11.005s] -- Up-to-date: /home/jajayu/TomatoHarvesting_NextBestView/nbv_code/ros2_ws2/install/message_interfaces/include/message_interfaces/message_interfaces/msg/detail/bounding_box__functions.h
[11.016s] -- Up-to-date: /home/jajayu/TomatoHarvesting_NextBestView/nbv_code/ros2_ws2/install/message_interfaces/include/message_interfaces/message_interfaces/msg/detail/node_status__functions.c
[11.022s] -- Up-to-date: /home/jajayu/TomatoHarvesting_NextBestView/nbv_code/ros2_ws2/install/message_interfaces/include/message_interfaces/message_interfaces/msg/detail/bounding_box__type_support.h
[11.023s] -- Up-to-date: /home/jajayu/TomatoHarvesting_NextBestView/nbv_code/ros2_ws2/install/message_interfaces/include/message_interfaces/message_interfaces/msg/detail/node_status__type_support.h
[11.023s] -- Up-to-date: /home/jajayu/TomatoHarvesting_NextBestView/nbv_code/ros2_ws2/install/message_interfaces/include/message_interfaces/message_interfaces/msg/detail/bounding_box__struct.h
[11.024s] -- Up-to-date: /home/jajayu/TomatoHarvesting_NextBestView/nbv_code/ros2_ws2/install/message_interfaces/include/message_interfaces/message_interfaces/msg/detail/node_status__functions.h
[11.024s] -- Up-to-date: /home/jajayu/TomatoHarvesting_NextBestView/nbv_code/ros2_ws2/install/message_interfaces/include/message_interfaces/message_interfaces/msg/rosidl_generator_c__visibility_control.h
[11.024s] -- Up-to-date: /home/jajayu/TomatoHarvesting_NextBestView/nbv_code/ros2_ws2/install/message_interfaces/include/message_interfaces/message_interfaces/msg/bounding_box.h
[11.024s] -- Up-to-date: /home/jajayu/TomatoHarvesting_NextBestView/nbv_code/ros2_ws2/install/message_interfaces/share/message_interfaces/environment/library_path.sh
[11.024s] -- Up-to-date: /home/jajayu/TomatoHarvesting_NextBestView/nbv_code/ros2_ws2/install/message_interfaces/share/message_interfaces/environment/library_path.dsv
[11.025s] -- Up-to-date: /home/jajayu/TomatoHarvesting_NextBestView/nbv_code/ros2_ws2/install/message_interfaces/lib/libmessage_interfaces__rosidl_generator_c.so
[11.028s] -- Up-to-date: /home/jajayu/TomatoHarvesting_NextBestView/nbv_code/ros2_ws2/install/message_interfaces/include/message_interfaces/message_interfaces
[11.029s] -- Up-to-date: /home/jajayu/TomatoHarvesting_NextBestView/nbv_code/ros2_ws2/install/message_interfaces/include/message_interfaces/message_interfaces/msg
[11.029s] -- Up-to-date: /home/jajayu/TomatoHarvesting_NextBestView/nbv_code/ros2_ws2/install/message_interfaces/include/message_interfaces/message_interfaces/msg/detail
[11.029s] -- Up-to-date: /home/jajayu/TomatoHarvesting_NextBestView/nbv_code/ros2_ws2/install/message_interfaces/include/message_interfaces/message_interfaces/msg/detail/node_status__rosidl_typesupport_fastrtps_c.h
[11.029s] -- Up-to-date: /home/jajayu/TomatoHarvesting_NextBestView/nbv_code/ros2_ws2/install/message_interfaces/include/message_interfaces/message_interfaces/msg/detail/bounding_box__rosidl_typesupport_fastrtps_c.h
[11.029s] -- Up-to-date: /home/jajayu/TomatoHarvesting_NextBestView/nbv_code/ros2_ws2/install/message_interfaces/include/message_interfaces/message_interfaces/msg/rosidl_typesupport_fastrtps_c__visibility_control.h
[11.030s] -- Up-to-date: /home/jajayu/TomatoHarvesting_NextBestView/nbv_code/ros2_ws2/install/message_interfaces/lib/libmessage_interfaces__rosidl_typesupport_fastrtps_c.so
[11.033s] -- Up-to-date: /home/jajayu/TomatoHarvesting_NextBestView/nbv_code/ros2_ws2/install/message_interfaces/include/message_interfaces/message_interfaces
[11.034s] -- Up-to-date: /home/jajayu/TomatoHarvesting_NextBestView/nbv_code/ros2_ws2/install/message_interfaces/include/message_interfaces/message_interfaces/msg
[11.034s] -- Up-to-date: /home/jajayu/TomatoHarvesting_NextBestView/nbv_code/ros2_ws2/install/message_interfaces/include/message_interfaces/message_interfaces/msg/detail
[11.034s] -- Up-to-date: /home/jajayu/TomatoHarvesting_NextBestView/nbv_code/ros2_ws2/install/message_interfaces/include/message_interfaces/message_interfaces/msg/detail/node_status__type_support.c
[11.034s] -- Up-to-date: /home/jajayu/TomatoHarvesting_NextBestView/nbv_code/ros2_ws2/install/message_interfaces/include/message_interfaces/message_interfaces/msg/detail/bounding_box__rosidl_typesupport_introspection_c.h
[11.035s] -- Up-to-date: /home/jajayu/TomatoHarvesting_NextBestView/nbv_code/ros2_ws2/install/message_interfaces/include/message_interfaces/message_interfaces/msg/detail/node_status__rosidl_typesupport_introspection_c.h
[11.044s] -- Up-to-date: /home/jajayu/TomatoHarvesting_NextBestView/nbv_code/ros2_ws2/install/message_interfaces/include/message_interfaces/message_interfaces/msg/detail/bounding_box__type_support.c
[11.045s] -- Up-to-date: /home/jajayu/TomatoHarvesting_NextBestView/nbv_code/ros2_ws2/install/message_interfaces/include/message_interfaces/message_interfaces/msg/rosidl_typesupport_introspection_c__visibility_control.h
[11.046s] -- Up-to-date: /home/jajayu/TomatoHarvesting_NextBestView/nbv_code/ros2_ws2/install/message_interfaces/lib/libmessage_interfaces__rosidl_typesupport_introspection_c.so
[11.047s] -- Up-to-date: /home/jajayu/TomatoHarvesting_NextBestView/nbv_code/ros2_ws2/install/message_interfaces/lib/libmessage_interfaces__rosidl_typesupport_c.so
[11.047s] -- Up-to-date: /home/jajayu/TomatoHarvesting_NextBestView/nbv_code/ros2_ws2/install/message_interfaces/include/message_interfaces/message_interfaces
[11.047s] -- Up-to-date: /home/jajayu/TomatoHarvesting_NextBestView/nbv_code/ros2_ws2/install/message_interfaces/include/message_interfaces/message_interfaces/msg
[11.047s] -- Up-to-date: /home/jajayu/TomatoHarvesting_NextBestView/nbv_code/ros2_ws2/install/message_interfaces/include/message_interfaces/message_interfaces/msg/bounding_box.hpp
[11.047s] -- Up-to-date: /home/jajayu/TomatoHarvesting_NextBestView/nbv_code/ros2_ws2/install/message_interfaces/include/message_interfaces/message_interfaces/msg/detail
[11.047s] -- Up-to-date: /home/jajayu/TomatoHarvesting_NextBestView/nbv_code/ros2_ws2/install/message_interfaces/include/message_interfaces/message_interfaces/msg/detail/bounding_box__builder.hpp
[11.047s] -- Up-to-date: /home/jajayu/TomatoHarvesting_NextBestView/nbv_code/ros2_ws2/install/message_interfaces/include/message_interfaces/message_interfaces/msg/detail/node_status__traits.hpp
[11.048s] -- Up-to-date: /home/jajayu/TomatoHarvesting_NextBestView/nbv_code/ros2_ws2/install/message_interfaces/include/message_interfaces/message_interfaces/msg/detail/node_status__builder.hpp
[11.048s] -- Up-to-date: /home/jajayu/TomatoHarvesting_NextBestView/nbv_code/ros2_ws2/install/message_interfaces/include/message_interfaces/message_interfaces/msg/detail/bounding_box__struct.hpp
[11.048s] -- Up-to-date: /home/jajayu/TomatoHarvesting_NextBestView/nbv_code/ros2_ws2/install/message_interfaces/include/message_interfaces/message_interfaces/msg/detail/bounding_box__traits.hpp
[11.048s] -- Up-to-date: /home/jajayu/TomatoHarvesting_NextBestView/nbv_code/ros2_ws2/install/message_interfaces/include/message_interfaces/message_interfaces/msg/detail/node_status__struct.hpp
[11.048s] -- Up-to-date: /home/jajayu/TomatoHarvesting_NextBestView/nbv_code/ros2_ws2/install/message_interfaces/include/message_interfaces/message_interfaces/msg/node_status.hpp
[11.049s] -- Up-to-date: /home/jajayu/TomatoHarvesting_NextBestView/nbv_code/ros2_ws2/install/message_interfaces/include/message_interfaces/message_interfaces
[11.049s] -- Up-to-date: /home/jajayu/TomatoHarvesting_NextBestView/nbv_code/ros2_ws2/install/message_interfaces/include/message_interfaces/message_interfaces/msg
[11.049s] -- Up-to-date: /home/jajayu/TomatoHarvesting_NextBestView/nbv_code/ros2_ws2/install/message_interfaces/include/message_interfaces/message_interfaces/msg/detail
[11.049s] -- Up-to-date: /home/jajayu/TomatoHarvesting_NextBestView/nbv_code/ros2_ws2/install/message_interfaces/include/message_interfaces/message_interfaces/msg/detail/bounding_box__rosidl_typesupport_fastrtps_cpp.hpp
[11.049s] -- Up-to-date: /home/jajayu/TomatoHarvesting_NextBestView/nbv_code/ros2_ws2/install/message_interfaces/include/message_interfaces/message_interfaces/msg/detail/dds_fastrtps
[11.049s] -- Up-to-date: /home/jajayu/TomatoHarvesting_NextBestView/nbv_code/ros2_ws2/install/message_interfaces/include/message_interfaces/message_interfaces/msg/detail/node_status__rosidl_typesupport_fastrtps_cpp.hpp
[11.049s] -- Up-to-date: /home/jajayu/TomatoHarvesting_NextBestView/nbv_code/ros2_ws2/install/message_interfaces/include/message_interfaces/message_interfaces/msg/rosidl_typesupport_fastrtps_cpp__visibility_control.h
[11.053s] -- Up-to-date: /home/jajayu/TomatoHarvesting_NextBestView/nbv_code/ros2_ws2/install/message_interfaces/lib/libmessage_interfaces__rosidl_typesupport_fastrtps_cpp.so
[11.053s] -- Up-to-date: /home/jajayu/TomatoHarvesting_NextBestView/nbv_code/ros2_ws2/install/message_interfaces/include/message_interfaces/message_interfaces
[11.054s] -- Up-to-date: /home/jajayu/TomatoHarvesting_NextBestView/nbv_code/ros2_ws2/install/message_interfaces/include/message_interfaces/message_interfaces/msg
[11.054s] -- Up-to-date: /home/jajayu/TomatoHarvesting_NextBestView/nbv_code/ros2_ws2/install/message_interfaces/include/message_interfaces/message_interfaces/msg/detail
[11.054s] -- Up-to-date: /home/jajayu/TomatoHarvesting_NextBestView/nbv_code/ros2_ws2/install/message_interfaces/include/message_interfaces/message_interfaces/msg/detail/bounding_box__rosidl_typesupport_introspection_cpp.hpp
[11.054s] -- Up-to-date: /home/jajayu/TomatoHarvesting_NextBestView/nbv_code/ros2_ws2/install/message_interfaces/include/message_interfaces/message_interfaces/msg/detail/node_status__type_support.cpp
[11.054s] -- Up-to-date: /home/jajayu/TomatoHarvesting_NextBestView/nbv_code/ros2_ws2/install/message_interfaces/include/message_interfaces/message_interfaces/msg/detail/bounding_box__type_support.cpp
[11.055s] -- Up-to-date: /home/jajayu/TomatoHarvesting_NextBestView/nbv_code/ros2_ws2/install/message_interfaces/include/message_interfaces/message_interfaces/msg/detail/node_status__rosidl_typesupport_introspection_cpp.hpp
[11.055s] -- Up-to-date: /home/jajayu/TomatoHarvesting_NextBestView/nbv_code/ros2_ws2/install/message_interfaces/lib/libmessage_interfaces__rosidl_typesupport_introspection_cpp.so
[11.069s] -- Up-to-date: /home/jajayu/TomatoHarvesting_NextBestView/nbv_code/ros2_ws2/install/message_interfaces/lib/libmessage_interfaces__rosidl_typesupport_cpp.so
[11.069s] -- Up-to-date: /home/jajayu/TomatoHarvesting_NextBestView/nbv_code/ros2_ws2/install/message_interfaces/share/message_interfaces/environment/pythonpath.sh
[11.069s] -- Up-to-date: /home/jajayu/TomatoHarvesting_NextBestView/nbv_code/ros2_ws2/install/message_interfaces/share/message_interfaces/environment/pythonpath.dsv
[11.070s] -- Up-to-date: /home/jajayu/TomatoHarvesting_NextBestView/nbv_code/ros2_ws2/install/message_interfaces/local/lib/python3.10/dist-packages/message_interfaces-0.0.0-py3.10.egg-info
[11.070s] -- Installing: /home/jajayu/TomatoHarvesting_NextBestView/nbv_code/ros2_ws2/install/message_interfaces/local/lib/python3.10/dist-packages/message_interfaces-0.0.0-py3.10.egg-info/PKG-INFO
[11.070s] -- Installing: /home/jajayu/TomatoHarvesting_NextBestView/nbv_code/ros2_ws2/install/message_interfaces/local/lib/python3.10/dist-packages/message_interfaces-0.0.0-py3.10.egg-info/dependency_links.txt
[11.070s] -- Installing: /home/jajayu/TomatoHarvesting_NextBestView/nbv_code/ros2_ws2/install/message_interfaces/local/lib/python3.10/dist-packages/message_interfaces-0.0.0-py3.10.egg-info/SOURCES.txt
[11.071s] -- Installing: /home/jajayu/TomatoHarvesting_NextBestView/nbv_code/ros2_ws2/install/message_interfaces/local/lib/python3.10/dist-packages/message_interfaces-0.0.0-py3.10.egg-info/top_level.txt
[11.071s] -- Up-to-date: /home/jajayu/TomatoHarvesting_NextBestView/nbv_code/ros2_ws2/install/message_interfaces/local/lib/python3.10/dist-packages/message_interfaces
[11.071s] -- Up-to-date: /home/jajayu/TomatoHarvesting_NextBestView/nbv_code/ros2_ws2/install/message_interfaces/local/lib/python3.10/dist-packages/message_interfaces/message_interfaces_s__rosidl_typesupport_c.cpython-310-x86_64-linux-gnu.so
[11.077s] -- Up-to-date: /home/jajayu/TomatoHarvesting_NextBestView/nbv_code/ros2_ws2/install/message_interfaces/local/lib/python3.10/dist-packages/message_interfaces/message_interfaces_s__rosidl_typesupport_fastrtps_c.cpython-310-x86_64-linux-gnu.so
[11.078s] -- Up-to-date: /home/jajayu/TomatoHarvesting_NextBestView/nbv_code/ros2_ws2/install/message_interfaces/local/lib/python3.10/dist-packages/message_interfaces/_message_interfaces_s.ep.rosidl_typesupport_fastrtps_c.c
[11.078s] -- Up-to-date: /home/jajayu/TomatoHarvesting_NextBestView/nbv_code/ros2_ws2/install/message_interfaces/local/lib/python3.10/dist-packages/message_interfaces/_message_interfaces_s.ep.rosidl_typesupport_introspection_c.c
[11.078s] -- Up-to-date: /home/jajayu/TomatoHarvesting_NextBestView/nbv_code/ros2_ws2/install/message_interfaces/local/lib/python3.10/dist-packages/message_interfaces/message_interfaces_s__rosidl_typesupport_introspection_c.cpython-310-x86_64-linux-gnu.so
[11.078s] -- Up-to-date: /home/jajayu/TomatoHarvesting_NextBestView/nbv_code/ros2_ws2/install/message_interfaces/local/lib/python3.10/dist-packages/message_interfaces/_message_interfaces_s.ep.rosidl_typesupport_c.c
[11.078s] -- Up-to-date: /home/jajayu/TomatoHarvesting_NextBestView/nbv_code/ros2_ws2/install/message_interfaces/local/lib/python3.10/dist-packages/message_interfaces/libmessage_interfaces__rosidl_generator_py.so
[11.079s] -- Up-to-date: /home/jajayu/TomatoHarvesting_NextBestView/nbv_code/ros2_ws2/install/message_interfaces/local/lib/python3.10/dist-packages/message_interfaces/msg
[11.079s] -- Up-to-date: /home/jajayu/TomatoHarvesting_NextBestView/nbv_code/ros2_ws2/install/message_interfaces/local/lib/python3.10/dist-packages/message_interfaces/msg/_bounding_box_s.c
[11.080s] -- Up-to-date: /home/jajayu/TomatoHarvesting_NextBestView/nbv_code/ros2_ws2/install/message_interfaces/local/lib/python3.10/dist-packages/message_interfaces/msg/_node_status_s.c
[11.094s] -- Up-to-date: /home/jajayu/TomatoHarvesting_NextBestView/nbv_code/ros2_ws2/install/message_interfaces/local/lib/python3.10/dist-packages/message_interfaces/msg/_bounding_box.py
[11.095s] -- Up-to-date: /home/jajayu/TomatoHarvesting_NextBestView/nbv_code/ros2_ws2/install/message_interfaces/local/lib/python3.10/dist-packages/message_interfaces/msg/__init__.py
[11.095s] -- Up-to-date: /home/jajayu/TomatoHarvesting_NextBestView/nbv_code/ros2_ws2/install/message_interfaces/local/lib/python3.10/dist-packages/message_interfaces/msg/_node_status.py
[11.095s] -- Up-to-date: /home/jajayu/TomatoHarvesting_NextBestView/nbv_code/ros2_ws2/install/message_interfaces/local/lib/python3.10/dist-packages/message_interfaces/__init__.py
[11.458s] Listing '/home/jajayu/TomatoHarvesting_NextBestView/nbv_code/ros2_ws2/install/message_interfaces/local/lib/python3.10/dist-packages/message_interfaces'...
[11.458s] Listing '/home/jajayu/TomatoHarvesting_NextBestView/nbv_code/ros2_ws2/install/message_interfaces/local/lib/python3.10/dist-packages/message_interfaces/msg'...
[11.510s] -- Up-to-date: /home/jajayu/TomatoHarvesting_NextBestView/nbv_code/ros2_ws2/install/message_interfaces/local/lib/python3.10/dist-packages/message_interfaces/message_interfaces_s__rosidl_typesupport_fastrtps_c.cpython-310-x86_64-linux-gnu.so
[11.535s] -- Up-to-date: /home/jajayu/TomatoHarvesting_NextBestView/nbv_code/ros2_ws2/install/message_interfaces/local/lib/python3.10/dist-packages/message_interfaces/message_interfaces_s__rosidl_typesupport_introspection_c.cpython-310-x86_64-linux-gnu.so
[11.535s] -- Up-to-date: /home/jajayu/TomatoHarvesting_NextBestView/nbv_code/ros2_ws2/install/message_interfaces/local/lib/python3.10/dist-packages/message_interfaces/message_interfaces_s__rosidl_typesupport_c.cpython-310-x86_64-linux-gnu.so
[11.542s] -- Up-to-date: /home/jajayu/TomatoHarvesting_NextBestView/nbv_code/ros2_ws2/install/message_interfaces/lib/libmessage_interfaces__rosidl_generator_py.so
[11.544s] -- Up-to-date: /home/jajayu/TomatoHarvesting_NextBestView/nbv_code/ros2_ws2/install/message_interfaces/share/message_interfaces/msg/BoundingBox.idl
[11.544s] -- Up-to-date: /home/jajayu/TomatoHarvesting_NextBestView/nbv_code/ros2_ws2/install/message_interfaces/share/message_interfaces/msg/NodeStatus.idl
[11.544s] -- Up-to-date: /home/jajayu/TomatoHarvesting_NextBestView/nbv_code/ros2_ws2/install/message_interfaces/share/message_interfaces/msg/BoundingBox.msg
[11.545s] -- Up-to-date: /home/jajayu/TomatoHarvesting_NextBestView/nbv_code/ros2_ws2/install/message_interfaces/share/message_interfaces/msg/NodeStatus.msg
[11.546s] -- Up-to-date: /home/jajayu/TomatoHarvesting_NextBestView/nbv_code/ros2_ws2/install/message_interfaces/share/ament_index/resource_index/package_run_dependencies/message_interfaces
[11.546s] -- Up-to-date: /home/jajayu/TomatoHarvesting_NextBestView/nbv_code/ros2_ws2/install/message_interfaces/share/ament_index/resource_index/parent_prefix_path/message_interfaces
[11.546s] -- Up-to-date: /home/jajayu/TomatoHarvesting_NextBestView/nbv_code/ros2_ws2/install/message_interfaces/share/message_interfaces/environment/ament_prefix_path.sh
[11.549s] -- Up-to-date: /home/jajayu/TomatoHarvesting_NextBestView/nbv_code/ros2_ws2/install/message_interfaces/share/message_interfaces/environment/ament_prefix_path.dsv
[11.549s] -- Up-to-date: /home/jajayu/TomatoHarvesting_NextBestView/nbv_code/ros2_ws2/install/message_interfaces/share/message_interfaces/environment/path.sh
[11.549s] -- Up-to-date: /home/jajayu/TomatoHarvesting_NextBestView/nbv_code/ros2_ws2/install/message_interfaces/share/message_interfaces/environment/path.dsv
[11.549s] -- Up-to-date: /home/jajayu/TomatoHarvesting_NextBestView/nbv_code/ros2_ws2/install/message_interfaces/share/message_interfaces/local_setup.bash
[11.549s] -- Up-to-date: /home/jajayu/TomatoHarvesting_NextBestView/nbv_code/ros2_ws2/install/message_interfaces/share/message_interfaces/local_setup.sh
[11.550s] -- Up-to-date: /home/jajayu/TomatoHarvesting_NextBestView/nbv_code/ros2_ws2/install/message_interfaces/share/message_interfaces/local_setup.zsh
[11.550s] -- Up-to-date: /home/jajayu/TomatoHarvesting_NextBestView/nbv_code/ros2_ws2/install/message_interfaces/share/message_interfaces/local_setup.dsv
[11.550s] -- Installing: /home/jajayu/TomatoHarvesting_NextBestView/nbv_code/ros2_ws2/install/message_interfaces/share/message_interfaces/package.dsv
[11.553s] -- Up-to-date: /home/jajayu/TomatoHarvesting_NextBestView/nbv_code/ros2_ws2/install/message_interfaces/share/ament_index/resource_index/packages/message_interfaces
[11.559s] -- Up-to-date: /home/jajayu/TomatoHarvesting_NextBestView/nbv_code/ros2_ws2/install/message_interfaces/share/message_interfaces/cmake/export_message_interfaces__rosidl_generator_cExport.cmake
[11.563s] -- Up-to-date: /home/jajayu/TomatoHarvesting_NextBestView/nbv_code/ros2_ws2/install/message_interfaces/share/message_interfaces/cmake/export_message_interfaces__rosidl_generator_cExport-noconfig.cmake
[11.584s] -- Up-to-date: /home/jajayu/TomatoHarvesting_NextBestView/nbv_code/ros2_ws2/install/message_interfaces/share/message_interfaces/cmake/export_message_interfaces__rosidl_typesupport_fastrtps_cExport.cmake
[11.594s] -- Up-to-date: /home/jajayu/TomatoHarvesting_NextBestView/nbv_code/ros2_ws2/install/message_interfaces/share/message_interfaces/cmake/export_message_interfaces__rosidl_typesupport_fastrtps_cExport-noconfig.cmake
[11.594s] -- Up-to-date: /home/jajayu/TomatoHarvesting_NextBestView/nbv_code/ros2_ws2/install/message_interfaces/share/message_interfaces/cmake/message_interfaces__rosidl_typesupport_introspection_cExport.cmake
[11.595s] -- Up-to-date: /home/jajayu/TomatoHarvesting_NextBestView/nbv_code/ros2_ws2/install/message_interfaces/share/message_interfaces/cmake/message_interfaces__rosidl_typesupport_introspection_cExport-noconfig.cmake
[11.624s] -- Up-to-date: /home/jajayu/TomatoHarvesting_NextBestView/nbv_code/ros2_ws2/install/message_interfaces/share/message_interfaces/cmake/message_interfaces__rosidl_typesupport_cExport.cmake
[11.625s] -- Up-to-date: /home/jajayu/TomatoHarvesting_NextBestView/nbv_code/ros2_ws2/install/message_interfaces/share/message_interfaces/cmake/message_interfaces__rosidl_typesupport_cExport-noconfig.cmake
[11.631s] -- Up-to-date: /home/jajayu/TomatoHarvesting_NextBestView/nbv_code/ros2_ws2/install/message_interfaces/share/message_interfaces/cmake/export_message_interfaces__rosidl_generator_cppExport.cmake
[11.631s] -- Up-to-date: /home/jajayu/TomatoHarvesting_NextBestView/nbv_code/ros2_ws2/install/message_interfaces/share/message_interfaces/cmake/export_message_interfaces__rosidl_typesupport_fastrtps_cppExport.cmake
[11.632s] -- Up-to-date: /home/jajayu/TomatoHarvesting_NextBestView/nbv_code/ros2_ws2/install/message_interfaces/share/message_interfaces/cmake/export_message_interfaces__rosidl_typesupport_fastrtps_cppExport-noconfig.cmake
[11.638s] -- Up-to-date: /home/jajayu/TomatoHarvesting_NextBestView/nbv_code/ros2_ws2/install/message_interfaces/share/message_interfaces/cmake/message_interfaces__rosidl_typesupport_introspection_cppExport.cmake
[11.643s] -- Up-to-date: /home/jajayu/TomatoHarvesting_NextBestView/nbv_code/ros2_ws2/install/message_interfaces/share/message_interfaces/cmake/message_interfaces__rosidl_typesupport_introspection_cppExport-noconfig.cmake
[11.648s] -- Up-to-date: /home/jajayu/TomatoHarvesting_NextBestView/nbv_code/ros2_ws2/install/message_interfaces/share/message_interfaces/cmake/message_interfaces__rosidl_typesupport_cppExport.cmake
[11.649s] -- Up-to-date: /home/jajayu/TomatoHarvesting_NextBestView/nbv_code/ros2_ws2/install/message_interfaces/share/message_interfaces/cmake/message_interfaces__rosidl_typesupport_cppExport-noconfig.cmake
[11.670s] -- Up-to-date: /home/jajayu/TomatoHarvesting_NextBestView/nbv_code/ros2_ws2/install/message_interfaces/share/message_interfaces/cmake/export_message_interfaces__rosidl_generator_pyExport.cmake
[11.672s] -- Up-to-date: /home/jajayu/TomatoHarvesting_NextBestView/nbv_code/ros2_ws2/install/message_interfaces/share/message_interfaces/cmake/export_message_interfaces__rosidl_generator_pyExport-noconfig.cmake
[11.672s] -- Up-to-date: /home/jajayu/TomatoHarvesting_NextBestView/nbv_code/ros2_ws2/install/message_interfaces/share/message_interfaces/cmake/rosidl_cmake-extras.cmake
[11.673s] -- Up-to-date: /home/jajayu/TomatoHarvesting_NextBestView/nbv_code/ros2_ws2/install/message_interfaces/share/message_interfaces/cmake/ament_cmake_export_include_directories-extras.cmake
[11.673s] -- Up-to-date: /home/jajayu/TomatoHarvesting_NextBestView/nbv_code/ros2_ws2/install/message_interfaces/share/message_interfaces/cmake/ament_cmake_export_libraries-extras.cmake
[11.673s] -- Up-to-date: /home/jajayu/TomatoHarvesting_NextBestView/nbv_code/ros2_ws2/install/message_interfaces/share/message_interfaces/cmake/ament_cmake_export_targets-extras.cmake
[11.677s] -- Up-to-date: /home/jajayu/TomatoHarvesting_NextBestView/nbv_code/ros2_ws2/install/message_interfaces/share/message_interfaces/cmake/rosidl_cmake_export_typesupport_targets-extras.cmake
[11.677s] -- Up-to-date: /home/jajayu/TomatoHarvesting_NextBestView/nbv_code/ros2_ws2/install/message_interfaces/share/message_interfaces/cmake/ament_cmake_export_dependencies-extras.cmake
[11.677s] -- Up-to-date: /home/jajayu/TomatoHarvesting_NextBestView/nbv_code/ros2_ws2/install/message_interfaces/share/message_interfaces/cmake/rosidl_cmake_export_typesupport_libraries-extras.cmake
[11.678s] -- Up-to-date: /home/jajayu/TomatoHarvesting_NextBestView/nbv_code/ros2_ws2/install/message_interfaces/share/message_interfaces/cmake/message_interfacesConfig.cmake
[11.678s] -- Up-to-date: /home/jajayu/TomatoHarvesting_NextBestView/nbv_code/ros2_ws2/install/message_interfaces/share/message_interfaces/cmake/message_interfacesConfig-version.cmake
[11.678s] -- Up-to-date: /home/jajayu/TomatoHarvesting_NextBestView/nbv_code/ros2_ws2/install/message_interfaces/share/message_interfaces/package.xml
[11.852s] Invoked command in '/home/jajayu/TomatoHarvesting_NextBestView/nbv_code/ros2_ws2/build/message_interfaces' returned '0': CMAKE_PREFIX_PATH=${CMAKE_PREFIX_PATH}:/home/jajayu/TomatoHarvesting_NextBestView/nbv_code/ros2_ws2/install/my_robot_nbv:/home/jajayu/TomatoHarvesting_NextBestView/nbv_code/ros2_ws2/install/my_robot_cam:/home/jajayu/TomatoHarvesting_NextBestView/nbv_code/ros2_ws2/install/my_robot_arm:/opt/ros/humble /home/jajayu/.local/bin/cmake --install /home/jajayu/TomatoHarvesting_NextBestView/nbv_code/ros2_ws2/build/message_interfaces
