[0.915s] Invoking command in '/home/jajayu/TomatoHarvesting_NextBestView/nbv_code/ros2_ws2/src/my_robot_arm': PYTHONPATH=/home/jajayu/TomatoHarvesting_NextBestView/nbv_code/ros2_ws2/build/my_robot_arm/prefix_override:/usr/lib/python3/dist-packages/colcon_core/task/python/colcon_distutils_commands:/home/jajayu/TomatoHarvesting_NextBestView/nbv_code/ros2_ws2/install/my_robot_arm/lib/python3.10/site-packages:${PYTHONPATH} /usr/bin/python3 -W ignore:setup.py install is deprecated setup.py egg_info --egg-base ../../build/my_robot_arm build --build-base /home/jajayu/TomatoHarvesting_NextBestView/nbv_code/ros2_ws2/build/my_robot_arm/build install --record /home/jajayu/TomatoHarvesting_NextBestView/nbv_code/ros2_ws2/build/my_robot_arm/install.log --single-version-externally-managed install_data
[1.288s] running egg_info
[1.289s] creating ../../build/my_robot_arm/my_robot_arm.egg-info
[1.289s] writing ../../build/my_robot_arm/my_robot_arm.egg-info/PKG-INFO
[1.290s] writing dependency_links to ../../build/my_robot_arm/my_robot_arm.egg-info/dependency_links.txt
[1.290s] writing entry points to ../../build/my_robot_arm/my_robot_arm.egg-info/entry_points.txt
[1.290s] writing requirements to ../../build/my_robot_arm/my_robot_arm.egg-info/requires.txt
[1.290s] writing top-level names to ../../build/my_robot_arm/my_robot_arm.egg-info/top_level.txt
[1.290s] writing manifest file '../../build/my_robot_arm/my_robot_arm.egg-info/SOURCES.txt'
[1.292s] reading manifest file '../../build/my_robot_arm/my_robot_arm.egg-info/SOURCES.txt'
[1.293s] writing manifest file '../../build/my_robot_arm/my_robot_arm.egg-info/SOURCES.txt'
[1.294s] running build
[1.294s] running build_py
[1.294s] creating /home/jajayu/TomatoHarvesting_NextBestView/nbv_code/ros2_ws2/build/my_robot_arm/build
[1.295s] creating /home/jajayu/TomatoHarvesting_NextBestView/nbv_code/ros2_ws2/build/my_robot_arm/build/lib
[1.295s] creating /home/jajayu/TomatoHarvesting_NextBestView/nbv_code/ros2_ws2/build/my_robot_arm/build/lib/my_robot_arm
[1.295s] copying my_robot_arm/__init__.py -> /home/jajayu/TomatoHarvesting_NextBestView/nbv_code/ros2_ws2/build/my_robot_arm/build/lib/my_robot_arm
[1.295s] running install
[1.295s] running install_lib
[1.296s] creating /home/jajayu/TomatoHarvesting_NextBestView/nbv_code/ros2_ws2/install/my_robot_arm/lib/python3.10/site-packages/my_robot_arm
[1.296s] copying /home/jajayu/TomatoHarvesting_NextBestView/nbv_code/ros2_ws2/build/my_robot_arm/build/lib/my_robot_arm/__init__.py -> /home/jajayu/TomatoHarvesting_NextBestView/nbv_code/ros2_ws2/install/my_robot_arm/lib/python3.10/site-packages/my_robot_arm
[1.298s] byte-compiling /home/jajayu/TomatoHarvesting_NextBestView/nbv_code/ros2_ws2/install/my_robot_arm/lib/python3.10/site-packages/my_robot_arm/__init__.py to __init__.cpython-310.pyc
[1.298s] running install_data
[1.298s] creating /home/jajayu/TomatoHarvesting_NextBestView/nbv_code/ros2_ws2/install/my_robot_arm/share/ament_index
[1.298s] creating /home/jajayu/TomatoHarvesting_NextBestView/nbv_code/ros2_ws2/install/my_robot_arm/share/ament_index/resource_index
[1.298s] creating /home/jajayu/TomatoHarvesting_NextBestView/nbv_code/ros2_ws2/install/my_robot_arm/share/ament_index/resource_index/packages
[1.299s] copying resource/my_robot_arm -> /home/jajayu/TomatoHarvesting_NextBestView/nbv_code/ros2_ws2/install/my_robot_arm/share/ament_index/resource_index/packages
[1.299s] copying package.xml -> /home/jajayu/TomatoHarvesting_NextBestView/nbv_code/ros2_ws2/install/my_robot_arm/share/my_robot_arm
[1.299s] running install_egg_info
[1.302s] Copying ../../build/my_robot_arm/my_robot_arm.egg-info to /home/jajayu/TomatoHarvesting_NextBestView/nbv_code/ros2_ws2/install/my_robot_arm/lib/python3.10/site-packages/my_robot_arm-0.0.0-py3.10.egg-info
[1.304s] running install_scripts
[1.331s] writing list of installed files to '/home/jajayu/TomatoHarvesting_NextBestView/nbv_code/ros2_ws2/build/my_robot_arm/install.log'
[1.355s] Invoked command in '/home/jajayu/TomatoHarvesting_NextBestView/nbv_code/ros2_ws2/src/my_robot_arm' returned '0': PYTHONPATH=/home/jajayu/TomatoHarvesting_NextBestView/nbv_code/ros2_ws2/build/my_robot_arm/prefix_override:/usr/lib/python3/dist-packages/colcon_core/task/python/colcon_distutils_commands:/home/jajayu/TomatoHarvesting_NextBestView/nbv_code/ros2_ws2/install/my_robot_arm/lib/python3.10/site-packages:${PYTHONPATH} /usr/bin/python3 -W ignore:setup.py install is deprecated setup.py egg_info --egg-base ../../build/my_robot_arm build --build-base /home/jajayu/TomatoHarvesting_NextBestView/nbv_code/ros2_ws2/build/my_robot_arm/build install --record /home/jajayu/TomatoHarvesting_NextBestView/nbv_code/ros2_ws2/build/my_robot_arm/install.log --single-version-externally-managed install_data
