[35m[1mConsolidate compiler generated dependencies of target SdfModel[0m
[ 50%] Built target nbvc_ray_generation
[ 75%] [32mBuilding CXX object CMakeFiles/SdfModel.dir/src/SdfModel.cpp.o[0m
[01m[K/home/jajayu/TomatoHarvesting_NextBestView/nbv_code/ros2_ws2/src/my_robot_nbv_cmake/src/SdfModel.cpp:[m[K In member function ‘[01m[Kvoid MeshProcessor::Visualize()[m[K’:
[01m[K/home/jajayu/TomatoHarvesting_NextBestView/nbv_code/ros2_ws2/src/my_robot_nbv_cmake/src/SdfModel.cpp:130:36:[m[K [01;31m[Kerror: [m[Kno match for ‘[01m[Koperator=[m[K’ (operand types are ‘[01m[Kstd::vector<Eigen::Matrix<double, 3, 1> >[m[K’ and ‘[01m[Kopen3d::core::Tensor[m[K’)
  130 |         query_point_vis->points_ = [01;31m[Kpoints_tensor[m[K; // Using core::Tensor directly
      |                                    [01;31m[K^~~~~~~~~~~~~[m[K
In file included from [01m[K/usr/include/c++/11/vector:72[m[K,
                 from [01m[K/usr/include/c++/11/functional:62[m[K,
                 from [01m[K/home/jajayu/open3d_install/include/open3d/3rdparty/Eigen/Core:85[m[K,
                 from [01m[K/home/jajayu/open3d_install/include/open3d/camera/PinholeCameraIntrinsic.h:10[m[K,
                 from [01m[K/home/jajayu/open3d_install/include/open3d/Open3D.h:12[m[K,
                 from [01m[K/home/jajayu/TomatoHarvesting_NextBestView/nbv_code/ros2_ws2/src/my_robot_nbv_cmake/src/SdfModel.cpp:1[m[K:
[01m[K/usr/include/c++/11/bits/vector.tcc:198:5:[m[K [01;36m[Knote: [m[Kcandidate: ‘[01m[Kstd::vector<_Tp, _Alloc>& std::vector<_Tp, _Alloc>::operator=(const std::vector<_Tp, _Alloc>&) [with _Tp = Eigen::Matrix<double, 3, 1>; _Alloc = std::allocator<Eigen::Matrix<double, 3, 1> >][m[K’
  198 |     [01;36m[Kvector<_Tp, _Alloc>[m[K::
      |     [01;36m[K^~~~~~~~~~~~~~~~~~~[m[K
[01m[K/usr/include/c++/11/bits/vector.tcc:199:42:[m[K [01;36m[Knote: [m[K  no known conversion for argument 1 from ‘[01m[Kopen3d::core::Tensor[m[K’ to ‘[01m[Kconst std::vector<Eigen::Matrix<double, 3, 1> >&[m[K’
  199 |     operator=([01;36m[Kconst vector<_Tp, _Alloc>& __x[m[K)
      |               [01;36m[K~~~~~~~~~~~~~~~~~~~~~~~~~~~^~~[m[K
In file included from [01m[K/usr/include/c++/11/vector:67[m[K,
                 from [01m[K/usr/include/c++/11/functional:62[m[K,
                 from [01m[K/home/jajayu/open3d_install/include/open3d/3rdparty/Eigen/Core:85[m[K,
                 from [01m[K/home/jajayu/open3d_install/include/open3d/camera/PinholeCameraIntrinsic.h:10[m[K,
                 from [01m[K/home/jajayu/open3d_install/include/open3d/Open3D.h:12[m[K,
                 from [01m[K/home/jajayu/TomatoHarvesting_NextBestView/nbv_code/ros2_ws2/src/my_robot_nbv_cmake/src/SdfModel.cpp:1[m[K:
[01m[K/usr/include/c++/11/bits/stl_vector.h:709:7:[m[K [01;36m[Knote: [m[Kcandidate: ‘[01m[Kstd::vector<_Tp, _Alloc>& std::vector<_Tp, _Alloc>::operator=(std::vector<_Tp, _Alloc>&&) [with _Tp = Eigen::Matrix<double, 3, 1>; _Alloc = std::allocator<Eigen::Matrix<double, 3, 1> >][m[K’
  709 |       [01;36m[Koperator[m[K=(vector&& __x) noexcept(_Alloc_traits::_S_nothrow_move())
      |       [01;36m[K^~~~~~~~[m[K
[01m[K/usr/include/c++/11/bits/stl_vector.h:709:26:[m[K [01;36m[Knote: [m[K  no known conversion for argument 1 from ‘[01m[Kopen3d::core::Tensor[m[K’ to ‘[01m[Kstd::vector<Eigen::Matrix<double, 3, 1> >&&[m[K’
  709 |       operator=([01;36m[Kvector&& __x[m[K) noexcept(_Alloc_traits::_S_nothrow_move())
      |                 [01;36m[K~~~~~~~~~^~~[m[K
[01m[K/usr/include/c++/11/bits/stl_vector.h:730:7:[m[K [01;36m[Knote: [m[Kcandidate: ‘[01m[Kstd::vector<_Tp, _Alloc>& std::vector<_Tp, _Alloc>::operator=(std::initializer_list<_Tp>) [with _Tp = Eigen::Matrix<double, 3, 1>; _Alloc = std::allocator<Eigen::Matrix<double, 3, 1> >][m[K’
  730 |       [01;36m[Koperator[m[K=(initializer_list<value_type> __l)
      |       [01;36m[K^~~~~~~~[m[K
[01m[K/usr/include/c++/11/bits/stl_vector.h:730:46:[m[K [01;36m[Knote: [m[K  no known conversion for argument 1 from ‘[01m[Kopen3d::core::Tensor[m[K’ to ‘[01m[Kstd::initializer_list<Eigen::Matrix<double, 3, 1> >[m[K’
  730 |       operator=([01;36m[Kinitializer_list<value_type> __l[m[K)
      |                 [01;36m[K~~~~~~~~~~~~~~~~~~~~~~~~~~~~~^~~[m[K
[01m[K/home/jajayu/TomatoHarvesting_NextBestView/nbv_code/ros2_ws2/src/my_robot_nbv_cmake/src/SdfModel.cpp:131:36:[m[K [01;31m[Kerror: [m[Kno match for ‘[01m[Koperator=[m[K’ (operand types are ‘[01m[Kstd::vector<Eigen::Matrix<double, 3, 1> >[m[K’ and ‘[01m[Kopen3d::core::Tensor[m[K’)
  131 |         query_point_vis->colors_ = [01;31m[Kcolors_tensor[m[K; // Using core::Tensor directly
      |                                    [01;31m[K^~~~~~~~~~~~~[m[K
In file included from [01m[K/usr/include/c++/11/vector:72[m[K,
                 from [01m[K/usr/include/c++/11/functional:62[m[K,
                 from [01m[K/home/jajayu/open3d_install/include/open3d/3rdparty/Eigen/Core:85[m[K,
                 from [01m[K/home/jajayu/open3d_install/include/open3d/camera/PinholeCameraIntrinsic.h:10[m[K,
                 from [01m[K/home/jajayu/open3d_install/include/open3d/Open3D.h:12[m[K,
                 from [01m[K/home/jajayu/TomatoHarvesting_NextBestView/nbv_code/ros2_ws2/src/my_robot_nbv_cmake/src/SdfModel.cpp:1[m[K:
[01m[K/usr/include/c++/11/bits/vector.tcc:198:5:[m[K [01;36m[Knote: [m[Kcandidate: ‘[01m[Kstd::vector<_Tp, _Alloc>& std::vector<_Tp, _Alloc>::operator=(const std::vector<_Tp, _Alloc>&) [with _Tp = Eigen::Matrix<double, 3, 1>; _Alloc = std::allocator<Eigen::Matrix<double, 3, 1> >][m[K’
  198 |     [01;36m[Kvector<_Tp, _Alloc>[m[K::
      |     [01;36m[K^~~~~~~~~~~~~~~~~~~[m[K
[01m[K/usr/include/c++/11/bits/vector.tcc:199:42:[m[K [01;36m[Knote: [m[K  no known conversion for argument 1 from ‘[01m[Kopen3d::core::Tensor[m[K’ to ‘[01m[Kconst std::vector<Eigen::Matrix<double, 3, 1> >&[m[K’
  199 |     operator=([01;36m[Kconst vector<_Tp, _Alloc>& __x[m[K)
      |               [01;36m[K~~~~~~~~~~~~~~~~~~~~~~~~~~~^~~[m[K
In file included from [01m[K/usr/include/c++/11/vector:67[m[K,
                 from [01m[K/usr/include/c++/11/functional:62[m[K,
                 from [01m[K/home/jajayu/open3d_install/include/open3d/3rdparty/Eigen/Core:85[m[K,
                 from [01m[K/home/jajayu/open3d_install/include/open3d/camera/PinholeCameraIntrinsic.h:10[m[K,
                 from [01m[K/home/jajayu/open3d_install/include/open3d/Open3D.h:12[m[K,
                 from [01m[K/home/jajayu/TomatoHarvesting_NextBestView/nbv_code/ros2_ws2/src/my_robot_nbv_cmake/src/SdfModel.cpp:1[m[K:
[01m[K/usr/include/c++/11/bits/stl_vector.h:709:7:[m[K [01;36m[Knote: [m[Kcandidate: ‘[01m[Kstd::vector<_Tp, _Alloc>& std::vector<_Tp, _Alloc>::operator=(std::vector<_Tp, _Alloc>&&) [with _Tp = Eigen::Matrix<double, 3, 1>; _Alloc = std::allocator<Eigen::Matrix<double, 3, 1> >][m[K’
  709 |       [01;36m[Koperator[m[K=(vector&& __x) noexcept(_Alloc_traits::_S_nothrow_move())
      |       [01;36m[K^~~~~~~~[m[K
[01m[K/usr/include/c++/11/bits/stl_vector.h:709:26:[m[K [01;36m[Knote: [m[K  no known conversion for argument 1 from ‘[01m[Kopen3d::core::Tensor[m[K’ to ‘[01m[Kstd::vector<Eigen::Matrix<double, 3, 1> >&&[m[K’
  709 |       operator=([01;36m[Kvector&& __x[m[K) noexcept(_Alloc_traits::_S_nothrow_move())
      |                 [01;36m[K~~~~~~~~~^~~[m[K
[01m[K/usr/include/c++/11/bits/stl_vector.h:730:7:[m[K [01;36m[Knote: [m[Kcandidate: ‘[01m[Kstd::vector<_Tp, _Alloc>& std::vector<_Tp, _Alloc>::operator=(std::initializer_list<_Tp>) [with _Tp = Eigen::Matrix<double, 3, 1>; _Alloc = std::allocator<Eigen::Matrix<double, 3, 1> >][m[K’
  730 |       [01;36m[Koperator[m[K=(initializer_list<value_type> __l)
      |       [01;36m[K^~~~~~~~[m[K
[01m[K/usr/include/c++/11/bits/stl_vector.h:730:46:[m[K [01;36m[Knote: [m[K  no known conversion for argument 1 from ‘[01m[Kopen3d::core::Tensor[m[K’ to ‘[01m[Kstd::initializer_list<Eigen::Matrix<double, 3, 1> >[m[K’
  730 |       operator=([01;36m[Kinitializer_list<value_type> __l[m[K)
      |                 [01;36m[K~~~~~~~~~~~~~~~~~~~~~~~~~~~~~^~~[m[K
gmake[2]: *** [CMakeFiles/SdfModel.dir/build.make:76: CMakeFiles/SdfModel.dir/src/SdfModel.cpp.o] Error 1
gmake[1]: *** [CMakeFiles/Makefile2:165: CMakeFiles/SdfModel.dir/all] Error 2
gmake: *** [Makefile:146: all] Error 2
