[0.177s] Invoking command in '/home/jajayu/TomatoHarvesting_NextBestView/nbv_code/ros2_ws2/build/realsense2_camera_msgs': CMAKE_PREFIX_PATH=${CMAKE_PREFIX_PATH}:/home/jajayu/TomatoHarvesting_NextBestView/nbv_code/ros2_ws2/install/my_robot_nbv:/home/jajayu/TomatoHarvesting_NextBestView/nbv_code/ros2_ws2/install/my_robot_cam:/home/jajayu/TomatoHarvesting_NextBestView/nbv_code/ros2_ws2/install/my_robot_arm:/opt/ros/humble /home/jajayu/.local/bin/cmake --build /home/jajayu/TomatoHarvesting_NextBestView/nbv_code/ros2_ws2/build/realsense2_camera_msgs -- -j8 -l8
[1.864s] [  1%] Built target realsense2_camera_msgs__cpp
[1.864s] [  1%] Built target ament_cmake_python_copy_realsense2_camera_msgs
[1.864s] [ 12%] Built target realsense2_camera_msgs__rosidl_typesupport_introspection_cpp
[3.151s] running egg_info
[3.159s] writing realsense2_camera_msgs.egg-info/PKG-INFO
[3.159s] writing dependency_links to realsense2_camera_msgs.egg-info/dependency_links.txt
[3.160s] writing top-level names to realsense2_camera_msgs.egg-info/top_level.txt
[3.163s] reading manifest file 'realsense2_camera_msgs.egg-info/SOURCES.txt'
[3.167s] writing manifest file 'realsense2_camera_msgs.egg-info/SOURCES.txt'
[3.387s] [ 12%] Built target ament_cmake_python_build_realsense2_camera_msgs_egg
[3.685s] [ 23%] Built target realsense2_camera_msgs__rosidl_typesupport_fastrtps_cpp
[3.915s] [ 34%] Built target realsense2_camera_msgs__rosidl_typesupport_cpp
[4.084s] [ 46%] Built target realsense2_camera_msgs__rosidl_generator_c
[4.209s] [ 57%] Built target realsense2_camera_msgs__rosidl_typesupport_fastrtps_c
[4.396s] [ 68%] Built target realsense2_camera_msgs__rosidl_typesupport_c
[4.564s] [ 79%] Built target realsense2_camera_msgs__rosidl_typesupport_introspection_c
[4.684s] [ 79%] Built target realsense2_camera_msgs
[4.849s] [ 80%] Built target realsense2_camera_msgs__py
[4.981s] [ 90%] Built target realsense2_camera_msgs__rosidl_generator_py
[5.102s] [ 93%] Built target realsense2_camera_msgs__rosidl_typesupport_fastrtps_c__pyext
[5.220s] [ 96%] Built target realsense2_camera_msgs__rosidl_typesupport_c__pyext
[5.366s] [100%] Built target realsense2_camera_msgs__rosidl_typesupport_introspection_c__pyext
[5.475s] Invoked command in '/home/jajayu/TomatoHarvesting_NextBestView/nbv_code/ros2_ws2/build/realsense2_camera_msgs' returned '0': CMAKE_PREFIX_PATH=${CMAKE_PREFIX_PATH}:/home/jajayu/TomatoHarvesting_NextBestView/nbv_code/ros2_ws2/install/my_robot_nbv:/home/jajayu/TomatoHarvesting_NextBestView/nbv_code/ros2_ws2/install/my_robot_cam:/home/jajayu/TomatoHarvesting_NextBestView/nbv_code/ros2_ws2/install/my_robot_arm:/opt/ros/humble /home/jajayu/.local/bin/cmake --build /home/jajayu/TomatoHarvesting_NextBestView/nbv_code/ros2_ws2/build/realsense2_camera_msgs -- -j8 -l8
[7.749s] Invoking command in '/home/jajayu/TomatoHarvesting_NextBestView/nbv_code/ros2_ws2/build/realsense2_camera_msgs': CMAKE_PREFIX_PATH=${CMAKE_PREFIX_PATH}:/home/jajayu/TomatoHarvesting_NextBestView/nbv_code/ros2_ws2/install/my_robot_nbv:/home/jajayu/TomatoHarvesting_NextBestView/nbv_code/ros2_ws2/install/my_robot_cam:/home/jajayu/TomatoHarvesting_NextBestView/nbv_code/ros2_ws2/install/my_robot_arm:/opt/ros/humble /home/jajayu/.local/bin/cmake --install /home/jajayu/TomatoHarvesting_NextBestView/nbv_code/ros2_ws2/build/realsense2_camera_msgs
[8.079s] -- Install configuration: ""
[8.079s] -- Up-to-date: /home/jajayu/TomatoHarvesting_NextBestView/nbv_code/ros2_ws2/install/realsense2_camera_msgs/share/ament_index/resource_index/rosidl_interfaces/realsense2_camera_msgs
[8.080s] -- Up-to-date: /home/jajayu/TomatoHarvesting_NextBestView/nbv_code/ros2_ws2/install/realsense2_camera_msgs/include/realsense2_camera_msgs/realsense2_camera_msgs
[8.083s] -- Up-to-date: /home/jajayu/TomatoHarvesting_NextBestView/nbv_code/ros2_ws2/install/realsense2_camera_msgs/include/realsense2_camera_msgs/realsense2_camera_msgs/srv
[8.085s] -- Up-to-date: /home/jajayu/TomatoHarvesting_NextBestView/nbv_code/ros2_ws2/install/realsense2_camera_msgs/include/realsense2_camera_msgs/realsense2_camera_msgs/srv/device_info.h
[8.085s] -- Up-to-date: /home/jajayu/TomatoHarvesting_NextBestView/nbv_code/ros2_ws2/install/realsense2_camera_msgs/include/realsense2_camera_msgs/realsense2_camera_msgs/srv/detail
[8.086s] -- Up-to-date: /home/jajayu/TomatoHarvesting_NextBestView/nbv_code/ros2_ws2/install/realsense2_camera_msgs/include/realsense2_camera_msgs/realsense2_camera_msgs/srv/detail/device_info__functions.h
[8.086s] -- Up-to-date: /home/jajayu/TomatoHarvesting_NextBestView/nbv_code/ros2_ws2/install/realsense2_camera_msgs/include/realsense2_camera_msgs/realsense2_camera_msgs/srv/detail/device_info__functions.c
[8.086s] -- Up-to-date: /home/jajayu/TomatoHarvesting_NextBestView/nbv_code/ros2_ws2/install/realsense2_camera_msgs/include/realsense2_camera_msgs/realsense2_camera_msgs/srv/detail/device_info__struct.h
[8.086s] -- Up-to-date: /home/jajayu/TomatoHarvesting_NextBestView/nbv_code/ros2_ws2/install/realsense2_camera_msgs/include/realsense2_camera_msgs/realsense2_camera_msgs/srv/detail/device_info__type_support.h
[8.086s] -- Up-to-date: /home/jajayu/TomatoHarvesting_NextBestView/nbv_code/ros2_ws2/install/realsense2_camera_msgs/include/realsense2_camera_msgs/realsense2_camera_msgs/msg
[8.087s] -- Up-to-date: /home/jajayu/TomatoHarvesting_NextBestView/nbv_code/ros2_ws2/install/realsense2_camera_msgs/include/realsense2_camera_msgs/realsense2_camera_msgs/msg/metadata.h
[8.088s] -- Up-to-date: /home/jajayu/TomatoHarvesting_NextBestView/nbv_code/ros2_ws2/install/realsense2_camera_msgs/include/realsense2_camera_msgs/realsense2_camera_msgs/msg/detail
[8.088s] -- Up-to-date: /home/jajayu/TomatoHarvesting_NextBestView/nbv_code/ros2_ws2/install/realsense2_camera_msgs/include/realsense2_camera_msgs/realsense2_camera_msgs/msg/detail/rgbd__functions.h
[8.088s] -- Up-to-date: /home/jajayu/TomatoHarvesting_NextBestView/nbv_code/ros2_ws2/install/realsense2_camera_msgs/include/realsense2_camera_msgs/realsense2_camera_msgs/msg/detail/imu_info__struct.h
[8.088s] -- Up-to-date: /home/jajayu/TomatoHarvesting_NextBestView/nbv_code/ros2_ws2/install/realsense2_camera_msgs/include/realsense2_camera_msgs/realsense2_camera_msgs/msg/detail/metadata__struct.h
[8.089s] -- Up-to-date: /home/jajayu/TomatoHarvesting_NextBestView/nbv_code/ros2_ws2/install/realsense2_camera_msgs/include/realsense2_camera_msgs/realsense2_camera_msgs/msg/detail/extrinsics__struct.h
[8.090s] -- Up-to-date: /home/jajayu/TomatoHarvesting_NextBestView/nbv_code/ros2_ws2/install/realsense2_camera_msgs/include/realsense2_camera_msgs/realsense2_camera_msgs/msg/detail/rgbd__struct.h
[8.091s] -- Up-to-date: /home/jajayu/TomatoHarvesting_NextBestView/nbv_code/ros2_ws2/install/realsense2_camera_msgs/include/realsense2_camera_msgs/realsense2_camera_msgs/msg/detail/metadata__type_support.h
[8.091s] -- Up-to-date: /home/jajayu/TomatoHarvesting_NextBestView/nbv_code/ros2_ws2/install/realsense2_camera_msgs/include/realsense2_camera_msgs/realsense2_camera_msgs/msg/detail/extrinsics__functions.h
[8.091s] -- Up-to-date: /home/jajayu/TomatoHarvesting_NextBestView/nbv_code/ros2_ws2/install/realsense2_camera_msgs/include/realsense2_camera_msgs/realsense2_camera_msgs/msg/detail/rgbd__type_support.h
[8.091s] -- Up-to-date: /home/jajayu/TomatoHarvesting_NextBestView/nbv_code/ros2_ws2/install/realsense2_camera_msgs/include/realsense2_camera_msgs/realsense2_camera_msgs/msg/detail/rgbd__functions.c
[8.092s] -- Up-to-date: /home/jajayu/TomatoHarvesting_NextBestView/nbv_code/ros2_ws2/install/realsense2_camera_msgs/include/realsense2_camera_msgs/realsense2_camera_msgs/msg/detail/extrinsics__type_support.h
[8.092s] -- Up-to-date: /home/jajayu/TomatoHarvesting_NextBestView/nbv_code/ros2_ws2/install/realsense2_camera_msgs/include/realsense2_camera_msgs/realsense2_camera_msgs/msg/detail/metadata__functions.h
[8.093s] -- Up-to-date: /home/jajayu/TomatoHarvesting_NextBestView/nbv_code/ros2_ws2/install/realsense2_camera_msgs/include/realsense2_camera_msgs/realsense2_camera_msgs/msg/detail/imu_info__type_support.h
[8.093s] -- Up-to-date: /home/jajayu/TomatoHarvesting_NextBestView/nbv_code/ros2_ws2/install/realsense2_camera_msgs/include/realsense2_camera_msgs/realsense2_camera_msgs/msg/detail/imu_info__functions.c
[8.093s] -- Up-to-date: /home/jajayu/TomatoHarvesting_NextBestView/nbv_code/ros2_ws2/install/realsense2_camera_msgs/include/realsense2_camera_msgs/realsense2_camera_msgs/msg/detail/imu_info__functions.h
[8.093s] -- Up-to-date: /home/jajayu/TomatoHarvesting_NextBestView/nbv_code/ros2_ws2/install/realsense2_camera_msgs/include/realsense2_camera_msgs/realsense2_camera_msgs/msg/detail/metadata__functions.c
[8.093s] -- Up-to-date: /home/jajayu/TomatoHarvesting_NextBestView/nbv_code/ros2_ws2/install/realsense2_camera_msgs/include/realsense2_camera_msgs/realsense2_camera_msgs/msg/detail/extrinsics__functions.c
[8.093s] -- Up-to-date: /home/jajayu/TomatoHarvesting_NextBestView/nbv_code/ros2_ws2/install/realsense2_camera_msgs/include/realsense2_camera_msgs/realsense2_camera_msgs/msg/rosidl_generator_c__visibility_control.h
[8.094s] -- Up-to-date: /home/jajayu/TomatoHarvesting_NextBestView/nbv_code/ros2_ws2/install/realsense2_camera_msgs/include/realsense2_camera_msgs/realsense2_camera_msgs/msg/rgbd.h
[8.094s] -- Up-to-date: /home/jajayu/TomatoHarvesting_NextBestView/nbv_code/ros2_ws2/install/realsense2_camera_msgs/include/realsense2_camera_msgs/realsense2_camera_msgs/msg/extrinsics.h
[8.094s] -- Up-to-date: /home/jajayu/TomatoHarvesting_NextBestView/nbv_code/ros2_ws2/install/realsense2_camera_msgs/include/realsense2_camera_msgs/realsense2_camera_msgs/msg/imu_info.h
[8.094s] -- Up-to-date: /home/jajayu/TomatoHarvesting_NextBestView/nbv_code/ros2_ws2/install/realsense2_camera_msgs/share/realsense2_camera_msgs/environment/library_path.sh
[8.094s] -- Up-to-date: /home/jajayu/TomatoHarvesting_NextBestView/nbv_code/ros2_ws2/install/realsense2_camera_msgs/share/realsense2_camera_msgs/environment/library_path.dsv
[8.095s] -- Up-to-date: /home/jajayu/TomatoHarvesting_NextBestView/nbv_code/ros2_ws2/install/realsense2_camera_msgs/lib/librealsense2_camera_msgs__rosidl_generator_c.so
[8.098s] -- Up-to-date: /home/jajayu/TomatoHarvesting_NextBestView/nbv_code/ros2_ws2/install/realsense2_camera_msgs/include/realsense2_camera_msgs/realsense2_camera_msgs
[8.098s] -- Up-to-date: /home/jajayu/TomatoHarvesting_NextBestView/nbv_code/ros2_ws2/install/realsense2_camera_msgs/include/realsense2_camera_msgs/realsense2_camera_msgs/srv
[8.101s] -- Up-to-date: /home/jajayu/TomatoHarvesting_NextBestView/nbv_code/ros2_ws2/install/realsense2_camera_msgs/include/realsense2_camera_msgs/realsense2_camera_msgs/srv/detail
[8.101s] -- Up-to-date: /home/jajayu/TomatoHarvesting_NextBestView/nbv_code/ros2_ws2/install/realsense2_camera_msgs/include/realsense2_camera_msgs/realsense2_camera_msgs/srv/detail/device_info__rosidl_typesupport_fastrtps_c.h
[8.101s] -- Up-to-date: /home/jajayu/TomatoHarvesting_NextBestView/nbv_code/ros2_ws2/install/realsense2_camera_msgs/include/realsense2_camera_msgs/realsense2_camera_msgs/msg
[8.101s] -- Up-to-date: /home/jajayu/TomatoHarvesting_NextBestView/nbv_code/ros2_ws2/install/realsense2_camera_msgs/include/realsense2_camera_msgs/realsense2_camera_msgs/msg/detail
[8.101s] -- Up-to-date: /home/jajayu/TomatoHarvesting_NextBestView/nbv_code/ros2_ws2/install/realsense2_camera_msgs/include/realsense2_camera_msgs/realsense2_camera_msgs/msg/detail/metadata__rosidl_typesupport_fastrtps_c.h
[8.101s] -- Up-to-date: /home/jajayu/TomatoHarvesting_NextBestView/nbv_code/ros2_ws2/install/realsense2_camera_msgs/include/realsense2_camera_msgs/realsense2_camera_msgs/msg/detail/rgbd__rosidl_typesupport_fastrtps_c.h
[8.101s] -- Up-to-date: /home/jajayu/TomatoHarvesting_NextBestView/nbv_code/ros2_ws2/install/realsense2_camera_msgs/include/realsense2_camera_msgs/realsense2_camera_msgs/msg/detail/extrinsics__rosidl_typesupport_fastrtps_c.h
[8.101s] -- Up-to-date: /home/jajayu/TomatoHarvesting_NextBestView/nbv_code/ros2_ws2/install/realsense2_camera_msgs/include/realsense2_camera_msgs/realsense2_camera_msgs/msg/detail/imu_info__rosidl_typesupport_fastrtps_c.h
[8.101s] -- Up-to-date: /home/jajayu/TomatoHarvesting_NextBestView/nbv_code/ros2_ws2/install/realsense2_camera_msgs/include/realsense2_camera_msgs/realsense2_camera_msgs/msg/rosidl_typesupport_fastrtps_c__visibility_control.h
[8.101s] -- Up-to-date: /home/jajayu/TomatoHarvesting_NextBestView/nbv_code/ros2_ws2/install/realsense2_camera_msgs/lib/librealsense2_camera_msgs__rosidl_typesupport_fastrtps_c.so
[8.102s] -- Up-to-date: /home/jajayu/TomatoHarvesting_NextBestView/nbv_code/ros2_ws2/install/realsense2_camera_msgs/include/realsense2_camera_msgs/realsense2_camera_msgs
[8.103s] -- Up-to-date: /home/jajayu/TomatoHarvesting_NextBestView/nbv_code/ros2_ws2/install/realsense2_camera_msgs/include/realsense2_camera_msgs/realsense2_camera_msgs/srv
[8.103s] -- Up-to-date: /home/jajayu/TomatoHarvesting_NextBestView/nbv_code/ros2_ws2/install/realsense2_camera_msgs/include/realsense2_camera_msgs/realsense2_camera_msgs/srv/detail
[8.103s] -- Up-to-date: /home/jajayu/TomatoHarvesting_NextBestView/nbv_code/ros2_ws2/install/realsense2_camera_msgs/include/realsense2_camera_msgs/realsense2_camera_msgs/srv/detail/device_info__type_support.c
[8.103s] -- Up-to-date: /home/jajayu/TomatoHarvesting_NextBestView/nbv_code/ros2_ws2/install/realsense2_camera_msgs/include/realsense2_camera_msgs/realsense2_camera_msgs/srv/detail/device_info__rosidl_typesupport_introspection_c.h
[8.103s] -- Up-to-date: /home/jajayu/TomatoHarvesting_NextBestView/nbv_code/ros2_ws2/install/realsense2_camera_msgs/include/realsense2_camera_msgs/realsense2_camera_msgs/msg
[8.104s] -- Up-to-date: /home/jajayu/TomatoHarvesting_NextBestView/nbv_code/ros2_ws2/install/realsense2_camera_msgs/include/realsense2_camera_msgs/realsense2_camera_msgs/msg/detail
[8.104s] -- Up-to-date: /home/jajayu/TomatoHarvesting_NextBestView/nbv_code/ros2_ws2/install/realsense2_camera_msgs/include/realsense2_camera_msgs/realsense2_camera_msgs/msg/detail/extrinsics__type_support.c
[8.104s] -- Up-to-date: /home/jajayu/TomatoHarvesting_NextBestView/nbv_code/ros2_ws2/install/realsense2_camera_msgs/include/realsense2_camera_msgs/realsense2_camera_msgs/msg/detail/imu_info__rosidl_typesupport_introspection_c.h
[8.104s] -- Up-to-date: /home/jajayu/TomatoHarvesting_NextBestView/nbv_code/ros2_ws2/install/realsense2_camera_msgs/include/realsense2_camera_msgs/realsense2_camera_msgs/msg/detail/imu_info__type_support.c
[8.104s] -- Up-to-date: /home/jajayu/TomatoHarvesting_NextBestView/nbv_code/ros2_ws2/install/realsense2_camera_msgs/include/realsense2_camera_msgs/realsense2_camera_msgs/msg/detail/rgbd__rosidl_typesupport_introspection_c.h
[8.104s] -- Up-to-date: /home/jajayu/TomatoHarvesting_NextBestView/nbv_code/ros2_ws2/install/realsense2_camera_msgs/include/realsense2_camera_msgs/realsense2_camera_msgs/msg/detail/rgbd__type_support.c
[8.104s] -- Up-to-date: /home/jajayu/TomatoHarvesting_NextBestView/nbv_code/ros2_ws2/install/realsense2_camera_msgs/include/realsense2_camera_msgs/realsense2_camera_msgs/msg/detail/extrinsics__rosidl_typesupport_introspection_c.h
[8.105s] -- Up-to-date: /home/jajayu/TomatoHarvesting_NextBestView/nbv_code/ros2_ws2/install/realsense2_camera_msgs/include/realsense2_camera_msgs/realsense2_camera_msgs/msg/detail/metadata__rosidl_typesupport_introspection_c.h
[8.105s] -- Up-to-date: /home/jajayu/TomatoHarvesting_NextBestView/nbv_code/ros2_ws2/install/realsense2_camera_msgs/include/realsense2_camera_msgs/realsense2_camera_msgs/msg/detail/metadata__type_support.c
[8.105s] -- Up-to-date: /home/jajayu/TomatoHarvesting_NextBestView/nbv_code/ros2_ws2/install/realsense2_camera_msgs/include/realsense2_camera_msgs/realsense2_camera_msgs/msg/rosidl_typesupport_introspection_c__visibility_control.h
[8.105s] -- Up-to-date: /home/jajayu/TomatoHarvesting_NextBestView/nbv_code/ros2_ws2/install/realsense2_camera_msgs/lib/librealsense2_camera_msgs__rosidl_typesupport_introspection_c.so
[8.110s] -- Up-to-date: /home/jajayu/TomatoHarvesting_NextBestView/nbv_code/ros2_ws2/install/realsense2_camera_msgs/lib/librealsense2_camera_msgs__rosidl_typesupport_c.so
[8.110s] -- Up-to-date: /home/jajayu/TomatoHarvesting_NextBestView/nbv_code/ros2_ws2/install/realsense2_camera_msgs/include/realsense2_camera_msgs/realsense2_camera_msgs
[8.110s] -- Up-to-date: /home/jajayu/TomatoHarvesting_NextBestView/nbv_code/ros2_ws2/install/realsense2_camera_msgs/include/realsense2_camera_msgs/realsense2_camera_msgs/srv
[8.110s] -- Up-to-date: /home/jajayu/TomatoHarvesting_NextBestView/nbv_code/ros2_ws2/install/realsense2_camera_msgs/include/realsense2_camera_msgs/realsense2_camera_msgs/srv/detail
[8.110s] -- Up-to-date: /home/jajayu/TomatoHarvesting_NextBestView/nbv_code/ros2_ws2/install/realsense2_camera_msgs/include/realsense2_camera_msgs/realsense2_camera_msgs/srv/detail/device_info__struct.hpp
[8.111s] -- Up-to-date: /home/jajayu/TomatoHarvesting_NextBestView/nbv_code/ros2_ws2/install/realsense2_camera_msgs/include/realsense2_camera_msgs/realsense2_camera_msgs/srv/detail/device_info__traits.hpp
[8.111s] -- Up-to-date: /home/jajayu/TomatoHarvesting_NextBestView/nbv_code/ros2_ws2/install/realsense2_camera_msgs/include/realsense2_camera_msgs/realsense2_camera_msgs/srv/detail/device_info__builder.hpp
[8.111s] -- Up-to-date: /home/jajayu/TomatoHarvesting_NextBestView/nbv_code/ros2_ws2/install/realsense2_camera_msgs/include/realsense2_camera_msgs/realsense2_camera_msgs/srv/device_info.hpp
[8.111s] -- Up-to-date: /home/jajayu/TomatoHarvesting_NextBestView/nbv_code/ros2_ws2/install/realsense2_camera_msgs/include/realsense2_camera_msgs/realsense2_camera_msgs/msg
[8.111s] -- Up-to-date: /home/jajayu/TomatoHarvesting_NextBestView/nbv_code/ros2_ws2/install/realsense2_camera_msgs/include/realsense2_camera_msgs/realsense2_camera_msgs/msg/rgbd.hpp
[8.111s] -- Up-to-date: /home/jajayu/TomatoHarvesting_NextBestView/nbv_code/ros2_ws2/install/realsense2_camera_msgs/include/realsense2_camera_msgs/realsense2_camera_msgs/msg/imu_info.hpp
[8.112s] -- Up-to-date: /home/jajayu/TomatoHarvesting_NextBestView/nbv_code/ros2_ws2/install/realsense2_camera_msgs/include/realsense2_camera_msgs/realsense2_camera_msgs/msg/extrinsics.hpp
[8.112s] -- Up-to-date: /home/jajayu/TomatoHarvesting_NextBestView/nbv_code/ros2_ws2/install/realsense2_camera_msgs/include/realsense2_camera_msgs/realsense2_camera_msgs/msg/detail
[8.113s] -- Up-to-date: /home/jajayu/TomatoHarvesting_NextBestView/nbv_code/ros2_ws2/install/realsense2_camera_msgs/include/realsense2_camera_msgs/realsense2_camera_msgs/msg/detail/metadata__struct.hpp
[8.117s] -- Up-to-date: /home/jajayu/TomatoHarvesting_NextBestView/nbv_code/ros2_ws2/install/realsense2_camera_msgs/include/realsense2_camera_msgs/realsense2_camera_msgs/msg/detail/rgbd__traits.hpp
[8.117s] -- Up-to-date: /home/jajayu/TomatoHarvesting_NextBestView/nbv_code/ros2_ws2/install/realsense2_camera_msgs/include/realsense2_camera_msgs/realsense2_camera_msgs/msg/detail/imu_info__struct.hpp
[8.118s] -- Up-to-date: /home/jajayu/TomatoHarvesting_NextBestView/nbv_code/ros2_ws2/install/realsense2_camera_msgs/include/realsense2_camera_msgs/realsense2_camera_msgs/msg/detail/extrinsics__builder.hpp
[8.120s] -- Up-to-date: /home/jajayu/TomatoHarvesting_NextBestView/nbv_code/ros2_ws2/install/realsense2_camera_msgs/include/realsense2_camera_msgs/realsense2_camera_msgs/msg/detail/rgbd__builder.hpp
[8.121s] -- Up-to-date: /home/jajayu/TomatoHarvesting_NextBestView/nbv_code/ros2_ws2/install/realsense2_camera_msgs/include/realsense2_camera_msgs/realsense2_camera_msgs/msg/detail/rgbd__struct.hpp
[8.121s] -- Up-to-date: /home/jajayu/TomatoHarvesting_NextBestView/nbv_code/ros2_ws2/install/realsense2_camera_msgs/include/realsense2_camera_msgs/realsense2_camera_msgs/msg/detail/imu_info__traits.hpp
[8.121s] -- Up-to-date: /home/jajayu/TomatoHarvesting_NextBestView/nbv_code/ros2_ws2/install/realsense2_camera_msgs/include/realsense2_camera_msgs/realsense2_camera_msgs/msg/detail/metadata__traits.hpp
[8.121s] -- Up-to-date: /home/jajayu/TomatoHarvesting_NextBestView/nbv_code/ros2_ws2/install/realsense2_camera_msgs/include/realsense2_camera_msgs/realsense2_camera_msgs/msg/detail/metadata__builder.hpp
[8.121s] -- Up-to-date: /home/jajayu/TomatoHarvesting_NextBestView/nbv_code/ros2_ws2/install/realsense2_camera_msgs/include/realsense2_camera_msgs/realsense2_camera_msgs/msg/detail/extrinsics__struct.hpp
[8.121s] -- Up-to-date: /home/jajayu/TomatoHarvesting_NextBestView/nbv_code/ros2_ws2/install/realsense2_camera_msgs/include/realsense2_camera_msgs/realsense2_camera_msgs/msg/detail/imu_info__builder.hpp
[8.121s] -- Up-to-date: /home/jajayu/TomatoHarvesting_NextBestView/nbv_code/ros2_ws2/install/realsense2_camera_msgs/include/realsense2_camera_msgs/realsense2_camera_msgs/msg/detail/extrinsics__traits.hpp
[8.121s] -- Up-to-date: /home/jajayu/TomatoHarvesting_NextBestView/nbv_code/ros2_ws2/install/realsense2_camera_msgs/include/realsense2_camera_msgs/realsense2_camera_msgs/msg/metadata.hpp
[8.123s] -- Up-to-date: /home/jajayu/TomatoHarvesting_NextBestView/nbv_code/ros2_ws2/install/realsense2_camera_msgs/include/realsense2_camera_msgs/realsense2_camera_msgs
[8.123s] -- Up-to-date: /home/jajayu/TomatoHarvesting_NextBestView/nbv_code/ros2_ws2/install/realsense2_camera_msgs/include/realsense2_camera_msgs/realsense2_camera_msgs/srv
[8.123s] -- Up-to-date: /home/jajayu/TomatoHarvesting_NextBestView/nbv_code/ros2_ws2/install/realsense2_camera_msgs/include/realsense2_camera_msgs/realsense2_camera_msgs/srv/detail
[8.123s] -- Up-to-date: /home/jajayu/TomatoHarvesting_NextBestView/nbv_code/ros2_ws2/install/realsense2_camera_msgs/include/realsense2_camera_msgs/realsense2_camera_msgs/srv/detail/dds_fastrtps
[8.123s] -- Up-to-date: /home/jajayu/TomatoHarvesting_NextBestView/nbv_code/ros2_ws2/install/realsense2_camera_msgs/include/realsense2_camera_msgs/realsense2_camera_msgs/srv/detail/device_info__rosidl_typesupport_fastrtps_cpp.hpp
[8.123s] -- Up-to-date: /home/jajayu/TomatoHarvesting_NextBestView/nbv_code/ros2_ws2/install/realsense2_camera_msgs/include/realsense2_camera_msgs/realsense2_camera_msgs/msg
[8.123s] -- Up-to-date: /home/jajayu/TomatoHarvesting_NextBestView/nbv_code/ros2_ws2/install/realsense2_camera_msgs/include/realsense2_camera_msgs/realsense2_camera_msgs/msg/detail
[8.124s] -- Up-to-date: /home/jajayu/TomatoHarvesting_NextBestView/nbv_code/ros2_ws2/install/realsense2_camera_msgs/include/realsense2_camera_msgs/realsense2_camera_msgs/msg/detail/imu_info__rosidl_typesupport_fastrtps_cpp.hpp
[8.124s] -- Up-to-date: /home/jajayu/TomatoHarvesting_NextBestView/nbv_code/ros2_ws2/install/realsense2_camera_msgs/include/realsense2_camera_msgs/realsense2_camera_msgs/msg/detail/extrinsics__rosidl_typesupport_fastrtps_cpp.hpp
[8.124s] -- Up-to-date: /home/jajayu/TomatoHarvesting_NextBestView/nbv_code/ros2_ws2/install/realsense2_camera_msgs/include/realsense2_camera_msgs/realsense2_camera_msgs/msg/detail/dds_fastrtps
[8.124s] -- Up-to-date: /home/jajayu/TomatoHarvesting_NextBestView/nbv_code/ros2_ws2/install/realsense2_camera_msgs/include/realsense2_camera_msgs/realsense2_camera_msgs/msg/detail/metadata__rosidl_typesupport_fastrtps_cpp.hpp
[8.124s] -- Up-to-date: /home/jajayu/TomatoHarvesting_NextBestView/nbv_code/ros2_ws2/install/realsense2_camera_msgs/include/realsense2_camera_msgs/realsense2_camera_msgs/msg/detail/rgbd__rosidl_typesupport_fastrtps_cpp.hpp
[8.124s] -- Up-to-date: /home/jajayu/TomatoHarvesting_NextBestView/nbv_code/ros2_ws2/install/realsense2_camera_msgs/include/realsense2_camera_msgs/realsense2_camera_msgs/msg/rosidl_typesupport_fastrtps_cpp__visibility_control.h
[8.124s] -- Up-to-date: /home/jajayu/TomatoHarvesting_NextBestView/nbv_code/ros2_ws2/install/realsense2_camera_msgs/lib/librealsense2_camera_msgs__rosidl_typesupport_fastrtps_cpp.so
[8.125s] -- Up-to-date: /home/jajayu/TomatoHarvesting_NextBestView/nbv_code/ros2_ws2/install/realsense2_camera_msgs/include/realsense2_camera_msgs/realsense2_camera_msgs
[8.125s] -- Up-to-date: /home/jajayu/TomatoHarvesting_NextBestView/nbv_code/ros2_ws2/install/realsense2_camera_msgs/include/realsense2_camera_msgs/realsense2_camera_msgs/srv
[8.125s] -- Up-to-date: /home/jajayu/TomatoHarvesting_NextBestView/nbv_code/ros2_ws2/install/realsense2_camera_msgs/include/realsense2_camera_msgs/realsense2_camera_msgs/srv/detail
[8.125s] -- Up-to-date: /home/jajayu/TomatoHarvesting_NextBestView/nbv_code/ros2_ws2/install/realsense2_camera_msgs/include/realsense2_camera_msgs/realsense2_camera_msgs/srv/detail/device_info__type_support.cpp
[8.126s] -- Up-to-date: /home/jajayu/TomatoHarvesting_NextBestView/nbv_code/ros2_ws2/install/realsense2_camera_msgs/include/realsense2_camera_msgs/realsense2_camera_msgs/srv/detail/device_info__rosidl_typesupport_introspection_cpp.hpp
[8.126s] -- Up-to-date: /home/jajayu/TomatoHarvesting_NextBestView/nbv_code/ros2_ws2/install/realsense2_camera_msgs/include/realsense2_camera_msgs/realsense2_camera_msgs/msg
[8.126s] -- Up-to-date: /home/jajayu/TomatoHarvesting_NextBestView/nbv_code/ros2_ws2/install/realsense2_camera_msgs/include/realsense2_camera_msgs/realsense2_camera_msgs/msg/detail
[8.126s] -- Up-to-date: /home/jajayu/TomatoHarvesting_NextBestView/nbv_code/ros2_ws2/install/realsense2_camera_msgs/include/realsense2_camera_msgs/realsense2_camera_msgs/msg/detail/rgbd__rosidl_typesupport_introspection_cpp.hpp
[8.126s] -- Up-to-date: /home/jajayu/TomatoHarvesting_NextBestView/nbv_code/ros2_ws2/install/realsense2_camera_msgs/include/realsense2_camera_msgs/realsense2_camera_msgs/msg/detail/imu_info__rosidl_typesupport_introspection_cpp.hpp
[8.126s] -- Up-to-date: /home/jajayu/TomatoHarvesting_NextBestView/nbv_code/ros2_ws2/install/realsense2_camera_msgs/include/realsense2_camera_msgs/realsense2_camera_msgs/msg/detail/metadata__type_support.cpp
[8.126s] -- Up-to-date: /home/jajayu/TomatoHarvesting_NextBestView/nbv_code/ros2_ws2/install/realsense2_camera_msgs/include/realsense2_camera_msgs/realsense2_camera_msgs/msg/detail/metadata__rosidl_typesupport_introspection_cpp.hpp
[8.126s] -- Up-to-date: /home/jajayu/TomatoHarvesting_NextBestView/nbv_code/ros2_ws2/install/realsense2_camera_msgs/include/realsense2_camera_msgs/realsense2_camera_msgs/msg/detail/rgbd__type_support.cpp
[8.126s] -- Up-to-date: /home/jajayu/TomatoHarvesting_NextBestView/nbv_code/ros2_ws2/install/realsense2_camera_msgs/include/realsense2_camera_msgs/realsense2_camera_msgs/msg/detail/extrinsics__rosidl_typesupport_introspection_cpp.hpp
[8.127s] -- Up-to-date: /home/jajayu/TomatoHarvesting_NextBestView/nbv_code/ros2_ws2/install/realsense2_camera_msgs/include/realsense2_camera_msgs/realsense2_camera_msgs/msg/detail/extrinsics__type_support.cpp
[8.127s] -- Up-to-date: /home/jajayu/TomatoHarvesting_NextBestView/nbv_code/ros2_ws2/install/realsense2_camera_msgs/include/realsense2_camera_msgs/realsense2_camera_msgs/msg/detail/imu_info__type_support.cpp
[8.127s] -- Up-to-date: /home/jajayu/TomatoHarvesting_NextBestView/nbv_code/ros2_ws2/install/realsense2_camera_msgs/lib/librealsense2_camera_msgs__rosidl_typesupport_introspection_cpp.so
[8.129s] -- Up-to-date: /home/jajayu/TomatoHarvesting_NextBestView/nbv_code/ros2_ws2/install/realsense2_camera_msgs/lib/librealsense2_camera_msgs__rosidl_typesupport_cpp.so
[8.129s] -- Up-to-date: /home/jajayu/TomatoHarvesting_NextBestView/nbv_code/ros2_ws2/install/realsense2_camera_msgs/share/realsense2_camera_msgs/environment/pythonpath.sh
[8.130s] -- Up-to-date: /home/jajayu/TomatoHarvesting_NextBestView/nbv_code/ros2_ws2/install/realsense2_camera_msgs/share/realsense2_camera_msgs/environment/pythonpath.dsv
[8.135s] -- Up-to-date: /home/jajayu/TomatoHarvesting_NextBestView/nbv_code/ros2_ws2/install/realsense2_camera_msgs/local/lib/python3.10/dist-packages/realsense2_camera_msgs-4.55.1-py3.10.egg-info
[8.136s] -- Installing: /home/jajayu/TomatoHarvesting_NextBestView/nbv_code/ros2_ws2/install/realsense2_camera_msgs/local/lib/python3.10/dist-packages/realsense2_camera_msgs-4.55.1-py3.10.egg-info/PKG-INFO
[8.136s] -- Installing: /home/jajayu/TomatoHarvesting_NextBestView/nbv_code/ros2_ws2/install/realsense2_camera_msgs/local/lib/python3.10/dist-packages/realsense2_camera_msgs-4.55.1-py3.10.egg-info/dependency_links.txt
[8.136s] -- Installing: /home/jajayu/TomatoHarvesting_NextBestView/nbv_code/ros2_ws2/install/realsense2_camera_msgs/local/lib/python3.10/dist-packages/realsense2_camera_msgs-4.55.1-py3.10.egg-info/SOURCES.txt
[8.136s] -- Installing: /home/jajayu/TomatoHarvesting_NextBestView/nbv_code/ros2_ws2/install/realsense2_camera_msgs/local/lib/python3.10/dist-packages/realsense2_camera_msgs-4.55.1-py3.10.egg-info/top_level.txt
[8.137s] -- Up-to-date: /home/jajayu/TomatoHarvesting_NextBestView/nbv_code/ros2_ws2/install/realsense2_camera_msgs/local/lib/python3.10/dist-packages/realsense2_camera_msgs
[8.137s] -- Up-to-date: /home/jajayu/TomatoHarvesting_NextBestView/nbv_code/ros2_ws2/install/realsense2_camera_msgs/local/lib/python3.10/dist-packages/realsense2_camera_msgs/_realsense2_camera_msgs_s.ep.rosidl_typesupport_introspection_c.c
[8.137s] -- Up-to-date: /home/jajayu/TomatoHarvesting_NextBestView/nbv_code/ros2_ws2/install/realsense2_camera_msgs/local/lib/python3.10/dist-packages/realsense2_camera_msgs/realsense2_camera_msgs_s__rosidl_typesupport_c.cpython-310-x86_64-linux-gnu.so
[8.137s] -- Up-to-date: /home/jajayu/TomatoHarvesting_NextBestView/nbv_code/ros2_ws2/install/realsense2_camera_msgs/local/lib/python3.10/dist-packages/realsense2_camera_msgs/librealsense2_camera_msgs__rosidl_generator_py.so
[8.137s] -- Up-to-date: /home/jajayu/TomatoHarvesting_NextBestView/nbv_code/ros2_ws2/install/realsense2_camera_msgs/local/lib/python3.10/dist-packages/realsense2_camera_msgs/srv
[8.140s] -- Up-to-date: /home/jajayu/TomatoHarvesting_NextBestView/nbv_code/ros2_ws2/install/realsense2_camera_msgs/local/lib/python3.10/dist-packages/realsense2_camera_msgs/srv/_device_info_s.c
[8.140s] -- Up-to-date: /home/jajayu/TomatoHarvesting_NextBestView/nbv_code/ros2_ws2/install/realsense2_camera_msgs/local/lib/python3.10/dist-packages/realsense2_camera_msgs/srv/_device_info.py
[8.141s] -- Up-to-date: /home/jajayu/TomatoHarvesting_NextBestView/nbv_code/ros2_ws2/install/realsense2_camera_msgs/local/lib/python3.10/dist-packages/realsense2_camera_msgs/srv/__init__.py
[8.141s] -- Up-to-date: /home/jajayu/TomatoHarvesting_NextBestView/nbv_code/ros2_ws2/install/realsense2_camera_msgs/local/lib/python3.10/dist-packages/realsense2_camera_msgs/realsense2_camera_msgs_s__rosidl_typesupport_fastrtps_c.cpython-310-x86_64-linux-gnu.so
[8.141s] -- Up-to-date: /home/jajayu/TomatoHarvesting_NextBestView/nbv_code/ros2_ws2/install/realsense2_camera_msgs/local/lib/python3.10/dist-packages/realsense2_camera_msgs/realsense2_camera_msgs_s__rosidl_typesupport_introspection_c.cpython-310-x86_64-linux-gnu.so
[8.141s] -- Up-to-date: /home/jajayu/TomatoHarvesting_NextBestView/nbv_code/ros2_ws2/install/realsense2_camera_msgs/local/lib/python3.10/dist-packages/realsense2_camera_msgs/_realsense2_camera_msgs_s.ep.rosidl_typesupport_c.c
[8.141s] -- Up-to-date: /home/jajayu/TomatoHarvesting_NextBestView/nbv_code/ros2_ws2/install/realsense2_camera_msgs/local/lib/python3.10/dist-packages/realsense2_camera_msgs/msg
[8.141s] -- Up-to-date: /home/jajayu/TomatoHarvesting_NextBestView/nbv_code/ros2_ws2/install/realsense2_camera_msgs/local/lib/python3.10/dist-packages/realsense2_camera_msgs/msg/_extrinsics.py
[8.141s] -- Up-to-date: /home/jajayu/TomatoHarvesting_NextBestView/nbv_code/ros2_ws2/install/realsense2_camera_msgs/local/lib/python3.10/dist-packages/realsense2_camera_msgs/msg/_imu_info_s.c
[8.143s] -- Up-to-date: /home/jajayu/TomatoHarvesting_NextBestView/nbv_code/ros2_ws2/install/realsense2_camera_msgs/local/lib/python3.10/dist-packages/realsense2_camera_msgs/msg/_metadata_s.c
[8.143s] -- Up-to-date: /home/jajayu/TomatoHarvesting_NextBestView/nbv_code/ros2_ws2/install/realsense2_camera_msgs/local/lib/python3.10/dist-packages/realsense2_camera_msgs/msg/_rgbd_s.c
[8.143s] -- Up-to-date: /home/jajayu/TomatoHarvesting_NextBestView/nbv_code/ros2_ws2/install/realsense2_camera_msgs/local/lib/python3.10/dist-packages/realsense2_camera_msgs/msg/_extrinsics_s.c
[8.144s] -- Up-to-date: /home/jajayu/TomatoHarvesting_NextBestView/nbv_code/ros2_ws2/install/realsense2_camera_msgs/local/lib/python3.10/dist-packages/realsense2_camera_msgs/msg/_rgbd.py
[8.145s] -- Up-to-date: /home/jajayu/TomatoHarvesting_NextBestView/nbv_code/ros2_ws2/install/realsense2_camera_msgs/local/lib/python3.10/dist-packages/realsense2_camera_msgs/msg/__init__.py
[8.145s] -- Up-to-date: /home/jajayu/TomatoHarvesting_NextBestView/nbv_code/ros2_ws2/install/realsense2_camera_msgs/local/lib/python3.10/dist-packages/realsense2_camera_msgs/msg/_metadata.py
[8.145s] -- Up-to-date: /home/jajayu/TomatoHarvesting_NextBestView/nbv_code/ros2_ws2/install/realsense2_camera_msgs/local/lib/python3.10/dist-packages/realsense2_camera_msgs/msg/_imu_info.py
[8.145s] -- Up-to-date: /home/jajayu/TomatoHarvesting_NextBestView/nbv_code/ros2_ws2/install/realsense2_camera_msgs/local/lib/python3.10/dist-packages/realsense2_camera_msgs/__init__.py
[8.145s] -- Up-to-date: /home/jajayu/TomatoHarvesting_NextBestView/nbv_code/ros2_ws2/install/realsense2_camera_msgs/local/lib/python3.10/dist-packages/realsense2_camera_msgs/_realsense2_camera_msgs_s.ep.rosidl_typesupport_fastrtps_c.c
[8.315s] Listing '/home/jajayu/TomatoHarvesting_NextBestView/nbv_code/ros2_ws2/install/realsense2_camera_msgs/local/lib/python3.10/dist-packages/realsense2_camera_msgs'...
[8.315s] Listing '/home/jajayu/TomatoHarvesting_NextBestView/nbv_code/ros2_ws2/install/realsense2_camera_msgs/local/lib/python3.10/dist-packages/realsense2_camera_msgs/msg'...
[8.315s] Listing '/home/jajayu/TomatoHarvesting_NextBestView/nbv_code/ros2_ws2/install/realsense2_camera_msgs/local/lib/python3.10/dist-packages/realsense2_camera_msgs/srv'...
[8.341s] -- Up-to-date: /home/jajayu/TomatoHarvesting_NextBestView/nbv_code/ros2_ws2/install/realsense2_camera_msgs/local/lib/python3.10/dist-packages/realsense2_camera_msgs/realsense2_camera_msgs_s__rosidl_typesupport_fastrtps_c.cpython-310-x86_64-linux-gnu.so
[8.349s] -- Up-to-date: /home/jajayu/TomatoHarvesting_NextBestView/nbv_code/ros2_ws2/install/realsense2_camera_msgs/local/lib/python3.10/dist-packages/realsense2_camera_msgs/realsense2_camera_msgs_s__rosidl_typesupport_introspection_c.cpython-310-x86_64-linux-gnu.so
[8.353s] -- Up-to-date: /home/jajayu/TomatoHarvesting_NextBestView/nbv_code/ros2_ws2/install/realsense2_camera_msgs/local/lib/python3.10/dist-packages/realsense2_camera_msgs/realsense2_camera_msgs_s__rosidl_typesupport_c.cpython-310-x86_64-linux-gnu.so
[8.354s] -- Up-to-date: /home/jajayu/TomatoHarvesting_NextBestView/nbv_code/ros2_ws2/install/realsense2_camera_msgs/lib/librealsense2_camera_msgs__rosidl_generator_py.so
[8.354s] -- Up-to-date: /home/jajayu/TomatoHarvesting_NextBestView/nbv_code/ros2_ws2/install/realsense2_camera_msgs/share/realsense2_camera_msgs/msg/IMUInfo.idl
[8.354s] -- Up-to-date: /home/jajayu/TomatoHarvesting_NextBestView/nbv_code/ros2_ws2/install/realsense2_camera_msgs/share/realsense2_camera_msgs/msg/Extrinsics.idl
[8.355s] -- Up-to-date: /home/jajayu/TomatoHarvesting_NextBestView/nbv_code/ros2_ws2/install/realsense2_camera_msgs/share/realsense2_camera_msgs/msg/Metadata.idl
[8.355s] -- Up-to-date: /home/jajayu/TomatoHarvesting_NextBestView/nbv_code/ros2_ws2/install/realsense2_camera_msgs/share/realsense2_camera_msgs/msg/RGBD.idl
[8.355s] -- Up-to-date: /home/jajayu/TomatoHarvesting_NextBestView/nbv_code/ros2_ws2/install/realsense2_camera_msgs/share/realsense2_camera_msgs/srv/DeviceInfo.idl
[8.355s] -- Up-to-date: /home/jajayu/TomatoHarvesting_NextBestView/nbv_code/ros2_ws2/install/realsense2_camera_msgs/share/realsense2_camera_msgs/msg/IMUInfo.msg
[8.355s] -- Up-to-date: /home/jajayu/TomatoHarvesting_NextBestView/nbv_code/ros2_ws2/install/realsense2_camera_msgs/share/realsense2_camera_msgs/msg/Extrinsics.msg
[8.356s] -- Up-to-date: /home/jajayu/TomatoHarvesting_NextBestView/nbv_code/ros2_ws2/install/realsense2_camera_msgs/share/realsense2_camera_msgs/msg/Metadata.msg
[8.356s] -- Up-to-date: /home/jajayu/TomatoHarvesting_NextBestView/nbv_code/ros2_ws2/install/realsense2_camera_msgs/share/realsense2_camera_msgs/msg/RGBD.msg
[8.356s] -- Up-to-date: /home/jajayu/TomatoHarvesting_NextBestView/nbv_code/ros2_ws2/install/realsense2_camera_msgs/share/realsense2_camera_msgs/srv/DeviceInfo.srv
[8.365s] -- Up-to-date: /home/jajayu/TomatoHarvesting_NextBestView/nbv_code/ros2_ws2/install/realsense2_camera_msgs/share/realsense2_camera_msgs/srv/DeviceInfo_Request.msg
[8.365s] -- Up-to-date: /home/jajayu/TomatoHarvesting_NextBestView/nbv_code/ros2_ws2/install/realsense2_camera_msgs/share/realsense2_camera_msgs/srv/DeviceInfo_Response.msg
[8.365s] -- Up-to-date: /home/jajayu/TomatoHarvesting_NextBestView/nbv_code/ros2_ws2/install/realsense2_camera_msgs/share/ament_index/resource_index/package_run_dependencies/realsense2_camera_msgs
[8.366s] -- Up-to-date: /home/jajayu/TomatoHarvesting_NextBestView/nbv_code/ros2_ws2/install/realsense2_camera_msgs/share/ament_index/resource_index/parent_prefix_path/realsense2_camera_msgs
[8.366s] -- Up-to-date: /home/jajayu/TomatoHarvesting_NextBestView/nbv_code/ros2_ws2/install/realsense2_camera_msgs/share/realsense2_camera_msgs/environment/ament_prefix_path.sh
[8.366s] -- Up-to-date: /home/jajayu/TomatoHarvesting_NextBestView/nbv_code/ros2_ws2/install/realsense2_camera_msgs/share/realsense2_camera_msgs/environment/ament_prefix_path.dsv
[8.366s] -- Up-to-date: /home/jajayu/TomatoHarvesting_NextBestView/nbv_code/ros2_ws2/install/realsense2_camera_msgs/share/realsense2_camera_msgs/environment/path.sh
[8.366s] -- Up-to-date: /home/jajayu/TomatoHarvesting_NextBestView/nbv_code/ros2_ws2/install/realsense2_camera_msgs/share/realsense2_camera_msgs/environment/path.dsv
[8.366s] -- Up-to-date: /home/jajayu/TomatoHarvesting_NextBestView/nbv_code/ros2_ws2/install/realsense2_camera_msgs/share/realsense2_camera_msgs/local_setup.bash
[8.366s] -- Up-to-date: /home/jajayu/TomatoHarvesting_NextBestView/nbv_code/ros2_ws2/install/realsense2_camera_msgs/share/realsense2_camera_msgs/local_setup.sh
[8.366s] -- Up-to-date: /home/jajayu/TomatoHarvesting_NextBestView/nbv_code/ros2_ws2/install/realsense2_camera_msgs/share/realsense2_camera_msgs/local_setup.zsh
[8.367s] -- Up-to-date: /home/jajayu/TomatoHarvesting_NextBestView/nbv_code/ros2_ws2/install/realsense2_camera_msgs/share/realsense2_camera_msgs/local_setup.dsv
[8.367s] -- Installing: /home/jajayu/TomatoHarvesting_NextBestView/nbv_code/ros2_ws2/install/realsense2_camera_msgs/share/realsense2_camera_msgs/package.dsv
[8.367s] -- Up-to-date: /home/jajayu/TomatoHarvesting_NextBestView/nbv_code/ros2_ws2/install/realsense2_camera_msgs/share/ament_index/resource_index/packages/realsense2_camera_msgs
[8.367s] -- Up-to-date: /home/jajayu/TomatoHarvesting_NextBestView/nbv_code/ros2_ws2/install/realsense2_camera_msgs/share/realsense2_camera_msgs/cmake/export_realsense2_camera_msgs__rosidl_generator_cExport.cmake
[8.367s] -- Up-to-date: /home/jajayu/TomatoHarvesting_NextBestView/nbv_code/ros2_ws2/install/realsense2_camera_msgs/share/realsense2_camera_msgs/cmake/export_realsense2_camera_msgs__rosidl_generator_cExport-noconfig.cmake
[8.368s] -- Up-to-date: /home/jajayu/TomatoHarvesting_NextBestView/nbv_code/ros2_ws2/install/realsense2_camera_msgs/share/realsense2_camera_msgs/cmake/export_realsense2_camera_msgs__rosidl_typesupport_fastrtps_cExport.cmake
[8.368s] -- Up-to-date: /home/jajayu/TomatoHarvesting_NextBestView/nbv_code/ros2_ws2/install/realsense2_camera_msgs/share/realsense2_camera_msgs/cmake/export_realsense2_camera_msgs__rosidl_typesupport_fastrtps_cExport-noconfig.cmake
[8.378s] -- Up-to-date: /home/jajayu/TomatoHarvesting_NextBestView/nbv_code/ros2_ws2/install/realsense2_camera_msgs/share/realsense2_camera_msgs/cmake/realsense2_camera_msgs__rosidl_typesupport_introspection_cExport.cmake
[8.380s] -- Up-to-date: /home/jajayu/TomatoHarvesting_NextBestView/nbv_code/ros2_ws2/install/realsense2_camera_msgs/share/realsense2_camera_msgs/cmake/realsense2_camera_msgs__rosidl_typesupport_introspection_cExport-noconfig.cmake
[8.380s] -- Up-to-date: /home/jajayu/TomatoHarvesting_NextBestView/nbv_code/ros2_ws2/install/realsense2_camera_msgs/share/realsense2_camera_msgs/cmake/realsense2_camera_msgs__rosidl_typesupport_cExport.cmake
[8.380s] -- Up-to-date: /home/jajayu/TomatoHarvesting_NextBestView/nbv_code/ros2_ws2/install/realsense2_camera_msgs/share/realsense2_camera_msgs/cmake/realsense2_camera_msgs__rosidl_typesupport_cExport-noconfig.cmake
[8.380s] -- Up-to-date: /home/jajayu/TomatoHarvesting_NextBestView/nbv_code/ros2_ws2/install/realsense2_camera_msgs/share/realsense2_camera_msgs/cmake/export_realsense2_camera_msgs__rosidl_generator_cppExport.cmake
[8.380s] -- Up-to-date: /home/jajayu/TomatoHarvesting_NextBestView/nbv_code/ros2_ws2/install/realsense2_camera_msgs/share/realsense2_camera_msgs/cmake/export_realsense2_camera_msgs__rosidl_typesupport_fastrtps_cppExport.cmake
[8.381s] -- Up-to-date: /home/jajayu/TomatoHarvesting_NextBestView/nbv_code/ros2_ws2/install/realsense2_camera_msgs/share/realsense2_camera_msgs/cmake/export_realsense2_camera_msgs__rosidl_typesupport_fastrtps_cppExport-noconfig.cmake
[8.383s] -- Up-to-date: /home/jajayu/TomatoHarvesting_NextBestView/nbv_code/ros2_ws2/install/realsense2_camera_msgs/share/realsense2_camera_msgs/cmake/realsense2_camera_msgs__rosidl_typesupport_introspection_cppExport.cmake
[8.386s] -- Up-to-date: /home/jajayu/TomatoHarvesting_NextBestView/nbv_code/ros2_ws2/install/realsense2_camera_msgs/share/realsense2_camera_msgs/cmake/realsense2_camera_msgs__rosidl_typesupport_introspection_cppExport-noconfig.cmake
[8.386s] -- Up-to-date: /home/jajayu/TomatoHarvesting_NextBestView/nbv_code/ros2_ws2/install/realsense2_camera_msgs/share/realsense2_camera_msgs/cmake/realsense2_camera_msgs__rosidl_typesupport_cppExport.cmake
[8.386s] -- Up-to-date: /home/jajayu/TomatoHarvesting_NextBestView/nbv_code/ros2_ws2/install/realsense2_camera_msgs/share/realsense2_camera_msgs/cmake/realsense2_camera_msgs__rosidl_typesupport_cppExport-noconfig.cmake
[8.389s] -- Up-to-date: /home/jajayu/TomatoHarvesting_NextBestView/nbv_code/ros2_ws2/install/realsense2_camera_msgs/share/realsense2_camera_msgs/cmake/export_realsense2_camera_msgs__rosidl_generator_pyExport.cmake
[8.389s] -- Up-to-date: /home/jajayu/TomatoHarvesting_NextBestView/nbv_code/ros2_ws2/install/realsense2_camera_msgs/share/realsense2_camera_msgs/cmake/export_realsense2_camera_msgs__rosidl_generator_pyExport-noconfig.cmake
[8.389s] -- Up-to-date: /home/jajayu/TomatoHarvesting_NextBestView/nbv_code/ros2_ws2/install/realsense2_camera_msgs/share/realsense2_camera_msgs/cmake/rosidl_cmake-extras.cmake
[8.389s] -- Up-to-date: /home/jajayu/TomatoHarvesting_NextBestView/nbv_code/ros2_ws2/install/realsense2_camera_msgs/share/realsense2_camera_msgs/cmake/ament_cmake_export_dependencies-extras.cmake
[8.389s] -- Up-to-date: /home/jajayu/TomatoHarvesting_NextBestView/nbv_code/ros2_ws2/install/realsense2_camera_msgs/share/realsense2_camera_msgs/cmake/ament_cmake_export_include_directories-extras.cmake
[8.390s] -- Up-to-date: /home/jajayu/TomatoHarvesting_NextBestView/nbv_code/ros2_ws2/install/realsense2_camera_msgs/share/realsense2_camera_msgs/cmake/ament_cmake_export_libraries-extras.cmake
[8.390s] -- Up-to-date: /home/jajayu/TomatoHarvesting_NextBestView/nbv_code/ros2_ws2/install/realsense2_camera_msgs/share/realsense2_camera_msgs/cmake/ament_cmake_export_targets-extras.cmake
[8.390s] -- Up-to-date: /home/jajayu/TomatoHarvesting_NextBestView/nbv_code/ros2_ws2/install/realsense2_camera_msgs/share/realsense2_camera_msgs/cmake/rosidl_cmake_export_typesupport_targets-extras.cmake
[8.390s] -- Up-to-date: /home/jajayu/TomatoHarvesting_NextBestView/nbv_code/ros2_ws2/install/realsense2_camera_msgs/share/realsense2_camera_msgs/cmake/rosidl_cmake_export_typesupport_libraries-extras.cmake
[8.390s] -- Up-to-date: /home/jajayu/TomatoHarvesting_NextBestView/nbv_code/ros2_ws2/install/realsense2_camera_msgs/share/realsense2_camera_msgs/cmake/realsense2_camera_msgsConfig.cmake
[8.390s] -- Up-to-date: /home/jajayu/TomatoHarvesting_NextBestView/nbv_code/ros2_ws2/install/realsense2_camera_msgs/share/realsense2_camera_msgs/cmake/realsense2_camera_msgsConfig-version.cmake
[8.390s] -- Up-to-date: /home/jajayu/TomatoHarvesting_NextBestView/nbv_code/ros2_ws2/install/realsense2_camera_msgs/share/realsense2_camera_msgs/package.xml
[8.459s] Invoked command in '/home/jajayu/TomatoHarvesting_NextBestView/nbv_code/ros2_ws2/build/realsense2_camera_msgs' returned '0': CMAKE_PREFIX_PATH=${CMAKE_PREFIX_PATH}:/home/jajayu/TomatoHarvesting_NextBestView/nbv_code/ros2_ws2/install/my_robot_nbv:/home/jajayu/TomatoHarvesting_NextBestView/nbv_code/ros2_ws2/install/my_robot_cam:/home/jajayu/TomatoHarvesting_NextBestView/nbv_code/ros2_ws2/install/my_robot_arm:/opt/ros/humble /home/jajayu/.local/bin/cmake --install /home/jajayu/TomatoHarvesting_NextBestView/nbv_code/ros2_ws2/build/realsense2_camera_msgs
