[0.938s] Invoking command in '/home/jajayu/TomatoHarvesting_NextBestView/nbv_code/ros2_ws2/src/my_robot_cam': PYTHONPATH=/home/jajayu/TomatoHarvesting_NextBestView/nbv_code/ros2_ws2/build/my_robot_cam/prefix_override:/usr/lib/python3/dist-packages/colcon_core/task/python/colcon_distutils_commands:/home/jajayu/TomatoHarvesting_NextBestView/nbv_code/ros2_ws2/install/my_robot_cam/lib/python3.10/site-packages:${PYTHONPATH} /usr/bin/python3 -W ignore:setup.py install is deprecated setup.py egg_info --egg-base ../../build/my_robot_cam build --build-base /home/jajayu/TomatoHarvesting_NextBestView/nbv_code/ros2_ws2/build/my_robot_cam/build install --record /home/jajayu/TomatoHarvesting_NextBestView/nbv_code/ros2_ws2/build/my_robot_cam/install.log --single-version-externally-managed install_data
[1.342s] running egg_info
[1.342s] writing ../../build/my_robot_cam/my_robot_cam.egg-info/PKG-INFO
[1.343s] writing dependency_links to ../../build/my_robot_cam/my_robot_cam.egg-info/dependency_links.txt
[1.343s] writing entry points to ../../build/my_robot_cam/my_robot_cam.egg-info/entry_points.txt
[1.345s] writing requirements to ../../build/my_robot_cam/my_robot_cam.egg-info/requires.txt
[1.346s] writing top-level names to ../../build/my_robot_cam/my_robot_cam.egg-info/top_level.txt
[1.349s] reading manifest file '../../build/my_robot_cam/my_robot_cam.egg-info/SOURCES.txt'
[1.350s] writing manifest file '../../build/my_robot_cam/my_robot_cam.egg-info/SOURCES.txt'
[1.350s] running build
[1.350s] running build_py
[1.351s] running install
[1.351s] running install_lib
[1.354s] running install_data
[1.354s] running install_egg_info
[1.360s] removing '/home/jajayu/TomatoHarvesting_NextBestView/nbv_code/ros2_ws2/install/my_robot_cam/lib/python3.10/site-packages/my_robot_cam-0.0.0-py3.10.egg-info' (and everything under it)
[1.361s] Copying ../../build/my_robot_cam/my_robot_cam.egg-info to /home/jajayu/TomatoHarvesting_NextBestView/nbv_code/ros2_ws2/install/my_robot_cam/lib/python3.10/site-packages/my_robot_cam-0.0.0-py3.10.egg-info
[1.364s] running install_scripts
[1.388s] Installing cam_cloudrate_transformer script to /home/jajayu/TomatoHarvesting_NextBestView/nbv_code/ros2_ws2/install/my_robot_cam/lib/my_robot_cam
[1.389s] Installing cam_point_cloud_publisher script to /home/jajayu/TomatoHarvesting_NextBestView/nbv_code/ros2_ws2/install/my_robot_cam/lib/my_robot_cam
[1.389s] Installing cam_tf_broadcaster script to /home/jajayu/TomatoHarvesting_NextBestView/nbv_code/ros2_ws2/install/my_robot_cam/lib/my_robot_cam
[1.390s] writing list of installed files to '/home/jajayu/TomatoHarvesting_NextBestView/nbv_code/ros2_ws2/build/my_robot_cam/install.log'
[1.424s] Invoked command in '/home/jajayu/TomatoHarvesting_NextBestView/nbv_code/ros2_ws2/src/my_robot_cam' returned '0': PYTHONPATH=/home/jajayu/TomatoHarvesting_NextBestView/nbv_code/ros2_ws2/build/my_robot_cam/prefix_override:/usr/lib/python3/dist-packages/colcon_core/task/python/colcon_distutils_commands:/home/jajayu/TomatoHarvesting_NextBestView/nbv_code/ros2_ws2/install/my_robot_cam/lib/python3.10/site-packages:${PYTHONPATH} /usr/bin/python3 -W ignore:setup.py install is deprecated setup.py egg_info --egg-base ../../build/my_robot_cam build --build-base /home/jajayu/TomatoHarvesting_NextBestView/nbv_code/ros2_ws2/build/my_robot_cam/build install --record /home/jajayu/TomatoHarvesting_NextBestView/nbv_code/ros2_ws2/build/my_robot_cam/install.log --single-version-externally-managed install_data
