[0.153s] DEBUG:colcon:Command line arguments: ['/usr/bin/colcon', 'build', '--packages-select', 'octomap_server2']
[0.153s] DEBUG:colcon:Parsed command line arguments: Namespace(log_base=None, log_level=None, verb_name='build', build_base='build', install_base='install', merge_install=False, symlink_install=False, test_result_base=None, continue_on_error=False, executor='parallel', parallel_workers=8, event_handlers=None, ignore_user_meta=False, metas=['./colcon.meta'], base_paths=['.'], packages_ignore=None, packages_ignore_regex=None, paths=None, packages_up_to=None, packages_up_to_regex=None, packages_above=None, packages_above_and_dependencies=None, packages_above_depth=None, packages_select_by_dep=None, packages_skip_by_dep=None, packages_skip_up_to=None, packages_select_build_failed=False, packages_skip_build_finished=False, packages_select_test_failures=False, packages_skip_test_passed=False, packages_select=['octomap_server2'], packages_skip=None, packages_select_regex=None, packages_skip_regex=None, packages_start=None, packages_end=None, allow_overriding=[], cmake_args=None, cmake_target=None, cmake_target_skip_unavailable=False, cmake_clean_cache=False, cmake_clean_first=False, cmake_force_configure=False, ament_cmake_args=None, catkin_cmake_args=None, catkin_skip_building_tests=False, mixin_files=None, mixin=None, verb_parser=<colcon_mixin.mixin.mixin_argument.MixinArgumentDecorator object at 0x7087107761a0>, verb_extension=<colcon_core.verb.build.BuildVerb object at 0x708710775c00>, main=<bound method BuildVerb.main of <colcon_core.verb.build.BuildVerb object at 0x708710775c00>>, mixin_verb=('build',))
[0.386s] Level 1:colcon.colcon_core.package_discovery:discover_packages(colcon_meta) check parameters
[0.386s] Level 1:colcon.colcon_core.package_discovery:discover_packages(recursive) check parameters
[0.386s] Level 1:colcon.colcon_core.package_discovery:discover_packages(ignore) check parameters
[0.386s] Level 1:colcon.colcon_core.package_discovery:discover_packages(path) check parameters
[0.386s] Level 1:colcon.colcon_core.package_discovery:discover_packages(colcon_meta) discover
[0.386s] Level 1:colcon.colcon_core.package_discovery:discover_packages(recursive) discover
[0.386s] INFO:colcon.colcon_core.package_discovery:Crawling recursively for packages in '/home/jajayu/TomatoHarvesting_NextBestView/nbv_code/ros2_ws2'
[0.386s] Level 1:colcon.colcon_core.package_identification:_identify(.) by extensions ['ignore', 'ignore_ament_install']
[0.386s] Level 1:colcon.colcon_core.package_identification:_identify(.) by extension 'ignore'
[0.386s] Level 1:colcon.colcon_core.package_identification:_identify(.) by extension 'ignore_ament_install'
[0.386s] Level 1:colcon.colcon_core.package_identification:_identify(.) by extensions ['colcon_pkg']
[0.386s] Level 1:colcon.colcon_core.package_identification:_identify(.) by extension 'colcon_pkg'
[0.386s] Level 1:colcon.colcon_core.package_identification:_identify(.) by extensions ['colcon_meta']
[0.386s] Level 1:colcon.colcon_core.package_identification:_identify(.) by extension 'colcon_meta'
[0.387s] Level 1:colcon.colcon_core.package_identification:_identify(.) by extensions ['ros']
[0.387s] Level 1:colcon.colcon_core.package_identification:_identify(.) by extension 'ros'
[0.401s] Level 1:colcon.colcon_core.package_identification:_identify(.) by extensions ['cmake', 'python']
[0.401s] Level 1:colcon.colcon_core.package_identification:_identify(.) by extension 'cmake'
[0.401s] Level 1:colcon.colcon_core.package_identification:_identify(.) by extension 'python'
[0.401s] Level 1:colcon.colcon_core.package_identification:_identify(.) by extensions ['python_setup_py']
[0.401s] Level 1:colcon.colcon_core.package_identification:_identify(.) by extension 'python_setup_py'
[0.401s] Level 1:colcon.colcon_core.package_identification:_identify(build) by extensions ['ignore', 'ignore_ament_install']
[0.402s] Level 1:colcon.colcon_core.package_identification:_identify(build) by extension 'ignore'
[0.402s] Level 1:colcon.colcon_core.package_identification:_identify(build) ignored
[0.402s] Level 1:colcon.colcon_core.package_identification:_identify(install) by extensions ['ignore', 'ignore_ament_install']
[0.402s] Level 1:colcon.colcon_core.package_identification:_identify(install) by extension 'ignore'
[0.402s] Level 1:colcon.colcon_core.package_identification:_identify(install) ignored
[0.403s] Level 1:colcon.colcon_core.package_identification:_identify(log) by extensions ['ignore', 'ignore_ament_install']
[0.403s] Level 1:colcon.colcon_core.package_identification:_identify(log) by extension 'ignore'
[0.403s] Level 1:colcon.colcon_core.package_identification:_identify(log) ignored
[0.403s] Level 1:colcon.colcon_core.package_identification:_identify(src) by extensions ['ignore', 'ignore_ament_install']
[0.403s] Level 1:colcon.colcon_core.package_identification:_identify(src) by extension 'ignore'
[0.403s] Level 1:colcon.colcon_core.package_identification:_identify(src) by extension 'ignore_ament_install'
[0.403s] Level 1:colcon.colcon_core.package_identification:_identify(src) by extensions ['colcon_pkg']
[0.403s] Level 1:colcon.colcon_core.package_identification:_identify(src) by extension 'colcon_pkg'
[0.403s] Level 1:colcon.colcon_core.package_identification:_identify(src) by extensions ['colcon_meta']
[0.403s] Level 1:colcon.colcon_core.package_identification:_identify(src) by extension 'colcon_meta'
[0.403s] Level 1:colcon.colcon_core.package_identification:_identify(src) by extensions ['ros']
[0.403s] Level 1:colcon.colcon_core.package_identification:_identify(src) by extension 'ros'
[0.404s] Level 1:colcon.colcon_core.package_identification:_identify(src) by extensions ['cmake', 'python']
[0.404s] Level 1:colcon.colcon_core.package_identification:_identify(src) by extension 'cmake'
[0.404s] Level 1:colcon.colcon_core.package_identification:_identify(src) by extension 'python'
[0.404s] Level 1:colcon.colcon_core.package_identification:_identify(src) by extensions ['python_setup_py']
[0.404s] Level 1:colcon.colcon_core.package_identification:_identify(src) by extension 'python_setup_py'
[0.404s] Level 1:colcon.colcon_core.package_identification:_identify(src/build) by extensions ['ignore', 'ignore_ament_install']
[0.404s] Level 1:colcon.colcon_core.package_identification:_identify(src/build) by extension 'ignore'
[0.404s] Level 1:colcon.colcon_core.package_identification:_identify(src/build) ignored
[0.404s] Level 1:colcon.colcon_core.package_identification:_identify(src/dataset) by extensions ['ignore', 'ignore_ament_install']
[0.404s] Level 1:colcon.colcon_core.package_identification:_identify(src/dataset) by extension 'ignore'
[0.404s] Level 1:colcon.colcon_core.package_identification:_identify(src/dataset) by extension 'ignore_ament_install'
[0.404s] Level 1:colcon.colcon_core.package_identification:_identify(src/dataset) by extensions ['colcon_pkg']
[0.404s] Level 1:colcon.colcon_core.package_identification:_identify(src/dataset) by extension 'colcon_pkg'
[0.404s] Level 1:colcon.colcon_core.package_identification:_identify(src/dataset) by extensions ['colcon_meta']
[0.404s] Level 1:colcon.colcon_core.package_identification:_identify(src/dataset) by extension 'colcon_meta'
[0.405s] Level 1:colcon.colcon_core.package_identification:_identify(src/dataset) by extensions ['ros']
[0.405s] Level 1:colcon.colcon_core.package_identification:_identify(src/dataset) by extension 'ros'
[0.405s] Level 1:colcon.colcon_core.package_identification:_identify(src/dataset) by extensions ['cmake', 'python']
[0.405s] Level 1:colcon.colcon_core.package_identification:_identify(src/dataset) by extension 'cmake'
[0.405s] Level 1:colcon.colcon_core.package_identification:_identify(src/dataset) by extension 'python'
[0.405s] Level 1:colcon.colcon_core.package_identification:_identify(src/dataset) by extensions ['python_setup_py']
[0.405s] Level 1:colcon.colcon_core.package_identification:_identify(src/dataset) by extension 'python_setup_py'
[0.405s] Level 1:colcon.colcon_core.package_identification:_identify(src/dataset/data_octomap) by extensions ['ignore', 'ignore_ament_install']
[0.405s] Level 1:colcon.colcon_core.package_identification:_identify(src/dataset/data_octomap) by extension 'ignore'
[0.405s] Level 1:colcon.colcon_core.package_identification:_identify(src/dataset/data_octomap) by extension 'ignore_ament_install'
[0.405s] Level 1:colcon.colcon_core.package_identification:_identify(src/dataset/data_octomap) by extensions ['colcon_pkg']
[0.405s] Level 1:colcon.colcon_core.package_identification:_identify(src/dataset/data_octomap) by extension 'colcon_pkg'
[0.405s] Level 1:colcon.colcon_core.package_identification:_identify(src/dataset/data_octomap) by extensions ['colcon_meta']
[0.405s] Level 1:colcon.colcon_core.package_identification:_identify(src/dataset/data_octomap) by extension 'colcon_meta'
[0.405s] Level 1:colcon.colcon_core.package_identification:_identify(src/dataset/data_octomap) by extensions ['ros']
[0.405s] Level 1:colcon.colcon_core.package_identification:_identify(src/dataset/data_octomap) by extension 'ros'
[0.405s] Level 1:colcon.colcon_core.package_identification:_identify(src/dataset/data_octomap) by extensions ['cmake', 'python']
[0.406s] Level 1:colcon.colcon_core.package_identification:_identify(src/dataset/data_octomap) by extension 'cmake'
[0.406s] Level 1:colcon.colcon_core.package_identification:_identify(src/dataset/data_octomap) by extension 'python'
[0.406s] Level 1:colcon.colcon_core.package_identification:_identify(src/dataset/data_octomap) by extensions ['python_setup_py']
[0.406s] Level 1:colcon.colcon_core.package_identification:_identify(src/dataset/data_octomap) by extension 'python_setup_py'
[0.406s] Level 1:colcon.colcon_core.package_identification:_identify(src/dataset/data_pcd) by extensions ['ignore', 'ignore_ament_install']
[0.406s] Level 1:colcon.colcon_core.package_identification:_identify(src/dataset/data_pcd) by extension 'ignore'
[0.406s] Level 1:colcon.colcon_core.package_identification:_identify(src/dataset/data_pcd) by extension 'ignore_ament_install'
[0.406s] Level 1:colcon.colcon_core.package_identification:_identify(src/dataset/data_pcd) by extensions ['colcon_pkg']
[0.406s] Level 1:colcon.colcon_core.package_identification:_identify(src/dataset/data_pcd) by extension 'colcon_pkg'
[0.406s] Level 1:colcon.colcon_core.package_identification:_identify(src/dataset/data_pcd) by extensions ['colcon_meta']
[0.406s] Level 1:colcon.colcon_core.package_identification:_identify(src/dataset/data_pcd) by extension 'colcon_meta'
[0.406s] Level 1:colcon.colcon_core.package_identification:_identify(src/dataset/data_pcd) by extensions ['ros']
[0.406s] Level 1:colcon.colcon_core.package_identification:_identify(src/dataset/data_pcd) by extension 'ros'
[0.406s] Level 1:colcon.colcon_core.package_identification:_identify(src/dataset/data_pcd) by extensions ['cmake', 'python']
[0.406s] Level 1:colcon.colcon_core.package_identification:_identify(src/dataset/data_pcd) by extension 'cmake'
[0.406s] Level 1:colcon.colcon_core.package_identification:_identify(src/dataset/data_pcd) by extension 'python'
[0.406s] Level 1:colcon.colcon_core.package_identification:_identify(src/dataset/data_pcd) by extensions ['python_setup_py']
[0.406s] Level 1:colcon.colcon_core.package_identification:_identify(src/dataset/data_pcd) by extension 'python_setup_py'
[0.407s] Level 1:colcon.colcon_core.package_identification:_identify(src/dataset/rqtGraph) by extensions ['ignore', 'ignore_ament_install']
[0.407s] Level 1:colcon.colcon_core.package_identification:_identify(src/dataset/rqtGraph) by extension 'ignore'
[0.407s] Level 1:colcon.colcon_core.package_identification:_identify(src/dataset/rqtGraph) by extension 'ignore_ament_install'
[0.407s] Level 1:colcon.colcon_core.package_identification:_identify(src/dataset/rqtGraph) by extensions ['colcon_pkg']
[0.407s] Level 1:colcon.colcon_core.package_identification:_identify(src/dataset/rqtGraph) by extension 'colcon_pkg'
[0.407s] Level 1:colcon.colcon_core.package_identification:_identify(src/dataset/rqtGraph) by extensions ['colcon_meta']
[0.407s] Level 1:colcon.colcon_core.package_identification:_identify(src/dataset/rqtGraph) by extension 'colcon_meta'
[0.407s] Level 1:colcon.colcon_core.package_identification:_identify(src/dataset/rqtGraph) by extensions ['ros']
[0.407s] Level 1:colcon.colcon_core.package_identification:_identify(src/dataset/rqtGraph) by extension 'ros'
[0.407s] Level 1:colcon.colcon_core.package_identification:_identify(src/dataset/rqtGraph) by extensions ['cmake', 'python']
[0.407s] Level 1:colcon.colcon_core.package_identification:_identify(src/dataset/rqtGraph) by extension 'cmake'
[0.407s] Level 1:colcon.colcon_core.package_identification:_identify(src/dataset/rqtGraph) by extension 'python'
[0.407s] Level 1:colcon.colcon_core.package_identification:_identify(src/dataset/rqtGraph) by extensions ['python_setup_py']
[0.407s] Level 1:colcon.colcon_core.package_identification:_identify(src/dataset/rqtGraph) by extension 'python_setup_py'
[0.407s] Level 1:colcon.colcon_core.package_identification:_identify(src/install) by extensions ['ignore', 'ignore_ament_install']
[0.407s] Level 1:colcon.colcon_core.package_identification:_identify(src/install) by extension 'ignore'
[0.407s] Level 1:colcon.colcon_core.package_identification:_identify(src/install) ignored
[0.408s] Level 1:colcon.colcon_core.package_identification:_identify(src/log) by extensions ['ignore', 'ignore_ament_install']
[0.408s] Level 1:colcon.colcon_core.package_identification:_identify(src/log) by extension 'ignore'
[0.408s] Level 1:colcon.colcon_core.package_identification:_identify(src/log) ignored
[0.408s] Level 1:colcon.colcon_core.package_identification:_identify(src/my_bot) by extensions ['ignore', 'ignore_ament_install']
[0.408s] Level 1:colcon.colcon_core.package_identification:_identify(src/my_bot) by extension 'ignore'
[0.408s] Level 1:colcon.colcon_core.package_identification:_identify(src/my_bot) by extension 'ignore_ament_install'
[0.408s] Level 1:colcon.colcon_core.package_identification:_identify(src/my_bot) by extensions ['colcon_pkg']
[0.408s] Level 1:colcon.colcon_core.package_identification:_identify(src/my_bot) by extension 'colcon_pkg'
[0.408s] Level 1:colcon.colcon_core.package_identification:_identify(src/my_bot) by extensions ['colcon_meta']
[0.408s] Level 1:colcon.colcon_core.package_identification:_identify(src/my_bot) by extension 'colcon_meta'
[0.408s] Level 1:colcon.colcon_core.package_identification:_identify(src/my_bot) by extensions ['ros']
[0.408s] Level 1:colcon.colcon_core.package_identification:_identify(src/my_bot) by extension 'ros'
[0.433s] DEBUG:colcon.colcon_core.package_identification:Package 'src/my_bot' with type 'ros.ament_cmake' and name 'my_bot'
[0.433s] Level 1:colcon.colcon_core.package_identification:_identify(src/my_robot_cam) by extensions ['ignore', 'ignore_ament_install']
[0.433s] Level 1:colcon.colcon_core.package_identification:_identify(src/my_robot_cam) by extension 'ignore'
[0.433s] Level 1:colcon.colcon_core.package_identification:_identify(src/my_robot_cam) by extension 'ignore_ament_install'
[0.433s] Level 1:colcon.colcon_core.package_identification:_identify(src/my_robot_cam) by extensions ['colcon_pkg']
[0.433s] Level 1:colcon.colcon_core.package_identification:_identify(src/my_robot_cam) by extension 'colcon_pkg'
[0.433s] Level 1:colcon.colcon_core.package_identification:_identify(src/my_robot_cam) by extensions ['colcon_meta']
[0.433s] Level 1:colcon.colcon_core.package_identification:_identify(src/my_robot_cam) by extension 'colcon_meta'
[0.433s] Level 1:colcon.colcon_core.package_identification:_identify(src/my_robot_cam) by extensions ['ros']
[0.433s] Level 1:colcon.colcon_core.package_identification:_identify(src/my_robot_cam) by extension 'ros'
[0.435s] DEBUG:colcon.colcon_core.package_identification:Package 'src/my_robot_cam' with type 'ros.ament_python' and name 'my_robot_cam'
[0.435s] Level 1:colcon.colcon_core.package_identification:_identify(src/my_robot_nbv) by extensions ['ignore', 'ignore_ament_install']
[0.435s] Level 1:colcon.colcon_core.package_identification:_identify(src/my_robot_nbv) by extension 'ignore'
[0.435s] Level 1:colcon.colcon_core.package_identification:_identify(src/my_robot_nbv) by extension 'ignore_ament_install'
[0.435s] Level 1:colcon.colcon_core.package_identification:_identify(src/my_robot_nbv) by extensions ['colcon_pkg']
[0.435s] Level 1:colcon.colcon_core.package_identification:_identify(src/my_robot_nbv) by extension 'colcon_pkg'
[0.435s] Level 1:colcon.colcon_core.package_identification:_identify(src/my_robot_nbv) by extensions ['colcon_meta']
[0.435s] Level 1:colcon.colcon_core.package_identification:_identify(src/my_robot_nbv) by extension 'colcon_meta'
[0.435s] Level 1:colcon.colcon_core.package_identification:_identify(src/my_robot_nbv) by extensions ['ros']
[0.435s] Level 1:colcon.colcon_core.package_identification:_identify(src/my_robot_nbv) by extension 'ros'
[0.436s] DEBUG:colcon.colcon_core.package_identification:Package 'src/my_robot_nbv' with type 'ros.ament_python' and name 'my_robot_nbv'
[0.436s] Level 1:colcon.colcon_core.package_identification:_identify(src/my_robot_nbv_cmake) by extensions ['ignore', 'ignore_ament_install']
[0.436s] Level 1:colcon.colcon_core.package_identification:_identify(src/my_robot_nbv_cmake) by extension 'ignore'
[0.436s] Level 1:colcon.colcon_core.package_identification:_identify(src/my_robot_nbv_cmake) by extension 'ignore_ament_install'
[0.437s] Level 1:colcon.colcon_core.package_identification:_identify(src/my_robot_nbv_cmake) by extensions ['colcon_pkg']
[0.437s] Level 1:colcon.colcon_core.package_identification:_identify(src/my_robot_nbv_cmake) by extension 'colcon_pkg'
[0.437s] Level 1:colcon.colcon_core.package_identification:_identify(src/my_robot_nbv_cmake) by extensions ['colcon_meta']
[0.437s] Level 1:colcon.colcon_core.package_identification:_identify(src/my_robot_nbv_cmake) by extension 'colcon_meta'
[0.437s] Level 1:colcon.colcon_core.package_identification:_identify(src/my_robot_nbv_cmake) by extensions ['ros']
[0.437s] Level 1:colcon.colcon_core.package_identification:_identify(src/my_robot_nbv_cmake) by extension 'ros'
[0.438s] DEBUG:colcon.colcon_core.package_identification:Package 'src/my_robot_nbv_cmake' with type 'ros.ament_cmake' and name 'my_robot_nbv_cmake'
[0.438s] Level 1:colcon.colcon_core.package_identification:_identify(src/octomap_server2) by extensions ['ignore', 'ignore_ament_install']
[0.438s] Level 1:colcon.colcon_core.package_identification:_identify(src/octomap_server2) by extension 'ignore'
[0.438s] Level 1:colcon.colcon_core.package_identification:_identify(src/octomap_server2) by extension 'ignore_ament_install'
[0.439s] Level 1:colcon.colcon_core.package_identification:_identify(src/octomap_server2) by extensions ['colcon_pkg']
[0.439s] Level 1:colcon.colcon_core.package_identification:_identify(src/octomap_server2) by extension 'colcon_pkg'
[0.439s] Level 1:colcon.colcon_core.package_identification:_identify(src/octomap_server2) by extensions ['colcon_meta']
[0.439s] Level 1:colcon.colcon_core.package_identification:_identify(src/octomap_server2) by extension 'colcon_meta'
[0.439s] Level 1:colcon.colcon_core.package_identification:_identify(src/octomap_server2) by extensions ['ros']
[0.439s] Level 1:colcon.colcon_core.package_identification:_identify(src/octomap_server2) by extension 'ros'
[0.440s] DEBUG:colcon.colcon_core.package_identification:Package 'src/octomap_server2' with type 'ros.ament_cmake' and name 'octomap_server2'
[0.440s] Level 1:colcon.colcon_core.package_identification:_identify(src/realsense-ros) by extensions ['ignore', 'ignore_ament_install']
[0.440s] Level 1:colcon.colcon_core.package_identification:_identify(src/realsense-ros) by extension 'ignore'
[0.440s] Level 1:colcon.colcon_core.package_identification:_identify(src/realsense-ros) by extension 'ignore_ament_install'
[0.440s] Level 1:colcon.colcon_core.package_identification:_identify(src/realsense-ros) by extensions ['colcon_pkg']
[0.440s] Level 1:colcon.colcon_core.package_identification:_identify(src/realsense-ros) by extension 'colcon_pkg'
[0.440s] Level 1:colcon.colcon_core.package_identification:_identify(src/realsense-ros) by extensions ['colcon_meta']
[0.440s] Level 1:colcon.colcon_core.package_identification:_identify(src/realsense-ros) by extension 'colcon_meta'
[0.440s] Level 1:colcon.colcon_core.package_identification:_identify(src/realsense-ros) by extensions ['ros']
[0.440s] Level 1:colcon.colcon_core.package_identification:_identify(src/realsense-ros) by extension 'ros'
[0.440s] Level 1:colcon.colcon_core.package_identification:_identify(src/realsense-ros) by extensions ['cmake', 'python']
[0.440s] Level 1:colcon.colcon_core.package_identification:_identify(src/realsense-ros) by extension 'cmake'
[0.440s] Level 1:colcon.colcon_core.package_identification:_identify(src/realsense-ros) by extension 'python'
[0.440s] Level 1:colcon.colcon_core.package_identification:_identify(src/realsense-ros) by extensions ['python_setup_py']
[0.440s] Level 1:colcon.colcon_core.package_identification:_identify(src/realsense-ros) by extension 'python_setup_py'
[0.441s] Level 1:colcon.colcon_core.package_identification:_identify(src/realsense-ros/realsense2_camera) by extensions ['ignore', 'ignore_ament_install']
[0.441s] Level 1:colcon.colcon_core.package_identification:_identify(src/realsense-ros/realsense2_camera) by extension 'ignore'
[0.441s] Level 1:colcon.colcon_core.package_identification:_identify(src/realsense-ros/realsense2_camera) by extension 'ignore_ament_install'
[0.441s] Level 1:colcon.colcon_core.package_identification:_identify(src/realsense-ros/realsense2_camera) by extensions ['colcon_pkg']
[0.441s] Level 1:colcon.colcon_core.package_identification:_identify(src/realsense-ros/realsense2_camera) by extension 'colcon_pkg'
[0.441s] Level 1:colcon.colcon_core.package_identification:_identify(src/realsense-ros/realsense2_camera) by extensions ['colcon_meta']
[0.441s] Level 1:colcon.colcon_core.package_identification:_identify(src/realsense-ros/realsense2_camera) by extension 'colcon_meta'
[0.441s] Level 1:colcon.colcon_core.package_identification:_identify(src/realsense-ros/realsense2_camera) by extensions ['ros']
[0.441s] Level 1:colcon.colcon_core.package_identification:_identify(src/realsense-ros/realsense2_camera) by extension 'ros'
[0.447s] DEBUG:colcon.colcon_core.package_identification:Package 'src/realsense-ros/realsense2_camera' with type 'ros.ament_cmake' and name 'realsense2_camera'
[0.448s] Level 1:colcon.colcon_core.package_identification:_identify(src/realsense-ros/realsense2_camera_msgs) by extensions ['ignore', 'ignore_ament_install']
[0.448s] Level 1:colcon.colcon_core.package_identification:_identify(src/realsense-ros/realsense2_camera_msgs) by extension 'ignore'
[0.448s] Level 1:colcon.colcon_core.package_identification:_identify(src/realsense-ros/realsense2_camera_msgs) by extension 'ignore_ament_install'
[0.448s] Level 1:colcon.colcon_core.package_identification:_identify(src/realsense-ros/realsense2_camera_msgs) by extensions ['colcon_pkg']
[0.448s] Level 1:colcon.colcon_core.package_identification:_identify(src/realsense-ros/realsense2_camera_msgs) by extension 'colcon_pkg'
[0.448s] Level 1:colcon.colcon_core.package_identification:_identify(src/realsense-ros/realsense2_camera_msgs) by extensions ['colcon_meta']
[0.448s] Level 1:colcon.colcon_core.package_identification:_identify(src/realsense-ros/realsense2_camera_msgs) by extension 'colcon_meta'
[0.448s] Level 1:colcon.colcon_core.package_identification:_identify(src/realsense-ros/realsense2_camera_msgs) by extensions ['ros']
[0.448s] Level 1:colcon.colcon_core.package_identification:_identify(src/realsense-ros/realsense2_camera_msgs) by extension 'ros'
[0.449s] DEBUG:colcon.colcon_core.package_identification:Package 'src/realsense-ros/realsense2_camera_msgs' with type 'ros.ament_cmake' and name 'realsense2_camera_msgs'
[0.449s] Level 1:colcon.colcon_core.package_identification:_identify(src/realsense-ros/realsense2_description) by extensions ['ignore', 'ignore_ament_install']
[0.449s] Level 1:colcon.colcon_core.package_identification:_identify(src/realsense-ros/realsense2_description) by extension 'ignore'
[0.449s] Level 1:colcon.colcon_core.package_identification:_identify(src/realsense-ros/realsense2_description) by extension 'ignore_ament_install'
[0.449s] Level 1:colcon.colcon_core.package_identification:_identify(src/realsense-ros/realsense2_description) by extensions ['colcon_pkg']
[0.449s] Level 1:colcon.colcon_core.package_identification:_identify(src/realsense-ros/realsense2_description) by extension 'colcon_pkg'
[0.449s] Level 1:colcon.colcon_core.package_identification:_identify(src/realsense-ros/realsense2_description) by extensions ['colcon_meta']
[0.449s] Level 1:colcon.colcon_core.package_identification:_identify(src/realsense-ros/realsense2_description) by extension 'colcon_meta'
[0.449s] Level 1:colcon.colcon_core.package_identification:_identify(src/realsense-ros/realsense2_description) by extensions ['ros']
[0.449s] Level 1:colcon.colcon_core.package_identification:_identify(src/realsense-ros/realsense2_description) by extension 'ros'
[0.450s] DEBUG:colcon.colcon_core.package_identification:Package 'src/realsense-ros/realsense2_description' with type 'ros.ament_cmake' and name 'realsense2_description'
[0.450s] Level 1:colcon.colcon_core.package_discovery:discover_packages(recursive) using defaults
[0.450s] Level 1:colcon.colcon_core.package_discovery:discover_packages(ignore) discover
[0.450s] Level 1:colcon.colcon_core.package_discovery:discover_packages(ignore) using defaults
[0.450s] Level 1:colcon.colcon_core.package_discovery:discover_packages(path) discover
[0.450s] Level 1:colcon.colcon_core.package_discovery:discover_packages(path) using defaults
[0.476s] INFO:colcon.colcon_core.package_selection:Skipping not selected package 'my_bot' in 'src/my_bot'
[0.476s] INFO:colcon.colcon_core.package_selection:Skipping not selected package 'my_robot_cam' in 'src/my_robot_cam'
[0.476s] INFO:colcon.colcon_core.package_selection:Skipping not selected package 'my_robot_nbv' in 'src/my_robot_nbv'
[0.476s] INFO:colcon.colcon_core.package_selection:Skipping not selected package 'my_robot_nbv_cmake' in 'src/my_robot_nbv_cmake'
[0.476s] INFO:colcon.colcon_core.package_selection:Skipping not selected package 'realsense2_camera_msgs' in 'src/realsense-ros/realsense2_camera_msgs'
[0.476s] INFO:colcon.colcon_core.package_selection:Skipping not selected package 'realsense2_camera' in 'src/realsense-ros/realsense2_camera'
[0.476s] INFO:colcon.colcon_core.package_selection:Skipping not selected package 'realsense2_description' in 'src/realsense-ros/realsense2_description'
[0.476s] Level 1:colcon.colcon_core.package_discovery:discover_packages(prefix_path) check parameters
[0.477s] Level 1:colcon.colcon_core.package_discovery:discover_packages(prefix_path) discover
[0.479s] DEBUG:colcon.colcon_installed_package_information.package_discovery:Found 8 installed packages in /home/jajayu/TomatoHarvesting_NextBestView/nbv_code/ros2_ws2/install
[0.480s] DEBUG:colcon.colcon_installed_package_information.package_discovery:Found 16 installed packages in /home/jajayu/ros2_ws/install
[0.482s] DEBUG:colcon.colcon_installed_package_information.package_discovery:Found 363 installed packages in /opt/ros/humble
[0.485s] Level 1:colcon.colcon_core.package_discovery:discover_packages(prefix_path) using defaults
[0.540s] Level 5:colcon.colcon_core.verb:set package 'octomap_server2' build argument 'cmake_args' from command line to 'None'
[0.540s] Level 5:colcon.colcon_core.verb:set package 'octomap_server2' build argument 'cmake_target' from command line to 'None'
[0.540s] Level 5:colcon.colcon_core.verb:set package 'octomap_server2' build argument 'cmake_target_skip_unavailable' from command line to 'False'
[0.540s] Level 5:colcon.colcon_core.verb:set package 'octomap_server2' build argument 'cmake_clean_cache' from command line to 'False'
[0.540s] Level 5:colcon.colcon_core.verb:set package 'octomap_server2' build argument 'cmake_clean_first' from command line to 'False'
[0.540s] Level 5:colcon.colcon_core.verb:set package 'octomap_server2' build argument 'cmake_force_configure' from command line to 'False'
[0.540s] Level 5:colcon.colcon_core.verb:set package 'octomap_server2' build argument 'ament_cmake_args' from command line to 'None'
[0.540s] Level 5:colcon.colcon_core.verb:set package 'octomap_server2' build argument 'catkin_cmake_args' from command line to 'None'
[0.540s] Level 5:colcon.colcon_core.verb:set package 'octomap_server2' build argument 'catkin_skip_building_tests' from command line to 'False'
[0.540s] DEBUG:colcon.colcon_core.verb:Building package 'octomap_server2' with the following arguments: {'ament_cmake_args': None, 'build_base': '/home/jajayu/TomatoHarvesting_NextBestView/nbv_code/ros2_ws2/build/octomap_server2', 'catkin_cmake_args': None, 'catkin_skip_building_tests': False, 'cmake_args': None, 'cmake_clean_cache': False, 'cmake_clean_first': False, 'cmake_force_configure': False, 'cmake_target': None, 'cmake_target_skip_unavailable': False, 'install_base': '/home/jajayu/TomatoHarvesting_NextBestView/nbv_code/ros2_ws2/install/octomap_server2', 'merge_install': False, 'path': '/home/jajayu/TomatoHarvesting_NextBestView/nbv_code/ros2_ws2/src/octomap_server2', 'symlink_install': False, 'test_result_base': None}
[0.541s] INFO:colcon.colcon_core.executor:Executing jobs using 'parallel' executor
[0.542s] DEBUG:colcon.colcon_parallel_executor.executor.parallel:run_until_complete
[0.542s] INFO:colcon.colcon_ros.task.ament_cmake.build:Building ROS package in '/home/jajayu/TomatoHarvesting_NextBestView/nbv_code/ros2_ws2/src/octomap_server2' with build type 'ament_cmake'
[0.542s] INFO:colcon.colcon_cmake.task.cmake.build:Building CMake package in '/home/jajayu/TomatoHarvesting_NextBestView/nbv_code/ros2_ws2/src/octomap_server2'
[0.546s] INFO:colcon.colcon_core.plugin_system:Skipping extension 'colcon_core.shell.bat': Not used on non-Windows systems
[0.546s] INFO:colcon.colcon_core.shell:Skip shell extension 'powershell' for command environment: Not usable outside of PowerShell
[0.546s] DEBUG:colcon.colcon_core.shell:Skip shell extension 'dsv' for command environment
[0.567s] DEBUG:colcon.colcon_core.event_handler.log_command:Invoking command in '/home/jajayu/TomatoHarvesting_NextBestView/nbv_code/ros2_ws2/build/octomap_server2': CMAKE_PREFIX_PATH=${CMAKE_PREFIX_PATH}:/home/jajayu/TomatoHarvesting_NextBestView/nbv_code/ros2_ws2/install/my_robot_nbv:/home/jajayu/TomatoHarvesting_NextBestView/nbv_code/ros2_ws2/install/my_robot_cam:/home/jajayu/ros2_ws/install/webots_ros2_tests:/home/jajayu/ros2_ws/install/webots_ros2:/home/jajayu/ros2_ws/install/pcd_demo:/home/jajayu/ros2_ws/install/my_robot_controller:/home/jajayu/ros2_ws/install/my_robot_cam:/home/jajayu/ros2_ws/install/gazebo_tutorial:/opt/ros/humble /home/jajayu/.local/bin/cmake --build /home/jajayu/TomatoHarvesting_NextBestView/nbv_code/ros2_ws2/build/octomap_server2 -- -j8 -l8
[0.778s] DEBUG:colcon.colcon_core.event_handler.log_command:Invoked command in '/home/jajayu/TomatoHarvesting_NextBestView/nbv_code/ros2_ws2/build/octomap_server2' returned '0': CMAKE_PREFIX_PATH=${CMAKE_PREFIX_PATH}:/home/jajayu/TomatoHarvesting_NextBestView/nbv_code/ros2_ws2/install/my_robot_nbv:/home/jajayu/TomatoHarvesting_NextBestView/nbv_code/ros2_ws2/install/my_robot_cam:/home/jajayu/ros2_ws/install/webots_ros2_tests:/home/jajayu/ros2_ws/install/webots_ros2:/home/jajayu/ros2_ws/install/pcd_demo:/home/jajayu/ros2_ws/install/my_robot_controller:/home/jajayu/ros2_ws/install/my_robot_cam:/home/jajayu/ros2_ws/install/gazebo_tutorial:/opt/ros/humble /home/jajayu/.local/bin/cmake --build /home/jajayu/TomatoHarvesting_NextBestView/nbv_code/ros2_ws2/build/octomap_server2 -- -j8 -l8
[1.043s] DEBUG:colcon.colcon_core.event_handler.log_command:Invoking command in '/home/jajayu/TomatoHarvesting_NextBestView/nbv_code/ros2_ws2/build/octomap_server2': CMAKE_PREFIX_PATH=${CMAKE_PREFIX_PATH}:/home/jajayu/TomatoHarvesting_NextBestView/nbv_code/ros2_ws2/install/my_robot_nbv:/home/jajayu/TomatoHarvesting_NextBestView/nbv_code/ros2_ws2/install/my_robot_cam:/home/jajayu/ros2_ws/install/webots_ros2_tests:/home/jajayu/ros2_ws/install/webots_ros2:/home/jajayu/ros2_ws/install/pcd_demo:/home/jajayu/ros2_ws/install/my_robot_controller:/home/jajayu/ros2_ws/install/my_robot_cam:/home/jajayu/ros2_ws/install/gazebo_tutorial:/opt/ros/humble /home/jajayu/.local/bin/cmake --install /home/jajayu/TomatoHarvesting_NextBestView/nbv_code/ros2_ws2/build/octomap_server2
[1.167s] Level 1:colcon.colcon_core.environment:create_environment_scripts_only(octomap_server2)
[1.169s] DEBUG:colcon.colcon_core.event_handler.log_command:Invoked command in '/home/jajayu/TomatoHarvesting_NextBestView/nbv_code/ros2_ws2/build/octomap_server2' returned '0': CMAKE_PREFIX_PATH=${CMAKE_PREFIX_PATH}:/home/jajayu/TomatoHarvesting_NextBestView/nbv_code/ros2_ws2/install/my_robot_nbv:/home/jajayu/TomatoHarvesting_NextBestView/nbv_code/ros2_ws2/install/my_robot_cam:/home/jajayu/ros2_ws/install/webots_ros2_tests:/home/jajayu/ros2_ws/install/webots_ros2:/home/jajayu/ros2_ws/install/pcd_demo:/home/jajayu/ros2_ws/install/my_robot_controller:/home/jajayu/ros2_ws/install/my_robot_cam:/home/jajayu/ros2_ws/install/gazebo_tutorial:/opt/ros/humble /home/jajayu/.local/bin/cmake --install /home/jajayu/TomatoHarvesting_NextBestView/nbv_code/ros2_ws2/build/octomap_server2
[1.172s] Level 1:colcon.colcon_core.environment:checking '/home/jajayu/TomatoHarvesting_NextBestView/nbv_code/ros2_ws2/install/octomap_server2' for CMake module files
[1.172s] Level 1:colcon.colcon_core.environment:checking '/home/jajayu/TomatoHarvesting_NextBestView/nbv_code/ros2_ws2/install/octomap_server2' for CMake config files
[1.172s] Level 1:colcon.colcon_core.shell:create_environment_hook('octomap_server2', 'cmake_prefix_path')
[1.173s] INFO:colcon.colcon_core.shell:Creating environment hook '/home/jajayu/TomatoHarvesting_NextBestView/nbv_code/ros2_ws2/install/octomap_server2/share/octomap_server2/hook/cmake_prefix_path.ps1'
[1.173s] INFO:colcon.colcon_core.shell:Creating environment descriptor '/home/jajayu/TomatoHarvesting_NextBestView/nbv_code/ros2_ws2/install/octomap_server2/share/octomap_server2/hook/cmake_prefix_path.dsv'
[1.174s] INFO:colcon.colcon_core.shell:Creating environment hook '/home/jajayu/TomatoHarvesting_NextBestView/nbv_code/ros2_ws2/install/octomap_server2/share/octomap_server2/hook/cmake_prefix_path.sh'
[1.175s] Level 1:colcon.colcon_core.environment:checking '/home/jajayu/TomatoHarvesting_NextBestView/nbv_code/ros2_ws2/install/octomap_server2/lib'
[1.175s] Level 1:colcon.colcon_core.shell:create_environment_hook('octomap_server2', 'ld_library_path_lib')
[1.175s] INFO:colcon.colcon_core.shell:Creating environment hook '/home/jajayu/TomatoHarvesting_NextBestView/nbv_code/ros2_ws2/install/octomap_server2/share/octomap_server2/hook/ld_library_path_lib.ps1'
[1.176s] INFO:colcon.colcon_core.shell:Creating environment descriptor '/home/jajayu/TomatoHarvesting_NextBestView/nbv_code/ros2_ws2/install/octomap_server2/share/octomap_server2/hook/ld_library_path_lib.dsv'
[1.177s] INFO:colcon.colcon_core.shell:Creating environment hook '/home/jajayu/TomatoHarvesting_NextBestView/nbv_code/ros2_ws2/install/octomap_server2/share/octomap_server2/hook/ld_library_path_lib.sh'
[1.177s] Level 1:colcon.colcon_core.environment:checking '/home/jajayu/TomatoHarvesting_NextBestView/nbv_code/ros2_ws2/install/octomap_server2/bin'
[1.177s] Level 1:colcon.colcon_core.environment:checking '/home/jajayu/TomatoHarvesting_NextBestView/nbv_code/ros2_ws2/install/octomap_server2/lib/pkgconfig/octomap_server2.pc'
[1.177s] Level 1:colcon.colcon_core.environment:checking '/home/jajayu/TomatoHarvesting_NextBestView/nbv_code/ros2_ws2/install/octomap_server2/lib/python3.10/site-packages'
[1.178s] Level 1:colcon.colcon_core.environment:checking '/home/jajayu/TomatoHarvesting_NextBestView/nbv_code/ros2_ws2/install/octomap_server2/bin'
[1.178s] INFO:colcon.colcon_core.shell:Creating package script '/home/jajayu/TomatoHarvesting_NextBestView/nbv_code/ros2_ws2/install/octomap_server2/share/octomap_server2/package.ps1'
[1.179s] INFO:colcon.colcon_core.shell:Creating package descriptor '/home/jajayu/TomatoHarvesting_NextBestView/nbv_code/ros2_ws2/install/octomap_server2/share/octomap_server2/package.dsv'
[1.180s] INFO:colcon.colcon_core.shell:Creating package script '/home/jajayu/TomatoHarvesting_NextBestView/nbv_code/ros2_ws2/install/octomap_server2/share/octomap_server2/package.sh'
[1.181s] INFO:colcon.colcon_core.shell:Creating package script '/home/jajayu/TomatoHarvesting_NextBestView/nbv_code/ros2_ws2/install/octomap_server2/share/octomap_server2/package.bash'
[1.182s] INFO:colcon.colcon_core.shell:Creating package script '/home/jajayu/TomatoHarvesting_NextBestView/nbv_code/ros2_ws2/install/octomap_server2/share/octomap_server2/package.zsh'
[1.182s] Level 1:colcon.colcon_core.environment:create_file_with_runtime_dependencies(/home/jajayu/TomatoHarvesting_NextBestView/nbv_code/ros2_ws2/install/octomap_server2/share/colcon-core/packages/octomap_server2)
[1.335s] Level 1:colcon.colcon_core.environment:create_environment_scripts_only(octomap_server2)
[1.335s] Level 1:colcon.colcon_core.environment:checking '/home/jajayu/TomatoHarvesting_NextBestView/nbv_code/ros2_ws2/install/octomap_server2' for CMake module files
[1.336s] Level 1:colcon.colcon_core.environment:checking '/home/jajayu/TomatoHarvesting_NextBestView/nbv_code/ros2_ws2/install/octomap_server2' for CMake config files
[1.336s] Level 1:colcon.colcon_core.shell:create_environment_hook('octomap_server2', 'cmake_prefix_path')
[1.337s] INFO:colcon.colcon_core.shell:Creating environment hook '/home/jajayu/TomatoHarvesting_NextBestView/nbv_code/ros2_ws2/install/octomap_server2/share/octomap_server2/hook/cmake_prefix_path.ps1'
[1.339s] INFO:colcon.colcon_core.shell:Creating environment descriptor '/home/jajayu/TomatoHarvesting_NextBestView/nbv_code/ros2_ws2/install/octomap_server2/share/octomap_server2/hook/cmake_prefix_path.dsv'
[1.340s] INFO:colcon.colcon_core.shell:Creating environment hook '/home/jajayu/TomatoHarvesting_NextBestView/nbv_code/ros2_ws2/install/octomap_server2/share/octomap_server2/hook/cmake_prefix_path.sh'
[1.341s] Level 1:colcon.colcon_core.environment:checking '/home/jajayu/TomatoHarvesting_NextBestView/nbv_code/ros2_ws2/install/octomap_server2/lib'
[1.341s] Level 1:colcon.colcon_core.shell:create_environment_hook('octomap_server2', 'ld_library_path_lib')
[1.342s] INFO:colcon.colcon_core.shell:Creating environment hook '/home/jajayu/TomatoHarvesting_NextBestView/nbv_code/ros2_ws2/install/octomap_server2/share/octomap_server2/hook/ld_library_path_lib.ps1'
[1.343s] INFO:colcon.colcon_core.shell:Creating environment descriptor '/home/jajayu/TomatoHarvesting_NextBestView/nbv_code/ros2_ws2/install/octomap_server2/share/octomap_server2/hook/ld_library_path_lib.dsv'
[1.343s] INFO:colcon.colcon_core.shell:Creating environment hook '/home/jajayu/TomatoHarvesting_NextBestView/nbv_code/ros2_ws2/install/octomap_server2/share/octomap_server2/hook/ld_library_path_lib.sh'
[1.344s] Level 1:colcon.colcon_core.environment:checking '/home/jajayu/TomatoHarvesting_NextBestView/nbv_code/ros2_ws2/install/octomap_server2/bin'
[1.344s] Level 1:colcon.colcon_core.environment:checking '/home/jajayu/TomatoHarvesting_NextBestView/nbv_code/ros2_ws2/install/octomap_server2/lib/pkgconfig/octomap_server2.pc'
[1.344s] Level 1:colcon.colcon_core.environment:checking '/home/jajayu/TomatoHarvesting_NextBestView/nbv_code/ros2_ws2/install/octomap_server2/lib/python3.10/site-packages'
[1.345s] Level 1:colcon.colcon_core.environment:checking '/home/jajayu/TomatoHarvesting_NextBestView/nbv_code/ros2_ws2/install/octomap_server2/bin'
[1.345s] INFO:colcon.colcon_core.shell:Creating package script '/home/jajayu/TomatoHarvesting_NextBestView/nbv_code/ros2_ws2/install/octomap_server2/share/octomap_server2/package.ps1'
[1.347s] INFO:colcon.colcon_core.shell:Creating package descriptor '/home/jajayu/TomatoHarvesting_NextBestView/nbv_code/ros2_ws2/install/octomap_server2/share/octomap_server2/package.dsv'
[1.348s] INFO:colcon.colcon_core.shell:Creating package script '/home/jajayu/TomatoHarvesting_NextBestView/nbv_code/ros2_ws2/install/octomap_server2/share/octomap_server2/package.sh'
[1.350s] INFO:colcon.colcon_core.shell:Creating package script '/home/jajayu/TomatoHarvesting_NextBestView/nbv_code/ros2_ws2/install/octomap_server2/share/octomap_server2/package.bash'
[1.351s] INFO:colcon.colcon_core.shell:Creating package script '/home/jajayu/TomatoHarvesting_NextBestView/nbv_code/ros2_ws2/install/octomap_server2/share/octomap_server2/package.zsh'
[1.352s] Level 1:colcon.colcon_core.environment:create_file_with_runtime_dependencies(/home/jajayu/TomatoHarvesting_NextBestView/nbv_code/ros2_ws2/install/octomap_server2/share/colcon-core/packages/octomap_server2)
[1.352s] DEBUG:colcon.colcon_parallel_executor.executor.parallel:closing loop
[1.353s] DEBUG:colcon.colcon_parallel_executor.executor.parallel:loop closed
[1.353s] DEBUG:colcon.colcon_parallel_executor.executor.parallel:run_until_complete finished with '0'
[1.353s] DEBUG:colcon.colcon_core.event_reactor:joining thread
[1.360s] INFO:colcon.colcon_core.plugin_system:Skipping extension 'colcon_notification.desktop_notification.terminal_notifier': Not used on non-Darwin systems
[1.360s] INFO:colcon.colcon_core.plugin_system:Skipping extension 'colcon_notification.desktop_notification.win32': Not used on non-Windows systems
[1.360s] INFO:colcon.colcon_notification.desktop_notification:Sending desktop notification using 'notify2'
[1.386s] DEBUG:colcon.colcon_core.event_reactor:joined thread
[1.386s] INFO:colcon.colcon_core.shell:Creating prefix script '/home/jajayu/TomatoHarvesting_NextBestView/nbv_code/ros2_ws2/install/local_setup.ps1'
[1.389s] INFO:colcon.colcon_core.shell:Creating prefix util module '/home/jajayu/TomatoHarvesting_NextBestView/nbv_code/ros2_ws2/install/_local_setup_util_ps1.py'
[1.391s] INFO:colcon.colcon_core.shell:Creating prefix chain script '/home/jajayu/TomatoHarvesting_NextBestView/nbv_code/ros2_ws2/install/setup.ps1'
[1.396s] INFO:colcon.colcon_core.shell:Creating prefix script '/home/jajayu/TomatoHarvesting_NextBestView/nbv_code/ros2_ws2/install/local_setup.sh'
[1.397s] INFO:colcon.colcon_core.shell:Creating prefix util module '/home/jajayu/TomatoHarvesting_NextBestView/nbv_code/ros2_ws2/install/_local_setup_util_sh.py'
[1.398s] INFO:colcon.colcon_core.shell:Creating prefix chain script '/home/jajayu/TomatoHarvesting_NextBestView/nbv_code/ros2_ws2/install/setup.sh'
[1.400s] INFO:colcon.colcon_core.shell:Creating prefix script '/home/jajayu/TomatoHarvesting_NextBestView/nbv_code/ros2_ws2/install/local_setup.bash'
[1.401s] INFO:colcon.colcon_core.shell:Creating prefix chain script '/home/jajayu/TomatoHarvesting_NextBestView/nbv_code/ros2_ws2/install/setup.bash'
[1.403s] INFO:colcon.colcon_core.shell:Creating prefix script '/home/jajayu/TomatoHarvesting_NextBestView/nbv_code/ros2_ws2/install/local_setup.zsh'
[1.404s] INFO:colcon.colcon_core.shell:Creating prefix chain script '/home/jajayu/TomatoHarvesting_NextBestView/nbv_code/ros2_ws2/install/setup.zsh'
