[0.774s] Invoking command in '/home/jajayu/TomatoHarvesting_NextBestView/nbv_code/ros2_ws2/build/octomap_server2': CMAKE_PREFIX_PATH=${CMAKE_PREFIX_PATH}:/home/jajayu/TomatoHarvesting_NextBestView/nbv_code/ros2_ws2/install/my_robot_nbv:/home/jajayu/TomatoHarvesting_NextBestView/nbv_code/ros2_ws2/install/my_robot_cam:/home/jajayu/ros2_ws/install/webots_ros2_tests:/home/jajayu/ros2_ws/install/webots_ros2:/home/jajayu/ros2_ws/install/pcd_demo:/home/jajayu/ros2_ws/install/my_robot_controller:/home/jajayu/ros2_ws/install/my_robot_cam:/home/jajayu/ros2_ws/install/gazebo_tutorial:/opt/ros/humble /usr/bin/cmake /home/jajayu/TomatoHarvesting_NextBestView/nbv_code/ros2_ws2/src/octomap_server2 -DAMENT_CMAKE_SYMLINK_INSTALL=1 -DCMAKE_INSTALL_PREFIX=/home/jajayu/TomatoHarvesting_NextBestView/nbv_code/ros2_ws2/install/octomap_server2
[0.789s] -- Found ament_cmake: 1.3.9 (/opt/ros/humble/share/ament_cmake/cmake)
[0.955s] -- Override CMake install command with custom implementation using symlinks instead of copying resources
[0.963s] -- Found rclcpp: 16.0.9 (/opt/ros/humble/share/rclcpp/cmake)
[0.993s] -- Found rosidl_generator_c: 3.1.5 (/opt/ros/humble/share/rosidl_generator_c/cmake)
[0.996s] -- Found rosidl_adapter: 3.1.5 (/opt/ros/humble/share/rosidl_adapter/cmake)
[1.003s] -- Found rosidl_generator_cpp: 3.1.5 (/opt/ros/humble/share/rosidl_generator_cpp/cmake)
[1.015s] -- Using all available rosidl_typesupport_c: rosidl_typesupport_fastrtps_c;rosidl_typesupport_introspection_c
[1.032s] -- Using all available rosidl_typesupport_cpp: rosidl_typesupport_fastrtps_cpp;rosidl_typesupport_introspection_cpp
[1.094s] -- Found rmw_implementation_cmake: 6.1.2 (/opt/ros/humble/share/rmw_implementation_cmake/cmake)
[1.099s] -- Found rmw_fastrtps_cpp: 6.2.6 (/opt/ros/humble/share/rmw_fastrtps_cpp/cmake)
[1.233s] -- Using RMW implementation 'rmw_fastrtps_cpp' as default
[1.416s] -- Found rclcpp_components: 16.0.9 (/opt/ros/humble/share/rclcpp_components/cmake)
[1.518s] -- Eigen found (include: /usr/include/eigen3, version: 3.4.0)
[1.562s] -- FLANN found (include: /usr/include, lib: /usr/lib/x86_64-linux-gnu/libflann_cpp.so)
[1.889s] -- Found Eigen3: /usr/include/eigen3 (found version "3.4.0") 
[2.082s] -- OpenNI found (version: 1.5.4.0, include: /usr/include/ni, lib: /usr/lib/libOpenNI.so;libusb::libusb)
[2.088s] -- OpenNI2 found (version: 2.2.0.33, include: /usr/include/openni2, lib: /usr/lib/x86_64-linux-gnu/libOpenNI2.so;libusb::libusb)
[2.089s] [0m** WARNING ** io features related to pcap will be disabled[0m
[2.259s] -- Eigen found (include: /usr/include/eigen3, version: 3.4.0)
[2.267s] -- OpenNI found (version: 1.5.4.0, include: /usr/include/ni, lib: /usr/lib/libOpenNI.so;libusb::libusb)
[2.274s] -- OpenNI2 found (version: 2.2.0.33, include: /usr/include/openni2, lib: /usr/lib/x86_64-linux-gnu/libOpenNI2.so;libusb::libusb)
[2.431s] -- Found Qhull version 8.0.2
[2.598s] -- OpenNI found (version: 1.5.4.0, include: /usr/include/ni, lib: /usr/lib/libOpenNI.so;libusb::libusb)
[2.756s] -- looking for PCL_COMMON
[2.756s] -- looking for PCL_KDTREE
[2.757s] -- looking for PCL_OCTREE
[2.758s] -- looking for PCL_SEARCH
[2.758s] -- looking for PCL_SAMPLE_CONSENSUS
[2.758s] -- looking for PCL_FILTERS
[2.758s] -- looking for PCL_2D
[2.759s] -- looking for PCL_GEOMETRY
[2.759s] -- looking for PCL_IO
[2.760s] -- looking for PCL_FEATURES
[2.760s] -- looking for PCL_ML
[2.761s] -- looking for PCL_SEGMENTATION
[2.761s] -- looking for PCL_VISUALIZATION
[2.762s] -- looking for PCL_SURFACE
[2.762s] -- looking for PCL_REGISTRATION
[2.763s] -- looking for PCL_KEYPOINTS
[2.763s] -- looking for PCL_TRACKING
[2.765s] -- looking for PCL_RECOGNITION
[2.765s] -- looking for PCL_STEREO
[2.765s] -- looking for PCL_APPS
[2.765s] -- looking for PCL_IN_HAND_SCANNER
[2.766s] -- looking for PCL_MODELER
[2.766s] -- looking for PCL_POINT_CLOUD_EDITOR
[2.766s] -- looking for PCL_OUTOFCORE
[2.767s] -- looking for PCL_PEOPLE
[2.769s] -- Found sensor_msgs: 4.2.4 (/opt/ros/humble/share/sensor_msgs/cmake)
[2.917s] -- Found nav_msgs: 4.2.4 (/opt/ros/humble/share/nav_msgs/cmake)
