[0.112s] Invoking command in '/home/jajayu/TomatoHarvesting_NextBestView/nbv_code/nbv_for_local_computer/ros2_ws2_local/build/my_bot': CMAKE_PREFIX_PATH=${CMAKE_PREFIX_PATH}:/home/jajayu/TomatoHarvesting_NextBestView/nbv_code/ros2_ws2/install/my_robot_nbv:/home/jajayu/TomatoHarvesting_NextBestView/nbv_code/ros2_ws2/install/my_robot_cam:/home/jajayu/TomatoHarvesting_NextBestView/nbv_code/ros2_ws2/install/my_robot_arm:/opt/ros/humble /home/jajayu/.local/bin/cmake --build /home/jajayu/TomatoHarvesting_NextBestView/nbv_code/nbv_for_local_computer/ros2_ws2_local/build/my_bot -- -j8 -l8
[1.736s] Invoked command in '/home/jajayu/TomatoHarvesting_NextBestView/nbv_code/nbv_for_local_computer/ros2_ws2_local/build/my_bot' returned '0': CMAKE_PREFIX_PATH=${CMAKE_PREFIX_PATH}:/home/jajayu/TomatoHarvesting_NextBestView/nbv_code/ros2_ws2/install/my_robot_nbv:/home/jajayu/TomatoHarvesting_NextBestView/nbv_code/ros2_ws2/install/my_robot_cam:/home/jajayu/TomatoHarvesting_NextBestView/nbv_code/ros2_ws2/install/my_robot_arm:/opt/ros/humble /home/jajayu/.local/bin/cmake --build /home/jajayu/TomatoHarvesting_NextBestView/nbv_code/nbv_for_local_computer/ros2_ws2_local/build/my_bot -- -j8 -l8
[2.937s] Invoking command in '/home/jajayu/TomatoHarvesting_NextBestView/nbv_code/nbv_for_local_computer/ros2_ws2_local/build/my_bot': CMAKE_PREFIX_PATH=${CMAKE_PREFIX_PATH}:/home/jajayu/TomatoHarvesting_NextBestView/nbv_code/ros2_ws2/install/my_robot_nbv:/home/jajayu/TomatoHarvesting_NextBestView/nbv_code/ros2_ws2/install/my_robot_cam:/home/jajayu/TomatoHarvesting_NextBestView/nbv_code/ros2_ws2/install/my_robot_arm:/opt/ros/humble /home/jajayu/.local/bin/cmake --install /home/jajayu/TomatoHarvesting_NextBestView/nbv_code/nbv_for_local_computer/ros2_ws2_local/build/my_bot
[3.206s] -- Install configuration: ""
[3.206s] -- Up-to-date: /home/jajayu/TomatoHarvesting_NextBestView/nbv_code/nbv_for_local_computer/ros2_ws2_local/install/my_bot/share/my_bot/config
[3.208s] -- Up-to-date: /home/jajayu/TomatoHarvesting_NextBestView/nbv_code/nbv_for_local_computer/ros2_ws2_local/install/my_bot/share/my_bot/config/camera_bot2.rviz
[3.208s] -- Up-to-date: /home/jajayu/TomatoHarvesting_NextBestView/nbv_code/nbv_for_local_computer/ros2_ws2_local/install/my_bot/share/my_bot/config/empty.yaml
[3.209s] -- Up-to-date: /home/jajayu/TomatoHarvesting_NextBestView/nbv_code/nbv_for_local_computer/ros2_ws2_local/install/my_bot/share/my_bot/config/drive_bot.rviz
[3.209s] -- Up-to-date: /home/jajayu/TomatoHarvesting_NextBestView/nbv_code/nbv_for_local_computer/ros2_ws2_local/install/my_bot/share/my_bot/config/camera_bot.rviz
[3.209s] -- Up-to-date: /home/jajayu/TomatoHarvesting_NextBestView/nbv_code/nbv_for_local_computer/ros2_ws2_local/install/my_bot/share/my_bot/config/view_bot.rviz
[3.209s] -- Up-to-date: /home/jajayu/TomatoHarvesting_NextBestView/nbv_code/nbv_for_local_computer/ros2_ws2_local/install/my_bot/share/my_bot/config/camera_bot3.rviz
[3.210s] -- Up-to-date: /home/jajayu/TomatoHarvesting_NextBestView/nbv_code/nbv_for_local_computer/ros2_ws2_local/install/my_bot/share/my_bot/description
[3.211s] -- Up-to-date: /home/jajayu/TomatoHarvesting_NextBestView/nbv_code/nbv_for_local_computer/ros2_ws2_local/install/my_bot/share/my_bot/description/camera.xacro
[3.213s] -- Up-to-date: /home/jajayu/TomatoHarvesting_NextBestView/nbv_code/nbv_for_local_computer/ros2_ws2_local/install/my_bot/share/my_bot/description/robot_core.xacro
[3.218s] -- Up-to-date: /home/jajayu/TomatoHarvesting_NextBestView/nbv_code/nbv_for_local_computer/ros2_ws2_local/install/my_bot/share/my_bot/description/robot.urdf.xacro
[3.218s] -- Up-to-date: /home/jajayu/TomatoHarvesting_NextBestView/nbv_code/nbv_for_local_computer/ros2_ws2_local/install/my_bot/share/my_bot/description/gazebo_control.xacro
[3.218s] -- Up-to-date: /home/jajayu/TomatoHarvesting_NextBestView/nbv_code/nbv_for_local_computer/ros2_ws2_local/install/my_bot/share/my_bot/description/depth_camera.xacro
[3.218s] -- Up-to-date: /home/jajayu/TomatoHarvesting_NextBestView/nbv_code/nbv_for_local_computer/ros2_ws2_local/install/my_bot/share/my_bot/description/inertial_macros.xacro
[3.218s] -- Up-to-date: /home/jajayu/TomatoHarvesting_NextBestView/nbv_code/nbv_for_local_computer/ros2_ws2_local/install/my_bot/share/my_bot/launch
[3.220s] -- Up-to-date: /home/jajayu/TomatoHarvesting_NextBestView/nbv_code/nbv_for_local_computer/ros2_ws2_local/install/my_bot/share/my_bot/launch/launch_sim.launch.py
[3.220s] -- Up-to-date: /home/jajayu/TomatoHarvesting_NextBestView/nbv_code/nbv_for_local_computer/ros2_ws2_local/install/my_bot/share/my_bot/launch/rsp.launch.py
[3.220s] -- Up-to-date: /home/jajayu/TomatoHarvesting_NextBestView/nbv_code/nbv_for_local_computer/ros2_ws2_local/install/my_bot/share/my_bot/worlds
[3.220s] -- Up-to-date: /home/jajayu/TomatoHarvesting_NextBestView/nbv_code/nbv_for_local_computer/ros2_ws2_local/install/my_bot/share/my_bot/worlds/empty.world
[3.221s] -- Up-to-date: /home/jajayu/TomatoHarvesting_NextBestView/nbv_code/nbv_for_local_computer/ros2_ws2_local/install/my_bot/share/my_bot/worlds/tomato_plant_set3_v3.world
[3.221s] -- Up-to-date: /home/jajayu/TomatoHarvesting_NextBestView/nbv_code/nbv_for_local_computer/ros2_ws2_local/install/my_bot/share/my_bot/worlds/tomato_try2.world
[3.221s] -- Up-to-date: /home/jajayu/TomatoHarvesting_NextBestView/nbv_code/nbv_for_local_computer/ros2_ws2_local/install/my_bot/share/my_bot/worlds/tomato_plant_set8_fortest_nbv_filter.world
[3.221s] -- Up-to-date: /home/jajayu/TomatoHarvesting_NextBestView/nbv_code/nbv_for_local_computer/ros2_ws2_local/install/my_bot/share/my_bot/worlds/tomato_plant_set3_v4.world
[3.221s] -- Up-to-date: /home/jajayu/TomatoHarvesting_NextBestView/nbv_code/nbv_for_local_computer/ros2_ws2_local/install/my_bot/share/my_bot/worlds/tomato_plant_set3_v2.world
[3.221s] -- Up-to-date: /home/jajayu/TomatoHarvesting_NextBestView/nbv_code/nbv_for_local_computer/ros2_ws2_local/install/my_bot/share/my_bot/worlds/tomato_plant_set3.world
[3.221s] -- Up-to-date: /home/jajayu/TomatoHarvesting_NextBestView/nbv_code/nbv_for_local_computer/ros2_ws2_local/install/my_bot/share/my_bot/worlds/tomato_plant_set5.world
[3.221s] -- Up-to-date: /home/jajayu/TomatoHarvesting_NextBestView/nbv_code/nbv_for_local_computer/ros2_ws2_local/install/my_bot/share/my_bot/worlds/tomato_try.world
[3.221s] -- Up-to-date: /home/jajayu/TomatoHarvesting_NextBestView/nbv_code/nbv_for_local_computer/ros2_ws2_local/install/my_bot/share/my_bot/worlds/tomato_try.world/model.sdf
[3.224s] -- Up-to-date: /home/jajayu/TomatoHarvesting_NextBestView/nbv_code/nbv_for_local_computer/ros2_ws2_local/install/my_bot/share/my_bot/worlds/tomato_try.world/model.config
[3.225s] -- Up-to-date: /home/jajayu/TomatoHarvesting_NextBestView/nbv_code/nbv_for_local_computer/ros2_ws2_local/install/my_bot/share/my_bot/worlds/tomato_plant_set7_fortest_nbv_filter.world
[3.225s] -- Up-to-date: /home/jajayu/TomatoHarvesting_NextBestView/nbv_code/nbv_for_local_computer/ros2_ws2_local/install/my_bot/share/my_bot/worlds/tomato_plant_set4.world
[3.226s] -- Up-to-date: /home/jajayu/TomatoHarvesting_NextBestView/nbv_code/nbv_for_local_computer/ros2_ws2_local/install/my_bot/share/my_bot/worlds/obstacles.world
[3.226s] -- Up-to-date: /home/jajayu/TomatoHarvesting_NextBestView/nbv_code/nbv_for_local_computer/ros2_ws2_local/install/my_bot/share/my_bot/worlds/tomato_plant_set6.world
[3.227s] -- Up-to-date: /home/jajayu/TomatoHarvesting_NextBestView/nbv_code/nbv_for_local_computer/ros2_ws2_local/install/my_bot/share/my_bot/worlds/tomato_plant_set3_v5.world
[3.229s] -- Up-to-date: /home/jajayu/TomatoHarvesting_NextBestView/nbv_code/nbv_for_local_computer/ros2_ws2_local/install/my_bot/share/my_bot/worlds/tomato_plantset.world
[3.229s] -- Up-to-date: /home/jajayu/TomatoHarvesting_NextBestView/nbv_code/nbv_for_local_computer/ros2_ws2_local/install/my_bot/share/my_bot/worlds/tomato_plant_set2.world
[3.230s] -- Up-to-date: /home/jajayu/TomatoHarvesting_NextBestView/nbv_code/nbv_for_local_computer/ros2_ws2_local/install/my_bot/share/ament_index/resource_index/package_run_dependencies/my_bot
[3.230s] -- Up-to-date: /home/jajayu/TomatoHarvesting_NextBestView/nbv_code/nbv_for_local_computer/ros2_ws2_local/install/my_bot/share/ament_index/resource_index/parent_prefix_path/my_bot
[3.230s] -- Up-to-date: /home/jajayu/TomatoHarvesting_NextBestView/nbv_code/nbv_for_local_computer/ros2_ws2_local/install/my_bot/share/my_bot/environment/ament_prefix_path.sh
[3.230s] -- Up-to-date: /home/jajayu/TomatoHarvesting_NextBestView/nbv_code/nbv_for_local_computer/ros2_ws2_local/install/my_bot/share/my_bot/environment/ament_prefix_path.dsv
[3.230s] -- Up-to-date: /home/jajayu/TomatoHarvesting_NextBestView/nbv_code/nbv_for_local_computer/ros2_ws2_local/install/my_bot/share/my_bot/environment/path.sh
[3.230s] -- Up-to-date: /home/jajayu/TomatoHarvesting_NextBestView/nbv_code/nbv_for_local_computer/ros2_ws2_local/install/my_bot/share/my_bot/environment/path.dsv
[3.235s] -- Up-to-date: /home/jajayu/TomatoHarvesting_NextBestView/nbv_code/nbv_for_local_computer/ros2_ws2_local/install/my_bot/share/my_bot/local_setup.bash
[3.235s] -- Up-to-date: /home/jajayu/TomatoHarvesting_NextBestView/nbv_code/nbv_for_local_computer/ros2_ws2_local/install/my_bot/share/my_bot/local_setup.sh
[3.235s] -- Up-to-date: /home/jajayu/TomatoHarvesting_NextBestView/nbv_code/nbv_for_local_computer/ros2_ws2_local/install/my_bot/share/my_bot/local_setup.zsh
[3.235s] -- Up-to-date: /home/jajayu/TomatoHarvesting_NextBestView/nbv_code/nbv_for_local_computer/ros2_ws2_local/install/my_bot/share/my_bot/local_setup.dsv
[3.236s] -- Installing: /home/jajayu/TomatoHarvesting_NextBestView/nbv_code/nbv_for_local_computer/ros2_ws2_local/install/my_bot/share/my_bot/package.dsv
[3.236s] -- Up-to-date: /home/jajayu/TomatoHarvesting_NextBestView/nbv_code/nbv_for_local_computer/ros2_ws2_local/install/my_bot/share/ament_index/resource_index/packages/my_bot
[3.236s] -- Up-to-date: /home/jajayu/TomatoHarvesting_NextBestView/nbv_code/nbv_for_local_computer/ros2_ws2_local/install/my_bot/share/my_bot/cmake/my_botConfig.cmake
[3.236s] -- Up-to-date: /home/jajayu/TomatoHarvesting_NextBestView/nbv_code/nbv_for_local_computer/ros2_ws2_local/install/my_bot/share/my_bot/cmake/my_botConfig-version.cmake
[3.237s] -- Up-to-date: /home/jajayu/TomatoHarvesting_NextBestView/nbv_code/nbv_for_local_computer/ros2_ws2_local/install/my_bot/share/my_bot/package.xml
[3.305s] Invoked command in '/home/jajayu/TomatoHarvesting_NextBestView/nbv_code/nbv_for_local_computer/ros2_ws2_local/build/my_bot' returned '0': CMAKE_PREFIX_PATH=${CMAKE_PREFIX_PATH}:/home/jajayu/TomatoHarvesting_NextBestView/nbv_code/ros2_ws2/install/my_robot_nbv:/home/jajayu/TomatoHarvesting_NextBestView/nbv_code/ros2_ws2/install/my_robot_cam:/home/jajayu/TomatoHarvesting_NextBestView/nbv_code/ros2_ws2/install/my_robot_arm:/opt/ros/humble /home/jajayu/.local/bin/cmake --install /home/jajayu/TomatoHarvesting_NextBestView/nbv_code/nbv_for_local_computer/ros2_ws2_local/build/my_bot
