[ 20%] [32mBuilding CXX object CMakeFiles/nbvc_lib_SdfModel.dir/src/SdfModel.cpp.o[0m
[ 30%] Built target SdfModelV3
[ 40%] [32m[1mLinking CXX static library libnbvc_lib_SdfModel.a[0m
[ 40%] Built target nbvc_lib_SdfModel
[ 50%] [32m[1mLinking CXX executable nbvc_ray_generation[0m
[ 60%] [32m[1mLinking CXX executable nbvc_ray_generationV3_beforeclean[0m
[ 70%] [32mBuilding CXX object CMakeFiles/BestViewModel.dir/src/BestViewModel.cpp.o[0m
[ 80%] Built target nbvc_ray_generationV3_beforeclean
[ 90%] Built target nbvc_ray_generation
[100%] [32m[1mLinking CXX executable BestViewModel[0m
[100%] Built target BestViewModel
-- Install configuration: ""
-- Installing: /home/jajayu/TomatoHarvesting_NextBestView/nbv_code/ros2_ws2/install/my_robot_nbv_cmake/lib/my_robot_nbv_cmake/nbvc_ray_generation
-- Set non-toolchain portion of runtime path of "/home/jajayu/TomatoHarvesting_NextBestView/nbv_code/ros2_ws2/install/my_robot_nbv_cmake/lib/my_robot_nbv_cmake/nbvc_ray_generation" to ""
-- Installing: /home/jajayu/TomatoHarvesting_NextBestView/nbv_code/ros2_ws2/install/my_robot_nbv_cmake/lib/my_robot_nbv_cmake/nbvc_ray_generationV3_beforeclean
-- Set non-toolchain portion of runtime path of "/home/jajayu/TomatoHarvesting_NextBestView/nbv_code/ros2_ws2/install/my_robot_nbv_cmake/lib/my_robot_nbv_cmake/nbvc_ray_generationV3_beforeclean" to ""
-- Installing: /home/jajayu/TomatoHarvesting_NextBestView/nbv_code/ros2_ws2/install/my_robot_nbv_cmake/lib/my_robot_nbv_cmake/libnbvc_lib_SdfModel.a
-- Up-to-date: /home/jajayu/TomatoHarvesting_NextBestView/nbv_code/ros2_ws2/install/my_robot_nbv_cmake/lib/my_robot_nbv_cmake/SdfModelV3
-- Installing: /home/jajayu/TomatoHarvesting_NextBestView/nbv_code/ros2_ws2/install/my_robot_nbv_cmake/lib/my_robot_nbv_cmake/BestViewModel
-- Set non-toolchain portion of runtime path of "/home/jajayu/TomatoHarvesting_NextBestView/nbv_code/ros2_ws2/install/my_robot_nbv_cmake/lib/my_robot_nbv_cmake/BestViewModel" to ""
-- Up-to-date: /home/jajayu/TomatoHarvesting_NextBestView/nbv_code/ros2_ws2/install/my_robot_nbv_cmake/share/ament_index/resource_index/package_run_dependencies/my_robot_nbv_cmake
-- Up-to-date: /home/jajayu/TomatoHarvesting_NextBestView/nbv_code/ros2_ws2/install/my_robot_nbv_cmake/share/ament_index/resource_index/parent_prefix_path/my_robot_nbv_cmake
-- Up-to-date: /home/jajayu/TomatoHarvesting_NextBestView/nbv_code/ros2_ws2/install/my_robot_nbv_cmake/share/my_robot_nbv_cmake/environment/ament_prefix_path.sh
-- Up-to-date: /home/jajayu/TomatoHarvesting_NextBestView/nbv_code/ros2_ws2/install/my_robot_nbv_cmake/share/my_robot_nbv_cmake/environment/ament_prefix_path.dsv
-- Up-to-date: /home/jajayu/TomatoHarvesting_NextBestView/nbv_code/ros2_ws2/install/my_robot_nbv_cmake/share/my_robot_nbv_cmake/environment/path.sh
-- Up-to-date: /home/jajayu/TomatoHarvesting_NextBestView/nbv_code/ros2_ws2/install/my_robot_nbv_cmake/share/my_robot_nbv_cmake/environment/path.dsv
-- Up-to-date: /home/jajayu/TomatoHarvesting_NextBestView/nbv_code/ros2_ws2/install/my_robot_nbv_cmake/share/my_robot_nbv_cmake/local_setup.bash
-- Up-to-date: /home/jajayu/TomatoHarvesting_NextBestView/nbv_code/ros2_ws2/install/my_robot_nbv_cmake/share/my_robot_nbv_cmake/local_setup.sh
-- Up-to-date: /home/jajayu/TomatoHarvesting_NextBestView/nbv_code/ros2_ws2/install/my_robot_nbv_cmake/share/my_robot_nbv_cmake/local_setup.zsh
-- Up-to-date: /home/jajayu/TomatoHarvesting_NextBestView/nbv_code/ros2_ws2/install/my_robot_nbv_cmake/share/my_robot_nbv_cmake/local_setup.dsv
-- Installing: /home/jajayu/TomatoHarvesting_NextBestView/nbv_code/ros2_ws2/install/my_robot_nbv_cmake/share/my_robot_nbv_cmake/package.dsv
-- Up-to-date: /home/jajayu/TomatoHarvesting_NextBestView/nbv_code/ros2_ws2/install/my_robot_nbv_cmake/share/ament_index/resource_index/packages/my_robot_nbv_cmake
-- Up-to-date: /home/jajayu/TomatoHarvesting_NextBestView/nbv_code/ros2_ws2/install/my_robot_nbv_cmake/share/my_robot_nbv_cmake/cmake/my_robot_nbv_cmakeConfig.cmake
-- Up-to-date: /home/jajayu/TomatoHarvesting_NextBestView/nbv_code/ros2_ws2/install/my_robot_nbv_cmake/share/my_robot_nbv_cmake/cmake/my_robot_nbv_cmakeConfig-version.cmake
-- Up-to-date: /home/jajayu/TomatoHarvesting_NextBestView/nbv_code/ros2_ws2/install/my_robot_nbv_cmake/share/my_robot_nbv_cmake/package.xml
