[0.021s] Invoking command in '/home/jajayu/TomatoHarvesting_NextBestView/nbv_code/ros2_ws2/build/my_robot_nbv_cmake': CMAKE_PREFIX_PATH=${CMAKE_PREFIX_PATH}:/home/jajayu/TomatoHarvesting_NextBestView/nbv_code/ros2_ws2/install/my_robot_nbv:/home/jajayu/TomatoHarvesting_NextBestView/nbv_code/ros2_ws2/install/my_robot_cam:/home/jajayu/ros2_ws/install/webots_ros2_tests:/home/jajayu/ros2_ws/install/webots_ros2:/home/jajayu/ros2_ws/install/pcd_demo:/home/jajayu/ros2_ws/install/my_robot_controller:/home/jajayu/ros2_ws/install/my_robot_cam:/home/jajayu/ros2_ws/install/gazebo_tutorial:/opt/ros/humble /home/jajayu/.local/bin/cmake --build /home/jajayu/TomatoHarvesting_NextBestView/nbv_code/ros2_ws2/build/my_robot_nbv_cmake -- -j8 -l8
[0.165s] [ 50%] Built target nbvc_lib_SdfModel
[0.194s] [ 75%] [32mBuilding CXX object CMakeFiles/nbvc_ray_generation.dir/src/nbvc_ray_generation.cpp.o[0m
[19.057s] [100%] [32m[1mLinking CXX executable nbvc_ray_generation[0m
[19.707s] [100%] Built target nbvc_ray_generation
[19.727s] Invoked command in '/home/jajayu/TomatoHarvesting_NextBestView/nbv_code/ros2_ws2/build/my_robot_nbv_cmake' returned '0': CMAKE_PREFIX_PATH=${CMAKE_PREFIX_PATH}:/home/jajayu/TomatoHarvesting_NextBestView/nbv_code/ros2_ws2/install/my_robot_nbv:/home/jajayu/TomatoHarvesting_NextBestView/nbv_code/ros2_ws2/install/my_robot_cam:/home/jajayu/ros2_ws/install/webots_ros2_tests:/home/jajayu/ros2_ws/install/webots_ros2:/home/jajayu/ros2_ws/install/pcd_demo:/home/jajayu/ros2_ws/install/my_robot_controller:/home/jajayu/ros2_ws/install/my_robot_cam:/home/jajayu/ros2_ws/install/gazebo_tutorial:/opt/ros/humble /home/jajayu/.local/bin/cmake --build /home/jajayu/TomatoHarvesting_NextBestView/nbv_code/ros2_ws2/build/my_robot_nbv_cmake -- -j8 -l8
[20.003s] Invoking command in '/home/jajayu/TomatoHarvesting_NextBestView/nbv_code/ros2_ws2/build/my_robot_nbv_cmake': CMAKE_PREFIX_PATH=${CMAKE_PREFIX_PATH}:/home/jajayu/TomatoHarvesting_NextBestView/nbv_code/ros2_ws2/install/my_robot_nbv:/home/jajayu/TomatoHarvesting_NextBestView/nbv_code/ros2_ws2/install/my_robot_cam:/home/jajayu/ros2_ws/install/webots_ros2_tests:/home/jajayu/ros2_ws/install/webots_ros2:/home/jajayu/ros2_ws/install/pcd_demo:/home/jajayu/ros2_ws/install/my_robot_controller:/home/jajayu/ros2_ws/install/my_robot_cam:/home/jajayu/ros2_ws/install/gazebo_tutorial:/opt/ros/humble /home/jajayu/.local/bin/cmake --install /home/jajayu/TomatoHarvesting_NextBestView/nbv_code/ros2_ws2/build/my_robot_nbv_cmake
[20.106s] -- Install configuration: ""
[20.106s] -- Installing: /home/jajayu/TomatoHarvesting_NextBestView/nbv_code/ros2_ws2/install/my_robot_nbv_cmake/lib/my_robot_nbv_cmake/nbvc_ray_generation
[20.111s] -- Set non-toolchain portion of runtime path of "/home/jajayu/TomatoHarvesting_NextBestView/nbv_code/ros2_ws2/install/my_robot_nbv_cmake/lib/my_robot_nbv_cmake/nbvc_ray_generation" to ""
[20.111s] -- Up-to-date: /home/jajayu/TomatoHarvesting_NextBestView/nbv_code/ros2_ws2/install/my_robot_nbv_cmake/lib/my_robot_nbv_cmake/libnbvc_lib_SdfModel.a
[20.111s] -- Up-to-date: /home/jajayu/TomatoHarvesting_NextBestView/nbv_code/ros2_ws2/install/my_robot_nbv_cmake/share/ament_index/resource_index/package_run_dependencies/my_robot_nbv_cmake
[20.112s] -- Up-to-date: /home/jajayu/TomatoHarvesting_NextBestView/nbv_code/ros2_ws2/install/my_robot_nbv_cmake/share/ament_index/resource_index/parent_prefix_path/my_robot_nbv_cmake
[20.112s] -- Up-to-date: /home/jajayu/TomatoHarvesting_NextBestView/nbv_code/ros2_ws2/install/my_robot_nbv_cmake/share/my_robot_nbv_cmake/environment/ament_prefix_path.sh
[20.112s] -- Up-to-date: /home/jajayu/TomatoHarvesting_NextBestView/nbv_code/ros2_ws2/install/my_robot_nbv_cmake/share/my_robot_nbv_cmake/environment/ament_prefix_path.dsv
[20.112s] -- Up-to-date: /home/jajayu/TomatoHarvesting_NextBestView/nbv_code/ros2_ws2/install/my_robot_nbv_cmake/share/my_robot_nbv_cmake/environment/path.sh
[20.112s] -- Up-to-date: /home/jajayu/TomatoHarvesting_NextBestView/nbv_code/ros2_ws2/install/my_robot_nbv_cmake/share/my_robot_nbv_cmake/environment/path.dsv
[20.112s] -- Up-to-date: /home/jajayu/TomatoHarvesting_NextBestView/nbv_code/ros2_ws2/install/my_robot_nbv_cmake/share/my_robot_nbv_cmake/local_setup.bash
[20.112s] -- Up-to-date: /home/jajayu/TomatoHarvesting_NextBestView/nbv_code/ros2_ws2/install/my_robot_nbv_cmake/share/my_robot_nbv_cmake/local_setup.sh
[20.112s] -- Up-to-date: /home/jajayu/TomatoHarvesting_NextBestView/nbv_code/ros2_ws2/install/my_robot_nbv_cmake/share/my_robot_nbv_cmake/local_setup.zsh
[20.113s] -- Up-to-date: /home/jajayu/TomatoHarvesting_NextBestView/nbv_code/ros2_ws2/install/my_robot_nbv_cmake/share/my_robot_nbv_cmake/local_setup.dsv
[20.113s] -- Installing: /home/jajayu/TomatoHarvesting_NextBestView/nbv_code/ros2_ws2/install/my_robot_nbv_cmake/share/my_robot_nbv_cmake/package.dsv
[20.113s] -- Up-to-date: /home/jajayu/TomatoHarvesting_NextBestView/nbv_code/ros2_ws2/install/my_robot_nbv_cmake/share/ament_index/resource_index/packages/my_robot_nbv_cmake
[20.113s] -- Up-to-date: /home/jajayu/TomatoHarvesting_NextBestView/nbv_code/ros2_ws2/install/my_robot_nbv_cmake/share/my_robot_nbv_cmake/cmake/my_robot_nbv_cmakeConfig.cmake
[20.113s] -- Up-to-date: /home/jajayu/TomatoHarvesting_NextBestView/nbv_code/ros2_ws2/install/my_robot_nbv_cmake/share/my_robot_nbv_cmake/cmake/my_robot_nbv_cmakeConfig-version.cmake
[20.113s] -- Up-to-date: /home/jajayu/TomatoHarvesting_NextBestView/nbv_code/ros2_ws2/install/my_robot_nbv_cmake/share/my_robot_nbv_cmake/package.xml
[20.127s] Invoked command in '/home/jajayu/TomatoHarvesting_NextBestView/nbv_code/ros2_ws2/build/my_robot_nbv_cmake' returned '0': CMAKE_PREFIX_PATH=${CMAKE_PREFIX_PATH}:/home/jajayu/TomatoHarvesting_NextBestView/nbv_code/ros2_ws2/install/my_robot_nbv:/home/jajayu/TomatoHarvesting_NextBestView/nbv_code/ros2_ws2/install/my_robot_cam:/home/jajayu/ros2_ws/install/webots_ros2_tests:/home/jajayu/ros2_ws/install/webots_ros2:/home/jajayu/ros2_ws/install/pcd_demo:/home/jajayu/ros2_ws/install/my_robot_controller:/home/jajayu/ros2_ws/install/my_robot_cam:/home/jajayu/ros2_ws/install/gazebo_tutorial:/opt/ros/humble /home/jajayu/.local/bin/cmake --install /home/jajayu/TomatoHarvesting_NextBestView/nbv_code/ros2_ws2/build/my_robot_nbv_cmake
