[0.034s] Invoking command in '/home/rmml05/nbv_JaJaYu/TomatoHarvesting_NextBestView/nbv_code/nbv_for_local_computer/ros2_ws2_local/build/my_bot': CMAKE_PREFIX_PATH=${CMAKE_PREFIX_PATH}:/home/rmml05/thr_ws/install/ugv_path_tracking:/home/rmml05/thr_ws/install/tm_mod_urdf:/home/rmml05/thr_ws/install/tm_get_status:/home/rmml05/thr_ws/install/tm_arm_control_py:/home/rmml05/thr_ws/install/thr_gui_teleoperation:/home/rmml05/thr_ws/install/thr_daq:/home/rmml05/thr_ws/install/thr_controller_py:/home/rmml05/thr_ws/install/teaching_nav:/home/rmml05/thr_ws/install/ros_tcp_endpoint:/home/rmml05/thr_ws/install/pcl_conversions:/home/rmml05/thr_ws/install/moveit_cmd_adapter:/home/rmml05/thr_ws/install/gripper_srv_action_bridge:/home/rmml05/thr_ws/install/gripper_controller:/home/rmml05/thr_ws/install/delta_bt_python:/home/rmml05/thr_ws/install/camera_d435:/home/rmml05/thr_ws/install/bvp_driver_interface_py:/home/rmml05/ws_moveit/install/moveit_configs_utils:/home/rmml05/ws_moveit/install/launch_param_builder:/opt/ros/humble /home/rmml05/.local/bin/cmake /home/rmml05/nbv_JaJaYu/TomatoHarvesting_NextBestView/nbv_code/nbv_for_local_computer/ros2_ws2_local/src/my_bot -DCMAKE_INSTALL_PREFIX=/home/rmml05/nbv_JaJaYu/TomatoHarvesting_NextBestView/nbv_code/nbv_for_local_computer/ros2_ws2_local/install/my_bot
[0.191s] [0mCMake Deprecation Warning at CMakeLists.txt:1 (cmake_minimum_required):
[0.191s]   Compatibility with CMake < 3.10 will be removed from a future version of
[0.191s]   CMake.
[0.191s] 
[0.191s]   Update the VERSION argument <min> value.  Or, use the <min>...<max> syntax
[0.192s]   to tell CMake that the project requires at least <min> but has been updated
[0.192s]   to work with policies introduced by <max> or earlier.
[0.192s] 
[0.192s] [0m
[0.288s] -- The C compiler identification is GNU 11.4.0
[0.386s] -- The CXX compiler identification is GNU 11.4.0
[0.402s] -- Detecting C compiler ABI info
[0.537s] -- Detecting C compiler ABI info - done
[0.560s] -- Check for working C compiler: /usr/bin/cc - skipped
[0.560s] -- Detecting C compile features
[0.561s] -- Detecting C compile features - done
[0.588s] -- Detecting CXX compiler ABI info
[0.744s] -- Detecting CXX compiler ABI info - done
[0.769s] -- Check for working CXX compiler: /usr/bin/c++ - skipped
[0.769s] -- Detecting CXX compile features
[0.770s] -- Detecting CXX compile features - done
[0.804s] -- Found ament_cmake: 1.3.11 (/opt/ros/humble/share/ament_cmake/cmake)
[1.188s] -- Found Python3: /usr/bin/python3 (found version "3.10.12") found components: Interpreter
[1.573s] -- Found ament_lint_auto: 0.12.11 (/opt/ros/humble/share/ament_lint_auto/cmake)
[1.864s] -- Added test 'copyright' to check source files copyright and LICENSE
[1.874s] -- Added test 'flake8' to check Python code syntax and style conventions
[1.880s] -- Added test 'lint_cmake' to check CMake code style
[1.884s] -- Added test 'pep257' to check Python code against some of the docstring style conventions in PEP 257
[1.892s] -- Added test 'xmllint' to check XML markup files
[1.900s] -- Configuring done (1.7s)
[1.907s] -- Generating done (0.0s)
[1.909s] -- Build files have been written to: /home/rmml05/nbv_JaJaYu/TomatoHarvesting_NextBestView/nbv_code/nbv_for_local_computer/ros2_ws2_local/build/my_bot
[1.919s] Invoked command in '/home/rmml05/nbv_JaJaYu/TomatoHarvesting_NextBestView/nbv_code/nbv_for_local_computer/ros2_ws2_local/build/my_bot' returned '0': CMAKE_PREFIX_PATH=${CMAKE_PREFIX_PATH}:/home/rmml05/thr_ws/install/ugv_path_tracking:/home/rmml05/thr_ws/install/tm_mod_urdf:/home/rmml05/thr_ws/install/tm_get_status:/home/rmml05/thr_ws/install/tm_arm_control_py:/home/rmml05/thr_ws/install/thr_gui_teleoperation:/home/rmml05/thr_ws/install/thr_daq:/home/rmml05/thr_ws/install/thr_controller_py:/home/rmml05/thr_ws/install/teaching_nav:/home/rmml05/thr_ws/install/ros_tcp_endpoint:/home/rmml05/thr_ws/install/pcl_conversions:/home/rmml05/thr_ws/install/moveit_cmd_adapter:/home/rmml05/thr_ws/install/gripper_srv_action_bridge:/home/rmml05/thr_ws/install/gripper_controller:/home/rmml05/thr_ws/install/delta_bt_python:/home/rmml05/thr_ws/install/camera_d435:/home/rmml05/thr_ws/install/bvp_driver_interface_py:/home/rmml05/ws_moveit/install/moveit_configs_utils:/home/rmml05/ws_moveit/install/launch_param_builder:/opt/ros/humble /home/rmml05/.local/bin/cmake /home/rmml05/nbv_JaJaYu/TomatoHarvesting_NextBestView/nbv_code/nbv_for_local_computer/ros2_ws2_local/src/my_bot -DCMAKE_INSTALL_PREFIX=/home/rmml05/nbv_JaJaYu/TomatoHarvesting_NextBestView/nbv_code/nbv_for_local_computer/ros2_ws2_local/install/my_bot
[1.922s] Invoking command in '/home/rmml05/nbv_JaJaYu/TomatoHarvesting_NextBestView/nbv_code/nbv_for_local_computer/ros2_ws2_local/build/my_bot': CMAKE_PREFIX_PATH=${CMAKE_PREFIX_PATH}:/home/rmml05/thr_ws/install/ugv_path_tracking:/home/rmml05/thr_ws/install/tm_mod_urdf:/home/rmml05/thr_ws/install/tm_get_status:/home/rmml05/thr_ws/install/tm_arm_control_py:/home/rmml05/thr_ws/install/thr_gui_teleoperation:/home/rmml05/thr_ws/install/thr_daq:/home/rmml05/thr_ws/install/thr_controller_py:/home/rmml05/thr_ws/install/teaching_nav:/home/rmml05/thr_ws/install/ros_tcp_endpoint:/home/rmml05/thr_ws/install/pcl_conversions:/home/rmml05/thr_ws/install/moveit_cmd_adapter:/home/rmml05/thr_ws/install/gripper_srv_action_bridge:/home/rmml05/thr_ws/install/gripper_controller:/home/rmml05/thr_ws/install/delta_bt_python:/home/rmml05/thr_ws/install/camera_d435:/home/rmml05/thr_ws/install/bvp_driver_interface_py:/home/rmml05/ws_moveit/install/moveit_configs_utils:/home/rmml05/ws_moveit/install/launch_param_builder:/opt/ros/humble /home/rmml05/.local/bin/cmake --build /home/rmml05/nbv_JaJaYu/TomatoHarvesting_NextBestView/nbv_code/nbv_for_local_computer/ros2_ws2_local/build/my_bot -- -j12 -l12
[2.117s] Invoked command in '/home/rmml05/nbv_JaJaYu/TomatoHarvesting_NextBestView/nbv_code/nbv_for_local_computer/ros2_ws2_local/build/my_bot' returned '0': CMAKE_PREFIX_PATH=${CMAKE_PREFIX_PATH}:/home/rmml05/thr_ws/install/ugv_path_tracking:/home/rmml05/thr_ws/install/tm_mod_urdf:/home/rmml05/thr_ws/install/tm_get_status:/home/rmml05/thr_ws/install/tm_arm_control_py:/home/rmml05/thr_ws/install/thr_gui_teleoperation:/home/rmml05/thr_ws/install/thr_daq:/home/rmml05/thr_ws/install/thr_controller_py:/home/rmml05/thr_ws/install/teaching_nav:/home/rmml05/thr_ws/install/ros_tcp_endpoint:/home/rmml05/thr_ws/install/pcl_conversions:/home/rmml05/thr_ws/install/moveit_cmd_adapter:/home/rmml05/thr_ws/install/gripper_srv_action_bridge:/home/rmml05/thr_ws/install/gripper_controller:/home/rmml05/thr_ws/install/delta_bt_python:/home/rmml05/thr_ws/install/camera_d435:/home/rmml05/thr_ws/install/bvp_driver_interface_py:/home/rmml05/ws_moveit/install/moveit_configs_utils:/home/rmml05/ws_moveit/install/launch_param_builder:/opt/ros/humble /home/rmml05/.local/bin/cmake --build /home/rmml05/nbv_JaJaYu/TomatoHarvesting_NextBestView/nbv_code/nbv_for_local_computer/ros2_ws2_local/build/my_bot -- -j12 -l12
[2.280s] Invoking command in '/home/rmml05/nbv_JaJaYu/TomatoHarvesting_NextBestView/nbv_code/nbv_for_local_computer/ros2_ws2_local/build/my_bot': CMAKE_PREFIX_PATH=${CMAKE_PREFIX_PATH}:/home/rmml05/thr_ws/install/ugv_path_tracking:/home/rmml05/thr_ws/install/tm_mod_urdf:/home/rmml05/thr_ws/install/tm_get_status:/home/rmml05/thr_ws/install/tm_arm_control_py:/home/rmml05/thr_ws/install/thr_gui_teleoperation:/home/rmml05/thr_ws/install/thr_daq:/home/rmml05/thr_ws/install/thr_controller_py:/home/rmml05/thr_ws/install/teaching_nav:/home/rmml05/thr_ws/install/ros_tcp_endpoint:/home/rmml05/thr_ws/install/pcl_conversions:/home/rmml05/thr_ws/install/moveit_cmd_adapter:/home/rmml05/thr_ws/install/gripper_srv_action_bridge:/home/rmml05/thr_ws/install/gripper_controller:/home/rmml05/thr_ws/install/delta_bt_python:/home/rmml05/thr_ws/install/camera_d435:/home/rmml05/thr_ws/install/bvp_driver_interface_py:/home/rmml05/ws_moveit/install/moveit_configs_utils:/home/rmml05/ws_moveit/install/launch_param_builder:/opt/ros/humble /home/rmml05/.local/bin/cmake --install /home/rmml05/nbv_JaJaYu/TomatoHarvesting_NextBestView/nbv_code/nbv_for_local_computer/ros2_ws2_local/build/my_bot
[2.436s] -- Install configuration: ""
[2.437s] -- Installing: /home/rmml05/nbv_JaJaYu/TomatoHarvesting_NextBestView/nbv_code/nbv_for_local_computer/ros2_ws2_local/install/my_bot/share/my_bot/config
[2.437s] -- Installing: /home/rmml05/nbv_JaJaYu/TomatoHarvesting_NextBestView/nbv_code/nbv_for_local_computer/ros2_ws2_local/install/my_bot/share/my_bot/config/empty.yaml
[2.437s] -- Installing: /home/rmml05/nbv_JaJaYu/TomatoHarvesting_NextBestView/nbv_code/nbv_for_local_computer/ros2_ws2_local/install/my_bot/share/my_bot/config/view_bot.rviz
[2.437s] -- Installing: /home/rmml05/nbv_JaJaYu/TomatoHarvesting_NextBestView/nbv_code/nbv_for_local_computer/ros2_ws2_local/install/my_bot/share/my_bot/config/camera_bot3.rviz
[2.437s] -- Installing: /home/rmml05/nbv_JaJaYu/TomatoHarvesting_NextBestView/nbv_code/nbv_for_local_computer/ros2_ws2_local/install/my_bot/share/my_bot/config/camera_bot2.rviz
[2.437s] -- Installing: /home/rmml05/nbv_JaJaYu/TomatoHarvesting_NextBestView/nbv_code/nbv_for_local_computer/ros2_ws2_local/install/my_bot/share/my_bot/config/drive_bot.rviz
[2.438s] -- Installing: /home/rmml05/nbv_JaJaYu/TomatoHarvesting_NextBestView/nbv_code/nbv_for_local_computer/ros2_ws2_local/install/my_bot/share/my_bot/config/camera_bot.rviz
[2.438s] -- Installing: /home/rmml05/nbv_JaJaYu/TomatoHarvesting_NextBestView/nbv_code/nbv_for_local_computer/ros2_ws2_local/install/my_bot/share/my_bot/description
[2.438s] -- Installing: /home/rmml05/nbv_JaJaYu/TomatoHarvesting_NextBestView/nbv_code/nbv_for_local_computer/ros2_ws2_local/install/my_bot/share/my_bot/description/camera.xacro
[2.438s] -- Installing: /home/rmml05/nbv_JaJaYu/TomatoHarvesting_NextBestView/nbv_code/nbv_for_local_computer/ros2_ws2_local/install/my_bot/share/my_bot/description/robot_core.xacro
[2.438s] -- Installing: /home/rmml05/nbv_JaJaYu/TomatoHarvesting_NextBestView/nbv_code/nbv_for_local_computer/ros2_ws2_local/install/my_bot/share/my_bot/description/depth_camera.xacro
[2.438s] -- Installing: /home/rmml05/nbv_JaJaYu/TomatoHarvesting_NextBestView/nbv_code/nbv_for_local_computer/ros2_ws2_local/install/my_bot/share/my_bot/description/gazebo_control.xacro
[2.438s] -- Installing: /home/rmml05/nbv_JaJaYu/TomatoHarvesting_NextBestView/nbv_code/nbv_for_local_computer/ros2_ws2_local/install/my_bot/share/my_bot/description/robot.urdf.xacro
[2.439s] -- Installing: /home/rmml05/nbv_JaJaYu/TomatoHarvesting_NextBestView/nbv_code/nbv_for_local_computer/ros2_ws2_local/install/my_bot/share/my_bot/description/inertial_macros.xacro
[2.439s] -- Installing: /home/rmml05/nbv_JaJaYu/TomatoHarvesting_NextBestView/nbv_code/nbv_for_local_computer/ros2_ws2_local/install/my_bot/share/my_bot/launch
[2.439s] -- Installing: /home/rmml05/nbv_JaJaYu/TomatoHarvesting_NextBestView/nbv_code/nbv_for_local_computer/ros2_ws2_local/install/my_bot/share/my_bot/launch/launch_sim.launch.py
[2.439s] -- Installing: /home/rmml05/nbv_JaJaYu/TomatoHarvesting_NextBestView/nbv_code/nbv_for_local_computer/ros2_ws2_local/install/my_bot/share/my_bot/launch/rsp.launch.py
[2.439s] -- Installing: /home/rmml05/nbv_JaJaYu/TomatoHarvesting_NextBestView/nbv_code/nbv_for_local_computer/ros2_ws2_local/install/my_bot/share/my_bot/worlds
[2.439s] -- Installing: /home/rmml05/nbv_JaJaYu/TomatoHarvesting_NextBestView/nbv_code/nbv_for_local_computer/ros2_ws2_local/install/my_bot/share/my_bot/worlds/tomato_plant_set3_v2.world
[2.440s] -- Installing: /home/rmml05/nbv_JaJaYu/TomatoHarvesting_NextBestView/nbv_code/nbv_for_local_computer/ros2_ws2_local/install/my_bot/share/my_bot/worlds/tomato_plant_set8_fortest_nbv_filter.world
[2.441s] -- Installing: /home/rmml05/nbv_JaJaYu/TomatoHarvesting_NextBestView/nbv_code/nbv_for_local_computer/ros2_ws2_local/install/my_bot/share/my_bot/worlds/tomato_plant_set3_v4.world
[2.441s] -- Installing: /home/rmml05/nbv_JaJaYu/TomatoHarvesting_NextBestView/nbv_code/nbv_for_local_computer/ros2_ws2_local/install/my_bot/share/my_bot/worlds/tomato_try2.world
[2.441s] -- Installing: /home/rmml05/nbv_JaJaYu/TomatoHarvesting_NextBestView/nbv_code/nbv_for_local_computer/ros2_ws2_local/install/my_bot/share/my_bot/worlds/tomato_plant_set2.world
[2.441s] -- Installing: /home/rmml05/nbv_JaJaYu/TomatoHarvesting_NextBestView/nbv_code/nbv_for_local_computer/ros2_ws2_local/install/my_bot/share/my_bot/worlds/empty.world
[2.441s] -- Installing: /home/rmml05/nbv_JaJaYu/TomatoHarvesting_NextBestView/nbv_code/nbv_for_local_computer/ros2_ws2_local/install/my_bot/share/my_bot/worlds/tomato_plant_set7_fortest_nbv_filter.world
[2.442s] -- Installing: /home/rmml05/nbv_JaJaYu/TomatoHarvesting_NextBestView/nbv_code/nbv_for_local_computer/ros2_ws2_local/install/my_bot/share/my_bot/worlds/tomato_try.world
[2.442s] -- Installing: /home/rmml05/nbv_JaJaYu/TomatoHarvesting_NextBestView/nbv_code/nbv_for_local_computer/ros2_ws2_local/install/my_bot/share/my_bot/worlds/tomato_try.world/model.sdf
[2.442s] -- Installing: /home/rmml05/nbv_JaJaYu/TomatoHarvesting_NextBestView/nbv_code/nbv_for_local_computer/ros2_ws2_local/install/my_bot/share/my_bot/worlds/tomato_try.world/model.config
[2.442s] -- Installing: /home/rmml05/nbv_JaJaYu/TomatoHarvesting_NextBestView/nbv_code/nbv_for_local_computer/ros2_ws2_local/install/my_bot/share/my_bot/worlds/tomato_plant_set3.world
[2.442s] -- Installing: /home/rmml05/nbv_JaJaYu/TomatoHarvesting_NextBestView/nbv_code/nbv_for_local_computer/ros2_ws2_local/install/my_bot/share/my_bot/worlds/tomato_plant_set3_v3.world
[2.442s] -- Installing: /home/rmml05/nbv_JaJaYu/TomatoHarvesting_NextBestView/nbv_code/nbv_for_local_computer/ros2_ws2_local/install/my_bot/share/my_bot/worlds/obstacles.world
[2.443s] -- Installing: /home/rmml05/nbv_JaJaYu/TomatoHarvesting_NextBestView/nbv_code/nbv_for_local_computer/ros2_ws2_local/install/my_bot/share/my_bot/worlds/tomato_plant_set5.world
[2.443s] -- Installing: /home/rmml05/nbv_JaJaYu/TomatoHarvesting_NextBestView/nbv_code/nbv_for_local_computer/ros2_ws2_local/install/my_bot/share/my_bot/worlds/tomato_plant_set3_v5.world
[2.443s] -- Installing: /home/rmml05/nbv_JaJaYu/TomatoHarvesting_NextBestView/nbv_code/nbv_for_local_computer/ros2_ws2_local/install/my_bot/share/my_bot/worlds/tomato_plant_set6.world
[2.443s] -- Installing: /home/rmml05/nbv_JaJaYu/TomatoHarvesting_NextBestView/nbv_code/nbv_for_local_computer/ros2_ws2_local/install/my_bot/share/my_bot/worlds/tomato_plantset.world
[2.443s] -- Installing: /home/rmml05/nbv_JaJaYu/TomatoHarvesting_NextBestView/nbv_code/nbv_for_local_computer/ros2_ws2_local/install/my_bot/share/my_bot/worlds/tomato_plant_set4.world
[2.444s] -- Installing: /home/rmml05/nbv_JaJaYu/TomatoHarvesting_NextBestView/nbv_code/nbv_for_local_computer/ros2_ws2_local/install/my_bot/share/ament_index/resource_index/package_run_dependencies/my_bot
[2.444s] -- Installing: /home/rmml05/nbv_JaJaYu/TomatoHarvesting_NextBestView/nbv_code/nbv_for_local_computer/ros2_ws2_local/install/my_bot/share/ament_index/resource_index/parent_prefix_path/my_bot
[2.444s] -- Installing: /home/rmml05/nbv_JaJaYu/TomatoHarvesting_NextBestView/nbv_code/nbv_for_local_computer/ros2_ws2_local/install/my_bot/share/my_bot/environment/ament_prefix_path.sh
[2.445s] -- Installing: /home/rmml05/nbv_JaJaYu/TomatoHarvesting_NextBestView/nbv_code/nbv_for_local_computer/ros2_ws2_local/install/my_bot/share/my_bot/environment/ament_prefix_path.dsv
[2.445s] -- Installing: /home/rmml05/nbv_JaJaYu/TomatoHarvesting_NextBestView/nbv_code/nbv_for_local_computer/ros2_ws2_local/install/my_bot/share/my_bot/environment/path.sh
[2.445s] -- Installing: /home/rmml05/nbv_JaJaYu/TomatoHarvesting_NextBestView/nbv_code/nbv_for_local_computer/ros2_ws2_local/install/my_bot/share/my_bot/environment/path.dsv
[2.445s] -- Installing: /home/rmml05/nbv_JaJaYu/TomatoHarvesting_NextBestView/nbv_code/nbv_for_local_computer/ros2_ws2_local/install/my_bot/share/my_bot/local_setup.bash
[2.445s] -- Installing: /home/rmml05/nbv_JaJaYu/TomatoHarvesting_NextBestView/nbv_code/nbv_for_local_computer/ros2_ws2_local/install/my_bot/share/my_bot/local_setup.sh
[2.445s] -- Installing: /home/rmml05/nbv_JaJaYu/TomatoHarvesting_NextBestView/nbv_code/nbv_for_local_computer/ros2_ws2_local/install/my_bot/share/my_bot/local_setup.zsh
[2.446s] -- Installing: /home/rmml05/nbv_JaJaYu/TomatoHarvesting_NextBestView/nbv_code/nbv_for_local_computer/ros2_ws2_local/install/my_bot/share/my_bot/local_setup.dsv
[2.446s] -- Installing: /home/rmml05/nbv_JaJaYu/TomatoHarvesting_NextBestView/nbv_code/nbv_for_local_computer/ros2_ws2_local/install/my_bot/share/my_bot/package.dsv
[2.446s] -- Installing: /home/rmml05/nbv_JaJaYu/TomatoHarvesting_NextBestView/nbv_code/nbv_for_local_computer/ros2_ws2_local/install/my_bot/share/ament_index/resource_index/packages/my_bot
[2.446s] -- Installing: /home/rmml05/nbv_JaJaYu/TomatoHarvesting_NextBestView/nbv_code/nbv_for_local_computer/ros2_ws2_local/install/my_bot/share/my_bot/cmake/my_botConfig.cmake
[2.447s] -- Installing: /home/rmml05/nbv_JaJaYu/TomatoHarvesting_NextBestView/nbv_code/nbv_for_local_computer/ros2_ws2_local/install/my_bot/share/my_bot/cmake/my_botConfig-version.cmake
[2.447s] -- Installing: /home/rmml05/nbv_JaJaYu/TomatoHarvesting_NextBestView/nbv_code/nbv_for_local_computer/ros2_ws2_local/install/my_bot/share/my_bot/package.xml
[2.450s] Invoked command in '/home/rmml05/nbv_JaJaYu/TomatoHarvesting_NextBestView/nbv_code/nbv_for_local_computer/ros2_ws2_local/build/my_bot' returned '0': CMAKE_PREFIX_PATH=${CMAKE_PREFIX_PATH}:/home/rmml05/thr_ws/install/ugv_path_tracking:/home/rmml05/thr_ws/install/tm_mod_urdf:/home/rmml05/thr_ws/install/tm_get_status:/home/rmml05/thr_ws/install/tm_arm_control_py:/home/rmml05/thr_ws/install/thr_gui_teleoperation:/home/rmml05/thr_ws/install/thr_daq:/home/rmml05/thr_ws/install/thr_controller_py:/home/rmml05/thr_ws/install/teaching_nav:/home/rmml05/thr_ws/install/ros_tcp_endpoint:/home/rmml05/thr_ws/install/pcl_conversions:/home/rmml05/thr_ws/install/moveit_cmd_adapter:/home/rmml05/thr_ws/install/gripper_srv_action_bridge:/home/rmml05/thr_ws/install/gripper_controller:/home/rmml05/thr_ws/install/delta_bt_python:/home/rmml05/thr_ws/install/camera_d435:/home/rmml05/thr_ws/install/bvp_driver_interface_py:/home/rmml05/ws_moveit/install/moveit_configs_utils:/home/rmml05/ws_moveit/install/launch_param_builder:/opt/ros/humble /home/rmml05/.local/bin/cmake --install /home/rmml05/nbv_JaJaYu/TomatoHarvesting_NextBestView/nbv_code/nbv_for_local_computer/ros2_ws2_local/build/my_bot
