[1.036s] Invoking command in '/home/jajayu/TomatoHarvesting_NextBestView/nbv_code/ros2_ws2/src/my_robot_nbv': CMAKE_PREFIX_PATH=/home/jajayu/TomatoHarvesting_NextBestView/nbv_code/ros2_ws2/install/message_interfaces:/home/jajayu/TomatoHarvesting_NextBestView/nbv_code/ros2_ws2/install/realsense2_description:/home/jajayu/TomatoHarvesting_NextBestView/nbv_code/ros2_ws2/install/realsense2_camera:/home/jajayu/TomatoHarvesting_NextBestView/nbv_code/ros2_ws2/install/realsense2_camera_msgs:/home/jajayu/TomatoHarvesting_NextBestView/nbv_code/ros2_ws2/install/octomap_server2:/home/jajayu/TomatoHarvesting_NextBestView/nbv_code/ros2_ws2/install/my_robot_nbv_cmake:/home/jajayu/TomatoHarvesting_NextBestView/nbv_code/ros2_ws2/install/my_bot:/home/jajayu/ros2_ws/install/urdf_example:/home/jajayu/ros2_ws/install/perception_pcl:/home/jajayu/ros2_ws/install/pcl_ros:/home/jajayu/ros2_ws/install/octomap_server2:/home/jajayu/ros2_ws/install/pcl_conversions:/home/jajayu/ros2_ws/install/pcl_msgs:/home/jajayu/ros2_ws/install/my_robot_cam_cmake:/home/jajayu/ros2_ws/install/my_bot:/home/jajayu/ros2_ws/install/depthimage_to_pointcloud2 LD_LIBRARY_PATH=/home/jajayu/TomatoHarvesting_NextBestView/nbv_code/ros2_ws2/install/message_interfaces/lib:/home/jajayu/open3d_install/lib:/home/jajayu/TomatoHarvesting_NextBestView/nbv_code/ros2_ws2/install/realsense2_camera/lib:/home/jajayu/TomatoHarvesting_NextBestView/nbv_code/ros2_ws2/install/realsense2_camera_msgs/lib:/home/jajayu/TomatoHarvesting_NextBestView/nbv_code/ros2_ws2/install/octomap_server2/lib:/home/jajayu/ros2_ws/install/pcl_ros/lib:/home/jajayu/ros2_ws/install/octomap_server2/lib:/home/jajayu/ros2_ws/install/pcl_msgs/lib:/usr/lib/x86_64-linux-gnu/gazebo-11/plugins:/opt/ros/humble/opt/rviz_ogre_vendor/lib:/opt/ros/humble/lib/x86_64-linux-gnu:/opt/ros/humble/lib PYTHONPATH=/home/jajayu/TomatoHarvesting_NextBestView/nbv_code/ros2_ws2/build/my_robot_nbv/prefix_override:/usr/lib/python3/dist-packages/colcon_core/task/python/colcon_distutils_commands:/home/jajayu/TomatoHarvesting_NextBestView/nbv_code/ros2_ws2/install/my_robot_nbv/lib/python3.10/site-packages:${PYTHONPATH} /usr/bin/python3 -W ignore:setup.py install is deprecated setup.py egg_info --egg-base ../../build/my_robot_nbv build --build-base /home/jajayu/TomatoHarvesting_NextBestView/nbv_code/ros2_ws2/build/my_robot_nbv/build install --record /home/jajayu/TomatoHarvesting_NextBestView/nbv_code/ros2_ws2/build/my_robot_nbv/install.log --single-version-externally-managed install_data
[1.409s] running egg_info
[1.410s] writing ../../build/my_robot_nbv/my_robot_nbv.egg-info/PKG-INFO
[1.411s] writing dependency_links to ../../build/my_robot_nbv/my_robot_nbv.egg-info/dependency_links.txt
[1.411s] writing entry points to ../../build/my_robot_nbv/my_robot_nbv.egg-info/entry_points.txt
[1.412s] writing requirements to ../../build/my_robot_nbv/my_robot_nbv.egg-info/requires.txt
[1.412s] writing top-level names to ../../build/my_robot_nbv/my_robot_nbv.egg-info/top_level.txt
[1.415s] reading manifest file '../../build/my_robot_nbv/my_robot_nbv.egg-info/SOURCES.txt'
[1.417s] writing manifest file '../../build/my_robot_nbv/my_robot_nbv.egg-info/SOURCES.txt'
[1.417s] running build
[1.417s] running build_py
[1.418s] copying my_robot_nbv/nbv_system_controller.py -> /home/jajayu/TomatoHarvesting_NextBestView/nbv_code/ros2_ws2/build/my_robot_nbv/build/lib/my_robot_nbv
[1.419s] running install
[1.420s] running install_lib
[1.422s] copying /home/jajayu/TomatoHarvesting_NextBestView/nbv_code/ros2_ws2/build/my_robot_nbv/build/lib/my_robot_nbv/nbv_system_controller.py -> /home/jajayu/TomatoHarvesting_NextBestView/nbv_code/ros2_ws2/install/my_robot_nbv/lib/python3.10/site-packages/my_robot_nbv
[1.423s] byte-compiling /home/jajayu/TomatoHarvesting_NextBestView/nbv_code/ros2_ws2/install/my_robot_nbv/lib/python3.10/site-packages/my_robot_nbv/nbv_system_controller.py to nbv_system_controller.cpython-310.pyc
[1.426s] running install_data
[1.426s] running install_egg_info
[1.429s] removing '/home/jajayu/TomatoHarvesting_NextBestView/nbv_code/ros2_ws2/install/my_robot_nbv/lib/python3.10/site-packages/my_robot_nbv-0.0.0-py3.10.egg-info' (and everything under it)
[1.432s] Copying ../../build/my_robot_nbv/my_robot_nbv.egg-info to /home/jajayu/TomatoHarvesting_NextBestView/nbv_code/ros2_ws2/install/my_robot_nbv/lib/python3.10/site-packages/my_robot_nbv-0.0.0-py3.10.egg-info
[1.436s] running install_scripts
[1.469s] Installing nbv_system_controller script to /home/jajayu/TomatoHarvesting_NextBestView/nbv_code/ros2_ws2/install/my_robot_nbv/lib/my_robot_nbv
[1.471s] Installing nbv_temp_isMovingPublisher script to /home/jajayu/TomatoHarvesting_NextBestView/nbv_code/ros2_ws2/install/my_robot_nbv/lib/my_robot_nbv
[1.472s] Installing nbv_tom_detect script to /home/jajayu/TomatoHarvesting_NextBestView/nbv_code/ros2_ws2/install/my_robot_nbv/lib/my_robot_nbv
[1.472s] Installing nbv_tompcd_filter script to /home/jajayu/TomatoHarvesting_NextBestView/nbv_code/ros2_ws2/install/my_robot_nbv/lib/my_robot_nbv
[1.472s] writing list of installed files to '/home/jajayu/TomatoHarvesting_NextBestView/nbv_code/ros2_ws2/build/my_robot_nbv/install.log'
[1.506s] Invoked command in '/home/jajayu/TomatoHarvesting_NextBestView/nbv_code/ros2_ws2/src/my_robot_nbv' returned '0': CMAKE_PREFIX_PATH=/home/jajayu/TomatoHarvesting_NextBestView/nbv_code/ros2_ws2/install/message_interfaces:/home/jajayu/TomatoHarvesting_NextBestView/nbv_code/ros2_ws2/install/realsense2_description:/home/jajayu/TomatoHarvesting_NextBestView/nbv_code/ros2_ws2/install/realsense2_camera:/home/jajayu/TomatoHarvesting_NextBestView/nbv_code/ros2_ws2/install/realsense2_camera_msgs:/home/jajayu/TomatoHarvesting_NextBestView/nbv_code/ros2_ws2/install/octomap_server2:/home/jajayu/TomatoHarvesting_NextBestView/nbv_code/ros2_ws2/install/my_robot_nbv_cmake:/home/jajayu/TomatoHarvesting_NextBestView/nbv_code/ros2_ws2/install/my_bot:/home/jajayu/ros2_ws/install/urdf_example:/home/jajayu/ros2_ws/install/perception_pcl:/home/jajayu/ros2_ws/install/pcl_ros:/home/jajayu/ros2_ws/install/octomap_server2:/home/jajayu/ros2_ws/install/pcl_conversions:/home/jajayu/ros2_ws/install/pcl_msgs:/home/jajayu/ros2_ws/install/my_robot_cam_cmake:/home/jajayu/ros2_ws/install/my_bot:/home/jajayu/ros2_ws/install/depthimage_to_pointcloud2 LD_LIBRARY_PATH=/home/jajayu/TomatoHarvesting_NextBestView/nbv_code/ros2_ws2/install/message_interfaces/lib:/home/jajayu/open3d_install/lib:/home/jajayu/TomatoHarvesting_NextBestView/nbv_code/ros2_ws2/install/realsense2_camera/lib:/home/jajayu/TomatoHarvesting_NextBestView/nbv_code/ros2_ws2/install/realsense2_camera_msgs/lib:/home/jajayu/TomatoHarvesting_NextBestView/nbv_code/ros2_ws2/install/octomap_server2/lib:/home/jajayu/ros2_ws/install/pcl_ros/lib:/home/jajayu/ros2_ws/install/octomap_server2/lib:/home/jajayu/ros2_ws/install/pcl_msgs/lib:/usr/lib/x86_64-linux-gnu/gazebo-11/plugins:/opt/ros/humble/opt/rviz_ogre_vendor/lib:/opt/ros/humble/lib/x86_64-linux-gnu:/opt/ros/humble/lib PYTHONPATH=/home/jajayu/TomatoHarvesting_NextBestView/nbv_code/ros2_ws2/build/my_robot_nbv/prefix_override:/usr/lib/python3/dist-packages/colcon_core/task/python/colcon_distutils_commands:/home/jajayu/TomatoHarvesting_NextBestView/nbv_code/ros2_ws2/install/my_robot_nbv/lib/python3.10/site-packages:${PYTHONPATH} /usr/bin/python3 -W ignore:setup.py install is deprecated setup.py egg_info --egg-base ../../build/my_robot_nbv build --build-base /home/jajayu/TomatoHarvesting_NextBestView/nbv_code/ros2_ws2/build/my_robot_nbv/build install --record /home/jajayu/TomatoHarvesting_NextBestView/nbv_code/ros2_ws2/build/my_robot_nbv/install.log --single-version-externally-managed install_data
