[0.018s] Invoking command in '/home/jajayu/TomatoHarvesting_NextBestView/nbv_code/ros2_ws2/build/my_robot_nbv_cmake': CMAKE_PREFIX_PATH=${CMAKE_PREFIX_PATH}:/home/jajayu/TomatoHarvesting_NextBestView/nbv_code/ros2_ws2/install/my_robot_nbv:/home/jajayu/TomatoHarvesting_NextBestView/nbv_code/ros2_ws2/install/my_robot_cam:/home/jajayu/ros2_ws/install/webots_ros2_tests:/home/jajayu/ros2_ws/install/webots_ros2:/home/jajayu/ros2_ws/install/pcd_demo:/home/jajayu/ros2_ws/install/my_robot_controller:/home/jajayu/ros2_ws/install/my_robot_cam:/home/jajayu/ros2_ws/install/gazebo_tutorial:/opt/ros/humble /home/jajayu/.local/bin/cmake --build /home/jajayu/TomatoHarvesting_NextBestView/nbv_code/ros2_ws2/build/my_robot_nbv_cmake -- -j8 -l8
[0.158s] [35m[1mConsolidate compiler generated dependencies of target SdfModel[0m
[0.171s] [ 50%] Built target nbvc_ray_generation
[0.181s] [ 75%] [32mBuilding CXX object CMakeFiles/SdfModel.dir/src/SdfModel.cpp.o[0m
[6.454s] [01m[K/home/jajayu/TomatoHarvesting_NextBestView/nbv_code/ros2_ws2/src/my_robot_nbv_cmake/src/SdfModel.cpp:[m[K In member function ‘[01m[Kvoid MeshProcessor::ComputeSDFandOccupancy()[m[K’:
[6.454s] [01m[K/home/jajayu/TomatoHarvesting_NextBestView/nbv_code/ros2_ws2/src/my_robot_nbv_cmake/src/SdfModel.cpp:98:128:[m[K [01;31m[Kerror: [m[Kno matching function for call to ‘[01m[Kopen3d::core::Tensor::Tensor(<brace-enclosed initializer list>, <brace-enclosed initializer list>, const open3d::core::Dtype&)[m[K’
[6.454s]    98 |             auto point_q_formed = open3d::core::Tensor({{point_q.x(), point_q.y(), point_q.z()}}, {1, 3}, open3d::core::Float32[01;31m[K)[m[K;
[6.454s]       |                                                                                                                                [01;31m[K^[m[K
[6.454s] In file included from [01m[K/home/jajayu/open3d_install/include/open3d/core/EigenConverter.h:15[m[K,
[6.454s]                  from [01m[K/home/jajayu/open3d_install/include/open3d/Open3D.h:19[m[K,
[6.454s]                  from [01m[K/home/jajayu/TomatoHarvesting_NextBestView/nbv_code/ros2_ws2/src/my_robot_nbv_cmake/src/SdfModel.cpp:1[m[K:
[6.454s] [01m[K/home/jajayu/open3d_install/include/open3d/core/Tensor.h:116:5:[m[K [01;36m[Knote: [m[Kcandidate: ‘[01m[Ktemplate<class T> open3d::core::Tensor::Tensor(std::vector<IdxType>&&, const open3d::core::SizeVector&)[m[K’
[6.454s]   116 |     [01;36m[KTensor[m[K(std::vector<T>&& vec, const SizeVector& shape = {})
[6.454s]       |     [01;36m[K^~~~~~[m[K
[6.454s] [01m[K/home/jajayu/open3d_install/include/open3d/core/Tensor.h:116:5:[m[K [01;36m[Knote: [m[K  template argument deduction/substitution failed:
[6.454s] [01m[K/home/jajayu/TomatoHarvesting_NextBestView/nbv_code/ros2_ws2/src/my_robot_nbv_cmake/src/SdfModel.cpp:98:128:[m[K [01;36m[Knote: [m[K  candidate expects 2 arguments, 3 provided
[6.455s]    98 |             auto point_q_formed = open3d::core::Tensor({{point_q.x(), point_q.y(), point_q.z()}}, {1, 3}, open3d::core::Float32[01;36m[K)[m[K;
[6.455s]       |                                                                                                                                [01;36m[K^[m[K
[6.455s] In file included from [01m[K/home/jajayu/open3d_install/include/open3d/core/EigenConverter.h:15[m[K,
[6.455s]                  from [01m[K/home/jajayu/open3d_install/include/open3d/Open3D.h:19[m[K,
[6.455s]                  from [01m[K/home/jajayu/TomatoHarvesting_NextBestView/nbv_code/ros2_ws2/src/my_robot_nbv_cmake/src/SdfModel.cpp:1[m[K:
[6.455s] [01m[K/home/jajayu/open3d_install/include/open3d/core/Tensor.h:77:5:[m[K [01;36m[Knote: [m[Kcandidate: ‘[01m[Ktemplate<class T> open3d::core::Tensor::Tensor(const T*, const open3d::core::SizeVector&, open3d::core::Dtype, const open3d::core::Device&)[m[K’
[6.455s]    77 |     [01;36m[KTensor[m[K(const T* init_vals,
[6.455s]       |     [01;36m[K^~~~~~[m[K
[6.455s] [01m[K/home/jajayu/open3d_install/include/open3d/core/Tensor.h:77:5:[m[K [01;36m[Knote: [m[K  template argument deduction/substitution failed:
[6.455s] [01m[K/home/jajayu/TomatoHarvesting_NextBestView/nbv_code/ros2_ws2/src/my_robot_nbv_cmake/src/SdfModel.cpp:98:128:[m[K [01;36m[Knote: [m[K  couldn’t deduce template parameter ‘[01m[KT[m[K’
[6.455s]    98 |             auto point_q_formed = open3d::core::Tensor({{point_q.x(), point_q.y(), point_q.z()}}, {1, 3}, open3d::core::Float32[01;36m[K)[m[K;
[6.455s]       |                                                                                                                                [01;36m[K^[m[K
[6.455s] In file included from [01m[K/home/jajayu/open3d_install/include/open3d/core/EigenConverter.h:15[m[K,
[6.456s]                  from [01m[K/home/jajayu/open3d_install/include/open3d/Open3D.h:19[m[K,
[6.456s]                  from [01m[K/home/jajayu/TomatoHarvesting_NextBestView/nbv_code/ros2_ws2/src/my_robot_nbv_cmake/src/SdfModel.cpp:1[m[K:
[6.456s] [01m[K/home/jajayu/open3d_install/include/open3d/core/Tensor.h:50:5:[m[K [01;36m[Knote: [m[Kcandidate: ‘[01m[Ktemplate<class T> open3d::core::Tensor::Tensor(const std::vector<IdxType>&, const open3d::core::SizeVector&, open3d::core::Dtype, const open3d::core::Device&)[m[K’
[6.456s]    50 |     [01;36m[KTensor[m[K(const std::vector<T>& init_vals,
[6.456s]       |     [01;36m[K^~~~~~[m[K
[6.456s] [01m[K/home/jajayu/open3d_install/include/open3d/core/Tensor.h:50:5:[m[K [01;36m[Knote: [m[K  template argument deduction/substitution failed:
[6.456s] [01m[K/home/jajayu/TomatoHarvesting_NextBestView/nbv_code/ros2_ws2/src/my_robot_nbv_cmake/src/SdfModel.cpp:98:128:[m[K [01;36m[Knote: [m[K  couldn’t deduce template parameter ‘[01m[KT[m[K’
[6.456s]    98 |             auto point_q_formed = open3d::core::Tensor({{point_q.x(), point_q.y(), point_q.z()}}, {1, 3}, open3d::core::Float32[01;36m[K)[m[K;
[6.456s]       |                                                                                                                                [01;36m[K^[m[K
[6.456s] In file included from [01m[K/home/jajayu/open3d_install/include/open3d/core/EigenConverter.h:15[m[K,
[6.456s]                  from [01m[K/home/jajayu/open3d_install/include/open3d/Open3D.h:19[m[K,
[6.456s]                  from [01m[K/home/jajayu/TomatoHarvesting_NextBestView/nbv_code/ros2_ws2/src/my_robot_nbv_cmake/src/SdfModel.cpp:1[m[K:
[6.456s] [01m[K/home/jajayu/open3d_install/include/open3d/core/Tensor.h:180:5:[m[K [01;36m[Knote: [m[Kcandidate: ‘[01m[Kopen3d::core::Tensor::Tensor(open3d::core::Tensor&&)[m[K’
[6.456s]   180 |     [01;36m[KTensor[m[K(Tensor&& other) = default;
[6.456s]       |     [01;36m[K^~~~~~[m[K
[6.456s] [01m[K/home/jajayu/open3d_install/include/open3d/core/Tensor.h:180:5:[m[K [01;36m[Knote: [m[K  candidate expects 1 argument, 3 provided
[6.456s] [01m[K/home/jajayu/open3d_install/include/open3d/core/Tensor.h:176:5:[m[K [01;36m[Knote: [m[Kcandidate: ‘[01m[Kopen3d::core::Tensor::Tensor(const open3d::core::Tensor&)[m[K’
[6.456s]   176 |     [01;36m[KTensor[m[K(const Tensor& other) = default;
[6.457s]       |     [01;36m[K^~~~~~[m[K
[6.457s] [01m[K/home/jajayu/open3d_install/include/open3d/core/Tensor.h:176:5:[m[K [01;36m[Knote: [m[K  candidate expects 1 argument, 3 provided
[6.457s] [01m[K/home/jajayu/open3d_install/include/open3d/core/Tensor.h:161:5:[m[K [01;36m[Knote: [m[Kcandidate: ‘[01m[Kopen3d::core::Tensor::Tensor(void*, open3d::core::Dtype, const open3d::core::SizeVector&, const open3d::core::SizeVector&, const open3d::core::Device&)[m[K’
[6.457s]   161 |     [01;36m[KTensor[m[K(void* data_ptr,
[6.457s]       |     [01;36m[K^~~~~~[m[K
[6.457s] [01m[K/home/jajayu/open3d_install/include/open3d/core/Tensor.h:161:18:[m[K [01;36m[Knote: [m[K  no known conversion for argument 1 from ‘[01m[K<brace-enclosed initializer list>[m[K’ to ‘[01m[Kvoid*[m[K’
[6.457s]   161 |     Tensor([01;36m[Kvoid* data_ptr[m[K,
[6.457s]       |            [01;36m[K~~~~~~^~~~~~~~[m[K
[6.457s] [01m[K/home/jajayu/open3d_install/include/open3d/core/Tensor.h:94:5:[m[K [01;36m[Knote: [m[Kcandidate: ‘[01m[Kopen3d::core::Tensor::Tensor(const open3d::core::SizeVector&, const open3d::core::SizeVector&, void*, open3d::core::Dtype, const std::shared_ptr<open3d::core::Blob>&)[m[K’
[6.457s]    94 |     [01;36m[KTensor[m[K(const SizeVector& shape,
[6.457s]       |     [01;36m[K^~~~~~[m[K
[6.457s] [01m[K/home/jajayu/open3d_install/include/open3d/core/Tensor.h:94:5:[m[K [01;36m[Knote: [m[K  candidate expects 5 arguments, 3 provided
[6.457s] [01m[K/home/jajayu/open3d_install/include/open3d/core/Tensor.h:37:5:[m[K [01;36m[Knote: [m[Kcandidate: ‘[01m[Kopen3d::core::Tensor::Tensor(const open3d::core::SizeVector&, open3d::core::Dtype, const open3d::core::Device&)[m[K’
[6.457s]    37 |     [01;36m[KTensor[m[K(const SizeVector& shape,
[6.458s]       |     [01;36m[K^~~~~~[m[K
[6.458s] [01m[K/home/jajayu/open3d_install/include/open3d/core/Tensor.h:38:18:[m[K [01;36m[Knote: [m[K  no known conversion for argument 2 from ‘[01m[K<brace-enclosed initializer list>[m[K’ to ‘[01m[Kopen3d::core::Dtype[m[K’
[6.458s]    38 |            [01;36m[KDtype dtype[m[K,
[6.458s]       |            [01;36m[K~~~~~~^~~~~[m[K
[6.458s] [01m[K/home/jajayu/open3d_install/include/open3d/core/Tensor.h:34:5:[m[K [01;36m[Knote: [m[Kcandidate: ‘[01m[Kopen3d::core::Tensor::Tensor()[m[K’
[6.458s]    34 |     [01;36m[KTensor[m[K() {}
[6.458s]       |     [01;36m[K^~~~~~[m[K
[6.458s] [01m[K/home/jajayu/open3d_install/include/open3d/core/Tensor.h:34:5:[m[K [01;36m[Knote: [m[K  candidate expects 0 arguments, 3 provided
[8.877s] gmake[2]: *** [CMakeFiles/SdfModel.dir/build.make:76: CMakeFiles/SdfModel.dir/src/SdfModel.cpp.o] Error 1
[8.878s] gmake[1]: *** [CMakeFiles/Makefile2:165: CMakeFiles/SdfModel.dir/all] Error 2
[8.878s] gmake: *** [Makefile:146: all] Error 2
[8.895s] Invoked command in '/home/jajayu/TomatoHarvesting_NextBestView/nbv_code/ros2_ws2/build/my_robot_nbv_cmake' returned '2': CMAKE_PREFIX_PATH=${CMAKE_PREFIX_PATH}:/home/jajayu/TomatoHarvesting_NextBestView/nbv_code/ros2_ws2/install/my_robot_nbv:/home/jajayu/TomatoHarvesting_NextBestView/nbv_code/ros2_ws2/install/my_robot_cam:/home/jajayu/ros2_ws/install/webots_ros2_tests:/home/jajayu/ros2_ws/install/webots_ros2:/home/jajayu/ros2_ws/install/pcd_demo:/home/jajayu/ros2_ws/install/my_robot_controller:/home/jajayu/ros2_ws/install/my_robot_cam:/home/jajayu/ros2_ws/install/gazebo_tutorial:/opt/ros/humble /home/jajayu/.local/bin/cmake --build /home/jajayu/TomatoHarvesting_NextBestView/nbv_code/ros2_ws2/build/my_robot_nbv_cmake -- -j8 -l8
