[0.086s] Invoking command in '/home/jajayu/TomatoHarvesting_NextBestView/nbv_code/ros2_ws2/build/realsense2_camera_msgs': CMAKE_PREFIX_PATH=${CMAKE_PREFIX_PATH}:/home/jajayu/TomatoHarvesting_NextBestView/nbv_code/ros2_ws2/install/my_robot_nbv:/home/jajayu/TomatoHarvesting_NextBestView/nbv_code/ros2_ws2/install/my_robot_cam:/home/jajayu/TomatoHarvesting_NextBestView/nbv_code/ros2_ws2/install/my_robot_arm:/opt/ros/humble /home/jajayu/.local/bin/cmake --build /home/jajayu/TomatoHarvesting_NextBestView/nbv_code/ros2_ws2/build/realsense2_camera_msgs -- -j8 -l8
[0.981s] [  1%] Built target realsense2_camera_msgs__cpp
[0.981s] [ 12%] Built target realsense2_camera_msgs__rosidl_generator_c
[0.981s] [ 12%] Built target ament_cmake_python_copy_realsense2_camera_msgs
[0.982s] [ 23%] Built target realsense2_camera_msgs__rosidl_typesupport_introspection_c
[0.982s] [ 34%] Built target realsense2_camera_msgs__rosidl_typesupport_fastrtps_cpp
[0.982s] [ 46%] Built target realsense2_camera_msgs__rosidl_typesupport_c
[0.982s] [ 57%] Built target realsense2_camera_msgs__rosidl_typesupport_cpp
[0.982s] [ 68%] Built target realsense2_camera_msgs__rosidl_typesupport_introspection_cpp
[0.982s] [ 79%] Built target realsense2_camera_msgs__rosidl_typesupport_fastrtps_c
[0.983s] [ 79%] Built target realsense2_camera_msgs
[0.983s] [ 80%] Built target realsense2_camera_msgs__py
[1.085s] [ 90%] Built target realsense2_camera_msgs__rosidl_generator_py
[1.211s] [ 93%] Built target realsense2_camera_msgs__rosidl_typesupport_fastrtps_c__pyext
[1.224s] [ 96%] Built target realsense2_camera_msgs__rosidl_typesupport_c__pyext
[1.284s] [100%] Built target realsense2_camera_msgs__rosidl_typesupport_introspection_c__pyext
[1.778s] running egg_info
[1.781s] writing realsense2_camera_msgs.egg-info/PKG-INFO
[1.784s] writing dependency_links to realsense2_camera_msgs.egg-info/dependency_links.txt
[1.784s] writing top-level names to realsense2_camera_msgs.egg-info/top_level.txt
[1.791s] reading manifest file 'realsense2_camera_msgs.egg-info/SOURCES.txt'
[1.793s] writing manifest file 'realsense2_camera_msgs.egg-info/SOURCES.txt'
[1.888s] [100%] Built target ament_cmake_python_build_realsense2_camera_msgs_egg
[2.017s] Invoked command in '/home/jajayu/TomatoHarvesting_NextBestView/nbv_code/ros2_ws2/build/realsense2_camera_msgs' returned '0': CMAKE_PREFIX_PATH=${CMAKE_PREFIX_PATH}:/home/jajayu/TomatoHarvesting_NextBestView/nbv_code/ros2_ws2/install/my_robot_nbv:/home/jajayu/TomatoHarvesting_NextBestView/nbv_code/ros2_ws2/install/my_robot_cam:/home/jajayu/TomatoHarvesting_NextBestView/nbv_code/ros2_ws2/install/my_robot_arm:/opt/ros/humble /home/jajayu/.local/bin/cmake --build /home/jajayu/TomatoHarvesting_NextBestView/nbv_code/ros2_ws2/build/realsense2_camera_msgs -- -j8 -l8
[3.545s] Invoking command in '/home/jajayu/TomatoHarvesting_NextBestView/nbv_code/ros2_ws2/build/realsense2_camera_msgs': CMAKE_PREFIX_PATH=${CMAKE_PREFIX_PATH}:/home/jajayu/TomatoHarvesting_NextBestView/nbv_code/ros2_ws2/install/my_robot_nbv:/home/jajayu/TomatoHarvesting_NextBestView/nbv_code/ros2_ws2/install/my_robot_cam:/home/jajayu/TomatoHarvesting_NextBestView/nbv_code/ros2_ws2/install/my_robot_arm:/opt/ros/humble /home/jajayu/.local/bin/cmake --install /home/jajayu/TomatoHarvesting_NextBestView/nbv_code/ros2_ws2/build/realsense2_camera_msgs
[3.693s] -- Install configuration: ""
[3.695s] -- Up-to-date: /home/jajayu/TomatoHarvesting_NextBestView/nbv_code/ros2_ws2/install/realsense2_camera_msgs/share/ament_index/resource_index/rosidl_interfaces/realsense2_camera_msgs
[3.695s] -- Up-to-date: /home/jajayu/TomatoHarvesting_NextBestView/nbv_code/ros2_ws2/install/realsense2_camera_msgs/include/realsense2_camera_msgs/realsense2_camera_msgs
[3.697s] -- Up-to-date: /home/jajayu/TomatoHarvesting_NextBestView/nbv_code/ros2_ws2/install/realsense2_camera_msgs/include/realsense2_camera_msgs/realsense2_camera_msgs/srv
[3.697s] -- Up-to-date: /home/jajayu/TomatoHarvesting_NextBestView/nbv_code/ros2_ws2/install/realsense2_camera_msgs/include/realsense2_camera_msgs/realsense2_camera_msgs/srv/device_info.h
[3.698s] -- Up-to-date: /home/jajayu/TomatoHarvesting_NextBestView/nbv_code/ros2_ws2/install/realsense2_camera_msgs/include/realsense2_camera_msgs/realsense2_camera_msgs/srv/detail
[3.698s] -- Up-to-date: /home/jajayu/TomatoHarvesting_NextBestView/nbv_code/ros2_ws2/install/realsense2_camera_msgs/include/realsense2_camera_msgs/realsense2_camera_msgs/srv/detail/device_info__functions.h
[3.699s] -- Up-to-date: /home/jajayu/TomatoHarvesting_NextBestView/nbv_code/ros2_ws2/install/realsense2_camera_msgs/include/realsense2_camera_msgs/realsense2_camera_msgs/srv/detail/device_info__functions.c
[3.700s] -- Up-to-date: /home/jajayu/TomatoHarvesting_NextBestView/nbv_code/ros2_ws2/install/realsense2_camera_msgs/include/realsense2_camera_msgs/realsense2_camera_msgs/srv/detail/device_info__struct.h
[3.700s] -- Up-to-date: /home/jajayu/TomatoHarvesting_NextBestView/nbv_code/ros2_ws2/install/realsense2_camera_msgs/include/realsense2_camera_msgs/realsense2_camera_msgs/srv/detail/device_info__type_support.h
[3.700s] -- Up-to-date: /home/jajayu/TomatoHarvesting_NextBestView/nbv_code/ros2_ws2/install/realsense2_camera_msgs/include/realsense2_camera_msgs/realsense2_camera_msgs/msg
[3.700s] -- Up-to-date: /home/jajayu/TomatoHarvesting_NextBestView/nbv_code/ros2_ws2/install/realsense2_camera_msgs/include/realsense2_camera_msgs/realsense2_camera_msgs/msg/metadata.h
[3.700s] -- Up-to-date: /home/jajayu/TomatoHarvesting_NextBestView/nbv_code/ros2_ws2/install/realsense2_camera_msgs/include/realsense2_camera_msgs/realsense2_camera_msgs/msg/detail
[3.700s] -- Up-to-date: /home/jajayu/TomatoHarvesting_NextBestView/nbv_code/ros2_ws2/install/realsense2_camera_msgs/include/realsense2_camera_msgs/realsense2_camera_msgs/msg/detail/rgbd__functions.h
[3.700s] -- Up-to-date: /home/jajayu/TomatoHarvesting_NextBestView/nbv_code/ros2_ws2/install/realsense2_camera_msgs/include/realsense2_camera_msgs/realsense2_camera_msgs/msg/detail/imu_info__struct.h
[3.701s] -- Up-to-date: /home/jajayu/TomatoHarvesting_NextBestView/nbv_code/ros2_ws2/install/realsense2_camera_msgs/include/realsense2_camera_msgs/realsense2_camera_msgs/msg/detail/metadata__struct.h
[3.701s] -- Up-to-date: /home/jajayu/TomatoHarvesting_NextBestView/nbv_code/ros2_ws2/install/realsense2_camera_msgs/include/realsense2_camera_msgs/realsense2_camera_msgs/msg/detail/extrinsics__struct.h
[3.701s] -- Up-to-date: /home/jajayu/TomatoHarvesting_NextBestView/nbv_code/ros2_ws2/install/realsense2_camera_msgs/include/realsense2_camera_msgs/realsense2_camera_msgs/msg/detail/rgbd__struct.h
[3.701s] -- Up-to-date: /home/jajayu/TomatoHarvesting_NextBestView/nbv_code/ros2_ws2/install/realsense2_camera_msgs/include/realsense2_camera_msgs/realsense2_camera_msgs/msg/detail/metadata__type_support.h
[3.701s] -- Up-to-date: /home/jajayu/TomatoHarvesting_NextBestView/nbv_code/ros2_ws2/install/realsense2_camera_msgs/include/realsense2_camera_msgs/realsense2_camera_msgs/msg/detail/extrinsics__functions.h
[3.703s] -- Up-to-date: /home/jajayu/TomatoHarvesting_NextBestView/nbv_code/ros2_ws2/install/realsense2_camera_msgs/include/realsense2_camera_msgs/realsense2_camera_msgs/msg/detail/rgbd__type_support.h
[3.704s] -- Up-to-date: /home/jajayu/TomatoHarvesting_NextBestView/nbv_code/ros2_ws2/install/realsense2_camera_msgs/include/realsense2_camera_msgs/realsense2_camera_msgs/msg/detail/rgbd__functions.c
[3.704s] -- Up-to-date: /home/jajayu/TomatoHarvesting_NextBestView/nbv_code/ros2_ws2/install/realsense2_camera_msgs/include/realsense2_camera_msgs/realsense2_camera_msgs/msg/detail/extrinsics__type_support.h
[3.704s] -- Up-to-date: /home/jajayu/TomatoHarvesting_NextBestView/nbv_code/ros2_ws2/install/realsense2_camera_msgs/include/realsense2_camera_msgs/realsense2_camera_msgs/msg/detail/metadata__functions.h
[3.704s] -- Up-to-date: /home/jajayu/TomatoHarvesting_NextBestView/nbv_code/ros2_ws2/install/realsense2_camera_msgs/include/realsense2_camera_msgs/realsense2_camera_msgs/msg/detail/imu_info__type_support.h
[3.704s] -- Up-to-date: /home/jajayu/TomatoHarvesting_NextBestView/nbv_code/ros2_ws2/install/realsense2_camera_msgs/include/realsense2_camera_msgs/realsense2_camera_msgs/msg/detail/imu_info__functions.c
[3.704s] -- Up-to-date: /home/jajayu/TomatoHarvesting_NextBestView/nbv_code/ros2_ws2/install/realsense2_camera_msgs/include/realsense2_camera_msgs/realsense2_camera_msgs/msg/detail/imu_info__functions.h
[3.704s] -- Up-to-date: /home/jajayu/TomatoHarvesting_NextBestView/nbv_code/ros2_ws2/install/realsense2_camera_msgs/include/realsense2_camera_msgs/realsense2_camera_msgs/msg/detail/metadata__functions.c
[3.705s] -- Up-to-date: /home/jajayu/TomatoHarvesting_NextBestView/nbv_code/ros2_ws2/install/realsense2_camera_msgs/include/realsense2_camera_msgs/realsense2_camera_msgs/msg/detail/extrinsics__functions.c
[3.705s] -- Up-to-date: /home/jajayu/TomatoHarvesting_NextBestView/nbv_code/ros2_ws2/install/realsense2_camera_msgs/include/realsense2_camera_msgs/realsense2_camera_msgs/msg/rosidl_generator_c__visibility_control.h
[3.707s] -- Up-to-date: /home/jajayu/TomatoHarvesting_NextBestView/nbv_code/ros2_ws2/install/realsense2_camera_msgs/include/realsense2_camera_msgs/realsense2_camera_msgs/msg/rgbd.h
[3.707s] -- Up-to-date: /home/jajayu/TomatoHarvesting_NextBestView/nbv_code/ros2_ws2/install/realsense2_camera_msgs/include/realsense2_camera_msgs/realsense2_camera_msgs/msg/extrinsics.h
[3.707s] -- Up-to-date: /home/jajayu/TomatoHarvesting_NextBestView/nbv_code/ros2_ws2/install/realsense2_camera_msgs/include/realsense2_camera_msgs/realsense2_camera_msgs/msg/imu_info.h
[3.707s] -- Up-to-date: /home/jajayu/TomatoHarvesting_NextBestView/nbv_code/ros2_ws2/install/realsense2_camera_msgs/share/realsense2_camera_msgs/environment/library_path.sh
[3.708s] -- Up-to-date: /home/jajayu/TomatoHarvesting_NextBestView/nbv_code/ros2_ws2/install/realsense2_camera_msgs/share/realsense2_camera_msgs/environment/library_path.dsv
[3.710s] -- Up-to-date: /home/jajayu/TomatoHarvesting_NextBestView/nbv_code/ros2_ws2/install/realsense2_camera_msgs/lib/librealsense2_camera_msgs__rosidl_generator_c.so
[3.711s] -- Up-to-date: /home/jajayu/TomatoHarvesting_NextBestView/nbv_code/ros2_ws2/install/realsense2_camera_msgs/include/realsense2_camera_msgs/realsense2_camera_msgs
[3.712s] -- Up-to-date: /home/jajayu/TomatoHarvesting_NextBestView/nbv_code/ros2_ws2/install/realsense2_camera_msgs/include/realsense2_camera_msgs/realsense2_camera_msgs/srv
[3.712s] -- Up-to-date: /home/jajayu/TomatoHarvesting_NextBestView/nbv_code/ros2_ws2/install/realsense2_camera_msgs/include/realsense2_camera_msgs/realsense2_camera_msgs/srv/detail
[3.713s] -- Up-to-date: /home/jajayu/TomatoHarvesting_NextBestView/nbv_code/ros2_ws2/install/realsense2_camera_msgs/include/realsense2_camera_msgs/realsense2_camera_msgs/srv/detail/device_info__rosidl_typesupport_fastrtps_c.h
[3.713s] -- Up-to-date: /home/jajayu/TomatoHarvesting_NextBestView/nbv_code/ros2_ws2/install/realsense2_camera_msgs/include/realsense2_camera_msgs/realsense2_camera_msgs/msg
[3.714s] -- Up-to-date: /home/jajayu/TomatoHarvesting_NextBestView/nbv_code/ros2_ws2/install/realsense2_camera_msgs/include/realsense2_camera_msgs/realsense2_camera_msgs/msg/detail
[3.715s] -- Up-to-date: /home/jajayu/TomatoHarvesting_NextBestView/nbv_code/ros2_ws2/install/realsense2_camera_msgs/include/realsense2_camera_msgs/realsense2_camera_msgs/msg/detail/metadata__rosidl_typesupport_fastrtps_c.h
[3.716s] -- Up-to-date: /home/jajayu/TomatoHarvesting_NextBestView/nbv_code/ros2_ws2/install/realsense2_camera_msgs/include/realsense2_camera_msgs/realsense2_camera_msgs/msg/detail/rgbd__rosidl_typesupport_fastrtps_c.h
[3.716s] -- Up-to-date: /home/jajayu/TomatoHarvesting_NextBestView/nbv_code/ros2_ws2/install/realsense2_camera_msgs/include/realsense2_camera_msgs/realsense2_camera_msgs/msg/detail/extrinsics__rosidl_typesupport_fastrtps_c.h
[3.717s] -- Up-to-date: /home/jajayu/TomatoHarvesting_NextBestView/nbv_code/ros2_ws2/install/realsense2_camera_msgs/include/realsense2_camera_msgs/realsense2_camera_msgs/msg/detail/imu_info__rosidl_typesupport_fastrtps_c.h
[3.717s] -- Up-to-date: /home/jajayu/TomatoHarvesting_NextBestView/nbv_code/ros2_ws2/install/realsense2_camera_msgs/include/realsense2_camera_msgs/realsense2_camera_msgs/msg/rosidl_typesupport_fastrtps_c__visibility_control.h
[3.720s] -- Up-to-date: /home/jajayu/TomatoHarvesting_NextBestView/nbv_code/ros2_ws2/install/realsense2_camera_msgs/lib/librealsense2_camera_msgs__rosidl_typesupport_fastrtps_c.so
[3.722s] -- Up-to-date: /home/jajayu/TomatoHarvesting_NextBestView/nbv_code/ros2_ws2/install/realsense2_camera_msgs/include/realsense2_camera_msgs/realsense2_camera_msgs
[3.722s] -- Up-to-date: /home/jajayu/TomatoHarvesting_NextBestView/nbv_code/ros2_ws2/install/realsense2_camera_msgs/include/realsense2_camera_msgs/realsense2_camera_msgs/srv
[3.722s] -- Up-to-date: /home/jajayu/TomatoHarvesting_NextBestView/nbv_code/ros2_ws2/install/realsense2_camera_msgs/include/realsense2_camera_msgs/realsense2_camera_msgs/srv/detail
[3.723s] -- Up-to-date: /home/jajayu/TomatoHarvesting_NextBestView/nbv_code/ros2_ws2/install/realsense2_camera_msgs/include/realsense2_camera_msgs/realsense2_camera_msgs/srv/detail/device_info__type_support.c
[3.723s] -- Up-to-date: /home/jajayu/TomatoHarvesting_NextBestView/nbv_code/ros2_ws2/install/realsense2_camera_msgs/include/realsense2_camera_msgs/realsense2_camera_msgs/srv/detail/device_info__rosidl_typesupport_introspection_c.h
[3.724s] -- Up-to-date: /home/jajayu/TomatoHarvesting_NextBestView/nbv_code/ros2_ws2/install/realsense2_camera_msgs/include/realsense2_camera_msgs/realsense2_camera_msgs/msg
[3.724s] -- Up-to-date: /home/jajayu/TomatoHarvesting_NextBestView/nbv_code/ros2_ws2/install/realsense2_camera_msgs/include/realsense2_camera_msgs/realsense2_camera_msgs/msg/detail
[3.725s] -- Up-to-date: /home/jajayu/TomatoHarvesting_NextBestView/nbv_code/ros2_ws2/install/realsense2_camera_msgs/include/realsense2_camera_msgs/realsense2_camera_msgs/msg/detail/extrinsics__type_support.c
[3.725s] -- Up-to-date: /home/jajayu/TomatoHarvesting_NextBestView/nbv_code/ros2_ws2/install/realsense2_camera_msgs/include/realsense2_camera_msgs/realsense2_camera_msgs/msg/detail/imu_info__rosidl_typesupport_introspection_c.h
[3.725s] -- Up-to-date: /home/jajayu/TomatoHarvesting_NextBestView/nbv_code/ros2_ws2/install/realsense2_camera_msgs/include/realsense2_camera_msgs/realsense2_camera_msgs/msg/detail/imu_info__type_support.c
[3.725s] -- Up-to-date: /home/jajayu/TomatoHarvesting_NextBestView/nbv_code/ros2_ws2/install/realsense2_camera_msgs/include/realsense2_camera_msgs/realsense2_camera_msgs/msg/detail/rgbd__rosidl_typesupport_introspection_c.h
[3.725s] -- Up-to-date: /home/jajayu/TomatoHarvesting_NextBestView/nbv_code/ros2_ws2/install/realsense2_camera_msgs/include/realsense2_camera_msgs/realsense2_camera_msgs/msg/detail/rgbd__type_support.c
[3.725s] -- Up-to-date: /home/jajayu/TomatoHarvesting_NextBestView/nbv_code/ros2_ws2/install/realsense2_camera_msgs/include/realsense2_camera_msgs/realsense2_camera_msgs/msg/detail/extrinsics__rosidl_typesupport_introspection_c.h
[3.725s] -- Up-to-date: /home/jajayu/TomatoHarvesting_NextBestView/nbv_code/ros2_ws2/install/realsense2_camera_msgs/include/realsense2_camera_msgs/realsense2_camera_msgs/msg/detail/metadata__rosidl_typesupport_introspection_c.h
[3.726s] -- Up-to-date: /home/jajayu/TomatoHarvesting_NextBestView/nbv_code/ros2_ws2/install/realsense2_camera_msgs/include/realsense2_camera_msgs/realsense2_camera_msgs/msg/detail/metadata__type_support.c
[3.726s] -- Up-to-date: /home/jajayu/TomatoHarvesting_NextBestView/nbv_code/ros2_ws2/install/realsense2_camera_msgs/include/realsense2_camera_msgs/realsense2_camera_msgs/msg/rosidl_typesupport_introspection_c__visibility_control.h
[3.726s] -- Up-to-date: /home/jajayu/TomatoHarvesting_NextBestView/nbv_code/ros2_ws2/install/realsense2_camera_msgs/lib/librealsense2_camera_msgs__rosidl_typesupport_introspection_c.so
[3.728s] -- Up-to-date: /home/jajayu/TomatoHarvesting_NextBestView/nbv_code/ros2_ws2/install/realsense2_camera_msgs/lib/librealsense2_camera_msgs__rosidl_typesupport_c.so
[3.729s] -- Up-to-date: /home/jajayu/TomatoHarvesting_NextBestView/nbv_code/ros2_ws2/install/realsense2_camera_msgs/include/realsense2_camera_msgs/realsense2_camera_msgs
[3.729s] -- Up-to-date: /home/jajayu/TomatoHarvesting_NextBestView/nbv_code/ros2_ws2/install/realsense2_camera_msgs/include/realsense2_camera_msgs/realsense2_camera_msgs/srv
[3.730s] -- Up-to-date: /home/jajayu/TomatoHarvesting_NextBestView/nbv_code/ros2_ws2/install/realsense2_camera_msgs/include/realsense2_camera_msgs/realsense2_camera_msgs/srv/detail
[3.731s] -- Up-to-date: /home/jajayu/TomatoHarvesting_NextBestView/nbv_code/ros2_ws2/install/realsense2_camera_msgs/include/realsense2_camera_msgs/realsense2_camera_msgs/srv/detail/device_info__struct.hpp
[3.731s] -- Up-to-date: /home/jajayu/TomatoHarvesting_NextBestView/nbv_code/ros2_ws2/install/realsense2_camera_msgs/include/realsense2_camera_msgs/realsense2_camera_msgs/srv/detail/device_info__traits.hpp
[3.732s] -- Up-to-date: /home/jajayu/TomatoHarvesting_NextBestView/nbv_code/ros2_ws2/install/realsense2_camera_msgs/include/realsense2_camera_msgs/realsense2_camera_msgs/srv/detail/device_info__builder.hpp
[3.732s] -- Up-to-date: /home/jajayu/TomatoHarvesting_NextBestView/nbv_code/ros2_ws2/install/realsense2_camera_msgs/include/realsense2_camera_msgs/realsense2_camera_msgs/srv/device_info.hpp
[3.732s] -- Up-to-date: /home/jajayu/TomatoHarvesting_NextBestView/nbv_code/ros2_ws2/install/realsense2_camera_msgs/include/realsense2_camera_msgs/realsense2_camera_msgs/msg
[3.732s] -- Up-to-date: /home/jajayu/TomatoHarvesting_NextBestView/nbv_code/ros2_ws2/install/realsense2_camera_msgs/include/realsense2_camera_msgs/realsense2_camera_msgs/msg/rgbd.hpp
[3.733s] -- Up-to-date: /home/jajayu/TomatoHarvesting_NextBestView/nbv_code/ros2_ws2/install/realsense2_camera_msgs/include/realsense2_camera_msgs/realsense2_camera_msgs/msg/imu_info.hpp
[3.733s] -- Up-to-date: /home/jajayu/TomatoHarvesting_NextBestView/nbv_code/ros2_ws2/install/realsense2_camera_msgs/include/realsense2_camera_msgs/realsense2_camera_msgs/msg/extrinsics.hpp
[3.733s] -- Up-to-date: /home/jajayu/TomatoHarvesting_NextBestView/nbv_code/ros2_ws2/install/realsense2_camera_msgs/include/realsense2_camera_msgs/realsense2_camera_msgs/msg/detail
[3.733s] -- Up-to-date: /home/jajayu/TomatoHarvesting_NextBestView/nbv_code/ros2_ws2/install/realsense2_camera_msgs/include/realsense2_camera_msgs/realsense2_camera_msgs/msg/detail/metadata__struct.hpp
[3.733s] -- Up-to-date: /home/jajayu/TomatoHarvesting_NextBestView/nbv_code/ros2_ws2/install/realsense2_camera_msgs/include/realsense2_camera_msgs/realsense2_camera_msgs/msg/detail/rgbd__traits.hpp
[3.733s] -- Up-to-date: /home/jajayu/TomatoHarvesting_NextBestView/nbv_code/ros2_ws2/install/realsense2_camera_msgs/include/realsense2_camera_msgs/realsense2_camera_msgs/msg/detail/imu_info__struct.hpp
[3.734s] -- Up-to-date: /home/jajayu/TomatoHarvesting_NextBestView/nbv_code/ros2_ws2/install/realsense2_camera_msgs/include/realsense2_camera_msgs/realsense2_camera_msgs/msg/detail/extrinsics__builder.hpp
[3.734s] -- Up-to-date: /home/jajayu/TomatoHarvesting_NextBestView/nbv_code/ros2_ws2/install/realsense2_camera_msgs/include/realsense2_camera_msgs/realsense2_camera_msgs/msg/detail/rgbd__builder.hpp
[3.734s] -- Up-to-date: /home/jajayu/TomatoHarvesting_NextBestView/nbv_code/ros2_ws2/install/realsense2_camera_msgs/include/realsense2_camera_msgs/realsense2_camera_msgs/msg/detail/rgbd__struct.hpp
[3.734s] -- Up-to-date: /home/jajayu/TomatoHarvesting_NextBestView/nbv_code/ros2_ws2/install/realsense2_camera_msgs/include/realsense2_camera_msgs/realsense2_camera_msgs/msg/detail/imu_info__traits.hpp
[3.735s] -- Up-to-date: /home/jajayu/TomatoHarvesting_NextBestView/nbv_code/ros2_ws2/install/realsense2_camera_msgs/include/realsense2_camera_msgs/realsense2_camera_msgs/msg/detail/metadata__traits.hpp
[3.735s] -- Up-to-date: /home/jajayu/TomatoHarvesting_NextBestView/nbv_code/ros2_ws2/install/realsense2_camera_msgs/include/realsense2_camera_msgs/realsense2_camera_msgs/msg/detail/metadata__builder.hpp
[3.735s] -- Up-to-date: /home/jajayu/TomatoHarvesting_NextBestView/nbv_code/ros2_ws2/install/realsense2_camera_msgs/include/realsense2_camera_msgs/realsense2_camera_msgs/msg/detail/extrinsics__struct.hpp
[3.735s] -- Up-to-date: /home/jajayu/TomatoHarvesting_NextBestView/nbv_code/ros2_ws2/install/realsense2_camera_msgs/include/realsense2_camera_msgs/realsense2_camera_msgs/msg/detail/imu_info__builder.hpp
[3.735s] -- Up-to-date: /home/jajayu/TomatoHarvesting_NextBestView/nbv_code/ros2_ws2/install/realsense2_camera_msgs/include/realsense2_camera_msgs/realsense2_camera_msgs/msg/detail/extrinsics__traits.hpp
[3.735s] -- Up-to-date: /home/jajayu/TomatoHarvesting_NextBestView/nbv_code/ros2_ws2/install/realsense2_camera_msgs/include/realsense2_camera_msgs/realsense2_camera_msgs/msg/metadata.hpp
[3.736s] -- Up-to-date: /home/jajayu/TomatoHarvesting_NextBestView/nbv_code/ros2_ws2/install/realsense2_camera_msgs/include/realsense2_camera_msgs/realsense2_camera_msgs
[3.736s] -- Up-to-date: /home/jajayu/TomatoHarvesting_NextBestView/nbv_code/ros2_ws2/install/realsense2_camera_msgs/include/realsense2_camera_msgs/realsense2_camera_msgs/srv
[3.736s] -- Up-to-date: /home/jajayu/TomatoHarvesting_NextBestView/nbv_code/ros2_ws2/install/realsense2_camera_msgs/include/realsense2_camera_msgs/realsense2_camera_msgs/srv/detail
[3.736s] -- Up-to-date: /home/jajayu/TomatoHarvesting_NextBestView/nbv_code/ros2_ws2/install/realsense2_camera_msgs/include/realsense2_camera_msgs/realsense2_camera_msgs/srv/detail/dds_fastrtps
[3.736s] -- Up-to-date: /home/jajayu/TomatoHarvesting_NextBestView/nbv_code/ros2_ws2/install/realsense2_camera_msgs/include/realsense2_camera_msgs/realsense2_camera_msgs/srv/detail/device_info__rosidl_typesupport_fastrtps_cpp.hpp
[3.737s] -- Up-to-date: /home/jajayu/TomatoHarvesting_NextBestView/nbv_code/ros2_ws2/install/realsense2_camera_msgs/include/realsense2_camera_msgs/realsense2_camera_msgs/msg
[3.737s] -- Up-to-date: /home/jajayu/TomatoHarvesting_NextBestView/nbv_code/ros2_ws2/install/realsense2_camera_msgs/include/realsense2_camera_msgs/realsense2_camera_msgs/msg/detail
[3.737s] -- Up-to-date: /home/jajayu/TomatoHarvesting_NextBestView/nbv_code/ros2_ws2/install/realsense2_camera_msgs/include/realsense2_camera_msgs/realsense2_camera_msgs/msg/detail/imu_info__rosidl_typesupport_fastrtps_cpp.hpp
[3.737s] -- Up-to-date: /home/jajayu/TomatoHarvesting_NextBestView/nbv_code/ros2_ws2/install/realsense2_camera_msgs/include/realsense2_camera_msgs/realsense2_camera_msgs/msg/detail/extrinsics__rosidl_typesupport_fastrtps_cpp.hpp
[3.738s] -- Up-to-date: /home/jajayu/TomatoHarvesting_NextBestView/nbv_code/ros2_ws2/install/realsense2_camera_msgs/include/realsense2_camera_msgs/realsense2_camera_msgs/msg/detail/dds_fastrtps
[3.738s] -- Up-to-date: /home/jajayu/TomatoHarvesting_NextBestView/nbv_code/ros2_ws2/install/realsense2_camera_msgs/include/realsense2_camera_msgs/realsense2_camera_msgs/msg/detail/metadata__rosidl_typesupport_fastrtps_cpp.hpp
[3.738s] -- Up-to-date: /home/jajayu/TomatoHarvesting_NextBestView/nbv_code/ros2_ws2/install/realsense2_camera_msgs/include/realsense2_camera_msgs/realsense2_camera_msgs/msg/detail/rgbd__rosidl_typesupport_fastrtps_cpp.hpp
[3.738s] -- Up-to-date: /home/jajayu/TomatoHarvesting_NextBestView/nbv_code/ros2_ws2/install/realsense2_camera_msgs/include/realsense2_camera_msgs/realsense2_camera_msgs/msg/rosidl_typesupport_fastrtps_cpp__visibility_control.h
[3.739s] -- Up-to-date: /home/jajayu/TomatoHarvesting_NextBestView/nbv_code/ros2_ws2/install/realsense2_camera_msgs/lib/librealsense2_camera_msgs__rosidl_typesupport_fastrtps_cpp.so
[3.740s] -- Up-to-date: /home/jajayu/TomatoHarvesting_NextBestView/nbv_code/ros2_ws2/install/realsense2_camera_msgs/include/realsense2_camera_msgs/realsense2_camera_msgs
[3.740s] -- Up-to-date: /home/jajayu/TomatoHarvesting_NextBestView/nbv_code/ros2_ws2/install/realsense2_camera_msgs/include/realsense2_camera_msgs/realsense2_camera_msgs/srv
[3.741s] -- Up-to-date: /home/jajayu/TomatoHarvesting_NextBestView/nbv_code/ros2_ws2/install/realsense2_camera_msgs/include/realsense2_camera_msgs/realsense2_camera_msgs/srv/detail
[3.741s] -- Up-to-date: /home/jajayu/TomatoHarvesting_NextBestView/nbv_code/ros2_ws2/install/realsense2_camera_msgs/include/realsense2_camera_msgs/realsense2_camera_msgs/srv/detail/device_info__type_support.cpp
[3.741s] -- Up-to-date: /home/jajayu/TomatoHarvesting_NextBestView/nbv_code/ros2_ws2/install/realsense2_camera_msgs/include/realsense2_camera_msgs/realsense2_camera_msgs/srv/detail/device_info__rosidl_typesupport_introspection_cpp.hpp
[3.742s] -- Up-to-date: /home/jajayu/TomatoHarvesting_NextBestView/nbv_code/ros2_ws2/install/realsense2_camera_msgs/include/realsense2_camera_msgs/realsense2_camera_msgs/msg
[3.742s] -- Up-to-date: /home/jajayu/TomatoHarvesting_NextBestView/nbv_code/ros2_ws2/install/realsense2_camera_msgs/include/realsense2_camera_msgs/realsense2_camera_msgs/msg/detail
[3.742s] -- Up-to-date: /home/jajayu/TomatoHarvesting_NextBestView/nbv_code/ros2_ws2/install/realsense2_camera_msgs/include/realsense2_camera_msgs/realsense2_camera_msgs/msg/detail/rgbd__rosidl_typesupport_introspection_cpp.hpp
[3.742s] -- Up-to-date: /home/jajayu/TomatoHarvesting_NextBestView/nbv_code/ros2_ws2/install/realsense2_camera_msgs/include/realsense2_camera_msgs/realsense2_camera_msgs/msg/detail/imu_info__rosidl_typesupport_introspection_cpp.hpp
[3.743s] -- Up-to-date: /home/jajayu/TomatoHarvesting_NextBestView/nbv_code/ros2_ws2/install/realsense2_camera_msgs/include/realsense2_camera_msgs/realsense2_camera_msgs/msg/detail/metadata__type_support.cpp
[3.743s] -- Up-to-date: /home/jajayu/TomatoHarvesting_NextBestView/nbv_code/ros2_ws2/install/realsense2_camera_msgs/include/realsense2_camera_msgs/realsense2_camera_msgs/msg/detail/metadata__rosidl_typesupport_introspection_cpp.hpp
[3.743s] -- Up-to-date: /home/jajayu/TomatoHarvesting_NextBestView/nbv_code/ros2_ws2/install/realsense2_camera_msgs/include/realsense2_camera_msgs/realsense2_camera_msgs/msg/detail/rgbd__type_support.cpp
[3.743s] -- Up-to-date: /home/jajayu/TomatoHarvesting_NextBestView/nbv_code/ros2_ws2/install/realsense2_camera_msgs/include/realsense2_camera_msgs/realsense2_camera_msgs/msg/detail/extrinsics__rosidl_typesupport_introspection_cpp.hpp
[3.743s] -- Up-to-date: /home/jajayu/TomatoHarvesting_NextBestView/nbv_code/ros2_ws2/install/realsense2_camera_msgs/include/realsense2_camera_msgs/realsense2_camera_msgs/msg/detail/extrinsics__type_support.cpp
[3.744s] -- Up-to-date: /home/jajayu/TomatoHarvesting_NextBestView/nbv_code/ros2_ws2/install/realsense2_camera_msgs/include/realsense2_camera_msgs/realsense2_camera_msgs/msg/detail/imu_info__type_support.cpp
[3.744s] -- Up-to-date: /home/jajayu/TomatoHarvesting_NextBestView/nbv_code/ros2_ws2/install/realsense2_camera_msgs/lib/librealsense2_camera_msgs__rosidl_typesupport_introspection_cpp.so
[3.745s] -- Up-to-date: /home/jajayu/TomatoHarvesting_NextBestView/nbv_code/ros2_ws2/install/realsense2_camera_msgs/lib/librealsense2_camera_msgs__rosidl_typesupport_cpp.so
[3.745s] -- Up-to-date: /home/jajayu/TomatoHarvesting_NextBestView/nbv_code/ros2_ws2/install/realsense2_camera_msgs/share/realsense2_camera_msgs/environment/pythonpath.sh
[3.746s] -- Up-to-date: /home/jajayu/TomatoHarvesting_NextBestView/nbv_code/ros2_ws2/install/realsense2_camera_msgs/share/realsense2_camera_msgs/environment/pythonpath.dsv
[3.746s] -- Up-to-date: /home/jajayu/TomatoHarvesting_NextBestView/nbv_code/ros2_ws2/install/realsense2_camera_msgs/local/lib/python3.10/dist-packages/realsense2_camera_msgs-4.55.1-py3.10.egg-info
[3.746s] -- Installing: /home/jajayu/TomatoHarvesting_NextBestView/nbv_code/ros2_ws2/install/realsense2_camera_msgs/local/lib/python3.10/dist-packages/realsense2_camera_msgs-4.55.1-py3.10.egg-info/PKG-INFO
[3.747s] -- Installing: /home/jajayu/TomatoHarvesting_NextBestView/nbv_code/ros2_ws2/install/realsense2_camera_msgs/local/lib/python3.10/dist-packages/realsense2_camera_msgs-4.55.1-py3.10.egg-info/dependency_links.txt
[3.747s] -- Installing: /home/jajayu/TomatoHarvesting_NextBestView/nbv_code/ros2_ws2/install/realsense2_camera_msgs/local/lib/python3.10/dist-packages/realsense2_camera_msgs-4.55.1-py3.10.egg-info/SOURCES.txt
[3.747s] -- Installing: /home/jajayu/TomatoHarvesting_NextBestView/nbv_code/ros2_ws2/install/realsense2_camera_msgs/local/lib/python3.10/dist-packages/realsense2_camera_msgs-4.55.1-py3.10.egg-info/top_level.txt
[3.747s] -- Up-to-date: /home/jajayu/TomatoHarvesting_NextBestView/nbv_code/ros2_ws2/install/realsense2_camera_msgs/local/lib/python3.10/dist-packages/realsense2_camera_msgs
[3.750s] -- Up-to-date: /home/jajayu/TomatoHarvesting_NextBestView/nbv_code/ros2_ws2/install/realsense2_camera_msgs/local/lib/python3.10/dist-packages/realsense2_camera_msgs/_realsense2_camera_msgs_s.ep.rosidl_typesupport_introspection_c.c
[3.751s] -- Up-to-date: /home/jajayu/TomatoHarvesting_NextBestView/nbv_code/ros2_ws2/install/realsense2_camera_msgs/local/lib/python3.10/dist-packages/realsense2_camera_msgs/realsense2_camera_msgs_s__rosidl_typesupport_c.cpython-310-x86_64-linux-gnu.so
[3.752s] -- Up-to-date: /home/jajayu/TomatoHarvesting_NextBestView/nbv_code/ros2_ws2/install/realsense2_camera_msgs/local/lib/python3.10/dist-packages/realsense2_camera_msgs/librealsense2_camera_msgs__rosidl_generator_py.so
[3.752s] -- Up-to-date: /home/jajayu/TomatoHarvesting_NextBestView/nbv_code/ros2_ws2/install/realsense2_camera_msgs/local/lib/python3.10/dist-packages/realsense2_camera_msgs/srv
[3.752s] -- Up-to-date: /home/jajayu/TomatoHarvesting_NextBestView/nbv_code/ros2_ws2/install/realsense2_camera_msgs/local/lib/python3.10/dist-packages/realsense2_camera_msgs/srv/_device_info_s.c
[3.752s] -- Up-to-date: /home/jajayu/TomatoHarvesting_NextBestView/nbv_code/ros2_ws2/install/realsense2_camera_msgs/local/lib/python3.10/dist-packages/realsense2_camera_msgs/srv/_device_info.py
[3.752s] -- Up-to-date: /home/jajayu/TomatoHarvesting_NextBestView/nbv_code/ros2_ws2/install/realsense2_camera_msgs/local/lib/python3.10/dist-packages/realsense2_camera_msgs/srv/__init__.py
[3.752s] -- Up-to-date: /home/jajayu/TomatoHarvesting_NextBestView/nbv_code/ros2_ws2/install/realsense2_camera_msgs/local/lib/python3.10/dist-packages/realsense2_camera_msgs/realsense2_camera_msgs_s__rosidl_typesupport_fastrtps_c.cpython-310-x86_64-linux-gnu.so
[3.753s] -- Up-to-date: /home/jajayu/TomatoHarvesting_NextBestView/nbv_code/ros2_ws2/install/realsense2_camera_msgs/local/lib/python3.10/dist-packages/realsense2_camera_msgs/realsense2_camera_msgs_s__rosidl_typesupport_introspection_c.cpython-310-x86_64-linux-gnu.so
[3.753s] -- Up-to-date: /home/jajayu/TomatoHarvesting_NextBestView/nbv_code/ros2_ws2/install/realsense2_camera_msgs/local/lib/python3.10/dist-packages/realsense2_camera_msgs/_realsense2_camera_msgs_s.ep.rosidl_typesupport_c.c
[3.753s] -- Up-to-date: /home/jajayu/TomatoHarvesting_NextBestView/nbv_code/ros2_ws2/install/realsense2_camera_msgs/local/lib/python3.10/dist-packages/realsense2_camera_msgs/msg
[3.754s] -- Up-to-date: /home/jajayu/TomatoHarvesting_NextBestView/nbv_code/ros2_ws2/install/realsense2_camera_msgs/local/lib/python3.10/dist-packages/realsense2_camera_msgs/msg/_extrinsics.py
[3.755s] -- Up-to-date: /home/jajayu/TomatoHarvesting_NextBestView/nbv_code/ros2_ws2/install/realsense2_camera_msgs/local/lib/python3.10/dist-packages/realsense2_camera_msgs/msg/_imu_info_s.c
[3.756s] -- Up-to-date: /home/jajayu/TomatoHarvesting_NextBestView/nbv_code/ros2_ws2/install/realsense2_camera_msgs/local/lib/python3.10/dist-packages/realsense2_camera_msgs/msg/_metadata_s.c
[3.756s] -- Up-to-date: /home/jajayu/TomatoHarvesting_NextBestView/nbv_code/ros2_ws2/install/realsense2_camera_msgs/local/lib/python3.10/dist-packages/realsense2_camera_msgs/msg/_rgbd_s.c
[3.756s] -- Up-to-date: /home/jajayu/TomatoHarvesting_NextBestView/nbv_code/ros2_ws2/install/realsense2_camera_msgs/local/lib/python3.10/dist-packages/realsense2_camera_msgs/msg/_extrinsics_s.c
[3.756s] -- Up-to-date: /home/jajayu/TomatoHarvesting_NextBestView/nbv_code/ros2_ws2/install/realsense2_camera_msgs/local/lib/python3.10/dist-packages/realsense2_camera_msgs/msg/_rgbd.py
[3.756s] -- Up-to-date: /home/jajayu/TomatoHarvesting_NextBestView/nbv_code/ros2_ws2/install/realsense2_camera_msgs/local/lib/python3.10/dist-packages/realsense2_camera_msgs/msg/__init__.py
[3.757s] -- Up-to-date: /home/jajayu/TomatoHarvesting_NextBestView/nbv_code/ros2_ws2/install/realsense2_camera_msgs/local/lib/python3.10/dist-packages/realsense2_camera_msgs/msg/_metadata.py
[3.757s] -- Up-to-date: /home/jajayu/TomatoHarvesting_NextBestView/nbv_code/ros2_ws2/install/realsense2_camera_msgs/local/lib/python3.10/dist-packages/realsense2_camera_msgs/msg/_imu_info.py
[3.758s] -- Up-to-date: /home/jajayu/TomatoHarvesting_NextBestView/nbv_code/ros2_ws2/install/realsense2_camera_msgs/local/lib/python3.10/dist-packages/realsense2_camera_msgs/__init__.py
[3.758s] -- Up-to-date: /home/jajayu/TomatoHarvesting_NextBestView/nbv_code/ros2_ws2/install/realsense2_camera_msgs/local/lib/python3.10/dist-packages/realsense2_camera_msgs/_realsense2_camera_msgs_s.ep.rosidl_typesupport_fastrtps_c.c
[3.836s] Listing '/home/jajayu/TomatoHarvesting_NextBestView/nbv_code/ros2_ws2/install/realsense2_camera_msgs/local/lib/python3.10/dist-packages/realsense2_camera_msgs'...
[3.836s] Listing '/home/jajayu/TomatoHarvesting_NextBestView/nbv_code/ros2_ws2/install/realsense2_camera_msgs/local/lib/python3.10/dist-packages/realsense2_camera_msgs/msg'...
[3.836s] Listing '/home/jajayu/TomatoHarvesting_NextBestView/nbv_code/ros2_ws2/install/realsense2_camera_msgs/local/lib/python3.10/dist-packages/realsense2_camera_msgs/srv'...
[3.838s] -- Up-to-date: /home/jajayu/TomatoHarvesting_NextBestView/nbv_code/ros2_ws2/install/realsense2_camera_msgs/local/lib/python3.10/dist-packages/realsense2_camera_msgs/realsense2_camera_msgs_s__rosidl_typesupport_fastrtps_c.cpython-310-x86_64-linux-gnu.so
[3.838s] -- Up-to-date: /home/jajayu/TomatoHarvesting_NextBestView/nbv_code/ros2_ws2/install/realsense2_camera_msgs/local/lib/python3.10/dist-packages/realsense2_camera_msgs/realsense2_camera_msgs_s__rosidl_typesupport_introspection_c.cpython-310-x86_64-linux-gnu.so
[3.841s] -- Up-to-date: /home/jajayu/TomatoHarvesting_NextBestView/nbv_code/ros2_ws2/install/realsense2_camera_msgs/local/lib/python3.10/dist-packages/realsense2_camera_msgs/realsense2_camera_msgs_s__rosidl_typesupport_c.cpython-310-x86_64-linux-gnu.so
[3.848s] -- Up-to-date: /home/jajayu/TomatoHarvesting_NextBestView/nbv_code/ros2_ws2/install/realsense2_camera_msgs/lib/librealsense2_camera_msgs__rosidl_generator_py.so
[3.849s] -- Up-to-date: /home/jajayu/TomatoHarvesting_NextBestView/nbv_code/ros2_ws2/install/realsense2_camera_msgs/share/realsense2_camera_msgs/msg/IMUInfo.idl
[3.850s] -- Up-to-date: /home/jajayu/TomatoHarvesting_NextBestView/nbv_code/ros2_ws2/install/realsense2_camera_msgs/share/realsense2_camera_msgs/msg/Extrinsics.idl
[3.850s] -- Up-to-date: /home/jajayu/TomatoHarvesting_NextBestView/nbv_code/ros2_ws2/install/realsense2_camera_msgs/share/realsense2_camera_msgs/msg/Metadata.idl
[3.850s] -- Up-to-date: /home/jajayu/TomatoHarvesting_NextBestView/nbv_code/ros2_ws2/install/realsense2_camera_msgs/share/realsense2_camera_msgs/msg/RGBD.idl
[3.851s] -- Up-to-date: /home/jajayu/TomatoHarvesting_NextBestView/nbv_code/ros2_ws2/install/realsense2_camera_msgs/share/realsense2_camera_msgs/srv/DeviceInfo.idl
[3.852s] -- Up-to-date: /home/jajayu/TomatoHarvesting_NextBestView/nbv_code/ros2_ws2/install/realsense2_camera_msgs/share/realsense2_camera_msgs/msg/IMUInfo.msg
[3.852s] -- Up-to-date: /home/jajayu/TomatoHarvesting_NextBestView/nbv_code/ros2_ws2/install/realsense2_camera_msgs/share/realsense2_camera_msgs/msg/Extrinsics.msg
[3.852s] -- Up-to-date: /home/jajayu/TomatoHarvesting_NextBestView/nbv_code/ros2_ws2/install/realsense2_camera_msgs/share/realsense2_camera_msgs/msg/Metadata.msg
[3.853s] -- Up-to-date: /home/jajayu/TomatoHarvesting_NextBestView/nbv_code/ros2_ws2/install/realsense2_camera_msgs/share/realsense2_camera_msgs/msg/RGBD.msg
[3.853s] -- Up-to-date: /home/jajayu/TomatoHarvesting_NextBestView/nbv_code/ros2_ws2/install/realsense2_camera_msgs/share/realsense2_camera_msgs/srv/DeviceInfo.srv
[3.854s] -- Up-to-date: /home/jajayu/TomatoHarvesting_NextBestView/nbv_code/ros2_ws2/install/realsense2_camera_msgs/share/realsense2_camera_msgs/srv/DeviceInfo_Request.msg
[3.854s] -- Up-to-date: /home/jajayu/TomatoHarvesting_NextBestView/nbv_code/ros2_ws2/install/realsense2_camera_msgs/share/realsense2_camera_msgs/srv/DeviceInfo_Response.msg
[3.854s] -- Up-to-date: /home/jajayu/TomatoHarvesting_NextBestView/nbv_code/ros2_ws2/install/realsense2_camera_msgs/share/ament_index/resource_index/package_run_dependencies/realsense2_camera_msgs
[3.855s] -- Up-to-date: /home/jajayu/TomatoHarvesting_NextBestView/nbv_code/ros2_ws2/install/realsense2_camera_msgs/share/ament_index/resource_index/parent_prefix_path/realsense2_camera_msgs
[3.855s] -- Up-to-date: /home/jajayu/TomatoHarvesting_NextBestView/nbv_code/ros2_ws2/install/realsense2_camera_msgs/share/realsense2_camera_msgs/environment/ament_prefix_path.sh
[3.855s] -- Up-to-date: /home/jajayu/TomatoHarvesting_NextBestView/nbv_code/ros2_ws2/install/realsense2_camera_msgs/share/realsense2_camera_msgs/environment/ament_prefix_path.dsv
[3.855s] -- Up-to-date: /home/jajayu/TomatoHarvesting_NextBestView/nbv_code/ros2_ws2/install/realsense2_camera_msgs/share/realsense2_camera_msgs/environment/path.sh
[3.855s] -- Up-to-date: /home/jajayu/TomatoHarvesting_NextBestView/nbv_code/ros2_ws2/install/realsense2_camera_msgs/share/realsense2_camera_msgs/environment/path.dsv
[3.855s] -- Up-to-date: /home/jajayu/TomatoHarvesting_NextBestView/nbv_code/ros2_ws2/install/realsense2_camera_msgs/share/realsense2_camera_msgs/local_setup.bash
[3.855s] -- Up-to-date: /home/jajayu/TomatoHarvesting_NextBestView/nbv_code/ros2_ws2/install/realsense2_camera_msgs/share/realsense2_camera_msgs/local_setup.sh
[3.855s] -- Up-to-date: /home/jajayu/TomatoHarvesting_NextBestView/nbv_code/ros2_ws2/install/realsense2_camera_msgs/share/realsense2_camera_msgs/local_setup.zsh
[3.855s] -- Up-to-date: /home/jajayu/TomatoHarvesting_NextBestView/nbv_code/ros2_ws2/install/realsense2_camera_msgs/share/realsense2_camera_msgs/local_setup.dsv
[3.856s] -- Installing: /home/jajayu/TomatoHarvesting_NextBestView/nbv_code/ros2_ws2/install/realsense2_camera_msgs/share/realsense2_camera_msgs/package.dsv
[3.856s] -- Up-to-date: /home/jajayu/TomatoHarvesting_NextBestView/nbv_code/ros2_ws2/install/realsense2_camera_msgs/share/ament_index/resource_index/packages/realsense2_camera_msgs
[3.857s] -- Up-to-date: /home/jajayu/TomatoHarvesting_NextBestView/nbv_code/ros2_ws2/install/realsense2_camera_msgs/share/realsense2_camera_msgs/cmake/export_realsense2_camera_msgs__rosidl_generator_cExport.cmake
[3.858s] -- Up-to-date: /home/jajayu/TomatoHarvesting_NextBestView/nbv_code/ros2_ws2/install/realsense2_camera_msgs/share/realsense2_camera_msgs/cmake/export_realsense2_camera_msgs__rosidl_generator_cExport-noconfig.cmake
[3.860s] -- Up-to-date: /home/jajayu/TomatoHarvesting_NextBestView/nbv_code/ros2_ws2/install/realsense2_camera_msgs/share/realsense2_camera_msgs/cmake/export_realsense2_camera_msgs__rosidl_typesupport_fastrtps_cExport.cmake
[3.860s] -- Up-to-date: /home/jajayu/TomatoHarvesting_NextBestView/nbv_code/ros2_ws2/install/realsense2_camera_msgs/share/realsense2_camera_msgs/cmake/export_realsense2_camera_msgs__rosidl_typesupport_fastrtps_cExport-noconfig.cmake
[3.861s] -- Up-to-date: /home/jajayu/TomatoHarvesting_NextBestView/nbv_code/ros2_ws2/install/realsense2_camera_msgs/share/realsense2_camera_msgs/cmake/realsense2_camera_msgs__rosidl_typesupport_introspection_cExport.cmake
[3.861s] -- Up-to-date: /home/jajayu/TomatoHarvesting_NextBestView/nbv_code/ros2_ws2/install/realsense2_camera_msgs/share/realsense2_camera_msgs/cmake/realsense2_camera_msgs__rosidl_typesupport_introspection_cExport-noconfig.cmake
[3.862s] -- Up-to-date: /home/jajayu/TomatoHarvesting_NextBestView/nbv_code/ros2_ws2/install/realsense2_camera_msgs/share/realsense2_camera_msgs/cmake/realsense2_camera_msgs__rosidl_typesupport_cExport.cmake
[3.863s] -- Up-to-date: /home/jajayu/TomatoHarvesting_NextBestView/nbv_code/ros2_ws2/install/realsense2_camera_msgs/share/realsense2_camera_msgs/cmake/realsense2_camera_msgs__rosidl_typesupport_cExport-noconfig.cmake
[3.863s] -- Up-to-date: /home/jajayu/TomatoHarvesting_NextBestView/nbv_code/ros2_ws2/install/realsense2_camera_msgs/share/realsense2_camera_msgs/cmake/export_realsense2_camera_msgs__rosidl_generator_cppExport.cmake
[3.863s] -- Up-to-date: /home/jajayu/TomatoHarvesting_NextBestView/nbv_code/ros2_ws2/install/realsense2_camera_msgs/share/realsense2_camera_msgs/cmake/export_realsense2_camera_msgs__rosidl_typesupport_fastrtps_cppExport.cmake
[3.864s] -- Up-to-date: /home/jajayu/TomatoHarvesting_NextBestView/nbv_code/ros2_ws2/install/realsense2_camera_msgs/share/realsense2_camera_msgs/cmake/export_realsense2_camera_msgs__rosidl_typesupport_fastrtps_cppExport-noconfig.cmake
[3.865s] -- Up-to-date: /home/jajayu/TomatoHarvesting_NextBestView/nbv_code/ros2_ws2/install/realsense2_camera_msgs/share/realsense2_camera_msgs/cmake/realsense2_camera_msgs__rosidl_typesupport_introspection_cppExport.cmake
[3.865s] -- Up-to-date: /home/jajayu/TomatoHarvesting_NextBestView/nbv_code/ros2_ws2/install/realsense2_camera_msgs/share/realsense2_camera_msgs/cmake/realsense2_camera_msgs__rosidl_typesupport_introspection_cppExport-noconfig.cmake
[3.868s] -- Up-to-date: /home/jajayu/TomatoHarvesting_NextBestView/nbv_code/ros2_ws2/install/realsense2_camera_msgs/share/realsense2_camera_msgs/cmake/realsense2_camera_msgs__rosidl_typesupport_cppExport.cmake
[3.869s] -- Up-to-date: /home/jajayu/TomatoHarvesting_NextBestView/nbv_code/ros2_ws2/install/realsense2_camera_msgs/share/realsense2_camera_msgs/cmake/realsense2_camera_msgs__rosidl_typesupport_cppExport-noconfig.cmake
[3.869s] -- Up-to-date: /home/jajayu/TomatoHarvesting_NextBestView/nbv_code/ros2_ws2/install/realsense2_camera_msgs/share/realsense2_camera_msgs/cmake/export_realsense2_camera_msgs__rosidl_generator_pyExport.cmake
[3.869s] -- Up-to-date: /home/jajayu/TomatoHarvesting_NextBestView/nbv_code/ros2_ws2/install/realsense2_camera_msgs/share/realsense2_camera_msgs/cmake/export_realsense2_camera_msgs__rosidl_generator_pyExport-noconfig.cmake
[3.869s] -- Up-to-date: /home/jajayu/TomatoHarvesting_NextBestView/nbv_code/ros2_ws2/install/realsense2_camera_msgs/share/realsense2_camera_msgs/cmake/rosidl_cmake-extras.cmake
[3.869s] -- Up-to-date: /home/jajayu/TomatoHarvesting_NextBestView/nbv_code/ros2_ws2/install/realsense2_camera_msgs/share/realsense2_camera_msgs/cmake/ament_cmake_export_dependencies-extras.cmake
[3.869s] -- Up-to-date: /home/jajayu/TomatoHarvesting_NextBestView/nbv_code/ros2_ws2/install/realsense2_camera_msgs/share/realsense2_camera_msgs/cmake/ament_cmake_export_include_directories-extras.cmake
[3.869s] -- Up-to-date: /home/jajayu/TomatoHarvesting_NextBestView/nbv_code/ros2_ws2/install/realsense2_camera_msgs/share/realsense2_camera_msgs/cmake/ament_cmake_export_libraries-extras.cmake
[3.870s] -- Up-to-date: /home/jajayu/TomatoHarvesting_NextBestView/nbv_code/ros2_ws2/install/realsense2_camera_msgs/share/realsense2_camera_msgs/cmake/ament_cmake_export_targets-extras.cmake
[3.870s] -- Up-to-date: /home/jajayu/TomatoHarvesting_NextBestView/nbv_code/ros2_ws2/install/realsense2_camera_msgs/share/realsense2_camera_msgs/cmake/rosidl_cmake_export_typesupport_targets-extras.cmake
[3.870s] -- Up-to-date: /home/jajayu/TomatoHarvesting_NextBestView/nbv_code/ros2_ws2/install/realsense2_camera_msgs/share/realsense2_camera_msgs/cmake/rosidl_cmake_export_typesupport_libraries-extras.cmake
[3.870s] -- Up-to-date: /home/jajayu/TomatoHarvesting_NextBestView/nbv_code/ros2_ws2/install/realsense2_camera_msgs/share/realsense2_camera_msgs/cmake/realsense2_camera_msgsConfig.cmake
[3.870s] -- Up-to-date: /home/jajayu/TomatoHarvesting_NextBestView/nbv_code/ros2_ws2/install/realsense2_camera_msgs/share/realsense2_camera_msgs/cmake/realsense2_camera_msgsConfig-version.cmake
[3.870s] -- Up-to-date: /home/jajayu/TomatoHarvesting_NextBestView/nbv_code/ros2_ws2/install/realsense2_camera_msgs/share/realsense2_camera_msgs/package.xml
[3.929s] Invoked command in '/home/jajayu/TomatoHarvesting_NextBestView/nbv_code/ros2_ws2/build/realsense2_camera_msgs' returned '0': CMAKE_PREFIX_PATH=${CMAKE_PREFIX_PATH}:/home/jajayu/TomatoHarvesting_NextBestView/nbv_code/ros2_ws2/install/my_robot_nbv:/home/jajayu/TomatoHarvesting_NextBestView/nbv_code/ros2_ws2/install/my_robot_cam:/home/jajayu/TomatoHarvesting_NextBestView/nbv_code/ros2_ws2/install/my_robot_arm:/opt/ros/humble /home/jajayu/.local/bin/cmake --install /home/jajayu/TomatoHarvesting_NextBestView/nbv_code/ros2_ws2/build/realsense2_camera_msgs
