[0.036s] Invoking command in '/home/rmml05/nbv_JaJaYu/TomatoHarvesting_NextBestView/nbv_code/nbv_for_local_computer/ros2_ws2_local/build/message_interfaces': CMAKE_PREFIX_PATH=${CMAKE_PREFIX_PATH}:/home/rmml05/thr_ws/install/ugv_path_tracking:/home/rmml05/thr_ws/install/tm_mod_urdf:/home/rmml05/thr_ws/install/tm_get_status:/home/rmml05/thr_ws/install/tm_arm_control_py:/home/rmml05/thr_ws/install/thr_gui_teleoperation:/home/rmml05/thr_ws/install/thr_daq:/home/rmml05/thr_ws/install/thr_controller_py:/home/rmml05/thr_ws/install/teaching_nav:/home/rmml05/thr_ws/install/ros_tcp_endpoint:/home/rmml05/thr_ws/install/pcl_conversions:/home/rmml05/thr_ws/install/moveit_cmd_adapter:/home/rmml05/thr_ws/install/gripper_srv_action_bridge:/home/rmml05/thr_ws/install/gripper_controller:/home/rmml05/thr_ws/install/delta_bt_python:/home/rmml05/thr_ws/install/camera_d435:/home/rmml05/thr_ws/install/bvp_driver_interface_py:/home/rmml05/ws_moveit/install/moveit_configs_utils:/home/rmml05/ws_moveit/install/launch_param_builder:/opt/ros/humble /home/rmml05/.local/bin/cmake /home/rmml05/nbv_JaJaYu/TomatoHarvesting_NextBestView/nbv_code/nbv_for_local_computer/ros2_ws2_local/src/message_interfaces -DCMAKE_INSTALL_PREFIX=/home/rmml05/nbv_JaJaYu/TomatoHarvesting_NextBestView/nbv_code/nbv_for_local_computer/ros2_ws2_local/install/message_interfaces
[0.187s] [0mCMake Deprecation Warning at CMakeLists.txt:1 (cmake_minimum_required):
[0.187s]   Compatibility with CMake < 3.10 will be removed from a future version of
[0.187s]   CMake.
[0.188s] 
[0.188s]   Update the VERSION argument <min> value.  Or, use the <min>...<max> syntax
[0.188s]   to tell CMake that the project requires at least <min> but has been updated
[0.188s]   to work with policies introduced by <max> or earlier.
[0.188s] 
[0.189s] [0m
[0.324s] -- The C compiler identification is GNU 11.4.0
[0.474s] -- The CXX compiler identification is GNU 11.4.0
[0.503s] -- Detecting C compiler ABI info
[0.662s] -- Detecting C compiler ABI info - done
[0.716s] -- Check for working C compiler: /usr/bin/cc - skipped
[0.716s] -- Detecting C compile features
[0.718s] -- Detecting C compile features - done
[0.760s] -- Detecting CXX compiler ABI info
[0.942s] -- Detecting CXX compiler ABI info - done
[0.998s] -- Check for working CXX compiler: /usr/bin/c++ - skipped
[1.000s] -- Detecting CXX compile features
[1.002s] -- Detecting CXX compile features - done
[1.051s] -- Found ament_cmake: 1.3.11 (/opt/ros/humble/share/ament_cmake/cmake)
[1.462s] -- Found Python3: /usr/bin/python3 (found version "3.10.12") found components: Interpreter
[1.918s] -- Found rosidl_default_generators: 1.2.0 (/opt/ros/humble/share/rosidl_default_generators/cmake)
[1.969s] -- Using all available rosidl_typesupport_c: rosidl_typesupport_fastrtps_c;rosidl_typesupport_introspection_c
[2.015s] -- Found rosidl_adapter: 3.1.6 (/opt/ros/humble/share/rosidl_adapter/cmake)
[2.212s] -- Using all available rosidl_typesupport_cpp: rosidl_typesupport_fastrtps_cpp;rosidl_typesupport_introspection_cpp
[3.349s] -- Found ament_cmake_ros: 0.10.0 (/opt/ros/humble/share/ament_cmake_ros/cmake)
[4.574s] -- Using all available rosidl_typesupport_c: rosidl_typesupport_fastrtps_c;rosidl_typesupport_introspection_c
[6.081s] -- Using all available rosidl_typesupport_cpp: rosidl_typesupport_fastrtps_cpp;rosidl_typesupport_introspection_cpp
[6.089s] [33mCMake Warning (dev) at /opt/ros/humble/share/rosidl_generator_py/cmake/rosidl_generator_py_generate_interfaces.cmake:20 (find_package):
[6.090s]   Policy CMP0148 is not set: The FindPythonInterp and FindPythonLibs modules
[6.090s]   are removed.  Run "cmake --help-policy CMP0148" for policy details.  Use
[6.090s]   the cmake_policy command to set the policy and suppress this warning.
[6.090s] 
[6.091s] Call Stack (most recent call first):
[6.091s]   /opt/ros/humble/share/ament_cmake_core/cmake/core/ament_execute_extensions.cmake:48 (include)
[6.091s]   /opt/ros/humble/share/rosidl_cmake/cmake/rosidl_generate_interfaces.cmake:286 (ament_execute_extensions)
[6.091s]   CMakeLists.txt:15 (rosidl_generate_interfaces)
[6.092s] This warning is for project developers.  Use -Wno-dev to suppress it.
[6.092s] [0m
[6.162s] -- Found PythonInterp: /usr/bin/python3 (found suitable version "3.10.12", minimum required is "3.6")
[6.203s] -- Found python_cmake_module: 0.10.0 (/opt/ros/humble/share/python_cmake_module/cmake)
[6.205s] [33mCMake Warning (dev) at /opt/ros/humble/share/python_cmake_module/cmake/Modules/FindPythonExtra.cmake:52 (find_package):
[6.205s]   Policy CMP0148 is not set: The FindPythonInterp and FindPythonLibs modules
[6.205s]   are removed.  Run "cmake --help-policy CMP0148" for policy details.  Use
[6.205s]   the cmake_policy command to set the policy and suppress this warning.
[6.206s] 
[6.206s] Call Stack (most recent call first):
[6.206s]   /opt/ros/humble/share/rosidl_generator_py/cmake/rosidl_generator_py_generate_interfaces.cmake:23 (find_package)
[6.206s]   /opt/ros/humble/share/ament_cmake_core/cmake/core/ament_execute_extensions.cmake:48 (include)
[6.206s]   /opt/ros/humble/share/rosidl_cmake/cmake/rosidl_generate_interfaces.cmake:286 (ament_execute_extensions)
[6.207s]   CMakeLists.txt:15 (rosidl_generate_interfaces)
[6.207s] This warning is for project developers.  Use -Wno-dev to suppress it.
[6.207s] [0m
[6.260s] [33mCMake Warning (dev) at /opt/ros/humble/share/python_cmake_module/cmake/Modules/FindPythonExtra.cmake:140 (find_package):
[6.260s]   Policy CMP0148 is not set: The FindPythonInterp and FindPythonLibs modules
[6.260s]   are removed.  Run "cmake --help-policy CMP0148" for policy details.  Use
[6.261s]   the cmake_policy command to set the policy and suppress this warning.
[6.261s] 
[6.261s] Call Stack (most recent call first):
[6.261s]   /opt/ros/humble/share/rosidl_generator_py/cmake/rosidl_generator_py_generate_interfaces.cmake:23 (find_package)
[6.261s]   /opt/ros/humble/share/ament_cmake_core/cmake/core/ament_execute_extensions.cmake:48 (include)
[6.262s]   /opt/ros/humble/share/rosidl_cmake/cmake/rosidl_generate_interfaces.cmake:286 (ament_execute_extensions)
[6.262s]   CMakeLists.txt:15 (rosidl_generate_interfaces)
[6.262s] This warning is for project developers.  Use -Wno-dev to suppress it.
[6.262s] [0m
[6.309s] -- Found PythonLibs: /usr/lib/aarch64-linux-gnu/libpython3.10.so (found suitable version "3.10.12", minimum required is "3.5")
[6.309s] -- Using PYTHON_EXECUTABLE: /usr/bin/python3
[6.309s] -- Using PYTHON_INCLUDE_DIRS: /usr/include/python3.10
[6.309s] -- Using PYTHON_LIBRARIES: /usr/lib/aarch64-linux-gnu/libpython3.10.so
[6.366s] -- Found PythonExtra: .so
[6.595s] -- Found ament_lint_auto: 0.12.11 (/opt/ros/humble/share/ament_lint_auto/cmake)
[6.734s] -- Added test 'lint_cmake' to check CMake code style
[6.740s] -- Added test 'xmllint' to check XML markup files
[6.751s] -- Configuring done (6.6s)
[6.805s] -- Generating done (0.1s)
[6.817s] -- Build files have been written to: /home/rmml05/nbv_JaJaYu/TomatoHarvesting_NextBestView/nbv_code/nbv_for_local_computer/ros2_ws2_local/build/message_interfaces
[6.831s] Invoked command in '/home/rmml05/nbv_JaJaYu/TomatoHarvesting_NextBestView/nbv_code/nbv_for_local_computer/ros2_ws2_local/build/message_interfaces' returned '0': CMAKE_PREFIX_PATH=${CMAKE_PREFIX_PATH}:/home/rmml05/thr_ws/install/ugv_path_tracking:/home/rmml05/thr_ws/install/tm_mod_urdf:/home/rmml05/thr_ws/install/tm_get_status:/home/rmml05/thr_ws/install/tm_arm_control_py:/home/rmml05/thr_ws/install/thr_gui_teleoperation:/home/rmml05/thr_ws/install/thr_daq:/home/rmml05/thr_ws/install/thr_controller_py:/home/rmml05/thr_ws/install/teaching_nav:/home/rmml05/thr_ws/install/ros_tcp_endpoint:/home/rmml05/thr_ws/install/pcl_conversions:/home/rmml05/thr_ws/install/moveit_cmd_adapter:/home/rmml05/thr_ws/install/gripper_srv_action_bridge:/home/rmml05/thr_ws/install/gripper_controller:/home/rmml05/thr_ws/install/delta_bt_python:/home/rmml05/thr_ws/install/camera_d435:/home/rmml05/thr_ws/install/bvp_driver_interface_py:/home/rmml05/ws_moveit/install/moveit_configs_utils:/home/rmml05/ws_moveit/install/launch_param_builder:/opt/ros/humble /home/rmml05/.local/bin/cmake /home/rmml05/nbv_JaJaYu/TomatoHarvesting_NextBestView/nbv_code/nbv_for_local_computer/ros2_ws2_local/src/message_interfaces -DCMAKE_INSTALL_PREFIX=/home/rmml05/nbv_JaJaYu/TomatoHarvesting_NextBestView/nbv_code/nbv_for_local_computer/ros2_ws2_local/install/message_interfaces
[6.835s] Invoking command in '/home/rmml05/nbv_JaJaYu/TomatoHarvesting_NextBestView/nbv_code/nbv_for_local_computer/ros2_ws2_local/build/message_interfaces': CMAKE_PREFIX_PATH=${CMAKE_PREFIX_PATH}:/home/rmml05/thr_ws/install/ugv_path_tracking:/home/rmml05/thr_ws/install/tm_mod_urdf:/home/rmml05/thr_ws/install/tm_get_status:/home/rmml05/thr_ws/install/tm_arm_control_py:/home/rmml05/thr_ws/install/thr_gui_teleoperation:/home/rmml05/thr_ws/install/thr_daq:/home/rmml05/thr_ws/install/thr_controller_py:/home/rmml05/thr_ws/install/teaching_nav:/home/rmml05/thr_ws/install/ros_tcp_endpoint:/home/rmml05/thr_ws/install/pcl_conversions:/home/rmml05/thr_ws/install/moveit_cmd_adapter:/home/rmml05/thr_ws/install/gripper_srv_action_bridge:/home/rmml05/thr_ws/install/gripper_controller:/home/rmml05/thr_ws/install/delta_bt_python:/home/rmml05/thr_ws/install/camera_d435:/home/rmml05/thr_ws/install/bvp_driver_interface_py:/home/rmml05/ws_moveit/install/moveit_configs_utils:/home/rmml05/ws_moveit/install/launch_param_builder:/opt/ros/humble /home/rmml05/.local/bin/cmake --build /home/rmml05/nbv_JaJaYu/TomatoHarvesting_NextBestView/nbv_code/nbv_for_local_computer/ros2_ws2_local/build/message_interfaces -- -j12 -l12
[7.024s] [  2%] [34m[1mGenerating C code for ROS interfaces[0m
[7.039s] [  5%] [34m[1mGenerating C++ code for ROS interfaces[0m
[7.046s] [  5%] Built target ament_cmake_python_copy_message_interfaces
[7.567s] running egg_info
[7.568s] creating message_interfaces.egg-info
[7.568s] writing message_interfaces.egg-info/PKG-INFO
[7.569s] writing dependency_links to message_interfaces.egg-info/dependency_links.txt
[7.569s] writing top-level names to message_interfaces.egg-info/top_level.txt
[7.570s] writing manifest file 'message_interfaces.egg-info/SOURCES.txt'
[7.573s] reading manifest file 'message_interfaces.egg-info/SOURCES.txt'
[7.574s] writing manifest file 'message_interfaces.egg-info/SOURCES.txt'
[7.617s] [  7%] [32mBuilding C object CMakeFiles/message_interfaces__rosidl_generator_c.dir/rosidl_generator_c/message_interfaces/msg/detail/node_status__functions.c.o[0m
[7.618s] [ 10%] [32mBuilding C object CMakeFiles/message_interfaces__rosidl_generator_c.dir/rosidl_generator_c/message_interfaces/msg/detail/bounding_box__functions.c.o[0m
[7.626s] [ 10%] Built target ament_cmake_python_build_message_interfaces_egg
[7.635s] [ 10%] Built target message_interfaces__cpp
[7.650s] [ 15%] [34m[1mGenerating C++ type support dispatch for ROS interfaces[0m
[7.650s] [ 15%] [34m[1mGenerating C++ introspection for ROS interfaces[0m
[7.650s] [ 17%] [34m[1mGenerating C++ type support for eProsima Fast-RTPS[0m
[7.707s] [ 20%] [32m[1mLinking C shared library libmessage_interfaces__rosidl_generator_c.so[0m
[7.752s] [ 20%] Built target message_interfaces__rosidl_generator_c
[7.766s] [ 25%] [34m[1mGenerating C introspection for ROS interfaces[0m
[7.766s] [ 25%] [34m[1mGenerating C type support for eProsima Fast-RTPS[0m
[7.766s] [ 28%] [34m[1mGenerating C type support dispatch for ROS interfaces[0m
[8.169s] [ 30%] [32mBuilding CXX object CMakeFiles/message_interfaces__rosidl_typesupport_cpp.dir/rosidl_typesupport_cpp/message_interfaces/msg/bounding_box__type_support.cpp.o[0m
[8.169s] [ 33%] [32mBuilding CXX object CMakeFiles/message_interfaces__rosidl_typesupport_cpp.dir/rosidl_typesupport_cpp/message_interfaces/msg/node_status__type_support.cpp.o[0m
[8.195s] [ 38%] [32mBuilding CXX object CMakeFiles/message_interfaces__rosidl_typesupport_introspection_cpp.dir/rosidl_typesupport_introspection_cpp/message_interfaces/msg/detail/node_status__type_support.cpp.o[0m
[8.195s] [ 38%] [32mBuilding CXX object CMakeFiles/message_interfaces__rosidl_typesupport_introspection_cpp.dir/rosidl_typesupport_introspection_cpp/message_interfaces/msg/detail/bounding_box__type_support.cpp.o[0m
[8.232s] [ 43%] [32mBuilding CXX object CMakeFiles/message_interfaces__rosidl_typesupport_fastrtps_cpp.dir/rosidl_typesupport_fastrtps_cpp/message_interfaces/msg/detail/dds_fastrtps/node_status__type_support.cpp.o[0m
[8.232s] [ 43%] [32mBuilding CXX object CMakeFiles/message_interfaces__rosidl_typesupport_fastrtps_cpp.dir/rosidl_typesupport_fastrtps_cpp/message_interfaces/msg/detail/dds_fastrtps/bounding_box__type_support.cpp.o[0m
[8.290s] [ 48%] [32mBuilding CXX object CMakeFiles/message_interfaces__rosidl_typesupport_c.dir/rosidl_typesupport_c/message_interfaces/msg/node_status__type_support.cpp.o[0m
[8.290s] [ 48%] [32mBuilding CXX object CMakeFiles/message_interfaces__rosidl_typesupport_c.dir/rosidl_typesupport_c/message_interfaces/msg/bounding_box__type_support.cpp.o[0m
[8.335s] [ 51%] [32mBuilding C object CMakeFiles/message_interfaces__rosidl_typesupport_introspection_c.dir/rosidl_typesupport_introspection_c/message_interfaces/msg/detail/bounding_box__type_support.c.o[0m
[8.339s] [ 53%] [32mBuilding C object CMakeFiles/message_interfaces__rosidl_typesupport_introspection_c.dir/rosidl_typesupport_introspection_c/message_interfaces/msg/detail/node_status__type_support.c.o[0m
[8.344s] [ 56%] [32m[1mLinking CXX shared library libmessage_interfaces__rosidl_typesupport_c.so[0m
[8.355s] [ 61%] [32mBuilding CXX object CMakeFiles/message_interfaces__rosidl_typesupport_fastrtps_c.dir/rosidl_typesupport_fastrtps_c/message_interfaces/msg/detail/node_status__type_support_c.cpp.o[0m
[8.356s] [ 61%] [32mBuilding CXX object CMakeFiles/message_interfaces__rosidl_typesupport_fastrtps_c.dir/rosidl_typesupport_fastrtps_c/message_interfaces/msg/detail/bounding_box__type_support_c.cpp.o[0m
[8.395s] [ 64%] [32m[1mLinking C shared library libmessage_interfaces__rosidl_typesupport_introspection_c.so[0m
[8.398s] [ 64%] Built target message_interfaces__rosidl_typesupport_c
[8.437s] [ 64%] Built target message_interfaces__rosidl_typesupport_introspection_c
[8.598s] [ 66%] [32m[1mLinking CXX shared library libmessage_interfaces__rosidl_typesupport_cpp.so[0m
[8.652s] [ 66%] Built target message_interfaces__rosidl_typesupport_cpp
[8.809s] [ 69%] [32m[1mLinking CXX shared library libmessage_interfaces__rosidl_typesupport_introspection_cpp.so[0m
[8.838s] [ 71%] [32m[1mLinking CXX shared library libmessage_interfaces__rosidl_typesupport_fastrtps_cpp.so[0m
[8.863s] [ 71%] Built target message_interfaces__rosidl_typesupport_introspection_cpp
[8.887s] [ 74%] [32m[1mLinking CXX shared library libmessage_interfaces__rosidl_typesupport_fastrtps_c.so[0m
[8.951s] [ 74%] Built target message_interfaces__rosidl_typesupport_fastrtps_cpp
[9.003s] [ 74%] Built target message_interfaces__rosidl_typesupport_fastrtps_c
[9.041s] [ 74%] Built target message_interfaces
[9.078s] [ 76%] [34m[1mGenerating Python code for ROS interfaces[0m
[9.946s] [ 76%] Built target message_interfaces__py
[9.983s] [ 79%] [32mBuilding C object CMakeFiles/message_interfaces__rosidl_generator_py.dir/rosidl_generator_py/message_interfaces/msg/_bounding_box_s.c.o[0m
[9.984s] [ 82%] [32mBuilding C object CMakeFiles/message_interfaces__rosidl_generator_py.dir/rosidl_generator_py/message_interfaces/msg/_node_status_s.c.o[0m
[10.185s] [ 84%] [32m[1mLinking C shared library rosidl_generator_py/message_interfaces/libmessage_interfaces__rosidl_generator_py.so[0m
[10.251s] [ 84%] Built target message_interfaces__rosidl_generator_py
[10.285s] [ 87%] [32mBuilding C object CMakeFiles/message_interfaces__rosidl_typesupport_fastrtps_c__pyext.dir/rosidl_generator_py/message_interfaces/_message_interfaces_s.ep.rosidl_typesupport_fastrtps_c.c.o[0m
[10.285s] [ 89%] [32mBuilding C object CMakeFiles/message_interfaces__rosidl_typesupport_introspection_c__pyext.dir/rosidl_generator_py/message_interfaces/_message_interfaces_s.ep.rosidl_typesupport_introspection_c.c.o[0m
[10.285s] [ 92%] [32mBuilding C object CMakeFiles/message_interfaces__rosidl_typesupport_c__pyext.dir/rosidl_generator_py/message_interfaces/_message_interfaces_s.ep.rosidl_typesupport_c.c.o[0m
[10.428s] [ 94%] [32m[1mLinking C shared library rosidl_generator_py/message_interfaces/message_interfaces_s__rosidl_typesupport_c.cpython-310-aarch64-linux-gnu.so[0m
[10.431s] [ 97%] [32m[1mLinking C shared library rosidl_generator_py/message_interfaces/message_interfaces_s__rosidl_typesupport_introspection_c.cpython-310-aarch64-linux-gnu.so[0m
[10.434s] [100%] [32m[1mLinking C shared library rosidl_generator_py/message_interfaces/message_interfaces_s__rosidl_typesupport_fastrtps_c.cpython-310-aarch64-linux-gnu.so[0m
[10.480s] [100%] Built target message_interfaces__rosidl_typesupport_c__pyext
[10.484s] [100%] Built target message_interfaces__rosidl_typesupport_introspection_c__pyext
[10.485s] [100%] Built target message_interfaces__rosidl_typesupport_fastrtps_c__pyext
[10.502s] Invoked command in '/home/rmml05/nbv_JaJaYu/TomatoHarvesting_NextBestView/nbv_code/nbv_for_local_computer/ros2_ws2_local/build/message_interfaces' returned '0': CMAKE_PREFIX_PATH=${CMAKE_PREFIX_PATH}:/home/rmml05/thr_ws/install/ugv_path_tracking:/home/rmml05/thr_ws/install/tm_mod_urdf:/home/rmml05/thr_ws/install/tm_get_status:/home/rmml05/thr_ws/install/tm_arm_control_py:/home/rmml05/thr_ws/install/thr_gui_teleoperation:/home/rmml05/thr_ws/install/thr_daq:/home/rmml05/thr_ws/install/thr_controller_py:/home/rmml05/thr_ws/install/teaching_nav:/home/rmml05/thr_ws/install/ros_tcp_endpoint:/home/rmml05/thr_ws/install/pcl_conversions:/home/rmml05/thr_ws/install/moveit_cmd_adapter:/home/rmml05/thr_ws/install/gripper_srv_action_bridge:/home/rmml05/thr_ws/install/gripper_controller:/home/rmml05/thr_ws/install/delta_bt_python:/home/rmml05/thr_ws/install/camera_d435:/home/rmml05/thr_ws/install/bvp_driver_interface_py:/home/rmml05/ws_moveit/install/moveit_configs_utils:/home/rmml05/ws_moveit/install/launch_param_builder:/opt/ros/humble /home/rmml05/.local/bin/cmake --build /home/rmml05/nbv_JaJaYu/TomatoHarvesting_NextBestView/nbv_code/nbv_for_local_computer/ros2_ws2_local/build/message_interfaces -- -j12 -l12
[10.653s] Invoking command in '/home/rmml05/nbv_JaJaYu/TomatoHarvesting_NextBestView/nbv_code/nbv_for_local_computer/ros2_ws2_local/build/message_interfaces': CMAKE_PREFIX_PATH=${CMAKE_PREFIX_PATH}:/home/rmml05/thr_ws/install/ugv_path_tracking:/home/rmml05/thr_ws/install/tm_mod_urdf:/home/rmml05/thr_ws/install/tm_get_status:/home/rmml05/thr_ws/install/tm_arm_control_py:/home/rmml05/thr_ws/install/thr_gui_teleoperation:/home/rmml05/thr_ws/install/thr_daq:/home/rmml05/thr_ws/install/thr_controller_py:/home/rmml05/thr_ws/install/teaching_nav:/home/rmml05/thr_ws/install/ros_tcp_endpoint:/home/rmml05/thr_ws/install/pcl_conversions:/home/rmml05/thr_ws/install/moveit_cmd_adapter:/home/rmml05/thr_ws/install/gripper_srv_action_bridge:/home/rmml05/thr_ws/install/gripper_controller:/home/rmml05/thr_ws/install/delta_bt_python:/home/rmml05/thr_ws/install/camera_d435:/home/rmml05/thr_ws/install/bvp_driver_interface_py:/home/rmml05/ws_moveit/install/moveit_configs_utils:/home/rmml05/ws_moveit/install/launch_param_builder:/opt/ros/humble /home/rmml05/.local/bin/cmake --install /home/rmml05/nbv_JaJaYu/TomatoHarvesting_NextBestView/nbv_code/nbv_for_local_computer/ros2_ws2_local/build/message_interfaces
[10.795s] -- Install configuration: ""
[10.796s] -- Installing: /home/rmml05/nbv_JaJaYu/TomatoHarvesting_NextBestView/nbv_code/nbv_for_local_computer/ros2_ws2_local/install/message_interfaces/share/ament_index/resource_index/rosidl_interfaces/message_interfaces
[10.796s] -- Installing: /home/rmml05/nbv_JaJaYu/TomatoHarvesting_NextBestView/nbv_code/nbv_for_local_computer/ros2_ws2_local/install/message_interfaces/include/message_interfaces/message_interfaces
[10.797s] -- Installing: /home/rmml05/nbv_JaJaYu/TomatoHarvesting_NextBestView/nbv_code/nbv_for_local_computer/ros2_ws2_local/install/message_interfaces/include/message_interfaces/message_interfaces/msg
[10.797s] -- Installing: /home/rmml05/nbv_JaJaYu/TomatoHarvesting_NextBestView/nbv_code/nbv_for_local_computer/ros2_ws2_local/install/message_interfaces/include/message_interfaces/message_interfaces/msg/rosidl_generator_c__visibility_control.h
[10.797s] -- Installing: /home/rmml05/nbv_JaJaYu/TomatoHarvesting_NextBestView/nbv_code/nbv_for_local_computer/ros2_ws2_local/install/message_interfaces/include/message_interfaces/message_interfaces/msg/detail
[10.798s] -- Installing: /home/rmml05/nbv_JaJaYu/TomatoHarvesting_NextBestView/nbv_code/nbv_for_local_computer/ros2_ws2_local/install/message_interfaces/include/message_interfaces/message_interfaces/msg/detail/bounding_box__functions.c
[10.798s] -- Installing: /home/rmml05/nbv_JaJaYu/TomatoHarvesting_NextBestView/nbv_code/nbv_for_local_computer/ros2_ws2_local/install/message_interfaces/include/message_interfaces/message_interfaces/msg/detail/bounding_box__struct.h
[10.798s] -- Installing: /home/rmml05/nbv_JaJaYu/TomatoHarvesting_NextBestView/nbv_code/nbv_for_local_computer/ros2_ws2_local/install/message_interfaces/include/message_interfaces/message_interfaces/msg/detail/bounding_box__type_support.h
[10.799s] -- Installing: /home/rmml05/nbv_JaJaYu/TomatoHarvesting_NextBestView/nbv_code/nbv_for_local_computer/ros2_ws2_local/install/message_interfaces/include/message_interfaces/message_interfaces/msg/detail/node_status__functions.h
[10.799s] -- Installing: /home/rmml05/nbv_JaJaYu/TomatoHarvesting_NextBestView/nbv_code/nbv_for_local_computer/ros2_ws2_local/install/message_interfaces/include/message_interfaces/message_interfaces/msg/detail/node_status__functions.c
[10.799s] -- Installing: /home/rmml05/nbv_JaJaYu/TomatoHarvesting_NextBestView/nbv_code/nbv_for_local_computer/ros2_ws2_local/install/message_interfaces/include/message_interfaces/message_interfaces/msg/detail/bounding_box__functions.h
[10.800s] -- Installing: /home/rmml05/nbv_JaJaYu/TomatoHarvesting_NextBestView/nbv_code/nbv_for_local_computer/ros2_ws2_local/install/message_interfaces/include/message_interfaces/message_interfaces/msg/detail/node_status__struct.h
[10.800s] -- Installing: /home/rmml05/nbv_JaJaYu/TomatoHarvesting_NextBestView/nbv_code/nbv_for_local_computer/ros2_ws2_local/install/message_interfaces/include/message_interfaces/message_interfaces/msg/detail/node_status__type_support.h
[10.800s] -- Installing: /home/rmml05/nbv_JaJaYu/TomatoHarvesting_NextBestView/nbv_code/nbv_for_local_computer/ros2_ws2_local/install/message_interfaces/include/message_interfaces/message_interfaces/msg/bounding_box.h
[10.800s] -- Installing: /home/rmml05/nbv_JaJaYu/TomatoHarvesting_NextBestView/nbv_code/nbv_for_local_computer/ros2_ws2_local/install/message_interfaces/include/message_interfaces/message_interfaces/msg/node_status.h
[10.801s] -- Installing: /home/rmml05/nbv_JaJaYu/TomatoHarvesting_NextBestView/nbv_code/nbv_for_local_computer/ros2_ws2_local/install/message_interfaces/share/message_interfaces/environment/library_path.sh
[10.801s] -- Installing: /home/rmml05/nbv_JaJaYu/TomatoHarvesting_NextBestView/nbv_code/nbv_for_local_computer/ros2_ws2_local/install/message_interfaces/share/message_interfaces/environment/library_path.dsv
[10.801s] -- Installing: /home/rmml05/nbv_JaJaYu/TomatoHarvesting_NextBestView/nbv_code/nbv_for_local_computer/ros2_ws2_local/install/message_interfaces/lib/libmessage_interfaces__rosidl_generator_c.so
[10.802s] -- Set non-toolchain portion of runtime path of "/home/rmml05/nbv_JaJaYu/TomatoHarvesting_NextBestView/nbv_code/nbv_for_local_computer/ros2_ws2_local/install/message_interfaces/lib/libmessage_interfaces__rosidl_generator_c.so" to ""
[10.802s] -- Up-to-date: /home/rmml05/nbv_JaJaYu/TomatoHarvesting_NextBestView/nbv_code/nbv_for_local_computer/ros2_ws2_local/install/message_interfaces/include/message_interfaces/message_interfaces
[10.802s] -- Up-to-date: /home/rmml05/nbv_JaJaYu/TomatoHarvesting_NextBestView/nbv_code/nbv_for_local_computer/ros2_ws2_local/install/message_interfaces/include/message_interfaces/message_interfaces/msg
[10.803s] -- Installing: /home/rmml05/nbv_JaJaYu/TomatoHarvesting_NextBestView/nbv_code/nbv_for_local_computer/ros2_ws2_local/install/message_interfaces/include/message_interfaces/message_interfaces/msg/rosidl_typesupport_fastrtps_c__visibility_control.h
[10.803s] -- Up-to-date: /home/rmml05/nbv_JaJaYu/TomatoHarvesting_NextBestView/nbv_code/nbv_for_local_computer/ros2_ws2_local/install/message_interfaces/include/message_interfaces/message_interfaces/msg/detail
[10.804s] -- Installing: /home/rmml05/nbv_JaJaYu/TomatoHarvesting_NextBestView/nbv_code/nbv_for_local_computer/ros2_ws2_local/install/message_interfaces/include/message_interfaces/message_interfaces/msg/detail/node_status__rosidl_typesupport_fastrtps_c.h
[10.804s] -- Installing: /home/rmml05/nbv_JaJaYu/TomatoHarvesting_NextBestView/nbv_code/nbv_for_local_computer/ros2_ws2_local/install/message_interfaces/include/message_interfaces/message_interfaces/msg/detail/bounding_box__rosidl_typesupport_fastrtps_c.h
[10.804s] -- Installing: /home/rmml05/nbv_JaJaYu/TomatoHarvesting_NextBestView/nbv_code/nbv_for_local_computer/ros2_ws2_local/install/message_interfaces/lib/libmessage_interfaces__rosidl_typesupport_fastrtps_c.so
[10.805s] -- Set non-toolchain portion of runtime path of "/home/rmml05/nbv_JaJaYu/TomatoHarvesting_NextBestView/nbv_code/nbv_for_local_computer/ros2_ws2_local/install/message_interfaces/lib/libmessage_interfaces__rosidl_typesupport_fastrtps_c.so" to ""
[10.805s] -- Up-to-date: /home/rmml05/nbv_JaJaYu/TomatoHarvesting_NextBestView/nbv_code/nbv_for_local_computer/ros2_ws2_local/install/message_interfaces/include/message_interfaces/message_interfaces
[10.805s] -- Up-to-date: /home/rmml05/nbv_JaJaYu/TomatoHarvesting_NextBestView/nbv_code/nbv_for_local_computer/ros2_ws2_local/install/message_interfaces/include/message_interfaces/message_interfaces/msg
[10.806s] -- Installing: /home/rmml05/nbv_JaJaYu/TomatoHarvesting_NextBestView/nbv_code/nbv_for_local_computer/ros2_ws2_local/install/message_interfaces/include/message_interfaces/message_interfaces/msg/rosidl_typesupport_introspection_c__visibility_control.h
[10.806s] -- Up-to-date: /home/rmml05/nbv_JaJaYu/TomatoHarvesting_NextBestView/nbv_code/nbv_for_local_computer/ros2_ws2_local/install/message_interfaces/include/message_interfaces/message_interfaces/msg/detail
[10.806s] -- Installing: /home/rmml05/nbv_JaJaYu/TomatoHarvesting_NextBestView/nbv_code/nbv_for_local_computer/ros2_ws2_local/install/message_interfaces/include/message_interfaces/message_interfaces/msg/detail/node_status__type_support.c
[10.807s] -- Installing: /home/rmml05/nbv_JaJaYu/TomatoHarvesting_NextBestView/nbv_code/nbv_for_local_computer/ros2_ws2_local/install/message_interfaces/include/message_interfaces/message_interfaces/msg/detail/bounding_box__type_support.c
[10.807s] -- Installing: /home/rmml05/nbv_JaJaYu/TomatoHarvesting_NextBestView/nbv_code/nbv_for_local_computer/ros2_ws2_local/install/message_interfaces/include/message_interfaces/message_interfaces/msg/detail/node_status__rosidl_typesupport_introspection_c.h
[10.807s] -- Installing: /home/rmml05/nbv_JaJaYu/TomatoHarvesting_NextBestView/nbv_code/nbv_for_local_computer/ros2_ws2_local/install/message_interfaces/include/message_interfaces/message_interfaces/msg/detail/bounding_box__rosidl_typesupport_introspection_c.h
[10.807s] -- Installing: /home/rmml05/nbv_JaJaYu/TomatoHarvesting_NextBestView/nbv_code/nbv_for_local_computer/ros2_ws2_local/install/message_interfaces/lib/libmessage_interfaces__rosidl_typesupport_introspection_c.so
[10.808s] -- Set non-toolchain portion of runtime path of "/home/rmml05/nbv_JaJaYu/TomatoHarvesting_NextBestView/nbv_code/nbv_for_local_computer/ros2_ws2_local/install/message_interfaces/lib/libmessage_interfaces__rosidl_typesupport_introspection_c.so" to ""
[10.808s] -- Installing: /home/rmml05/nbv_JaJaYu/TomatoHarvesting_NextBestView/nbv_code/nbv_for_local_computer/ros2_ws2_local/install/message_interfaces/lib/libmessage_interfaces__rosidl_typesupport_c.so
[10.808s] -- Set non-toolchain portion of runtime path of "/home/rmml05/nbv_JaJaYu/TomatoHarvesting_NextBestView/nbv_code/nbv_for_local_computer/ros2_ws2_local/install/message_interfaces/lib/libmessage_interfaces__rosidl_typesupport_c.so" to ""
[10.809s] -- Up-to-date: /home/rmml05/nbv_JaJaYu/TomatoHarvesting_NextBestView/nbv_code/nbv_for_local_computer/ros2_ws2_local/install/message_interfaces/include/message_interfaces/message_interfaces
[10.809s] -- Up-to-date: /home/rmml05/nbv_JaJaYu/TomatoHarvesting_NextBestView/nbv_code/nbv_for_local_computer/ros2_ws2_local/install/message_interfaces/include/message_interfaces/message_interfaces/msg
[10.810s] -- Installing: /home/rmml05/nbv_JaJaYu/TomatoHarvesting_NextBestView/nbv_code/nbv_for_local_computer/ros2_ws2_local/install/message_interfaces/include/message_interfaces/message_interfaces/msg/bounding_box.hpp
[10.810s] -- Installing: /home/rmml05/nbv_JaJaYu/TomatoHarvesting_NextBestView/nbv_code/nbv_for_local_computer/ros2_ws2_local/install/message_interfaces/include/message_interfaces/message_interfaces/msg/node_status.hpp
[10.810s] -- Up-to-date: /home/rmml05/nbv_JaJaYu/TomatoHarvesting_NextBestView/nbv_code/nbv_for_local_computer/ros2_ws2_local/install/message_interfaces/include/message_interfaces/message_interfaces/msg/detail
[10.811s] -- Installing: /home/rmml05/nbv_JaJaYu/TomatoHarvesting_NextBestView/nbv_code/nbv_for_local_computer/ros2_ws2_local/install/message_interfaces/include/message_interfaces/message_interfaces/msg/detail/bounding_box__builder.hpp
[10.811s] -- Installing: /home/rmml05/nbv_JaJaYu/TomatoHarvesting_NextBestView/nbv_code/nbv_for_local_computer/ros2_ws2_local/install/message_interfaces/include/message_interfaces/message_interfaces/msg/detail/bounding_box__type_support.hpp
[10.811s] -- Installing: /home/rmml05/nbv_JaJaYu/TomatoHarvesting_NextBestView/nbv_code/nbv_for_local_computer/ros2_ws2_local/install/message_interfaces/include/message_interfaces/message_interfaces/msg/detail/node_status__struct.hpp
[10.811s] -- Installing: /home/rmml05/nbv_JaJaYu/TomatoHarvesting_NextBestView/nbv_code/nbv_for_local_computer/ros2_ws2_local/install/message_interfaces/include/message_interfaces/message_interfaces/msg/detail/bounding_box__struct.hpp
[10.812s] -- Installing: /home/rmml05/nbv_JaJaYu/TomatoHarvesting_NextBestView/nbv_code/nbv_for_local_computer/ros2_ws2_local/install/message_interfaces/include/message_interfaces/message_interfaces/msg/detail/node_status__type_support.hpp
[10.812s] -- Installing: /home/rmml05/nbv_JaJaYu/TomatoHarvesting_NextBestView/nbv_code/nbv_for_local_computer/ros2_ws2_local/install/message_interfaces/include/message_interfaces/message_interfaces/msg/detail/node_status__builder.hpp
[10.812s] -- Installing: /home/rmml05/nbv_JaJaYu/TomatoHarvesting_NextBestView/nbv_code/nbv_for_local_computer/ros2_ws2_local/install/message_interfaces/include/message_interfaces/message_interfaces/msg/detail/bounding_box__traits.hpp
[10.812s] -- Installing: /home/rmml05/nbv_JaJaYu/TomatoHarvesting_NextBestView/nbv_code/nbv_for_local_computer/ros2_ws2_local/install/message_interfaces/include/message_interfaces/message_interfaces/msg/detail/node_status__traits.hpp
[10.812s] -- Installing: /home/rmml05/nbv_JaJaYu/TomatoHarvesting_NextBestView/nbv_code/nbv_for_local_computer/ros2_ws2_local/install/message_interfaces/include/message_interfaces/message_interfaces/msg/rosidl_generator_cpp__visibility_control.hpp
[10.813s] -- Up-to-date: /home/rmml05/nbv_JaJaYu/TomatoHarvesting_NextBestView/nbv_code/nbv_for_local_computer/ros2_ws2_local/install/message_interfaces/include/message_interfaces/message_interfaces
[10.813s] -- Up-to-date: /home/rmml05/nbv_JaJaYu/TomatoHarvesting_NextBestView/nbv_code/nbv_for_local_computer/ros2_ws2_local/install/message_interfaces/include/message_interfaces/message_interfaces/msg
[10.813s] -- Installing: /home/rmml05/nbv_JaJaYu/TomatoHarvesting_NextBestView/nbv_code/nbv_for_local_computer/ros2_ws2_local/install/message_interfaces/include/message_interfaces/message_interfaces/msg/rosidl_typesupport_fastrtps_cpp__visibility_control.h
[10.813s] -- Up-to-date: /home/rmml05/nbv_JaJaYu/TomatoHarvesting_NextBestView/nbv_code/nbv_for_local_computer/ros2_ws2_local/install/message_interfaces/include/message_interfaces/message_interfaces/msg/detail
[10.814s] -- Installing: /home/rmml05/nbv_JaJaYu/TomatoHarvesting_NextBestView/nbv_code/nbv_for_local_computer/ros2_ws2_local/install/message_interfaces/include/message_interfaces/message_interfaces/msg/detail/dds_fastrtps
[10.814s] -- Installing: /home/rmml05/nbv_JaJaYu/TomatoHarvesting_NextBestView/nbv_code/nbv_for_local_computer/ros2_ws2_local/install/message_interfaces/include/message_interfaces/message_interfaces/msg/detail/bounding_box__rosidl_typesupport_fastrtps_cpp.hpp
[10.814s] -- Installing: /home/rmml05/nbv_JaJaYu/TomatoHarvesting_NextBestView/nbv_code/nbv_for_local_computer/ros2_ws2_local/install/message_interfaces/include/message_interfaces/message_interfaces/msg/detail/node_status__rosidl_typesupport_fastrtps_cpp.hpp
[10.814s] -- Installing: /home/rmml05/nbv_JaJaYu/TomatoHarvesting_NextBestView/nbv_code/nbv_for_local_computer/ros2_ws2_local/install/message_interfaces/lib/libmessage_interfaces__rosidl_typesupport_fastrtps_cpp.so
[10.814s] -- Set non-toolchain portion of runtime path of "/home/rmml05/nbv_JaJaYu/TomatoHarvesting_NextBestView/nbv_code/nbv_for_local_computer/ros2_ws2_local/install/message_interfaces/lib/libmessage_interfaces__rosidl_typesupport_fastrtps_cpp.so" to ""
[10.815s] -- Up-to-date: /home/rmml05/nbv_JaJaYu/TomatoHarvesting_NextBestView/nbv_code/nbv_for_local_computer/ros2_ws2_local/install/message_interfaces/include/message_interfaces/message_interfaces
[10.815s] -- Up-to-date: /home/rmml05/nbv_JaJaYu/TomatoHarvesting_NextBestView/nbv_code/nbv_for_local_computer/ros2_ws2_local/install/message_interfaces/include/message_interfaces/message_interfaces/msg
[10.815s] -- Up-to-date: /home/rmml05/nbv_JaJaYu/TomatoHarvesting_NextBestView/nbv_code/nbv_for_local_computer/ros2_ws2_local/install/message_interfaces/include/message_interfaces/message_interfaces/msg/detail
[10.815s] -- Installing: /home/rmml05/nbv_JaJaYu/TomatoHarvesting_NextBestView/nbv_code/nbv_for_local_computer/ros2_ws2_local/install/message_interfaces/include/message_interfaces/message_interfaces/msg/detail/bounding_box__rosidl_typesupport_introspection_cpp.hpp
[10.816s] -- Installing: /home/rmml05/nbv_JaJaYu/TomatoHarvesting_NextBestView/nbv_code/nbv_for_local_computer/ros2_ws2_local/install/message_interfaces/include/message_interfaces/message_interfaces/msg/detail/node_status__type_support.cpp
[10.816s] -- Installing: /home/rmml05/nbv_JaJaYu/TomatoHarvesting_NextBestView/nbv_code/nbv_for_local_computer/ros2_ws2_local/install/message_interfaces/include/message_interfaces/message_interfaces/msg/detail/node_status__rosidl_typesupport_introspection_cpp.hpp
[10.816s] -- Installing: /home/rmml05/nbv_JaJaYu/TomatoHarvesting_NextBestView/nbv_code/nbv_for_local_computer/ros2_ws2_local/install/message_interfaces/include/message_interfaces/message_interfaces/msg/detail/bounding_box__type_support.cpp
[10.816s] -- Installing: /home/rmml05/nbv_JaJaYu/TomatoHarvesting_NextBestView/nbv_code/nbv_for_local_computer/ros2_ws2_local/install/message_interfaces/lib/libmessage_interfaces__rosidl_typesupport_introspection_cpp.so
[10.816s] -- Set non-toolchain portion of runtime path of "/home/rmml05/nbv_JaJaYu/TomatoHarvesting_NextBestView/nbv_code/nbv_for_local_computer/ros2_ws2_local/install/message_interfaces/lib/libmessage_interfaces__rosidl_typesupport_introspection_cpp.so" to ""
[10.817s] -- Installing: /home/rmml05/nbv_JaJaYu/TomatoHarvesting_NextBestView/nbv_code/nbv_for_local_computer/ros2_ws2_local/install/message_interfaces/lib/libmessage_interfaces__rosidl_typesupport_cpp.so
[10.817s] -- Set non-toolchain portion of runtime path of "/home/rmml05/nbv_JaJaYu/TomatoHarvesting_NextBestView/nbv_code/nbv_for_local_computer/ros2_ws2_local/install/message_interfaces/lib/libmessage_interfaces__rosidl_typesupport_cpp.so" to ""
[10.817s] -- Installing: /home/rmml05/nbv_JaJaYu/TomatoHarvesting_NextBestView/nbv_code/nbv_for_local_computer/ros2_ws2_local/install/message_interfaces/share/message_interfaces/environment/pythonpath.sh
[10.817s] -- Installing: /home/rmml05/nbv_JaJaYu/TomatoHarvesting_NextBestView/nbv_code/nbv_for_local_computer/ros2_ws2_local/install/message_interfaces/share/message_interfaces/environment/pythonpath.dsv
[10.817s] -- Installing: /home/rmml05/nbv_JaJaYu/TomatoHarvesting_NextBestView/nbv_code/nbv_for_local_computer/ros2_ws2_local/install/message_interfaces/local/lib/python3.10/dist-packages/message_interfaces-0.0.0-py3.10.egg-info
[10.818s] -- Installing: /home/rmml05/nbv_JaJaYu/TomatoHarvesting_NextBestView/nbv_code/nbv_for_local_computer/ros2_ws2_local/install/message_interfaces/local/lib/python3.10/dist-packages/message_interfaces-0.0.0-py3.10.egg-info/top_level.txt
[10.818s] -- Installing: /home/rmml05/nbv_JaJaYu/TomatoHarvesting_NextBestView/nbv_code/nbv_for_local_computer/ros2_ws2_local/install/message_interfaces/local/lib/python3.10/dist-packages/message_interfaces-0.0.0-py3.10.egg-info/dependency_links.txt
[10.818s] -- Installing: /home/rmml05/nbv_JaJaYu/TomatoHarvesting_NextBestView/nbv_code/nbv_for_local_computer/ros2_ws2_local/install/message_interfaces/local/lib/python3.10/dist-packages/message_interfaces-0.0.0-py3.10.egg-info/PKG-INFO
[10.818s] -- Installing: /home/rmml05/nbv_JaJaYu/TomatoHarvesting_NextBestView/nbv_code/nbv_for_local_computer/ros2_ws2_local/install/message_interfaces/local/lib/python3.10/dist-packages/message_interfaces-0.0.0-py3.10.egg-info/SOURCES.txt
[10.819s] -- Installing: /home/rmml05/nbv_JaJaYu/TomatoHarvesting_NextBestView/nbv_code/nbv_for_local_computer/ros2_ws2_local/install/message_interfaces/local/lib/python3.10/dist-packages/message_interfaces
[10.819s] -- Installing: /home/rmml05/nbv_JaJaYu/TomatoHarvesting_NextBestView/nbv_code/nbv_for_local_computer/ros2_ws2_local/install/message_interfaces/local/lib/python3.10/dist-packages/message_interfaces/libmessage_interfaces__rosidl_generator_py.so
[10.819s] -- Installing: /home/rmml05/nbv_JaJaYu/TomatoHarvesting_NextBestView/nbv_code/nbv_for_local_computer/ros2_ws2_local/install/message_interfaces/local/lib/python3.10/dist-packages/message_interfaces/message_interfaces_s__rosidl_typesupport_fastrtps_c.cpython-310-aarch64-linux-gnu.so
[10.819s] -- Installing: /home/rmml05/nbv_JaJaYu/TomatoHarvesting_NextBestView/nbv_code/nbv_for_local_computer/ros2_ws2_local/install/message_interfaces/local/lib/python3.10/dist-packages/message_interfaces/__init__.py
[10.819s] -- Installing: /home/rmml05/nbv_JaJaYu/TomatoHarvesting_NextBestView/nbv_code/nbv_for_local_computer/ros2_ws2_local/install/message_interfaces/local/lib/python3.10/dist-packages/message_interfaces/_message_interfaces_s.ep.rosidl_typesupport_fastrtps_c.c
[10.820s] -- Installing: /home/rmml05/nbv_JaJaYu/TomatoHarvesting_NextBestView/nbv_code/nbv_for_local_computer/ros2_ws2_local/install/message_interfaces/local/lib/python3.10/dist-packages/message_interfaces/message_interfaces_s__rosidl_typesupport_c.cpython-310-aarch64-linux-gnu.so
[10.820s] -- Installing: /home/rmml05/nbv_JaJaYu/TomatoHarvesting_NextBestView/nbv_code/nbv_for_local_computer/ros2_ws2_local/install/message_interfaces/local/lib/python3.10/dist-packages/message_interfaces/message_interfaces_s__rosidl_typesupport_introspection_c.cpython-310-aarch64-linux-gnu.so
[10.820s] -- Installing: /home/rmml05/nbv_JaJaYu/TomatoHarvesting_NextBestView/nbv_code/nbv_for_local_computer/ros2_ws2_local/install/message_interfaces/local/lib/python3.10/dist-packages/message_interfaces/_message_interfaces_s.ep.rosidl_typesupport_c.c
[10.820s] -- Installing: /home/rmml05/nbv_JaJaYu/TomatoHarvesting_NextBestView/nbv_code/nbv_for_local_computer/ros2_ws2_local/install/message_interfaces/local/lib/python3.10/dist-packages/message_interfaces/_message_interfaces_s.ep.rosidl_typesupport_introspection_c.c
[10.821s] -- Installing: /home/rmml05/nbv_JaJaYu/TomatoHarvesting_NextBestView/nbv_code/nbv_for_local_computer/ros2_ws2_local/install/message_interfaces/local/lib/python3.10/dist-packages/message_interfaces/msg
[10.821s] -- Installing: /home/rmml05/nbv_JaJaYu/TomatoHarvesting_NextBestView/nbv_code/nbv_for_local_computer/ros2_ws2_local/install/message_interfaces/local/lib/python3.10/dist-packages/message_interfaces/msg/_bounding_box_s.c
[10.821s] -- Installing: /home/rmml05/nbv_JaJaYu/TomatoHarvesting_NextBestView/nbv_code/nbv_for_local_computer/ros2_ws2_local/install/message_interfaces/local/lib/python3.10/dist-packages/message_interfaces/msg/__init__.py
[10.821s] -- Installing: /home/rmml05/nbv_JaJaYu/TomatoHarvesting_NextBestView/nbv_code/nbv_for_local_computer/ros2_ws2_local/install/message_interfaces/local/lib/python3.10/dist-packages/message_interfaces/msg/_bounding_box.py
[10.821s] -- Installing: /home/rmml05/nbv_JaJaYu/TomatoHarvesting_NextBestView/nbv_code/nbv_for_local_computer/ros2_ws2_local/install/message_interfaces/local/lib/python3.10/dist-packages/message_interfaces/msg/_node_status.py
[10.822s] -- Installing: /home/rmml05/nbv_JaJaYu/TomatoHarvesting_NextBestView/nbv_code/nbv_for_local_computer/ros2_ws2_local/install/message_interfaces/local/lib/python3.10/dist-packages/message_interfaces/msg/_node_status_s.c
[10.896s] Listing '/home/rmml05/nbv_JaJaYu/TomatoHarvesting_NextBestView/nbv_code/nbv_for_local_computer/ros2_ws2_local/install/message_interfaces/local/lib/python3.10/dist-packages/message_interfaces'...
[10.897s] Compiling '/home/rmml05/nbv_JaJaYu/TomatoHarvesting_NextBestView/nbv_code/nbv_for_local_computer/ros2_ws2_local/install/message_interfaces/local/lib/python3.10/dist-packages/message_interfaces/__init__.py'...
[10.897s] Listing '/home/rmml05/nbv_JaJaYu/TomatoHarvesting_NextBestView/nbv_code/nbv_for_local_computer/ros2_ws2_local/install/message_interfaces/local/lib/python3.10/dist-packages/message_interfaces/msg'...
[10.897s] Compiling '/home/rmml05/nbv_JaJaYu/TomatoHarvesting_NextBestView/nbv_code/nbv_for_local_computer/ros2_ws2_local/install/message_interfaces/local/lib/python3.10/dist-packages/message_interfaces/msg/__init__.py'...
[10.897s] Compiling '/home/rmml05/nbv_JaJaYu/TomatoHarvesting_NextBestView/nbv_code/nbv_for_local_computer/ros2_ws2_local/install/message_interfaces/local/lib/python3.10/dist-packages/message_interfaces/msg/_bounding_box.py'...
[10.897s] Compiling '/home/rmml05/nbv_JaJaYu/TomatoHarvesting_NextBestView/nbv_code/nbv_for_local_computer/ros2_ws2_local/install/message_interfaces/local/lib/python3.10/dist-packages/message_interfaces/msg/_node_status.py'...
[10.905s] -- Installing: /home/rmml05/nbv_JaJaYu/TomatoHarvesting_NextBestView/nbv_code/nbv_for_local_computer/ros2_ws2_local/install/message_interfaces/local/lib/python3.10/dist-packages/message_interfaces/message_interfaces_s__rosidl_typesupport_fastrtps_c.cpython-310-aarch64-linux-gnu.so
[10.905s] -- Set non-toolchain portion of runtime path of "/home/rmml05/nbv_JaJaYu/TomatoHarvesting_NextBestView/nbv_code/nbv_for_local_computer/ros2_ws2_local/install/message_interfaces/local/lib/python3.10/dist-packages/message_interfaces/message_interfaces_s__rosidl_typesupport_fastrtps_c.cpython-310-aarch64-linux-gnu.so" to ""
[10.906s] -- Installing: /home/rmml05/nbv_JaJaYu/TomatoHarvesting_NextBestView/nbv_code/nbv_for_local_computer/ros2_ws2_local/install/message_interfaces/local/lib/python3.10/dist-packages/message_interfaces/message_interfaces_s__rosidl_typesupport_introspection_c.cpython-310-aarch64-linux-gnu.so
[10.906s] -- Set non-toolchain portion of runtime path of "/home/rmml05/nbv_JaJaYu/TomatoHarvesting_NextBestView/nbv_code/nbv_for_local_computer/ros2_ws2_local/install/message_interfaces/local/lib/python3.10/dist-packages/message_interfaces/message_interfaces_s__rosidl_typesupport_introspection_c.cpython-310-aarch64-linux-gnu.so" to ""
[10.906s] -- Installing: /home/rmml05/nbv_JaJaYu/TomatoHarvesting_NextBestView/nbv_code/nbv_for_local_computer/ros2_ws2_local/install/message_interfaces/local/lib/python3.10/dist-packages/message_interfaces/message_interfaces_s__rosidl_typesupport_c.cpython-310-aarch64-linux-gnu.so
[10.907s] -- Set non-toolchain portion of runtime path of "/home/rmml05/nbv_JaJaYu/TomatoHarvesting_NextBestView/nbv_code/nbv_for_local_computer/ros2_ws2_local/install/message_interfaces/local/lib/python3.10/dist-packages/message_interfaces/message_interfaces_s__rosidl_typesupport_c.cpython-310-aarch64-linux-gnu.so" to ""
[10.907s] -- Installing: /home/rmml05/nbv_JaJaYu/TomatoHarvesting_NextBestView/nbv_code/nbv_for_local_computer/ros2_ws2_local/install/message_interfaces/lib/libmessage_interfaces__rosidl_generator_py.so
[10.907s] -- Set non-toolchain portion of runtime path of "/home/rmml05/nbv_JaJaYu/TomatoHarvesting_NextBestView/nbv_code/nbv_for_local_computer/ros2_ws2_local/install/message_interfaces/lib/libmessage_interfaces__rosidl_generator_py.so" to ""
[10.908s] -- Installing: /home/rmml05/nbv_JaJaYu/TomatoHarvesting_NextBestView/nbv_code/nbv_for_local_computer/ros2_ws2_local/install/message_interfaces/share/message_interfaces/msg/BoundingBox.idl
[10.908s] -- Installing: /home/rmml05/nbv_JaJaYu/TomatoHarvesting_NextBestView/nbv_code/nbv_for_local_computer/ros2_ws2_local/install/message_interfaces/share/message_interfaces/msg/NodeStatus.idl
[10.908s] -- Installing: /home/rmml05/nbv_JaJaYu/TomatoHarvesting_NextBestView/nbv_code/nbv_for_local_computer/ros2_ws2_local/install/message_interfaces/share/message_interfaces/msg/BoundingBox.msg
[10.909s] -- Installing: /home/rmml05/nbv_JaJaYu/TomatoHarvesting_NextBestView/nbv_code/nbv_for_local_computer/ros2_ws2_local/install/message_interfaces/share/message_interfaces/msg/NodeStatus.msg
[10.909s] -- Installing: /home/rmml05/nbv_JaJaYu/TomatoHarvesting_NextBestView/nbv_code/nbv_for_local_computer/ros2_ws2_local/install/message_interfaces/share/ament_index/resource_index/package_run_dependencies/message_interfaces
[10.909s] -- Installing: /home/rmml05/nbv_JaJaYu/TomatoHarvesting_NextBestView/nbv_code/nbv_for_local_computer/ros2_ws2_local/install/message_interfaces/share/ament_index/resource_index/parent_prefix_path/message_interfaces
[10.910s] -- Installing: /home/rmml05/nbv_JaJaYu/TomatoHarvesting_NextBestView/nbv_code/nbv_for_local_computer/ros2_ws2_local/install/message_interfaces/share/message_interfaces/environment/ament_prefix_path.sh
[10.910s] -- Installing: /home/rmml05/nbv_JaJaYu/TomatoHarvesting_NextBestView/nbv_code/nbv_for_local_computer/ros2_ws2_local/install/message_interfaces/share/message_interfaces/environment/ament_prefix_path.dsv
[10.910s] -- Installing: /home/rmml05/nbv_JaJaYu/TomatoHarvesting_NextBestView/nbv_code/nbv_for_local_computer/ros2_ws2_local/install/message_interfaces/share/message_interfaces/environment/path.sh
[10.911s] -- Installing: /home/rmml05/nbv_JaJaYu/TomatoHarvesting_NextBestView/nbv_code/nbv_for_local_computer/ros2_ws2_local/install/message_interfaces/share/message_interfaces/environment/path.dsv
[10.911s] -- Installing: /home/rmml05/nbv_JaJaYu/TomatoHarvesting_NextBestView/nbv_code/nbv_for_local_computer/ros2_ws2_local/install/message_interfaces/share/message_interfaces/local_setup.bash
[10.911s] -- Installing: /home/rmml05/nbv_JaJaYu/TomatoHarvesting_NextBestView/nbv_code/nbv_for_local_computer/ros2_ws2_local/install/message_interfaces/share/message_interfaces/local_setup.sh
[10.911s] -- Installing: /home/rmml05/nbv_JaJaYu/TomatoHarvesting_NextBestView/nbv_code/nbv_for_local_computer/ros2_ws2_local/install/message_interfaces/share/message_interfaces/local_setup.zsh
[10.912s] -- Installing: /home/rmml05/nbv_JaJaYu/TomatoHarvesting_NextBestView/nbv_code/nbv_for_local_computer/ros2_ws2_local/install/message_interfaces/share/message_interfaces/local_setup.dsv
[10.912s] -- Installing: /home/rmml05/nbv_JaJaYu/TomatoHarvesting_NextBestView/nbv_code/nbv_for_local_computer/ros2_ws2_local/install/message_interfaces/share/message_interfaces/package.dsv
[10.912s] -- Installing: /home/rmml05/nbv_JaJaYu/TomatoHarvesting_NextBestView/nbv_code/nbv_for_local_computer/ros2_ws2_local/install/message_interfaces/share/ament_index/resource_index/packages/message_interfaces
[10.913s] -- Installing: /home/rmml05/nbv_JaJaYu/TomatoHarvesting_NextBestView/nbv_code/nbv_for_local_computer/ros2_ws2_local/install/message_interfaces/share/message_interfaces/cmake/export_message_interfaces__rosidl_generator_cExport.cmake
[10.913s] -- Installing: /home/rmml05/nbv_JaJaYu/TomatoHarvesting_NextBestView/nbv_code/nbv_for_local_computer/ros2_ws2_local/install/message_interfaces/share/message_interfaces/cmake/export_message_interfaces__rosidl_generator_cExport-noconfig.cmake
[10.913s] -- Installing: /home/rmml05/nbv_JaJaYu/TomatoHarvesting_NextBestView/nbv_code/nbv_for_local_computer/ros2_ws2_local/install/message_interfaces/share/message_interfaces/cmake/export_message_interfaces__rosidl_typesupport_fastrtps_cExport.cmake
[10.914s] -- Installing: /home/rmml05/nbv_JaJaYu/TomatoHarvesting_NextBestView/nbv_code/nbv_for_local_computer/ros2_ws2_local/install/message_interfaces/share/message_interfaces/cmake/export_message_interfaces__rosidl_typesupport_fastrtps_cExport-noconfig.cmake
[10.914s] -- Installing: /home/rmml05/nbv_JaJaYu/TomatoHarvesting_NextBestView/nbv_code/nbv_for_local_computer/ros2_ws2_local/install/message_interfaces/share/message_interfaces/cmake/message_interfaces__rosidl_typesupport_introspection_cExport.cmake
[10.914s] -- Installing: /home/rmml05/nbv_JaJaYu/TomatoHarvesting_NextBestView/nbv_code/nbv_for_local_computer/ros2_ws2_local/install/message_interfaces/share/message_interfaces/cmake/message_interfaces__rosidl_typesupport_introspection_cExport-noconfig.cmake
[10.914s] -- Installing: /home/rmml05/nbv_JaJaYu/TomatoHarvesting_NextBestView/nbv_code/nbv_for_local_computer/ros2_ws2_local/install/message_interfaces/share/message_interfaces/cmake/message_interfaces__rosidl_typesupport_cExport.cmake
[10.915s] -- Installing: /home/rmml05/nbv_JaJaYu/TomatoHarvesting_NextBestView/nbv_code/nbv_for_local_computer/ros2_ws2_local/install/message_interfaces/share/message_interfaces/cmake/message_interfaces__rosidl_typesupport_cExport-noconfig.cmake
[10.915s] -- Installing: /home/rmml05/nbv_JaJaYu/TomatoHarvesting_NextBestView/nbv_code/nbv_for_local_computer/ros2_ws2_local/install/message_interfaces/share/message_interfaces/cmake/export_message_interfaces__rosidl_generator_cppExport.cmake
[10.915s] -- Installing: /home/rmml05/nbv_JaJaYu/TomatoHarvesting_NextBestView/nbv_code/nbv_for_local_computer/ros2_ws2_local/install/message_interfaces/share/message_interfaces/cmake/export_message_interfaces__rosidl_typesupport_fastrtps_cppExport.cmake
[10.916s] -- Installing: /home/rmml05/nbv_JaJaYu/TomatoHarvesting_NextBestView/nbv_code/nbv_for_local_computer/ros2_ws2_local/install/message_interfaces/share/message_interfaces/cmake/export_message_interfaces__rosidl_typesupport_fastrtps_cppExport-noconfig.cmake
[10.916s] -- Installing: /home/rmml05/nbv_JaJaYu/TomatoHarvesting_NextBestView/nbv_code/nbv_for_local_computer/ros2_ws2_local/install/message_interfaces/share/message_interfaces/cmake/message_interfaces__rosidl_typesupport_introspection_cppExport.cmake
[10.916s] -- Installing: /home/rmml05/nbv_JaJaYu/TomatoHarvesting_NextBestView/nbv_code/nbv_for_local_computer/ros2_ws2_local/install/message_interfaces/share/message_interfaces/cmake/message_interfaces__rosidl_typesupport_introspection_cppExport-noconfig.cmake
[10.917s] -- Installing: /home/rmml05/nbv_JaJaYu/TomatoHarvesting_NextBestView/nbv_code/nbv_for_local_computer/ros2_ws2_local/install/message_interfaces/share/message_interfaces/cmake/message_interfaces__rosidl_typesupport_cppExport.cmake
[10.917s] -- Installing: /home/rmml05/nbv_JaJaYu/TomatoHarvesting_NextBestView/nbv_code/nbv_for_local_computer/ros2_ws2_local/install/message_interfaces/share/message_interfaces/cmake/message_interfaces__rosidl_typesupport_cppExport-noconfig.cmake
[10.917s] -- Installing: /home/rmml05/nbv_JaJaYu/TomatoHarvesting_NextBestView/nbv_code/nbv_for_local_computer/ros2_ws2_local/install/message_interfaces/share/message_interfaces/cmake/export_message_interfaces__rosidl_generator_pyExport.cmake
[10.917s] -- Installing: /home/rmml05/nbv_JaJaYu/TomatoHarvesting_NextBestView/nbv_code/nbv_for_local_computer/ros2_ws2_local/install/message_interfaces/share/message_interfaces/cmake/export_message_interfaces__rosidl_generator_pyExport-noconfig.cmake
[10.918s] -- Installing: /home/rmml05/nbv_JaJaYu/TomatoHarvesting_NextBestView/nbv_code/nbv_for_local_computer/ros2_ws2_local/install/message_interfaces/share/message_interfaces/cmake/rosidl_cmake-extras.cmake
[10.918s] -- Installing: /home/rmml05/nbv_JaJaYu/TomatoHarvesting_NextBestView/nbv_code/nbv_for_local_computer/ros2_ws2_local/install/message_interfaces/share/message_interfaces/cmake/ament_cmake_export_include_directories-extras.cmake
[10.918s] -- Installing: /home/rmml05/nbv_JaJaYu/TomatoHarvesting_NextBestView/nbv_code/nbv_for_local_computer/ros2_ws2_local/install/message_interfaces/share/message_interfaces/cmake/ament_cmake_export_libraries-extras.cmake
[10.918s] -- Installing: /home/rmml05/nbv_JaJaYu/TomatoHarvesting_NextBestView/nbv_code/nbv_for_local_computer/ros2_ws2_local/install/message_interfaces/share/message_interfaces/cmake/ament_cmake_export_targets-extras.cmake
[10.918s] -- Installing: /home/rmml05/nbv_JaJaYu/TomatoHarvesting_NextBestView/nbv_code/nbv_for_local_computer/ros2_ws2_local/install/message_interfaces/share/message_interfaces/cmake/rosidl_cmake_export_typesupport_targets-extras.cmake
[10.919s] -- Installing: /home/rmml05/nbv_JaJaYu/TomatoHarvesting_NextBestView/nbv_code/nbv_for_local_computer/ros2_ws2_local/install/message_interfaces/share/message_interfaces/cmake/ament_cmake_export_dependencies-extras.cmake
[10.920s] -- Installing: /home/rmml05/nbv_JaJaYu/TomatoHarvesting_NextBestView/nbv_code/nbv_for_local_computer/ros2_ws2_local/install/message_interfaces/share/message_interfaces/cmake/rosidl_cmake_export_typesupport_libraries-extras.cmake
[10.921s] -- Installing: /home/rmml05/nbv_JaJaYu/TomatoHarvesting_NextBestView/nbv_code/nbv_for_local_computer/ros2_ws2_local/install/message_interfaces/share/message_interfaces/cmake/message_interfacesConfig.cmake
[10.922s] -- Installing: /home/rmml05/nbv_JaJaYu/TomatoHarvesting_NextBestView/nbv_code/nbv_for_local_computer/ros2_ws2_local/install/message_interfaces/share/message_interfaces/cmake/message_interfacesConfig-version.cmake
[10.922s] -- Installing: /home/rmml05/nbv_JaJaYu/TomatoHarvesting_NextBestView/nbv_code/nbv_for_local_computer/ros2_ws2_local/install/message_interfaces/share/message_interfaces/package.xml
[10.923s] Invoked command in '/home/rmml05/nbv_JaJaYu/TomatoHarvesting_NextBestView/nbv_code/nbv_for_local_computer/ros2_ws2_local/build/message_interfaces' returned '0': CMAKE_PREFIX_PATH=${CMAKE_PREFIX_PATH}:/home/rmml05/thr_ws/install/ugv_path_tracking:/home/rmml05/thr_ws/install/tm_mod_urdf:/home/rmml05/thr_ws/install/tm_get_status:/home/rmml05/thr_ws/install/tm_arm_control_py:/home/rmml05/thr_ws/install/thr_gui_teleoperation:/home/rmml05/thr_ws/install/thr_daq:/home/rmml05/thr_ws/install/thr_controller_py:/home/rmml05/thr_ws/install/teaching_nav:/home/rmml05/thr_ws/install/ros_tcp_endpoint:/home/rmml05/thr_ws/install/pcl_conversions:/home/rmml05/thr_ws/install/moveit_cmd_adapter:/home/rmml05/thr_ws/install/gripper_srv_action_bridge:/home/rmml05/thr_ws/install/gripper_controller:/home/rmml05/thr_ws/install/delta_bt_python:/home/rmml05/thr_ws/install/camera_d435:/home/rmml05/thr_ws/install/bvp_driver_interface_py:/home/rmml05/ws_moveit/install/moveit_configs_utils:/home/rmml05/ws_moveit/install/launch_param_builder:/opt/ros/humble /home/rmml05/.local/bin/cmake --install /home/rmml05/nbv_JaJaYu/TomatoHarvesting_NextBestView/nbv_code/nbv_for_local_computer/ros2_ws2_local/build/message_interfaces
