[0.017s] Invoking command in '/home/jajayu/TomatoHarvesting_NextBestView/nbv_code/ros2_ws2/build/my_robot_nbv_cmake': CMAKE_PREFIX_PATH=${CMAKE_PREFIX_PATH}:/home/jajayu/TomatoHarvesting_NextBestView/nbv_code/ros2_ws2/install/my_robot_nbv:/home/jajayu/TomatoHarvesting_NextBestView/nbv_code/ros2_ws2/install/my_robot_cam:/home/jajayu/ros2_ws/install/webots_ros2_tests:/home/jajayu/ros2_ws/install/webots_ros2:/home/jajayu/ros2_ws/install/pcd_demo:/home/jajayu/ros2_ws/install/my_robot_controller:/home/jajayu/ros2_ws/install/my_robot_cam:/home/jajayu/ros2_ws/install/gazebo_tutorial:/opt/ros/humble /home/jajayu/.local/bin/cmake --build /home/jajayu/TomatoHarvesting_NextBestView/nbv_code/ros2_ws2/build/my_robot_nbv_cmake -- -j8 -l8
[0.142s] -- Found ament_cmake: 1.3.9 (/opt/ros/humble/share/ament_cmake/cmake)
[0.416s] -- Found rclcpp: 16.0.9 (/opt/ros/humble/share/rclcpp/cmake)
[0.458s] -- Found rosidl_generator_c: 3.1.5 (/opt/ros/humble/share/rosidl_generator_c/cmake)
[0.461s] -- Found rosidl_adapter: 3.1.5 (/opt/ros/humble/share/rosidl_adapter/cmake)
[0.470s] -- Found rosidl_generator_cpp: 3.1.5 (/opt/ros/humble/share/rosidl_generator_cpp/cmake)
[0.488s] -- Using all available rosidl_typesupport_c: rosidl_typesupport_fastrtps_c;rosidl_typesupport_introspection_c
[0.515s] -- Using all available rosidl_typesupport_cpp: rosidl_typesupport_fastrtps_cpp;rosidl_typesupport_introspection_cpp
[0.598s] -- Found rmw_implementation_cmake: 6.1.2 (/opt/ros/humble/share/rmw_implementation_cmake/cmake)
[0.601s] -- Found rmw_fastrtps_cpp: 6.2.6 (/opt/ros/humble/share/rmw_fastrtps_cpp/cmake)
[0.766s] -- Using RMW implementation 'rmw_fastrtps_cpp' as default
[0.988s] -- Found octomap_msgs: 2.0.0 (/opt/ros/humble/share/octomap_msgs/cmake)
[1.146s] -- Found visualization_msgs: 4.2.4 (/opt/ros/humble/share/visualization_msgs/cmake)
[1.418s] [0mCMake Deprecation Warning at /home/jajayu/open3d_install/lib/cmake/Open3D/Open3DConfig.cmake:18 (cmake_policy):
[1.418s]   The OLD behavior for policy CMP0072 will be removed from a future version
[1.418s]   of CMake.
[1.418s] 
[1.418s]   The cmake-policies(7) manual explains that the OLD behaviors of all
[1.418s]   policies are deprecated and that a policy should be set to OLD only under
[1.418s]   specific short-term circumstances.  Projects should be ported to the NEW
[1.418s]   behavior and not rely on setting a policy to OLD.
[1.418s] Call Stack (most recent call first):
[1.418s]   CMakeLists.txt:37 (find_package)
[1.418s] 
[1.418s] [0m
[1.419s] -- Found Open3D libraries: Open3D::Open3D;Open3D::Open3D
[1.427s] -- Found ament_lint_auto: 0.12.11 (/opt/ros/humble/share/ament_lint_auto/cmake)
[1.521s] -- Added test 'cppcheck' to perform static code analysis on C / C++ code
[1.521s] -- Configured cppcheck include dirs: /home/jajayu/TomatoHarvesting_NextBestView/nbv_code/ros2_ws2/src/my_robot_nbv_cmake/include
[1.522s] -- Configured cppcheck exclude dirs and/or files: 
[1.522s] -- Added test 'lint_cmake' to check CMake code style
[1.523s] -- Added test 'uncrustify' to check C / C++ code style
[1.523s] -- Configured uncrustify additional arguments: 
[1.523s] -- Added test 'xmllint' to check XML markup files
[1.524s] -- Configuring done (1.4s)
[1.550s] -- Generating done (0.0s)
[1.551s] -- Build files have been written to: /home/jajayu/TomatoHarvesting_NextBestView/nbv_code/ros2_ws2/build/my_robot_nbv_cmake
[1.586s] [ 50%] Built target nbvc_lib_SdfModel
[1.608s] [ 75%] [32mBuilding CXX object CMakeFiles/nbvc_ray_generation.dir/src/nbvc_ray_generation.cpp.o[0m
[1.628s] [100%] [32m[1mLinking CXX executable nbvc_ray_generation[0m
[1.737s] /usr/bin/ld: /usr/lib/gcc/x86_64-linux-gnu/11/../../../x86_64-linux-gnu/Scrt1.o: in function `_start':
[1.737s] (.text+0x1b): undefined reference to `main'
[1.739s] collect2: error: ld returned 1 exit status
[1.740s] gmake[2]: *** [CMakeFiles/nbvc_ray_generation.dir/build.make:195: nbvc_ray_generation] Error 1
[1.741s] gmake[1]: *** [CMakeFiles/Makefile2:139: CMakeFiles/nbvc_ray_generation.dir/all] Error 2
[1.741s] gmake: *** [Makefile:146: all] Error 2
[1.756s] Invoked command in '/home/jajayu/TomatoHarvesting_NextBestView/nbv_code/ros2_ws2/build/my_robot_nbv_cmake' returned '2': CMAKE_PREFIX_PATH=${CMAKE_PREFIX_PATH}:/home/jajayu/TomatoHarvesting_NextBestView/nbv_code/ros2_ws2/install/my_robot_nbv:/home/jajayu/TomatoHarvesting_NextBestView/nbv_code/ros2_ws2/install/my_robot_cam:/home/jajayu/ros2_ws/install/webots_ros2_tests:/home/jajayu/ros2_ws/install/webots_ros2:/home/jajayu/ros2_ws/install/pcd_demo:/home/jajayu/ros2_ws/install/my_robot_controller:/home/jajayu/ros2_ws/install/my_robot_cam:/home/jajayu/ros2_ws/install/gazebo_tutorial:/opt/ros/humble /home/jajayu/.local/bin/cmake --build /home/jajayu/TomatoHarvesting_NextBestView/nbv_code/ros2_ws2/build/my_robot_nbv_cmake -- -j8 -l8
