[0.091s] Invoking command in '/home/jajayu/TomatoHarvesting_NextBestView/nbv_code/ros2_ws2/build/message_interfaces': CMAKE_PREFIX_PATH=${CMAKE_PREFIX_PATH}:/home/jajayu/TomatoHarvesting_NextBestView/nbv_code/ros2_ws2/install/my_robot_nbv:/home/jajayu/TomatoHarvesting_NextBestView/nbv_code/ros2_ws2/install/my_robot_cam:/home/jajayu/TomatoHarvesting_NextBestView/nbv_code/ros2_ws2/install/my_robot_arm:/home/jajayu/ros2_ws/install/webots_ros2_tests:/home/jajayu/ros2_ws/install/webots_ros2:/home/jajayu/ros2_ws/install/pcd_demo:/home/jajayu/ros2_ws/install/my_robot_controller:/home/jajayu/ros2_ws/install/my_robot_cam:/home/jajayu/ros2_ws/install/gazebo_tutorial:/opt/ros/humble /home/jajayu/.local/bin/cmake --build /home/jajayu/TomatoHarvesting_NextBestView/nbv_code/ros2_ws2/build/message_interfaces -- -j8 -l8
[0.952s] [  2%] Built target message_interfaces__cpp
[0.954s] [  2%] Built target ament_cmake_python_copy_message_interfaces
[0.954s] [ 12%] Built target message_interfaces__rosidl_typesupport_introspection_cpp
[0.954s] running egg_info
[0.954s] writing message_interfaces.egg-info/PKG-INFO
[0.954s] writing dependency_links to message_interfaces.egg-info/dependency_links.txt
[0.954s] writing top-level names to message_interfaces.egg-info/top_level.txt
[0.955s] reading manifest file 'message_interfaces.egg-info/SOURCES.txt'
[0.955s] writing manifest file 'message_interfaces.egg-info/SOURCES.txt'
[0.995s] [ 12%] Built target ament_cmake_python_build_message_interfaces_egg
[1.067s] [ 23%] Built target message_interfaces__rosidl_typesupport_fastrtps_cpp
[1.116s] [ 33%] Built target message_interfaces__rosidl_typesupport_cpp
[1.231s] [ 43%] Built target message_interfaces__rosidl_generator_c
[1.286s] [ 53%] Built target message_interfaces__rosidl_typesupport_fastrtps_c
[1.335s] [ 64%] Built target message_interfaces__rosidl_typesupport_c
[1.366s] [ 74%] Built target message_interfaces__rosidl_typesupport_introspection_c
[1.394s] [ 74%] Built target message_interfaces
[1.422s] [ 76%] Built target message_interfaces__py
[1.461s] [ 84%] Built target message_interfaces__rosidl_generator_py
[1.495s] [ 89%] Built target message_interfaces__rosidl_typesupport_fastrtps_c__pyext
[1.532s] [ 94%] Built target message_interfaces__rosidl_typesupport_c__pyext
[1.595s] [100%] Built target message_interfaces__rosidl_typesupport_introspection_c__pyext
[1.684s] Invoked command in '/home/jajayu/TomatoHarvesting_NextBestView/nbv_code/ros2_ws2/build/message_interfaces' returned '0': CMAKE_PREFIX_PATH=${CMAKE_PREFIX_PATH}:/home/jajayu/TomatoHarvesting_NextBestView/nbv_code/ros2_ws2/install/my_robot_nbv:/home/jajayu/TomatoHarvesting_NextBestView/nbv_code/ros2_ws2/install/my_robot_cam:/home/jajayu/TomatoHarvesting_NextBestView/nbv_code/ros2_ws2/install/my_robot_arm:/home/jajayu/ros2_ws/install/webots_ros2_tests:/home/jajayu/ros2_ws/install/webots_ros2:/home/jajayu/ros2_ws/install/pcd_demo:/home/jajayu/ros2_ws/install/my_robot_controller:/home/jajayu/ros2_ws/install/my_robot_cam:/home/jajayu/ros2_ws/install/gazebo_tutorial:/opt/ros/humble /home/jajayu/.local/bin/cmake --build /home/jajayu/TomatoHarvesting_NextBestView/nbv_code/ros2_ws2/build/message_interfaces -- -j8 -l8
[2.489s] Invoking command in '/home/jajayu/TomatoHarvesting_NextBestView/nbv_code/ros2_ws2/build/message_interfaces': CMAKE_PREFIX_PATH=${CMAKE_PREFIX_PATH}:/home/jajayu/TomatoHarvesting_NextBestView/nbv_code/ros2_ws2/install/my_robot_nbv:/home/jajayu/TomatoHarvesting_NextBestView/nbv_code/ros2_ws2/install/my_robot_cam:/home/jajayu/TomatoHarvesting_NextBestView/nbv_code/ros2_ws2/install/my_robot_arm:/home/jajayu/ros2_ws/install/webots_ros2_tests:/home/jajayu/ros2_ws/install/webots_ros2:/home/jajayu/ros2_ws/install/pcd_demo:/home/jajayu/ros2_ws/install/my_robot_controller:/home/jajayu/ros2_ws/install/my_robot_cam:/home/jajayu/ros2_ws/install/gazebo_tutorial:/opt/ros/humble /home/jajayu/.local/bin/cmake --install /home/jajayu/TomatoHarvesting_NextBestView/nbv_code/ros2_ws2/build/message_interfaces
[2.694s] -- Install configuration: ""
[2.694s] -- Up-to-date: /home/jajayu/TomatoHarvesting_NextBestView/nbv_code/ros2_ws2/install/message_interfaces/share/ament_index/resource_index/rosidl_interfaces/message_interfaces
[2.694s] -- Up-to-date: /home/jajayu/TomatoHarvesting_NextBestView/nbv_code/ros2_ws2/install/message_interfaces/include/message_interfaces/message_interfaces
[2.694s] -- Up-to-date: /home/jajayu/TomatoHarvesting_NextBestView/nbv_code/ros2_ws2/install/message_interfaces/include/message_interfaces/message_interfaces/msg
[2.695s] -- Up-to-date: /home/jajayu/TomatoHarvesting_NextBestView/nbv_code/ros2_ws2/install/message_interfaces/include/message_interfaces/message_interfaces/msg/node_status.h
[2.695s] -- Up-to-date: /home/jajayu/TomatoHarvesting_NextBestView/nbv_code/ros2_ws2/install/message_interfaces/include/message_interfaces/message_interfaces/msg/detail
[2.695s] -- Up-to-date: /home/jajayu/TomatoHarvesting_NextBestView/nbv_code/ros2_ws2/install/message_interfaces/include/message_interfaces/message_interfaces/msg/detail/bounding_box__functions.c
[2.695s] -- Up-to-date: /home/jajayu/TomatoHarvesting_NextBestView/nbv_code/ros2_ws2/install/message_interfaces/include/message_interfaces/message_interfaces/msg/detail/node_status__struct.h
[2.695s] -- Up-to-date: /home/jajayu/TomatoHarvesting_NextBestView/nbv_code/ros2_ws2/install/message_interfaces/include/message_interfaces/message_interfaces/msg/detail/bounding_box__functions.h
[2.695s] -- Up-to-date: /home/jajayu/TomatoHarvesting_NextBestView/nbv_code/ros2_ws2/install/message_interfaces/include/message_interfaces/message_interfaces/msg/detail/node_status__functions.c
[2.695s] -- Up-to-date: /home/jajayu/TomatoHarvesting_NextBestView/nbv_code/ros2_ws2/install/message_interfaces/include/message_interfaces/message_interfaces/msg/detail/bounding_box__type_support.h
[2.695s] -- Up-to-date: /home/jajayu/TomatoHarvesting_NextBestView/nbv_code/ros2_ws2/install/message_interfaces/include/message_interfaces/message_interfaces/msg/detail/node_status__type_support.h
[2.695s] -- Up-to-date: /home/jajayu/TomatoHarvesting_NextBestView/nbv_code/ros2_ws2/install/message_interfaces/include/message_interfaces/message_interfaces/msg/detail/bounding_box__struct.h
[2.695s] -- Up-to-date: /home/jajayu/TomatoHarvesting_NextBestView/nbv_code/ros2_ws2/install/message_interfaces/include/message_interfaces/message_interfaces/msg/detail/node_status__functions.h
[2.695s] -- Up-to-date: /home/jajayu/TomatoHarvesting_NextBestView/nbv_code/ros2_ws2/install/message_interfaces/include/message_interfaces/message_interfaces/msg/rosidl_generator_c__visibility_control.h
[2.695s] -- Up-to-date: /home/jajayu/TomatoHarvesting_NextBestView/nbv_code/ros2_ws2/install/message_interfaces/include/message_interfaces/message_interfaces/msg/bounding_box.h
[2.697s] -- Up-to-date: /home/jajayu/TomatoHarvesting_NextBestView/nbv_code/ros2_ws2/install/message_interfaces/share/message_interfaces/environment/library_path.sh
[2.698s] -- Up-to-date: /home/jajayu/TomatoHarvesting_NextBestView/nbv_code/ros2_ws2/install/message_interfaces/share/message_interfaces/environment/library_path.dsv
[2.698s] -- Up-to-date: /home/jajayu/TomatoHarvesting_NextBestView/nbv_code/ros2_ws2/install/message_interfaces/lib/libmessage_interfaces__rosidl_generator_c.so
[2.698s] -- Up-to-date: /home/jajayu/TomatoHarvesting_NextBestView/nbv_code/ros2_ws2/install/message_interfaces/include/message_interfaces/message_interfaces
[2.698s] -- Up-to-date: /home/jajayu/TomatoHarvesting_NextBestView/nbv_code/ros2_ws2/install/message_interfaces/include/message_interfaces/message_interfaces/msg
[2.698s] -- Up-to-date: /home/jajayu/TomatoHarvesting_NextBestView/nbv_code/ros2_ws2/install/message_interfaces/include/message_interfaces/message_interfaces/msg/detail
[2.698s] -- Up-to-date: /home/jajayu/TomatoHarvesting_NextBestView/nbv_code/ros2_ws2/install/message_interfaces/include/message_interfaces/message_interfaces/msg/detail/node_status__rosidl_typesupport_fastrtps_c.h
[2.698s] -- Up-to-date: /home/jajayu/TomatoHarvesting_NextBestView/nbv_code/ros2_ws2/install/message_interfaces/include/message_interfaces/message_interfaces/msg/detail/bounding_box__rosidl_typesupport_fastrtps_c.h
[2.698s] -- Up-to-date: /home/jajayu/TomatoHarvesting_NextBestView/nbv_code/ros2_ws2/install/message_interfaces/include/message_interfaces/message_interfaces/msg/rosidl_typesupport_fastrtps_c__visibility_control.h
[2.704s] -- Up-to-date: /home/jajayu/TomatoHarvesting_NextBestView/nbv_code/ros2_ws2/install/message_interfaces/lib/libmessage_interfaces__rosidl_typesupport_fastrtps_c.so
[2.708s] -- Up-to-date: /home/jajayu/TomatoHarvesting_NextBestView/nbv_code/ros2_ws2/install/message_interfaces/include/message_interfaces/message_interfaces
[2.708s] -- Up-to-date: /home/jajayu/TomatoHarvesting_NextBestView/nbv_code/ros2_ws2/install/message_interfaces/include/message_interfaces/message_interfaces/msg
[2.708s] -- Up-to-date: /home/jajayu/TomatoHarvesting_NextBestView/nbv_code/ros2_ws2/install/message_interfaces/include/message_interfaces/message_interfaces/msg/detail
[2.708s] -- Up-to-date: /home/jajayu/TomatoHarvesting_NextBestView/nbv_code/ros2_ws2/install/message_interfaces/include/message_interfaces/message_interfaces/msg/detail/node_status__type_support.c
[2.708s] -- Up-to-date: /home/jajayu/TomatoHarvesting_NextBestView/nbv_code/ros2_ws2/install/message_interfaces/include/message_interfaces/message_interfaces/msg/detail/bounding_box__rosidl_typesupport_introspection_c.h
[2.708s] -- Up-to-date: /home/jajayu/TomatoHarvesting_NextBestView/nbv_code/ros2_ws2/install/message_interfaces/include/message_interfaces/message_interfaces/msg/detail/node_status__rosidl_typesupport_introspection_c.h
[2.708s] -- Up-to-date: /home/jajayu/TomatoHarvesting_NextBestView/nbv_code/ros2_ws2/install/message_interfaces/include/message_interfaces/message_interfaces/msg/detail/bounding_box__type_support.c
[2.708s] -- Up-to-date: /home/jajayu/TomatoHarvesting_NextBestView/nbv_code/ros2_ws2/install/message_interfaces/include/message_interfaces/message_interfaces/msg/rosidl_typesupport_introspection_c__visibility_control.h
[2.709s] -- Up-to-date: /home/jajayu/TomatoHarvesting_NextBestView/nbv_code/ros2_ws2/install/message_interfaces/lib/libmessage_interfaces__rosidl_typesupport_introspection_c.so
[2.712s] -- Up-to-date: /home/jajayu/TomatoHarvesting_NextBestView/nbv_code/ros2_ws2/install/message_interfaces/lib/libmessage_interfaces__rosidl_typesupport_c.so
[2.712s] -- Up-to-date: /home/jajayu/TomatoHarvesting_NextBestView/nbv_code/ros2_ws2/install/message_interfaces/include/message_interfaces/message_interfaces
[2.712s] -- Up-to-date: /home/jajayu/TomatoHarvesting_NextBestView/nbv_code/ros2_ws2/install/message_interfaces/include/message_interfaces/message_interfaces/msg
[2.712s] -- Up-to-date: /home/jajayu/TomatoHarvesting_NextBestView/nbv_code/ros2_ws2/install/message_interfaces/include/message_interfaces/message_interfaces/msg/bounding_box.hpp
[2.712s] -- Up-to-date: /home/jajayu/TomatoHarvesting_NextBestView/nbv_code/ros2_ws2/install/message_interfaces/include/message_interfaces/message_interfaces/msg/detail
[2.713s] -- Up-to-date: /home/jajayu/TomatoHarvesting_NextBestView/nbv_code/ros2_ws2/install/message_interfaces/include/message_interfaces/message_interfaces/msg/detail/bounding_box__builder.hpp
[2.713s] -- Up-to-date: /home/jajayu/TomatoHarvesting_NextBestView/nbv_code/ros2_ws2/install/message_interfaces/include/message_interfaces/message_interfaces/msg/detail/node_status__traits.hpp
[2.713s] -- Up-to-date: /home/jajayu/TomatoHarvesting_NextBestView/nbv_code/ros2_ws2/install/message_interfaces/include/message_interfaces/message_interfaces/msg/detail/node_status__builder.hpp
[2.713s] -- Up-to-date: /home/jajayu/TomatoHarvesting_NextBestView/nbv_code/ros2_ws2/install/message_interfaces/include/message_interfaces/message_interfaces/msg/detail/bounding_box__struct.hpp
[2.713s] -- Up-to-date: /home/jajayu/TomatoHarvesting_NextBestView/nbv_code/ros2_ws2/install/message_interfaces/include/message_interfaces/message_interfaces/msg/detail/bounding_box__traits.hpp
[2.713s] -- Up-to-date: /home/jajayu/TomatoHarvesting_NextBestView/nbv_code/ros2_ws2/install/message_interfaces/include/message_interfaces/message_interfaces/msg/detail/node_status__struct.hpp
[2.714s] -- Up-to-date: /home/jajayu/TomatoHarvesting_NextBestView/nbv_code/ros2_ws2/install/message_interfaces/include/message_interfaces/message_interfaces/msg/node_status.hpp
[2.718s] -- Up-to-date: /home/jajayu/TomatoHarvesting_NextBestView/nbv_code/ros2_ws2/install/message_interfaces/include/message_interfaces/message_interfaces
[2.718s] -- Up-to-date: /home/jajayu/TomatoHarvesting_NextBestView/nbv_code/ros2_ws2/install/message_interfaces/include/message_interfaces/message_interfaces/msg
[2.718s] -- Up-to-date: /home/jajayu/TomatoHarvesting_NextBestView/nbv_code/ros2_ws2/install/message_interfaces/include/message_interfaces/message_interfaces/msg/detail
[2.718s] -- Up-to-date: /home/jajayu/TomatoHarvesting_NextBestView/nbv_code/ros2_ws2/install/message_interfaces/include/message_interfaces/message_interfaces/msg/detail/bounding_box__rosidl_typesupport_fastrtps_cpp.hpp
[2.718s] -- Up-to-date: /home/jajayu/TomatoHarvesting_NextBestView/nbv_code/ros2_ws2/install/message_interfaces/include/message_interfaces/message_interfaces/msg/detail/dds_fastrtps
[2.718s] -- Up-to-date: /home/jajayu/TomatoHarvesting_NextBestView/nbv_code/ros2_ws2/install/message_interfaces/include/message_interfaces/message_interfaces/msg/detail/node_status__rosidl_typesupport_fastrtps_cpp.hpp
[2.718s] -- Up-to-date: /home/jajayu/TomatoHarvesting_NextBestView/nbv_code/ros2_ws2/install/message_interfaces/include/message_interfaces/message_interfaces/msg/rosidl_typesupport_fastrtps_cpp__visibility_control.h
[2.719s] -- Up-to-date: /home/jajayu/TomatoHarvesting_NextBestView/nbv_code/ros2_ws2/install/message_interfaces/lib/libmessage_interfaces__rosidl_typesupport_fastrtps_cpp.so
[2.719s] -- Up-to-date: /home/jajayu/TomatoHarvesting_NextBestView/nbv_code/ros2_ws2/install/message_interfaces/include/message_interfaces/message_interfaces
[2.719s] -- Up-to-date: /home/jajayu/TomatoHarvesting_NextBestView/nbv_code/ros2_ws2/install/message_interfaces/include/message_interfaces/message_interfaces/msg
[2.719s] -- Up-to-date: /home/jajayu/TomatoHarvesting_NextBestView/nbv_code/ros2_ws2/install/message_interfaces/include/message_interfaces/message_interfaces/msg/detail
[2.719s] -- Up-to-date: /home/jajayu/TomatoHarvesting_NextBestView/nbv_code/ros2_ws2/install/message_interfaces/include/message_interfaces/message_interfaces/msg/detail/bounding_box__rosidl_typesupport_introspection_cpp.hpp
[2.720s] -- Up-to-date: /home/jajayu/TomatoHarvesting_NextBestView/nbv_code/ros2_ws2/install/message_interfaces/include/message_interfaces/message_interfaces/msg/detail/node_status__type_support.cpp
[2.720s] -- Up-to-date: /home/jajayu/TomatoHarvesting_NextBestView/nbv_code/ros2_ws2/install/message_interfaces/include/message_interfaces/message_interfaces/msg/detail/bounding_box__type_support.cpp
[2.720s] -- Up-to-date: /home/jajayu/TomatoHarvesting_NextBestView/nbv_code/ros2_ws2/install/message_interfaces/include/message_interfaces/message_interfaces/msg/detail/node_status__rosidl_typesupport_introspection_cpp.hpp
[2.720s] -- Up-to-date: /home/jajayu/TomatoHarvesting_NextBestView/nbv_code/ros2_ws2/install/message_interfaces/lib/libmessage_interfaces__rosidl_typesupport_introspection_cpp.so
[2.722s] -- Up-to-date: /home/jajayu/TomatoHarvesting_NextBestView/nbv_code/ros2_ws2/install/message_interfaces/lib/libmessage_interfaces__rosidl_typesupport_cpp.so
[2.723s] -- Up-to-date: /home/jajayu/TomatoHarvesting_NextBestView/nbv_code/ros2_ws2/install/message_interfaces/share/message_interfaces/environment/pythonpath.sh
[2.723s] -- Up-to-date: /home/jajayu/TomatoHarvesting_NextBestView/nbv_code/ros2_ws2/install/message_interfaces/share/message_interfaces/environment/pythonpath.dsv
[2.723s] -- Up-to-date: /home/jajayu/TomatoHarvesting_NextBestView/nbv_code/ros2_ws2/install/message_interfaces/local/lib/python3.10/dist-packages/message_interfaces-0.0.0-py3.10.egg-info
[2.723s] -- Installing: /home/jajayu/TomatoHarvesting_NextBestView/nbv_code/ros2_ws2/install/message_interfaces/local/lib/python3.10/dist-packages/message_interfaces-0.0.0-py3.10.egg-info/PKG-INFO
[2.723s] -- Installing: /home/jajayu/TomatoHarvesting_NextBestView/nbv_code/ros2_ws2/install/message_interfaces/local/lib/python3.10/dist-packages/message_interfaces-0.0.0-py3.10.egg-info/dependency_links.txt
[2.723s] -- Installing: /home/jajayu/TomatoHarvesting_NextBestView/nbv_code/ros2_ws2/install/message_interfaces/local/lib/python3.10/dist-packages/message_interfaces-0.0.0-py3.10.egg-info/SOURCES.txt
[2.723s] -- Installing: /home/jajayu/TomatoHarvesting_NextBestView/nbv_code/ros2_ws2/install/message_interfaces/local/lib/python3.10/dist-packages/message_interfaces-0.0.0-py3.10.egg-info/top_level.txt
[2.725s] -- Up-to-date: /home/jajayu/TomatoHarvesting_NextBestView/nbv_code/ros2_ws2/install/message_interfaces/local/lib/python3.10/dist-packages/message_interfaces
[2.725s] -- Up-to-date: /home/jajayu/TomatoHarvesting_NextBestView/nbv_code/ros2_ws2/install/message_interfaces/local/lib/python3.10/dist-packages/message_interfaces/message_interfaces_s__rosidl_typesupport_c.cpython-310-x86_64-linux-gnu.so
[2.725s] -- Up-to-date: /home/jajayu/TomatoHarvesting_NextBestView/nbv_code/ros2_ws2/install/message_interfaces/local/lib/python3.10/dist-packages/message_interfaces/message_interfaces_s__rosidl_typesupport_fastrtps_c.cpython-310-x86_64-linux-gnu.so
[2.725s] -- Up-to-date: /home/jajayu/TomatoHarvesting_NextBestView/nbv_code/ros2_ws2/install/message_interfaces/local/lib/python3.10/dist-packages/message_interfaces/_message_interfaces_s.ep.rosidl_typesupport_fastrtps_c.c
[2.725s] -- Up-to-date: /home/jajayu/TomatoHarvesting_NextBestView/nbv_code/ros2_ws2/install/message_interfaces/local/lib/python3.10/dist-packages/message_interfaces/_message_interfaces_s.ep.rosidl_typesupport_introspection_c.c
[2.725s] -- Up-to-date: /home/jajayu/TomatoHarvesting_NextBestView/nbv_code/ros2_ws2/install/message_interfaces/local/lib/python3.10/dist-packages/message_interfaces/message_interfaces_s__rosidl_typesupport_introspection_c.cpython-310-x86_64-linux-gnu.so
[2.725s] -- Up-to-date: /home/jajayu/TomatoHarvesting_NextBestView/nbv_code/ros2_ws2/install/message_interfaces/local/lib/python3.10/dist-packages/message_interfaces/_message_interfaces_s.ep.rosidl_typesupport_c.c
[2.725s] -- Up-to-date: /home/jajayu/TomatoHarvesting_NextBestView/nbv_code/ros2_ws2/install/message_interfaces/local/lib/python3.10/dist-packages/message_interfaces/libmessage_interfaces__rosidl_generator_py.so
[2.725s] -- Up-to-date: /home/jajayu/TomatoHarvesting_NextBestView/nbv_code/ros2_ws2/install/message_interfaces/local/lib/python3.10/dist-packages/message_interfaces/msg
[2.725s] -- Up-to-date: /home/jajayu/TomatoHarvesting_NextBestView/nbv_code/ros2_ws2/install/message_interfaces/local/lib/python3.10/dist-packages/message_interfaces/msg/_bounding_box_s.c
[2.730s] -- Up-to-date: /home/jajayu/TomatoHarvesting_NextBestView/nbv_code/ros2_ws2/install/message_interfaces/local/lib/python3.10/dist-packages/message_interfaces/msg/_node_status_s.c
[2.730s] -- Up-to-date: /home/jajayu/TomatoHarvesting_NextBestView/nbv_code/ros2_ws2/install/message_interfaces/local/lib/python3.10/dist-packages/message_interfaces/msg/_bounding_box.py
[2.730s] -- Up-to-date: /home/jajayu/TomatoHarvesting_NextBestView/nbv_code/ros2_ws2/install/message_interfaces/local/lib/python3.10/dist-packages/message_interfaces/msg/__init__.py
[2.730s] -- Up-to-date: /home/jajayu/TomatoHarvesting_NextBestView/nbv_code/ros2_ws2/install/message_interfaces/local/lib/python3.10/dist-packages/message_interfaces/msg/_node_status.py
[2.730s] -- Up-to-date: /home/jajayu/TomatoHarvesting_NextBestView/nbv_code/ros2_ws2/install/message_interfaces/local/lib/python3.10/dist-packages/message_interfaces/__init__.py
[2.851s] Listing '/home/jajayu/TomatoHarvesting_NextBestView/nbv_code/ros2_ws2/install/message_interfaces/local/lib/python3.10/dist-packages/message_interfaces'...
[2.851s] Listing '/home/jajayu/TomatoHarvesting_NextBestView/nbv_code/ros2_ws2/install/message_interfaces/local/lib/python3.10/dist-packages/message_interfaces/msg'...
[2.867s] -- Up-to-date: /home/jajayu/TomatoHarvesting_NextBestView/nbv_code/ros2_ws2/install/message_interfaces/local/lib/python3.10/dist-packages/message_interfaces/message_interfaces_s__rosidl_typesupport_fastrtps_c.cpython-310-x86_64-linux-gnu.so
[2.874s] -- Up-to-date: /home/jajayu/TomatoHarvesting_NextBestView/nbv_code/ros2_ws2/install/message_interfaces/local/lib/python3.10/dist-packages/message_interfaces/message_interfaces_s__rosidl_typesupport_introspection_c.cpython-310-x86_64-linux-gnu.so
[2.874s] -- Up-to-date: /home/jajayu/TomatoHarvesting_NextBestView/nbv_code/ros2_ws2/install/message_interfaces/local/lib/python3.10/dist-packages/message_interfaces/message_interfaces_s__rosidl_typesupport_c.cpython-310-x86_64-linux-gnu.so
[2.874s] -- Up-to-date: /home/jajayu/TomatoHarvesting_NextBestView/nbv_code/ros2_ws2/install/message_interfaces/lib/libmessage_interfaces__rosidl_generator_py.so
[2.875s] -- Up-to-date: /home/jajayu/TomatoHarvesting_NextBestView/nbv_code/ros2_ws2/install/message_interfaces/share/message_interfaces/msg/BoundingBox.idl
[2.875s] -- Up-to-date: /home/jajayu/TomatoHarvesting_NextBestView/nbv_code/ros2_ws2/install/message_interfaces/share/message_interfaces/msg/NodeStatus.idl
[2.876s] -- Up-to-date: /home/jajayu/TomatoHarvesting_NextBestView/nbv_code/ros2_ws2/install/message_interfaces/share/message_interfaces/msg/BoundingBox.msg
[2.876s] -- Up-to-date: /home/jajayu/TomatoHarvesting_NextBestView/nbv_code/ros2_ws2/install/message_interfaces/share/message_interfaces/msg/NodeStatus.msg
[2.876s] -- Up-to-date: /home/jajayu/TomatoHarvesting_NextBestView/nbv_code/ros2_ws2/install/message_interfaces/share/ament_index/resource_index/package_run_dependencies/message_interfaces
[2.877s] -- Up-to-date: /home/jajayu/TomatoHarvesting_NextBestView/nbv_code/ros2_ws2/install/message_interfaces/share/ament_index/resource_index/parent_prefix_path/message_interfaces
[2.877s] -- Up-to-date: /home/jajayu/TomatoHarvesting_NextBestView/nbv_code/ros2_ws2/install/message_interfaces/share/message_interfaces/environment/ament_prefix_path.sh
[2.877s] -- Up-to-date: /home/jajayu/TomatoHarvesting_NextBestView/nbv_code/ros2_ws2/install/message_interfaces/share/message_interfaces/environment/ament_prefix_path.dsv
[2.880s] -- Up-to-date: /home/jajayu/TomatoHarvesting_NextBestView/nbv_code/ros2_ws2/install/message_interfaces/share/message_interfaces/environment/path.sh
[2.880s] -- Up-to-date: /home/jajayu/TomatoHarvesting_NextBestView/nbv_code/ros2_ws2/install/message_interfaces/share/message_interfaces/environment/path.dsv
[2.880s] -- Up-to-date: /home/jajayu/TomatoHarvesting_NextBestView/nbv_code/ros2_ws2/install/message_interfaces/share/message_interfaces/local_setup.bash
[2.880s] -- Up-to-date: /home/jajayu/TomatoHarvesting_NextBestView/nbv_code/ros2_ws2/install/message_interfaces/share/message_interfaces/local_setup.sh
[2.880s] -- Up-to-date: /home/jajayu/TomatoHarvesting_NextBestView/nbv_code/ros2_ws2/install/message_interfaces/share/message_interfaces/local_setup.zsh
[2.884s] -- Up-to-date: /home/jajayu/TomatoHarvesting_NextBestView/nbv_code/ros2_ws2/install/message_interfaces/share/message_interfaces/local_setup.dsv
[2.884s] -- Installing: /home/jajayu/TomatoHarvesting_NextBestView/nbv_code/ros2_ws2/install/message_interfaces/share/message_interfaces/package.dsv
[2.884s] -- Up-to-date: /home/jajayu/TomatoHarvesting_NextBestView/nbv_code/ros2_ws2/install/message_interfaces/share/ament_index/resource_index/packages/message_interfaces
[2.884s] -- Up-to-date: /home/jajayu/TomatoHarvesting_NextBestView/nbv_code/ros2_ws2/install/message_interfaces/share/message_interfaces/cmake/export_message_interfaces__rosidl_generator_cExport.cmake
[2.884s] -- Up-to-date: /home/jajayu/TomatoHarvesting_NextBestView/nbv_code/ros2_ws2/install/message_interfaces/share/message_interfaces/cmake/export_message_interfaces__rosidl_generator_cExport-noconfig.cmake
[2.884s] -- Up-to-date: /home/jajayu/TomatoHarvesting_NextBestView/nbv_code/ros2_ws2/install/message_interfaces/share/message_interfaces/cmake/export_message_interfaces__rosidl_typesupport_fastrtps_cExport.cmake
[2.884s] -- Up-to-date: /home/jajayu/TomatoHarvesting_NextBestView/nbv_code/ros2_ws2/install/message_interfaces/share/message_interfaces/cmake/export_message_interfaces__rosidl_typesupport_fastrtps_cExport-noconfig.cmake
[2.884s] -- Up-to-date: /home/jajayu/TomatoHarvesting_NextBestView/nbv_code/ros2_ws2/install/message_interfaces/share/message_interfaces/cmake/message_interfaces__rosidl_typesupport_introspection_cExport.cmake
[2.885s] -- Up-to-date: /home/jajayu/TomatoHarvesting_NextBestView/nbv_code/ros2_ws2/install/message_interfaces/share/message_interfaces/cmake/message_interfaces__rosidl_typesupport_introspection_cExport-noconfig.cmake
[2.893s] -- Up-to-date: /home/jajayu/TomatoHarvesting_NextBestView/nbv_code/ros2_ws2/install/message_interfaces/share/message_interfaces/cmake/message_interfaces__rosidl_typesupport_cExport.cmake
[2.893s] -- Up-to-date: /home/jajayu/TomatoHarvesting_NextBestView/nbv_code/ros2_ws2/install/message_interfaces/share/message_interfaces/cmake/message_interfaces__rosidl_typesupport_cExport-noconfig.cmake
[2.893s] -- Up-to-date: /home/jajayu/TomatoHarvesting_NextBestView/nbv_code/ros2_ws2/install/message_interfaces/share/message_interfaces/cmake/export_message_interfaces__rosidl_generator_cppExport.cmake
[2.893s] -- Up-to-date: /home/jajayu/TomatoHarvesting_NextBestView/nbv_code/ros2_ws2/install/message_interfaces/share/message_interfaces/cmake/export_message_interfaces__rosidl_typesupport_fastrtps_cppExport.cmake
[2.893s] -- Up-to-date: /home/jajayu/TomatoHarvesting_NextBestView/nbv_code/ros2_ws2/install/message_interfaces/share/message_interfaces/cmake/export_message_interfaces__rosidl_typesupport_fastrtps_cppExport-noconfig.cmake
[2.893s] -- Up-to-date: /home/jajayu/TomatoHarvesting_NextBestView/nbv_code/ros2_ws2/install/message_interfaces/share/message_interfaces/cmake/message_interfaces__rosidl_typesupport_introspection_cppExport.cmake
[2.894s] -- Up-to-date: /home/jajayu/TomatoHarvesting_NextBestView/nbv_code/ros2_ws2/install/message_interfaces/share/message_interfaces/cmake/message_interfaces__rosidl_typesupport_introspection_cppExport-noconfig.cmake
[2.894s] -- Up-to-date: /home/jajayu/TomatoHarvesting_NextBestView/nbv_code/ros2_ws2/install/message_interfaces/share/message_interfaces/cmake/message_interfaces__rosidl_typesupport_cppExport.cmake
[2.894s] -- Up-to-date: /home/jajayu/TomatoHarvesting_NextBestView/nbv_code/ros2_ws2/install/message_interfaces/share/message_interfaces/cmake/message_interfaces__rosidl_typesupport_cppExport-noconfig.cmake
[2.894s] -- Up-to-date: /home/jajayu/TomatoHarvesting_NextBestView/nbv_code/ros2_ws2/install/message_interfaces/share/message_interfaces/cmake/export_message_interfaces__rosidl_generator_pyExport.cmake
[2.894s] -- Up-to-date: /home/jajayu/TomatoHarvesting_NextBestView/nbv_code/ros2_ws2/install/message_interfaces/share/message_interfaces/cmake/export_message_interfaces__rosidl_generator_pyExport-noconfig.cmake
[2.894s] -- Up-to-date: /home/jajayu/TomatoHarvesting_NextBestView/nbv_code/ros2_ws2/install/message_interfaces/share/message_interfaces/cmake/rosidl_cmake-extras.cmake
[2.894s] -- Up-to-date: /home/jajayu/TomatoHarvesting_NextBestView/nbv_code/ros2_ws2/install/message_interfaces/share/message_interfaces/cmake/ament_cmake_export_include_directories-extras.cmake
[2.894s] -- Up-to-date: /home/jajayu/TomatoHarvesting_NextBestView/nbv_code/ros2_ws2/install/message_interfaces/share/message_interfaces/cmake/ament_cmake_export_libraries-extras.cmake
[2.894s] -- Up-to-date: /home/jajayu/TomatoHarvesting_NextBestView/nbv_code/ros2_ws2/install/message_interfaces/share/message_interfaces/cmake/ament_cmake_export_targets-extras.cmake
[2.894s] -- Up-to-date: /home/jajayu/TomatoHarvesting_NextBestView/nbv_code/ros2_ws2/install/message_interfaces/share/message_interfaces/cmake/rosidl_cmake_export_typesupport_targets-extras.cmake
[2.894s] -- Up-to-date: /home/jajayu/TomatoHarvesting_NextBestView/nbv_code/ros2_ws2/install/message_interfaces/share/message_interfaces/cmake/ament_cmake_export_dependencies-extras.cmake
[2.894s] -- Up-to-date: /home/jajayu/TomatoHarvesting_NextBestView/nbv_code/ros2_ws2/install/message_interfaces/share/message_interfaces/cmake/rosidl_cmake_export_typesupport_libraries-extras.cmake
[2.894s] -- Up-to-date: /home/jajayu/TomatoHarvesting_NextBestView/nbv_code/ros2_ws2/install/message_interfaces/share/message_interfaces/cmake/message_interfacesConfig.cmake
[2.894s] -- Up-to-date: /home/jajayu/TomatoHarvesting_NextBestView/nbv_code/ros2_ws2/install/message_interfaces/share/message_interfaces/cmake/message_interfacesConfig-version.cmake
[2.894s] -- Up-to-date: /home/jajayu/TomatoHarvesting_NextBestView/nbv_code/ros2_ws2/install/message_interfaces/share/message_interfaces/package.xml
[2.944s] Invoked command in '/home/jajayu/TomatoHarvesting_NextBestView/nbv_code/ros2_ws2/build/message_interfaces' returned '0': CMAKE_PREFIX_PATH=${CMAKE_PREFIX_PATH}:/home/jajayu/TomatoHarvesting_NextBestView/nbv_code/ros2_ws2/install/my_robot_nbv:/home/jajayu/TomatoHarvesting_NextBestView/nbv_code/ros2_ws2/install/my_robot_cam:/home/jajayu/TomatoHarvesting_NextBestView/nbv_code/ros2_ws2/install/my_robot_arm:/home/jajayu/ros2_ws/install/webots_ros2_tests:/home/jajayu/ros2_ws/install/webots_ros2:/home/jajayu/ros2_ws/install/pcd_demo:/home/jajayu/ros2_ws/install/my_robot_controller:/home/jajayu/ros2_ws/install/my_robot_cam:/home/jajayu/ros2_ws/install/gazebo_tutorial:/opt/ros/humble /home/jajayu/.local/bin/cmake --install /home/jajayu/TomatoHarvesting_NextBestView/nbv_code/ros2_ws2/build/message_interfaces
