[0.409s] Invoking command in '/home/jajayu/TomatoHarvesting_NextBestView/nbv_code/ros2_ws2/build/my_robot_nbv_cmake': CMAKE_PREFIX_PATH=/home/jajayu/TomatoHarvesting_NextBestView/nbv_code/ros2_ws2/install/message_interfaces:/home/jajayu/TomatoHarvesting_NextBestView/nbv_code/ros2_ws2/install/realsense2_description:/home/jajayu/TomatoHarvesting_NextBestView/nbv_code/ros2_ws2/install/realsense2_camera:/home/jajayu/TomatoHarvesting_NextBestView/nbv_code/ros2_ws2/install/realsense2_camera_msgs:/home/jajayu/TomatoHarvesting_NextBestView/nbv_code/ros2_ws2/install/octomap_server2:/home/jajayu/TomatoHarvesting_NextBestView/nbv_code/ros2_ws2/install/my_robot_nbv_cmake:/home/jajayu/TomatoHarvesting_NextBestView/nbv_code/ros2_ws2/install/my_bot:/home/jajayu/ros2_ws/install/urdf_example:/home/jajayu/ros2_ws/install/perception_pcl:/home/jajayu/ros2_ws/install/pcl_ros:/home/jajayu/ros2_ws/install/octomap_server2:/home/jajayu/ros2_ws/install/pcl_conversions:/home/jajayu/ros2_ws/install/pcl_msgs:/home/jajayu/ros2_ws/install/my_robot_cam_cmake:/home/jajayu/ros2_ws/install/my_bot:/home/jajayu/ros2_ws/install/depthimage_to_pointcloud2:/home/jajayu/TomatoHarvesting_NextBestView/nbv_code/ros2_ws2/install/my_robot_nbv:/home/jajayu/TomatoHarvesting_NextBestView/nbv_code/ros2_ws2/install/my_robot_cam:/home/jajayu/ros2_ws/install/webots_ros2_tests:/home/jajayu/ros2_ws/install/webots_ros2:/home/jajayu/ros2_ws/install/pcd_demo:/home/jajayu/ros2_ws/install/my_robot_controller:/home/jajayu/ros2_ws/install/my_robot_cam:/home/jajayu/ros2_ws/install/gazebo_tutorial:/opt/ros/humble LD_LIBRARY_PATH=/home/jajayu/TomatoHarvesting_NextBestView/nbv_code/ros2_ws2/install/message_interfaces/lib:/home/jajayu/open3d_install/lib:/home/jajayu/TomatoHarvesting_NextBestView/nbv_code/ros2_ws2/install/realsense2_camera/lib:/home/jajayu/TomatoHarvesting_NextBestView/nbv_code/ros2_ws2/install/realsense2_camera_msgs/lib:/home/jajayu/TomatoHarvesting_NextBestView/nbv_code/ros2_ws2/install/octomap_server2/lib:/home/jajayu/ros2_ws/install/pcl_ros/lib:/home/jajayu/ros2_ws/install/octomap_server2/lib:/home/jajayu/ros2_ws/install/pcl_msgs/lib:/usr/lib/x86_64-linux-gnu/gazebo-11/plugins:/opt/ros/humble/opt/rviz_ogre_vendor/lib:/opt/ros/humble/lib/x86_64-linux-gnu:/opt/ros/humble/lib /home/jajayu/.local/bin/cmake --build /home/jajayu/TomatoHarvesting_NextBestView/nbv_code/ros2_ws2/build/my_robot_nbv_cmake -- -j8 -l8
[0.610s] [ 40%] Built target nbvc_lib_SdfModel
[0.616s] [ 40%] Built target SdfModelV3
[0.673s] [ 60%] Built target BestViewModel
[0.674s] [ 80%] Built target nbvc_ray_generationV3_beforeclean
[0.681s] [ 90%] [32mBuilding CXX object CMakeFiles/nbvc_ray_generation.dir/src/nbvc_ray_generation.cpp.o[0m
[1.607s] In file included from [01m[K/home/jajayu/TomatoHarvesting_NextBestView/nbv_code/ros2_ws2/src/my_robot_nbv_cmake/src/nbvc_ray_generation.cpp:35[m[K:
[1.607s] [01m[K/opt/ros/humble/include/tf2_geometry_msgs/tf2_geometry_msgs/tf2_geometry_msgs.h:35:2:[m[K [01;35m[Kwarning: [m[K#warning This header is obsolete, please include tf2_geometry_msgs/tf2_geometry_msgs.hpp instead [[01;35m[K]8;;https://gcc.gnu.org/onlinedocs/gcc/Warning-Options.html#index-Wcpp-Wcpp]8;;[m[K]
[1.607s]    35 | #[01;35m[Kwarning[m[K This header is obsolete, please include tf2_geometry_msgs/tf2_geometry_msgs.hpp instead
[1.608s]       |  [01;35m[K^~~~~~~[m[K
[1.622s] In file included from [01m[K/home/jajayu/TomatoHarvesting_NextBestView/nbv_code/ros2_ws2/src/my_robot_nbv_cmake/src/nbvc_ray_generation.cpp:37[m[K:
[1.622s] [01m[K/opt/ros/humble/include/tf2_eigen/tf2_eigen/tf2_eigen.h:32:2:[m[K [01;35m[Kwarning: [m[K#warning This header is obsolete, please include tf2_eigen/tf2_eigen.hpp instead [[01;35m[K]8;;https://gcc.gnu.org/onlinedocs/gcc/Warning-Options.html#index-Wcpp-Wcpp]8;;[m[K]
[1.622s]    32 | #[01;35m[Kwarning[m[K This header is obsolete, please include tf2_eigen/tf2_eigen.hpp instead
[1.622s]       |  [01;35m[K^~~~~~~[m[K
[9.557s] [01m[K/home/jajayu/TomatoHarvesting_NextBestView/nbv_code/ros2_ws2/src/my_robot_nbv_cmake/src/nbvc_ray_generation.cpp:[m[K In member function ‘[01m[Kvoid MyNode::octomap_callback(octomap_msgs::msg::Octomap_<std::allocator<void> >::SharedPtr)[m[K’:
[9.557s] [01m[K/home/jajayu/TomatoHarvesting_NextBestView/nbv_code/ros2_ws2/src/my_robot_nbv_cmake/src/nbvc_ray_generation.cpp:472:70:[m[K [01;31m[Kerror: [m[Kno matching function for call to ‘[01m[KSdfModel::SdfModel(std::shared_ptr<open3d::geometry::PointCloud>&, float, int)[m[K’
[9.557s]   472 | ene(open3d_cloud_, 0.2f, 5000[01;31m[K)[m[K; //這個pcd是要從另一個topic讀過來
[9.557s]       |                              [01;31m[K^[m[K
[9.557s] 
[9.557s] In file included from [01m[K/home/jajayu/TomatoHarvesting_NextBestView/nbv_code/ros2_ws2/src/my_robot_nbv_cmake/src/nbvc_ray_generation.cpp:27[m[K:
[9.557s] [01m[K/home/jajayu/TomatoHarvesting_NextBestView/nbv_code/ros2_ws2/src/my_robot_nbv_cmake/include/my_robot_nbv_cmake/SdfModel.h:21:5:[m[K [01;36m[Knote: [m[Kcandidate: ‘[01m[KSdfModel::SdfModel(std::shared_ptr<open3d::geometry::PointCloud>, float, int, int)[m[K’
[9.557s]    21 |     [01;36m[KSdfModel[m[K(std::shared_ptr<open3d::geometry::PointCloud> pcd, float radius, int num_points, int INPUT_MODE); // INPUT_MODE for determin is gazebo or realsense ...
[9.557s]       |     [01;36m[K^~~~~~~~[m[K
[9.558s] [01m[K/home/jajayu/TomatoHarvesting_NextBestView/nbv_code/ros2_ws2/src/my_robot_nbv_cmake/include/my_robot_nbv_cmake/SdfModel.h:21:5:[m[K [01;36m[Knote: [m[K  candidate expects 4 arguments, 3 provided
[20.540s] gmake[2]: *** [CMakeFiles/nbvc_ray_generation.dir/build.make:76: CMakeFiles/nbvc_ray_generation.dir/src/nbvc_ray_generation.cpp.o] Error 1
[20.540s] gmake[1]: *** [CMakeFiles/Makefile2:145: CMakeFiles/nbvc_ray_generation.dir/all] Error 2
[20.540s] gmake: *** [Makefile:146: all] Error 2
[20.559s] Invoked command in '/home/jajayu/TomatoHarvesting_NextBestView/nbv_code/ros2_ws2/build/my_robot_nbv_cmake' returned '2': CMAKE_PREFIX_PATH=/home/jajayu/TomatoHarvesting_NextBestView/nbv_code/ros2_ws2/install/message_interfaces:/home/jajayu/TomatoHarvesting_NextBestView/nbv_code/ros2_ws2/install/realsense2_description:/home/jajayu/TomatoHarvesting_NextBestView/nbv_code/ros2_ws2/install/realsense2_camera:/home/jajayu/TomatoHarvesting_NextBestView/nbv_code/ros2_ws2/install/realsense2_camera_msgs:/home/jajayu/TomatoHarvesting_NextBestView/nbv_code/ros2_ws2/install/octomap_server2:/home/jajayu/TomatoHarvesting_NextBestView/nbv_code/ros2_ws2/install/my_robot_nbv_cmake:/home/jajayu/TomatoHarvesting_NextBestView/nbv_code/ros2_ws2/install/my_bot:/home/jajayu/ros2_ws/install/urdf_example:/home/jajayu/ros2_ws/install/perception_pcl:/home/jajayu/ros2_ws/install/pcl_ros:/home/jajayu/ros2_ws/install/octomap_server2:/home/jajayu/ros2_ws/install/pcl_conversions:/home/jajayu/ros2_ws/install/pcl_msgs:/home/jajayu/ros2_ws/install/my_robot_cam_cmake:/home/jajayu/ros2_ws/install/my_bot:/home/jajayu/ros2_ws/install/depthimage_to_pointcloud2:/home/jajayu/TomatoHarvesting_NextBestView/nbv_code/ros2_ws2/install/my_robot_nbv:/home/jajayu/TomatoHarvesting_NextBestView/nbv_code/ros2_ws2/install/my_robot_cam:/home/jajayu/ros2_ws/install/webots_ros2_tests:/home/jajayu/ros2_ws/install/webots_ros2:/home/jajayu/ros2_ws/install/pcd_demo:/home/jajayu/ros2_ws/install/my_robot_controller:/home/jajayu/ros2_ws/install/my_robot_cam:/home/jajayu/ros2_ws/install/gazebo_tutorial:/opt/ros/humble LD_LIBRARY_PATH=/home/jajayu/TomatoHarvesting_NextBestView/nbv_code/ros2_ws2/install/message_interfaces/lib:/home/jajayu/open3d_install/lib:/home/jajayu/TomatoHarvesting_NextBestView/nbv_code/ros2_ws2/install/realsense2_camera/lib:/home/jajayu/TomatoHarvesting_NextBestView/nbv_code/ros2_ws2/install/realsense2_camera_msgs/lib:/home/jajayu/TomatoHarvesting_NextBestView/nbv_code/ros2_ws2/install/octomap_server2/lib:/home/jajayu/ros2_ws/install/pcl_ros/lib:/home/jajayu/ros2_ws/install/octomap_server2/lib:/home/jajayu/ros2_ws/install/pcl_msgs/lib:/usr/lib/x86_64-linux-gnu/gazebo-11/plugins:/opt/ros/humble/opt/rviz_ogre_vendor/lib:/opt/ros/humble/lib/x86_64-linux-gnu:/opt/ros/humble/lib /home/jajayu/.local/bin/cmake --build /home/jajayu/TomatoHarvesting_NextBestView/nbv_code/ros2_ws2/build/my_robot_nbv_cmake -- -j8 -l8
