[0.191s] DEBUG:colcon:Command line arguments: ['/usr/bin/colcon', 'list', '-p', '--base-paths', '/home/jajayu/TomatoHarvesting_NextBestView/nbv_code/ros2_ws2']
[0.191s] DEBUG:colcon:Parsed command line arguments: Namespace(log_base=None, log_level=None, verb_name='list', build_base='build', ignore_user_meta=False, metas=['./colcon.meta'], base_paths=['/home/jajayu/TomatoHarvesting_NextBestView/nbv_code/ros2_ws2'], packages_ignore=None, packages_ignore_regex=None, paths=None, packages_up_to=None, packages_up_to_regex=None, packages_above=None, packages_above_and_dependencies=None, packages_above_depth=None, packages_select_by_dep=None, packages_skip_by_dep=None, packages_skip_up_to=None, packages_select_build_failed=False, packages_skip_build_finished=False, packages_select_test_failures=False, packages_skip_test_passed=False, packages_select=None, packages_skip=None, packages_select_regex=None, packages_skip_regex=None, packages_start=None, packages_end=None, allow_overriding=[], topological_order=False, names_only=False, paths_only=True, topological_graph=False, topological_graph_dot=False, topological_graph_density=False, topological_graph_legend=False, topological_graph_dot_cluster=False, topological_graph_dot_include_skipped=False, mixin_files=None, mixin=None, verb_parser=<colcon_mixin.mixin.mixin_argument.MixinArgumentDecorator object at 0x778e07683280>, verb_extension=<colcon_package_information.verb.list.ListVerb object at 0x778e076824a0>, main=<bound method ListVerb.main of <colcon_package_information.verb.list.ListVerb object at 0x778e076824a0>>, mixin_verb=('list',))
[0.576s] Level 1:colcon.colcon_core.package_discovery:discover_packages(colcon_meta) check parameters
[0.576s] Level 1:colcon.colcon_core.package_discovery:discover_packages(recursive) check parameters
[0.576s] Level 1:colcon.colcon_core.package_discovery:discover_packages(ignore) check parameters
[0.576s] Level 1:colcon.colcon_core.package_discovery:discover_packages(path) check parameters
[0.576s] Level 1:colcon.colcon_core.package_discovery:discover_packages(recursive) discover
[0.577s] INFO:colcon.colcon_core.package_discovery:Crawling recursively for packages in '/home/jajayu/TomatoHarvesting_NextBestView/nbv_code/ros2_ws2'
[0.578s] Level 1:colcon.colcon_core.package_identification:_identify(/home/jajayu/TomatoHarvesting_NextBestView/nbv_code/ros2_ws2) by extensions ['ignore', 'ignore_ament_install']
[0.578s] Level 1:colcon.colcon_core.package_identification:_identify(/home/jajayu/TomatoHarvesting_NextBestView/nbv_code/ros2_ws2) by extension 'ignore'
[0.578s] Level 1:colcon.colcon_core.package_identification:_identify(/home/jajayu/TomatoHarvesting_NextBestView/nbv_code/ros2_ws2) by extension 'ignore_ament_install'
[0.578s] Level 1:colcon.colcon_core.package_identification:_identify(/home/jajayu/TomatoHarvesting_NextBestView/nbv_code/ros2_ws2) by extensions ['colcon_pkg']
[0.578s] Level 1:colcon.colcon_core.package_identification:_identify(/home/jajayu/TomatoHarvesting_NextBestView/nbv_code/ros2_ws2) by extension 'colcon_pkg'
[0.578s] Level 1:colcon.colcon_core.package_identification:_identify(/home/jajayu/TomatoHarvesting_NextBestView/nbv_code/ros2_ws2) by extensions ['colcon_meta']
[0.578s] Level 1:colcon.colcon_core.package_identification:_identify(/home/jajayu/TomatoHarvesting_NextBestView/nbv_code/ros2_ws2) by extension 'colcon_meta'
[0.578s] Level 1:colcon.colcon_core.package_identification:_identify(/home/jajayu/TomatoHarvesting_NextBestView/nbv_code/ros2_ws2) by extensions ['ros']
[0.578s] Level 1:colcon.colcon_core.package_identification:_identify(/home/jajayu/TomatoHarvesting_NextBestView/nbv_code/ros2_ws2) by extension 'ros'
[0.600s] Level 1:colcon.colcon_core.package_identification:_identify(/home/jajayu/TomatoHarvesting_NextBestView/nbv_code/ros2_ws2) by extensions ['cmake', 'python']
[0.600s] Level 1:colcon.colcon_core.package_identification:_identify(/home/jajayu/TomatoHarvesting_NextBestView/nbv_code/ros2_ws2) by extension 'cmake'
[0.600s] Level 1:colcon.colcon_core.package_identification:_identify(/home/jajayu/TomatoHarvesting_NextBestView/nbv_code/ros2_ws2) by extension 'python'
[0.600s] Level 1:colcon.colcon_core.package_identification:_identify(/home/jajayu/TomatoHarvesting_NextBestView/nbv_code/ros2_ws2) by extensions ['python_setup_py']
[0.600s] Level 1:colcon.colcon_core.package_identification:_identify(/home/jajayu/TomatoHarvesting_NextBestView/nbv_code/ros2_ws2) by extension 'python_setup_py'
[0.601s] Level 1:colcon.colcon_core.package_identification:_identify(/home/jajayu/TomatoHarvesting_NextBestView/nbv_code/ros2_ws2/build) by extensions ['ignore', 'ignore_ament_install']
[0.601s] Level 1:colcon.colcon_core.package_identification:_identify(/home/jajayu/TomatoHarvesting_NextBestView/nbv_code/ros2_ws2/build) by extension 'ignore'
[0.601s] Level 1:colcon.colcon_core.package_identification:_identify(/home/jajayu/TomatoHarvesting_NextBestView/nbv_code/ros2_ws2/build) ignored
[0.602s] Level 1:colcon.colcon_core.package_identification:_identify(/home/jajayu/TomatoHarvesting_NextBestView/nbv_code/ros2_ws2/install) by extensions ['ignore', 'ignore_ament_install']
[0.602s] Level 1:colcon.colcon_core.package_identification:_identify(/home/jajayu/TomatoHarvesting_NextBestView/nbv_code/ros2_ws2/install) by extension 'ignore'
[0.602s] Level 1:colcon.colcon_core.package_identification:_identify(/home/jajayu/TomatoHarvesting_NextBestView/nbv_code/ros2_ws2/install) ignored
[0.603s] Level 1:colcon.colcon_core.package_identification:_identify(/home/jajayu/TomatoHarvesting_NextBestView/nbv_code/ros2_ws2/log) by extensions ['ignore', 'ignore_ament_install']
[0.603s] Level 1:colcon.colcon_core.package_identification:_identify(/home/jajayu/TomatoHarvesting_NextBestView/nbv_code/ros2_ws2/log) by extension 'ignore'
[0.603s] Level 1:colcon.colcon_core.package_identification:_identify(/home/jajayu/TomatoHarvesting_NextBestView/nbv_code/ros2_ws2/log) ignored
[0.603s] Level 1:colcon.colcon_core.package_identification:_identify(/home/jajayu/TomatoHarvesting_NextBestView/nbv_code/ros2_ws2/src) by extensions ['ignore', 'ignore_ament_install']
[0.603s] Level 1:colcon.colcon_core.package_identification:_identify(/home/jajayu/TomatoHarvesting_NextBestView/nbv_code/ros2_ws2/src) by extension 'ignore'
[0.603s] Level 1:colcon.colcon_core.package_identification:_identify(/home/jajayu/TomatoHarvesting_NextBestView/nbv_code/ros2_ws2/src) by extension 'ignore_ament_install'
[0.603s] Level 1:colcon.colcon_core.package_identification:_identify(/home/jajayu/TomatoHarvesting_NextBestView/nbv_code/ros2_ws2/src) by extensions ['colcon_pkg']
[0.603s] Level 1:colcon.colcon_core.package_identification:_identify(/home/jajayu/TomatoHarvesting_NextBestView/nbv_code/ros2_ws2/src) by extension 'colcon_pkg'
[0.603s] Level 1:colcon.colcon_core.package_identification:_identify(/home/jajayu/TomatoHarvesting_NextBestView/nbv_code/ros2_ws2/src) by extensions ['colcon_meta']
[0.603s] Level 1:colcon.colcon_core.package_identification:_identify(/home/jajayu/TomatoHarvesting_NextBestView/nbv_code/ros2_ws2/src) by extension 'colcon_meta'
[0.603s] Level 1:colcon.colcon_core.package_identification:_identify(/home/jajayu/TomatoHarvesting_NextBestView/nbv_code/ros2_ws2/src) by extensions ['ros']
[0.603s] Level 1:colcon.colcon_core.package_identification:_identify(/home/jajayu/TomatoHarvesting_NextBestView/nbv_code/ros2_ws2/src) by extension 'ros'
[0.603s] Level 1:colcon.colcon_core.package_identification:_identify(/home/jajayu/TomatoHarvesting_NextBestView/nbv_code/ros2_ws2/src) by extensions ['cmake', 'python']
[0.603s] Level 1:colcon.colcon_core.package_identification:_identify(/home/jajayu/TomatoHarvesting_NextBestView/nbv_code/ros2_ws2/src) by extension 'cmake'
[0.603s] Level 1:colcon.colcon_core.package_identification:_identify(/home/jajayu/TomatoHarvesting_NextBestView/nbv_code/ros2_ws2/src) by extension 'python'
[0.603s] Level 1:colcon.colcon_core.package_identification:_identify(/home/jajayu/TomatoHarvesting_NextBestView/nbv_code/ros2_ws2/src) by extensions ['python_setup_py']
[0.604s] Level 1:colcon.colcon_core.package_identification:_identify(/home/jajayu/TomatoHarvesting_NextBestView/nbv_code/ros2_ws2/src) by extension 'python_setup_py'
[0.604s] Level 1:colcon.colcon_core.package_identification:_identify(/home/jajayu/TomatoHarvesting_NextBestView/nbv_code/ros2_ws2/src/build) by extensions ['ignore', 'ignore_ament_install']
[0.604s] Level 1:colcon.colcon_core.package_identification:_identify(/home/jajayu/TomatoHarvesting_NextBestView/nbv_code/ros2_ws2/src/build) by extension 'ignore'
[0.604s] Level 1:colcon.colcon_core.package_identification:_identify(/home/jajayu/TomatoHarvesting_NextBestView/nbv_code/ros2_ws2/src/build) ignored
[0.604s] Level 1:colcon.colcon_core.package_identification:_identify(/home/jajayu/TomatoHarvesting_NextBestView/nbv_code/ros2_ws2/src/dataset) by extensions ['ignore', 'ignore_ament_install']
[0.604s] Level 1:colcon.colcon_core.package_identification:_identify(/home/jajayu/TomatoHarvesting_NextBestView/nbv_code/ros2_ws2/src/dataset) by extension 'ignore'
[0.604s] Level 1:colcon.colcon_core.package_identification:_identify(/home/jajayu/TomatoHarvesting_NextBestView/nbv_code/ros2_ws2/src/dataset) by extension 'ignore_ament_install'
[0.604s] Level 1:colcon.colcon_core.package_identification:_identify(/home/jajayu/TomatoHarvesting_NextBestView/nbv_code/ros2_ws2/src/dataset) by extensions ['colcon_pkg']
[0.604s] Level 1:colcon.colcon_core.package_identification:_identify(/home/jajayu/TomatoHarvesting_NextBestView/nbv_code/ros2_ws2/src/dataset) by extension 'colcon_pkg'
[0.604s] Level 1:colcon.colcon_core.package_identification:_identify(/home/jajayu/TomatoHarvesting_NextBestView/nbv_code/ros2_ws2/src/dataset) by extensions ['colcon_meta']
[0.604s] Level 1:colcon.colcon_core.package_identification:_identify(/home/jajayu/TomatoHarvesting_NextBestView/nbv_code/ros2_ws2/src/dataset) by extension 'colcon_meta'
[0.604s] Level 1:colcon.colcon_core.package_identification:_identify(/home/jajayu/TomatoHarvesting_NextBestView/nbv_code/ros2_ws2/src/dataset) by extensions ['ros']
[0.604s] Level 1:colcon.colcon_core.package_identification:_identify(/home/jajayu/TomatoHarvesting_NextBestView/nbv_code/ros2_ws2/src/dataset) by extension 'ros'
[0.604s] Level 1:colcon.colcon_core.package_identification:_identify(/home/jajayu/TomatoHarvesting_NextBestView/nbv_code/ros2_ws2/src/dataset) by extensions ['cmake', 'python']
[0.604s] Level 1:colcon.colcon_core.package_identification:_identify(/home/jajayu/TomatoHarvesting_NextBestView/nbv_code/ros2_ws2/src/dataset) by extension 'cmake'
[0.605s] Level 1:colcon.colcon_core.package_identification:_identify(/home/jajayu/TomatoHarvesting_NextBestView/nbv_code/ros2_ws2/src/dataset) by extension 'python'
[0.605s] Level 1:colcon.colcon_core.package_identification:_identify(/home/jajayu/TomatoHarvesting_NextBestView/nbv_code/ros2_ws2/src/dataset) by extensions ['python_setup_py']
[0.605s] Level 1:colcon.colcon_core.package_identification:_identify(/home/jajayu/TomatoHarvesting_NextBestView/nbv_code/ros2_ws2/src/dataset) by extension 'python_setup_py'
[0.605s] Level 1:colcon.colcon_core.package_identification:_identify(/home/jajayu/TomatoHarvesting_NextBestView/nbv_code/ros2_ws2/src/dataset/data_octomap) by extensions ['ignore', 'ignore_ament_install']
[0.605s] Level 1:colcon.colcon_core.package_identification:_identify(/home/jajayu/TomatoHarvesting_NextBestView/nbv_code/ros2_ws2/src/dataset/data_octomap) by extension 'ignore'
[0.605s] Level 1:colcon.colcon_core.package_identification:_identify(/home/jajayu/TomatoHarvesting_NextBestView/nbv_code/ros2_ws2/src/dataset/data_octomap) by extension 'ignore_ament_install'
[0.605s] Level 1:colcon.colcon_core.package_identification:_identify(/home/jajayu/TomatoHarvesting_NextBestView/nbv_code/ros2_ws2/src/dataset/data_octomap) by extensions ['colcon_pkg']
[0.605s] Level 1:colcon.colcon_core.package_identification:_identify(/home/jajayu/TomatoHarvesting_NextBestView/nbv_code/ros2_ws2/src/dataset/data_octomap) by extension 'colcon_pkg'
[0.605s] Level 1:colcon.colcon_core.package_identification:_identify(/home/jajayu/TomatoHarvesting_NextBestView/nbv_code/ros2_ws2/src/dataset/data_octomap) by extensions ['colcon_meta']
[0.605s] Level 1:colcon.colcon_core.package_identification:_identify(/home/jajayu/TomatoHarvesting_NextBestView/nbv_code/ros2_ws2/src/dataset/data_octomap) by extension 'colcon_meta'
[0.605s] Level 1:colcon.colcon_core.package_identification:_identify(/home/jajayu/TomatoHarvesting_NextBestView/nbv_code/ros2_ws2/src/dataset/data_octomap) by extensions ['ros']
[0.605s] Level 1:colcon.colcon_core.package_identification:_identify(/home/jajayu/TomatoHarvesting_NextBestView/nbv_code/ros2_ws2/src/dataset/data_octomap) by extension 'ros'
[0.605s] Level 1:colcon.colcon_core.package_identification:_identify(/home/jajayu/TomatoHarvesting_NextBestView/nbv_code/ros2_ws2/src/dataset/data_octomap) by extensions ['cmake', 'python']
[0.605s] Level 1:colcon.colcon_core.package_identification:_identify(/home/jajayu/TomatoHarvesting_NextBestView/nbv_code/ros2_ws2/src/dataset/data_octomap) by extension 'cmake'
[0.605s] Level 1:colcon.colcon_core.package_identification:_identify(/home/jajayu/TomatoHarvesting_NextBestView/nbv_code/ros2_ws2/src/dataset/data_octomap) by extension 'python'
[0.606s] Level 1:colcon.colcon_core.package_identification:_identify(/home/jajayu/TomatoHarvesting_NextBestView/nbv_code/ros2_ws2/src/dataset/data_octomap) by extensions ['python_setup_py']
[0.606s] Level 1:colcon.colcon_core.package_identification:_identify(/home/jajayu/TomatoHarvesting_NextBestView/nbv_code/ros2_ws2/src/dataset/data_octomap) by extension 'python_setup_py'
[0.606s] Level 1:colcon.colcon_core.package_identification:_identify(/home/jajayu/TomatoHarvesting_NextBestView/nbv_code/ros2_ws2/src/dataset/data_pcd) by extensions ['ignore', 'ignore_ament_install']
[0.606s] Level 1:colcon.colcon_core.package_identification:_identify(/home/jajayu/TomatoHarvesting_NextBestView/nbv_code/ros2_ws2/src/dataset/data_pcd) by extension 'ignore'
[0.606s] Level 1:colcon.colcon_core.package_identification:_identify(/home/jajayu/TomatoHarvesting_NextBestView/nbv_code/ros2_ws2/src/dataset/data_pcd) by extension 'ignore_ament_install'
[0.606s] Level 1:colcon.colcon_core.package_identification:_identify(/home/jajayu/TomatoHarvesting_NextBestView/nbv_code/ros2_ws2/src/dataset/data_pcd) by extensions ['colcon_pkg']
[0.606s] Level 1:colcon.colcon_core.package_identification:_identify(/home/jajayu/TomatoHarvesting_NextBestView/nbv_code/ros2_ws2/src/dataset/data_pcd) by extension 'colcon_pkg'
[0.606s] Level 1:colcon.colcon_core.package_identification:_identify(/home/jajayu/TomatoHarvesting_NextBestView/nbv_code/ros2_ws2/src/dataset/data_pcd) by extensions ['colcon_meta']
[0.606s] Level 1:colcon.colcon_core.package_identification:_identify(/home/jajayu/TomatoHarvesting_NextBestView/nbv_code/ros2_ws2/src/dataset/data_pcd) by extension 'colcon_meta'
[0.606s] Level 1:colcon.colcon_core.package_identification:_identify(/home/jajayu/TomatoHarvesting_NextBestView/nbv_code/ros2_ws2/src/dataset/data_pcd) by extensions ['ros']
[0.606s] Level 1:colcon.colcon_core.package_identification:_identify(/home/jajayu/TomatoHarvesting_NextBestView/nbv_code/ros2_ws2/src/dataset/data_pcd) by extension 'ros'
[0.606s] Level 1:colcon.colcon_core.package_identification:_identify(/home/jajayu/TomatoHarvesting_NextBestView/nbv_code/ros2_ws2/src/dataset/data_pcd) by extensions ['cmake', 'python']
[0.606s] Level 1:colcon.colcon_core.package_identification:_identify(/home/jajayu/TomatoHarvesting_NextBestView/nbv_code/ros2_ws2/src/dataset/data_pcd) by extension 'cmake'
[0.606s] Level 1:colcon.colcon_core.package_identification:_identify(/home/jajayu/TomatoHarvesting_NextBestView/nbv_code/ros2_ws2/src/dataset/data_pcd) by extension 'python'
[0.606s] Level 1:colcon.colcon_core.package_identification:_identify(/home/jajayu/TomatoHarvesting_NextBestView/nbv_code/ros2_ws2/src/dataset/data_pcd) by extensions ['python_setup_py']
[0.606s] Level 1:colcon.colcon_core.package_identification:_identify(/home/jajayu/TomatoHarvesting_NextBestView/nbv_code/ros2_ws2/src/dataset/data_pcd) by extension 'python_setup_py'
[0.607s] Level 1:colcon.colcon_core.package_identification:_identify(/home/jajayu/TomatoHarvesting_NextBestView/nbv_code/ros2_ws2/src/dataset/data_tomatoVideo_forDetection) by extensions ['ignore', 'ignore_ament_install']
[0.607s] Level 1:colcon.colcon_core.package_identification:_identify(/home/jajayu/TomatoHarvesting_NextBestView/nbv_code/ros2_ws2/src/dataset/data_tomatoVideo_forDetection) by extension 'ignore'
[0.607s] Level 1:colcon.colcon_core.package_identification:_identify(/home/jajayu/TomatoHarvesting_NextBestView/nbv_code/ros2_ws2/src/dataset/data_tomatoVideo_forDetection) by extension 'ignore_ament_install'
[0.607s] Level 1:colcon.colcon_core.package_identification:_identify(/home/jajayu/TomatoHarvesting_NextBestView/nbv_code/ros2_ws2/src/dataset/data_tomatoVideo_forDetection) by extensions ['colcon_pkg']
[0.607s] Level 1:colcon.colcon_core.package_identification:_identify(/home/jajayu/TomatoHarvesting_NextBestView/nbv_code/ros2_ws2/src/dataset/data_tomatoVideo_forDetection) by extension 'colcon_pkg'
[0.607s] Level 1:colcon.colcon_core.package_identification:_identify(/home/jajayu/TomatoHarvesting_NextBestView/nbv_code/ros2_ws2/src/dataset/data_tomatoVideo_forDetection) by extensions ['colcon_meta']
[0.607s] Level 1:colcon.colcon_core.package_identification:_identify(/home/jajayu/TomatoHarvesting_NextBestView/nbv_code/ros2_ws2/src/dataset/data_tomatoVideo_forDetection) by extension 'colcon_meta'
[0.607s] Level 1:colcon.colcon_core.package_identification:_identify(/home/jajayu/TomatoHarvesting_NextBestView/nbv_code/ros2_ws2/src/dataset/data_tomatoVideo_forDetection) by extensions ['ros']
[0.607s] Level 1:colcon.colcon_core.package_identification:_identify(/home/jajayu/TomatoHarvesting_NextBestView/nbv_code/ros2_ws2/src/dataset/data_tomatoVideo_forDetection) by extension 'ros'
[0.607s] Level 1:colcon.colcon_core.package_identification:_identify(/home/jajayu/TomatoHarvesting_NextBestView/nbv_code/ros2_ws2/src/dataset/data_tomatoVideo_forDetection) by extensions ['cmake', 'python']
[0.607s] Level 1:colcon.colcon_core.package_identification:_identify(/home/jajayu/TomatoHarvesting_NextBestView/nbv_code/ros2_ws2/src/dataset/data_tomatoVideo_forDetection) by extension 'cmake'
[0.607s] Level 1:colcon.colcon_core.package_identification:_identify(/home/jajayu/TomatoHarvesting_NextBestView/nbv_code/ros2_ws2/src/dataset/data_tomatoVideo_forDetection) by extension 'python'
[0.607s] Level 1:colcon.colcon_core.package_identification:_identify(/home/jajayu/TomatoHarvesting_NextBestView/nbv_code/ros2_ws2/src/dataset/data_tomatoVideo_forDetection) by extensions ['python_setup_py']
[0.607s] Level 1:colcon.colcon_core.package_identification:_identify(/home/jajayu/TomatoHarvesting_NextBestView/nbv_code/ros2_ws2/src/dataset/data_tomatoVideo_forDetection) by extension 'python_setup_py'
[0.608s] Level 1:colcon.colcon_core.package_identification:_identify(/home/jajayu/TomatoHarvesting_NextBestView/nbv_code/ros2_ws2/src/dataset/rqtGraph) by extensions ['ignore', 'ignore_ament_install']
[0.608s] Level 1:colcon.colcon_core.package_identification:_identify(/home/jajayu/TomatoHarvesting_NextBestView/nbv_code/ros2_ws2/src/dataset/rqtGraph) by extension 'ignore'
[0.608s] Level 1:colcon.colcon_core.package_identification:_identify(/home/jajayu/TomatoHarvesting_NextBestView/nbv_code/ros2_ws2/src/dataset/rqtGraph) by extension 'ignore_ament_install'
[0.608s] Level 1:colcon.colcon_core.package_identification:_identify(/home/jajayu/TomatoHarvesting_NextBestView/nbv_code/ros2_ws2/src/dataset/rqtGraph) by extensions ['colcon_pkg']
[0.608s] Level 1:colcon.colcon_core.package_identification:_identify(/home/jajayu/TomatoHarvesting_NextBestView/nbv_code/ros2_ws2/src/dataset/rqtGraph) by extension 'colcon_pkg'
[0.608s] Level 1:colcon.colcon_core.package_identification:_identify(/home/jajayu/TomatoHarvesting_NextBestView/nbv_code/ros2_ws2/src/dataset/rqtGraph) by extensions ['colcon_meta']
[0.608s] Level 1:colcon.colcon_core.package_identification:_identify(/home/jajayu/TomatoHarvesting_NextBestView/nbv_code/ros2_ws2/src/dataset/rqtGraph) by extension 'colcon_meta'
[0.608s] Level 1:colcon.colcon_core.package_identification:_identify(/home/jajayu/TomatoHarvesting_NextBestView/nbv_code/ros2_ws2/src/dataset/rqtGraph) by extensions ['ros']
[0.608s] Level 1:colcon.colcon_core.package_identification:_identify(/home/jajayu/TomatoHarvesting_NextBestView/nbv_code/ros2_ws2/src/dataset/rqtGraph) by extension 'ros'
[0.608s] Level 1:colcon.colcon_core.package_identification:_identify(/home/jajayu/TomatoHarvesting_NextBestView/nbv_code/ros2_ws2/src/dataset/rqtGraph) by extensions ['cmake', 'python']
[0.608s] Level 1:colcon.colcon_core.package_identification:_identify(/home/jajayu/TomatoHarvesting_NextBestView/nbv_code/ros2_ws2/src/dataset/rqtGraph) by extension 'cmake'
[0.608s] Level 1:colcon.colcon_core.package_identification:_identify(/home/jajayu/TomatoHarvesting_NextBestView/nbv_code/ros2_ws2/src/dataset/rqtGraph) by extension 'python'
[0.608s] Level 1:colcon.colcon_core.package_identification:_identify(/home/jajayu/TomatoHarvesting_NextBestView/nbv_code/ros2_ws2/src/dataset/rqtGraph) by extensions ['python_setup_py']
[0.608s] Level 1:colcon.colcon_core.package_identification:_identify(/home/jajayu/TomatoHarvesting_NextBestView/nbv_code/ros2_ws2/src/dataset/rqtGraph) by extension 'python_setup_py'
[0.608s] Level 1:colcon.colcon_core.package_identification:_identify(/home/jajayu/TomatoHarvesting_NextBestView/nbv_code/ros2_ws2/src/install) by extensions ['ignore', 'ignore_ament_install']
[0.608s] Level 1:colcon.colcon_core.package_identification:_identify(/home/jajayu/TomatoHarvesting_NextBestView/nbv_code/ros2_ws2/src/install) by extension 'ignore'
[0.608s] Level 1:colcon.colcon_core.package_identification:_identify(/home/jajayu/TomatoHarvesting_NextBestView/nbv_code/ros2_ws2/src/install) ignored
[0.609s] Level 1:colcon.colcon_core.package_identification:_identify(/home/jajayu/TomatoHarvesting_NextBestView/nbv_code/ros2_ws2/src/log) by extensions ['ignore', 'ignore_ament_install']
[0.609s] Level 1:colcon.colcon_core.package_identification:_identify(/home/jajayu/TomatoHarvesting_NextBestView/nbv_code/ros2_ws2/src/log) by extension 'ignore'
[0.609s] Level 1:colcon.colcon_core.package_identification:_identify(/home/jajayu/TomatoHarvesting_NextBestView/nbv_code/ros2_ws2/src/log) ignored
[0.609s] Level 1:colcon.colcon_core.package_identification:_identify(/home/jajayu/TomatoHarvesting_NextBestView/nbv_code/ros2_ws2/src/message_interfaces) by extensions ['ignore', 'ignore_ament_install']
[0.609s] Level 1:colcon.colcon_core.package_identification:_identify(/home/jajayu/TomatoHarvesting_NextBestView/nbv_code/ros2_ws2/src/message_interfaces) by extension 'ignore'
[0.609s] Level 1:colcon.colcon_core.package_identification:_identify(/home/jajayu/TomatoHarvesting_NextBestView/nbv_code/ros2_ws2/src/message_interfaces) by extension 'ignore_ament_install'
[0.609s] Level 1:colcon.colcon_core.package_identification:_identify(/home/jajayu/TomatoHarvesting_NextBestView/nbv_code/ros2_ws2/src/message_interfaces) by extensions ['colcon_pkg']
[0.609s] Level 1:colcon.colcon_core.package_identification:_identify(/home/jajayu/TomatoHarvesting_NextBestView/nbv_code/ros2_ws2/src/message_interfaces) by extension 'colcon_pkg'
[0.609s] Level 1:colcon.colcon_core.package_identification:_identify(/home/jajayu/TomatoHarvesting_NextBestView/nbv_code/ros2_ws2/src/message_interfaces) by extensions ['colcon_meta']
[0.609s] Level 1:colcon.colcon_core.package_identification:_identify(/home/jajayu/TomatoHarvesting_NextBestView/nbv_code/ros2_ws2/src/message_interfaces) by extension 'colcon_meta'
[0.609s] Level 1:colcon.colcon_core.package_identification:_identify(/home/jajayu/TomatoHarvesting_NextBestView/nbv_code/ros2_ws2/src/message_interfaces) by extensions ['ros']
[0.609s] Level 1:colcon.colcon_core.package_identification:_identify(/home/jajayu/TomatoHarvesting_NextBestView/nbv_code/ros2_ws2/src/message_interfaces) by extension 'ros'
[0.630s] DEBUG:colcon.colcon_core.package_identification:Package '/home/jajayu/TomatoHarvesting_NextBestView/nbv_code/ros2_ws2/src/message_interfaces' with type 'ros.ament_cmake' and name 'message_interfaces'
[0.630s] Level 1:colcon.colcon_core.package_identification:_identify(/home/jajayu/TomatoHarvesting_NextBestView/nbv_code/ros2_ws2/src/my_bot) by extensions ['ignore', 'ignore_ament_install']
[0.630s] Level 1:colcon.colcon_core.package_identification:_identify(/home/jajayu/TomatoHarvesting_NextBestView/nbv_code/ros2_ws2/src/my_bot) by extension 'ignore'
[0.630s] Level 1:colcon.colcon_core.package_identification:_identify(/home/jajayu/TomatoHarvesting_NextBestView/nbv_code/ros2_ws2/src/my_bot) by extension 'ignore_ament_install'
[0.631s] Level 1:colcon.colcon_core.package_identification:_identify(/home/jajayu/TomatoHarvesting_NextBestView/nbv_code/ros2_ws2/src/my_bot) by extensions ['colcon_pkg']
[0.631s] Level 1:colcon.colcon_core.package_identification:_identify(/home/jajayu/TomatoHarvesting_NextBestView/nbv_code/ros2_ws2/src/my_bot) by extension 'colcon_pkg'
[0.631s] Level 1:colcon.colcon_core.package_identification:_identify(/home/jajayu/TomatoHarvesting_NextBestView/nbv_code/ros2_ws2/src/my_bot) by extensions ['colcon_meta']
[0.631s] Level 1:colcon.colcon_core.package_identification:_identify(/home/jajayu/TomatoHarvesting_NextBestView/nbv_code/ros2_ws2/src/my_bot) by extension 'colcon_meta'
[0.631s] Level 1:colcon.colcon_core.package_identification:_identify(/home/jajayu/TomatoHarvesting_NextBestView/nbv_code/ros2_ws2/src/my_bot) by extensions ['ros']
[0.631s] Level 1:colcon.colcon_core.package_identification:_identify(/home/jajayu/TomatoHarvesting_NextBestView/nbv_code/ros2_ws2/src/my_bot) by extension 'ros'
[0.631s] DEBUG:colcon.colcon_core.package_identification:Package '/home/jajayu/TomatoHarvesting_NextBestView/nbv_code/ros2_ws2/src/my_bot' with type 'ros.ament_cmake' and name 'my_bot'
[0.632s] Level 1:colcon.colcon_core.package_identification:_identify(/home/jajayu/TomatoHarvesting_NextBestView/nbv_code/ros2_ws2/src/my_robot_cam) by extensions ['ignore', 'ignore_ament_install']
[0.632s] Level 1:colcon.colcon_core.package_identification:_identify(/home/jajayu/TomatoHarvesting_NextBestView/nbv_code/ros2_ws2/src/my_robot_cam) by extension 'ignore'
[0.632s] Level 1:colcon.colcon_core.package_identification:_identify(/home/jajayu/TomatoHarvesting_NextBestView/nbv_code/ros2_ws2/src/my_robot_cam) by extension 'ignore_ament_install'
[0.632s] Level 1:colcon.colcon_core.package_identification:_identify(/home/jajayu/TomatoHarvesting_NextBestView/nbv_code/ros2_ws2/src/my_robot_cam) by extensions ['colcon_pkg']
[0.632s] Level 1:colcon.colcon_core.package_identification:_identify(/home/jajayu/TomatoHarvesting_NextBestView/nbv_code/ros2_ws2/src/my_robot_cam) by extension 'colcon_pkg'
[0.632s] Level 1:colcon.colcon_core.package_identification:_identify(/home/jajayu/TomatoHarvesting_NextBestView/nbv_code/ros2_ws2/src/my_robot_cam) by extensions ['colcon_meta']
[0.632s] Level 1:colcon.colcon_core.package_identification:_identify(/home/jajayu/TomatoHarvesting_NextBestView/nbv_code/ros2_ws2/src/my_robot_cam) by extension 'colcon_meta'
[0.632s] Level 1:colcon.colcon_core.package_identification:_identify(/home/jajayu/TomatoHarvesting_NextBestView/nbv_code/ros2_ws2/src/my_robot_cam) by extensions ['ros']
[0.632s] Level 1:colcon.colcon_core.package_identification:_identify(/home/jajayu/TomatoHarvesting_NextBestView/nbv_code/ros2_ws2/src/my_robot_cam) by extension 'ros'
[0.633s] DEBUG:colcon.colcon_core.package_identification:Package '/home/jajayu/TomatoHarvesting_NextBestView/nbv_code/ros2_ws2/src/my_robot_cam' with type 'ros.ament_python' and name 'my_robot_cam'
[0.633s] Level 1:colcon.colcon_core.package_identification:_identify(/home/jajayu/TomatoHarvesting_NextBestView/nbv_code/ros2_ws2/src/my_robot_nbv) by extensions ['ignore', 'ignore_ament_install']
[0.633s] Level 1:colcon.colcon_core.package_identification:_identify(/home/jajayu/TomatoHarvesting_NextBestView/nbv_code/ros2_ws2/src/my_robot_nbv) by extension 'ignore'
[0.633s] Level 1:colcon.colcon_core.package_identification:_identify(/home/jajayu/TomatoHarvesting_NextBestView/nbv_code/ros2_ws2/src/my_robot_nbv) by extension 'ignore_ament_install'
[0.633s] Level 1:colcon.colcon_core.package_identification:_identify(/home/jajayu/TomatoHarvesting_NextBestView/nbv_code/ros2_ws2/src/my_robot_nbv) by extensions ['colcon_pkg']
[0.633s] Level 1:colcon.colcon_core.package_identification:_identify(/home/jajayu/TomatoHarvesting_NextBestView/nbv_code/ros2_ws2/src/my_robot_nbv) by extension 'colcon_pkg'
[0.633s] Level 1:colcon.colcon_core.package_identification:_identify(/home/jajayu/TomatoHarvesting_NextBestView/nbv_code/ros2_ws2/src/my_robot_nbv) by extensions ['colcon_meta']
[0.633s] Level 1:colcon.colcon_core.package_identification:_identify(/home/jajayu/TomatoHarvesting_NextBestView/nbv_code/ros2_ws2/src/my_robot_nbv) by extension 'colcon_meta'
[0.633s] Level 1:colcon.colcon_core.package_identification:_identify(/home/jajayu/TomatoHarvesting_NextBestView/nbv_code/ros2_ws2/src/my_robot_nbv) by extensions ['ros']
[0.634s] Level 1:colcon.colcon_core.package_identification:_identify(/home/jajayu/TomatoHarvesting_NextBestView/nbv_code/ros2_ws2/src/my_robot_nbv) by extension 'ros'
[0.634s] DEBUG:colcon.colcon_core.package_identification:Package '/home/jajayu/TomatoHarvesting_NextBestView/nbv_code/ros2_ws2/src/my_robot_nbv' with type 'ros.ament_python' and name 'my_robot_nbv'
[0.635s] Level 1:colcon.colcon_core.package_identification:_identify(/home/jajayu/TomatoHarvesting_NextBestView/nbv_code/ros2_ws2/src/my_robot_nbv_cmake) by extensions ['ignore', 'ignore_ament_install']
[0.635s] Level 1:colcon.colcon_core.package_identification:_identify(/home/jajayu/TomatoHarvesting_NextBestView/nbv_code/ros2_ws2/src/my_robot_nbv_cmake) by extension 'ignore'
[0.635s] Level 1:colcon.colcon_core.package_identification:_identify(/home/jajayu/TomatoHarvesting_NextBestView/nbv_code/ros2_ws2/src/my_robot_nbv_cmake) by extension 'ignore_ament_install'
[0.635s] Level 1:colcon.colcon_core.package_identification:_identify(/home/jajayu/TomatoHarvesting_NextBestView/nbv_code/ros2_ws2/src/my_robot_nbv_cmake) by extensions ['colcon_pkg']
[0.635s] Level 1:colcon.colcon_core.package_identification:_identify(/home/jajayu/TomatoHarvesting_NextBestView/nbv_code/ros2_ws2/src/my_robot_nbv_cmake) by extension 'colcon_pkg'
[0.635s] Level 1:colcon.colcon_core.package_identification:_identify(/home/jajayu/TomatoHarvesting_NextBestView/nbv_code/ros2_ws2/src/my_robot_nbv_cmake) by extensions ['colcon_meta']
[0.635s] Level 1:colcon.colcon_core.package_identification:_identify(/home/jajayu/TomatoHarvesting_NextBestView/nbv_code/ros2_ws2/src/my_robot_nbv_cmake) by extension 'colcon_meta'
[0.635s] Level 1:colcon.colcon_core.package_identification:_identify(/home/jajayu/TomatoHarvesting_NextBestView/nbv_code/ros2_ws2/src/my_robot_nbv_cmake) by extensions ['ros']
[0.635s] Level 1:colcon.colcon_core.package_identification:_identify(/home/jajayu/TomatoHarvesting_NextBestView/nbv_code/ros2_ws2/src/my_robot_nbv_cmake) by extension 'ros'
[0.637s] DEBUG:colcon.colcon_core.package_identification:Package '/home/jajayu/TomatoHarvesting_NextBestView/nbv_code/ros2_ws2/src/my_robot_nbv_cmake' with type 'ros.ament_cmake' and name 'my_robot_nbv_cmake'
[0.637s] Level 1:colcon.colcon_core.package_identification:_identify(/home/jajayu/TomatoHarvesting_NextBestView/nbv_code/ros2_ws2/src/octomap_server2) by extensions ['ignore', 'ignore_ament_install']
[0.637s] Level 1:colcon.colcon_core.package_identification:_identify(/home/jajayu/TomatoHarvesting_NextBestView/nbv_code/ros2_ws2/src/octomap_server2) by extension 'ignore'
[0.637s] Level 1:colcon.colcon_core.package_identification:_identify(/home/jajayu/TomatoHarvesting_NextBestView/nbv_code/ros2_ws2/src/octomap_server2) by extension 'ignore_ament_install'
[0.637s] Level 1:colcon.colcon_core.package_identification:_identify(/home/jajayu/TomatoHarvesting_NextBestView/nbv_code/ros2_ws2/src/octomap_server2) by extensions ['colcon_pkg']
[0.637s] Level 1:colcon.colcon_core.package_identification:_identify(/home/jajayu/TomatoHarvesting_NextBestView/nbv_code/ros2_ws2/src/octomap_server2) by extension 'colcon_pkg'
[0.638s] Level 1:colcon.colcon_core.package_identification:_identify(/home/jajayu/TomatoHarvesting_NextBestView/nbv_code/ros2_ws2/src/octomap_server2) by extensions ['colcon_meta']
[0.638s] Level 1:colcon.colcon_core.package_identification:_identify(/home/jajayu/TomatoHarvesting_NextBestView/nbv_code/ros2_ws2/src/octomap_server2) by extension 'colcon_meta'
[0.638s] Level 1:colcon.colcon_core.package_identification:_identify(/home/jajayu/TomatoHarvesting_NextBestView/nbv_code/ros2_ws2/src/octomap_server2) by extensions ['ros']
[0.638s] Level 1:colcon.colcon_core.package_identification:_identify(/home/jajayu/TomatoHarvesting_NextBestView/nbv_code/ros2_ws2/src/octomap_server2) by extension 'ros'
[0.639s] DEBUG:colcon.colcon_core.package_identification:Package '/home/jajayu/TomatoHarvesting_NextBestView/nbv_code/ros2_ws2/src/octomap_server2' with type 'ros.ament_cmake' and name 'octomap_server2'
[0.639s] Level 1:colcon.colcon_core.package_identification:_identify(/home/jajayu/TomatoHarvesting_NextBestView/nbv_code/ros2_ws2/src/realsense-ros) by extensions ['ignore', 'ignore_ament_install']
[0.639s] Level 1:colcon.colcon_core.package_identification:_identify(/home/jajayu/TomatoHarvesting_NextBestView/nbv_code/ros2_ws2/src/realsense-ros) by extension 'ignore'
[0.639s] Level 1:colcon.colcon_core.package_identification:_identify(/home/jajayu/TomatoHarvesting_NextBestView/nbv_code/ros2_ws2/src/realsense-ros) by extension 'ignore_ament_install'
[0.639s] Level 1:colcon.colcon_core.package_identification:_identify(/home/jajayu/TomatoHarvesting_NextBestView/nbv_code/ros2_ws2/src/realsense-ros) by extensions ['colcon_pkg']
[0.639s] Level 1:colcon.colcon_core.package_identification:_identify(/home/jajayu/TomatoHarvesting_NextBestView/nbv_code/ros2_ws2/src/realsense-ros) by extension 'colcon_pkg'
[0.639s] Level 1:colcon.colcon_core.package_identification:_identify(/home/jajayu/TomatoHarvesting_NextBestView/nbv_code/ros2_ws2/src/realsense-ros) by extensions ['colcon_meta']
[0.639s] Level 1:colcon.colcon_core.package_identification:_identify(/home/jajayu/TomatoHarvesting_NextBestView/nbv_code/ros2_ws2/src/realsense-ros) by extension 'colcon_meta'
[0.639s] Level 1:colcon.colcon_core.package_identification:_identify(/home/jajayu/TomatoHarvesting_NextBestView/nbv_code/ros2_ws2/src/realsense-ros) by extensions ['ros']
[0.640s] Level 1:colcon.colcon_core.package_identification:_identify(/home/jajayu/TomatoHarvesting_NextBestView/nbv_code/ros2_ws2/src/realsense-ros) by extension 'ros'
[0.640s] Level 1:colcon.colcon_core.package_identification:_identify(/home/jajayu/TomatoHarvesting_NextBestView/nbv_code/ros2_ws2/src/realsense-ros) by extensions ['cmake', 'python']
[0.640s] Level 1:colcon.colcon_core.package_identification:_identify(/home/jajayu/TomatoHarvesting_NextBestView/nbv_code/ros2_ws2/src/realsense-ros) by extension 'cmake'
[0.640s] Level 1:colcon.colcon_core.package_identification:_identify(/home/jajayu/TomatoHarvesting_NextBestView/nbv_code/ros2_ws2/src/realsense-ros) by extension 'python'
[0.640s] Level 1:colcon.colcon_core.package_identification:_identify(/home/jajayu/TomatoHarvesting_NextBestView/nbv_code/ros2_ws2/src/realsense-ros) by extensions ['python_setup_py']
[0.640s] Level 1:colcon.colcon_core.package_identification:_identify(/home/jajayu/TomatoHarvesting_NextBestView/nbv_code/ros2_ws2/src/realsense-ros) by extension 'python_setup_py'
[0.640s] Level 1:colcon.colcon_core.package_identification:_identify(/home/jajayu/TomatoHarvesting_NextBestView/nbv_code/ros2_ws2/src/realsense-ros/realsense2_camera) by extensions ['ignore', 'ignore_ament_install']
[0.640s] Level 1:colcon.colcon_core.package_identification:_identify(/home/jajayu/TomatoHarvesting_NextBestView/nbv_code/ros2_ws2/src/realsense-ros/realsense2_camera) by extension 'ignore'
[0.640s] Level 1:colcon.colcon_core.package_identification:_identify(/home/jajayu/TomatoHarvesting_NextBestView/nbv_code/ros2_ws2/src/realsense-ros/realsense2_camera) by extension 'ignore_ament_install'
[0.641s] Level 1:colcon.colcon_core.package_identification:_identify(/home/jajayu/TomatoHarvesting_NextBestView/nbv_code/ros2_ws2/src/realsense-ros/realsense2_camera) by extensions ['colcon_pkg']
[0.641s] Level 1:colcon.colcon_core.package_identification:_identify(/home/jajayu/TomatoHarvesting_NextBestView/nbv_code/ros2_ws2/src/realsense-ros/realsense2_camera) by extension 'colcon_pkg'
[0.641s] Level 1:colcon.colcon_core.package_identification:_identify(/home/jajayu/TomatoHarvesting_NextBestView/nbv_code/ros2_ws2/src/realsense-ros/realsense2_camera) by extensions ['colcon_meta']
[0.641s] Level 1:colcon.colcon_core.package_identification:_identify(/home/jajayu/TomatoHarvesting_NextBestView/nbv_code/ros2_ws2/src/realsense-ros/realsense2_camera) by extension 'colcon_meta'
[0.641s] Level 1:colcon.colcon_core.package_identification:_identify(/home/jajayu/TomatoHarvesting_NextBestView/nbv_code/ros2_ws2/src/realsense-ros/realsense2_camera) by extensions ['ros']
[0.641s] Level 1:colcon.colcon_core.package_identification:_identify(/home/jajayu/TomatoHarvesting_NextBestView/nbv_code/ros2_ws2/src/realsense-ros/realsense2_camera) by extension 'ros'
[0.648s] DEBUG:colcon.colcon_core.package_identification:Package '/home/jajayu/TomatoHarvesting_NextBestView/nbv_code/ros2_ws2/src/realsense-ros/realsense2_camera' with type 'ros.ament_cmake' and name 'realsense2_camera'
[0.648s] Level 1:colcon.colcon_core.package_identification:_identify(/home/jajayu/TomatoHarvesting_NextBestView/nbv_code/ros2_ws2/src/realsense-ros/realsense2_camera_msgs) by extensions ['ignore', 'ignore_ament_install']
[0.648s] Level 1:colcon.colcon_core.package_identification:_identify(/home/jajayu/TomatoHarvesting_NextBestView/nbv_code/ros2_ws2/src/realsense-ros/realsense2_camera_msgs) by extension 'ignore'
[0.649s] Level 1:colcon.colcon_core.package_identification:_identify(/home/jajayu/TomatoHarvesting_NextBestView/nbv_code/ros2_ws2/src/realsense-ros/realsense2_camera_msgs) by extension 'ignore_ament_install'
[0.649s] Level 1:colcon.colcon_core.package_identification:_identify(/home/jajayu/TomatoHarvesting_NextBestView/nbv_code/ros2_ws2/src/realsense-ros/realsense2_camera_msgs) by extensions ['colcon_pkg']
[0.649s] Level 1:colcon.colcon_core.package_identification:_identify(/home/jajayu/TomatoHarvesting_NextBestView/nbv_code/ros2_ws2/src/realsense-ros/realsense2_camera_msgs) by extension 'colcon_pkg'
[0.649s] Level 1:colcon.colcon_core.package_identification:_identify(/home/jajayu/TomatoHarvesting_NextBestView/nbv_code/ros2_ws2/src/realsense-ros/realsense2_camera_msgs) by extensions ['colcon_meta']
[0.649s] Level 1:colcon.colcon_core.package_identification:_identify(/home/jajayu/TomatoHarvesting_NextBestView/nbv_code/ros2_ws2/src/realsense-ros/realsense2_camera_msgs) by extension 'colcon_meta'
[0.649s] Level 1:colcon.colcon_core.package_identification:_identify(/home/jajayu/TomatoHarvesting_NextBestView/nbv_code/ros2_ws2/src/realsense-ros/realsense2_camera_msgs) by extensions ['ros']
[0.649s] Level 1:colcon.colcon_core.package_identification:_identify(/home/jajayu/TomatoHarvesting_NextBestView/nbv_code/ros2_ws2/src/realsense-ros/realsense2_camera_msgs) by extension 'ros'
[0.650s] DEBUG:colcon.colcon_core.package_identification:Package '/home/jajayu/TomatoHarvesting_NextBestView/nbv_code/ros2_ws2/src/realsense-ros/realsense2_camera_msgs' with type 'ros.ament_cmake' and name 'realsense2_camera_msgs'
[0.650s] Level 1:colcon.colcon_core.package_identification:_identify(/home/jajayu/TomatoHarvesting_NextBestView/nbv_code/ros2_ws2/src/realsense-ros/realsense2_description) by extensions ['ignore', 'ignore_ament_install']
[0.650s] Level 1:colcon.colcon_core.package_identification:_identify(/home/jajayu/TomatoHarvesting_NextBestView/nbv_code/ros2_ws2/src/realsense-ros/realsense2_description) by extension 'ignore'
[0.650s] Level 1:colcon.colcon_core.package_identification:_identify(/home/jajayu/TomatoHarvesting_NextBestView/nbv_code/ros2_ws2/src/realsense-ros/realsense2_description) by extension 'ignore_ament_install'
[0.650s] Level 1:colcon.colcon_core.package_identification:_identify(/home/jajayu/TomatoHarvesting_NextBestView/nbv_code/ros2_ws2/src/realsense-ros/realsense2_description) by extensions ['colcon_pkg']
[0.650s] Level 1:colcon.colcon_core.package_identification:_identify(/home/jajayu/TomatoHarvesting_NextBestView/nbv_code/ros2_ws2/src/realsense-ros/realsense2_description) by extension 'colcon_pkg'
[0.650s] Level 1:colcon.colcon_core.package_identification:_identify(/home/jajayu/TomatoHarvesting_NextBestView/nbv_code/ros2_ws2/src/realsense-ros/realsense2_description) by extensions ['colcon_meta']
[0.650s] Level 1:colcon.colcon_core.package_identification:_identify(/home/jajayu/TomatoHarvesting_NextBestView/nbv_code/ros2_ws2/src/realsense-ros/realsense2_description) by extension 'colcon_meta'
[0.650s] Level 1:colcon.colcon_core.package_identification:_identify(/home/jajayu/TomatoHarvesting_NextBestView/nbv_code/ros2_ws2/src/realsense-ros/realsense2_description) by extensions ['ros']
[0.650s] Level 1:colcon.colcon_core.package_identification:_identify(/home/jajayu/TomatoHarvesting_NextBestView/nbv_code/ros2_ws2/src/realsense-ros/realsense2_description) by extension 'ros'
[0.651s] DEBUG:colcon.colcon_core.package_identification:Package '/home/jajayu/TomatoHarvesting_NextBestView/nbv_code/ros2_ws2/src/realsense-ros/realsense2_description' with type 'ros.ament_cmake' and name 'realsense2_description'
[0.651s] Level 1:colcon.colcon_core.package_discovery:discover_packages(recursive) using defaults
