[0.018s] Invoking command in '/home/jajayu/TomatoHarvesting_NextBestView/nbv_code/ros2_ws2/build/my_robot_nbv_cmake': CMAKE_PREFIX_PATH=${CMAKE_PREFIX_PATH}:/home/jajayu/TomatoHarvesting_NextBestView/nbv_code/ros2_ws2/install/my_robot_nbv:/home/jajayu/TomatoHarvesting_NextBestView/nbv_code/ros2_ws2/install/my_robot_cam:/home/jajayu/ros2_ws/install/webots_ros2_tests:/home/jajayu/ros2_ws/install/webots_ros2:/home/jajayu/ros2_ws/install/pcd_demo:/home/jajayu/ros2_ws/install/my_robot_controller:/home/jajayu/ros2_ws/install/my_robot_cam:/home/jajayu/ros2_ws/install/gazebo_tutorial:/opt/ros/humble /home/jajayu/.local/bin/cmake --build /home/jajayu/TomatoHarvesting_NextBestView/nbv_code/ros2_ws2/build/my_robot_nbv_cmake -- -j8 -l8
[0.132s] -- Found ament_cmake: 1.3.9 (/opt/ros/humble/share/ament_cmake/cmake)
[0.410s] -- Found rclcpp: 16.0.9 (/opt/ros/humble/share/rclcpp/cmake)
[0.451s] -- Found rosidl_generator_c: 3.1.5 (/opt/ros/humble/share/rosidl_generator_c/cmake)
[0.454s] -- Found rosidl_adapter: 3.1.5 (/opt/ros/humble/share/rosidl_adapter/cmake)
[0.463s] -- Found rosidl_generator_cpp: 3.1.5 (/opt/ros/humble/share/rosidl_generator_cpp/cmake)
[0.479s] -- Using all available rosidl_typesupport_c: rosidl_typesupport_fastrtps_c;rosidl_typesupport_introspection_c
[0.503s] -- Using all available rosidl_typesupport_cpp: rosidl_typesupport_fastrtps_cpp;rosidl_typesupport_introspection_cpp
[0.585s] -- Found rmw_implementation_cmake: 6.1.2 (/opt/ros/humble/share/rmw_implementation_cmake/cmake)
[0.587s] -- Found rmw_fastrtps_cpp: 6.2.6 (/opt/ros/humble/share/rmw_fastrtps_cpp/cmake)
[0.747s] -- Using RMW implementation 'rmw_fastrtps_cpp' as default
[0.959s] -- Found sensor_msgs: 4.2.4 (/opt/ros/humble/share/sensor_msgs/cmake)
[1.121s] -- Found octomap_msgs: 2.0.0 (/opt/ros/humble/share/octomap_msgs/cmake)
[1.207s] -- Found visualization_msgs: 4.2.4 (/opt/ros/humble/share/visualization_msgs/cmake)
[1.359s] [0mCMake Deprecation Warning at /home/jajayu/open3d_install/lib/cmake/Open3D/Open3DConfig.cmake:18 (cmake_policy):
[1.359s]   The OLD behavior for policy CMP0072 will be removed from a future version
[1.359s]   of CMake.
[1.359s] 
[1.359s]   The cmake-policies(7) manual explains that the OLD behaviors of all
[1.359s]   policies are deprecated and that a policy should be set to OLD only under
[1.359s]   specific short-term circumstances.  Projects should be ported to the NEW
[1.359s]   behavior and not rely on setting a policy to OLD.
[1.359s] Call Stack (most recent call first):
[1.359s]   CMakeLists.txt:43 (find_package)
[1.359s] 
[1.360s] [0m
[1.361s] -- Found Open3D libraries: Open3D::Open3D;Open3D::Open3D
[1.385s] -- Found ament_lint_auto: 0.12.11 (/opt/ros/humble/share/ament_lint_auto/cmake)
[1.479s] -- Added test 'cppcheck' to perform static code analysis on C / C++ code
[1.479s] -- Configured cppcheck include dirs: /home/jajayu/TomatoHarvesting_NextBestView/nbv_code/ros2_ws2/src/my_robot_nbv_cmake/include
[1.483s] -- Configured cppcheck exclude dirs and/or files: 
[1.483s] -- Added test 'lint_cmake' to check CMake code style
[1.483s] -- Added test 'uncrustify' to check C / C++ code style
[1.483s] -- Configured uncrustify additional arguments: 
[1.483s] -- Added test 'xmllint' to check XML markup files
[1.485s] -- Configuring done (1.4s)
[1.504s] [33mCMake Warning at CMakeLists.txt:142 (TARGET_LINK_LIBRARIES):
[1.504s]   Target "open3d_conversions" requests linking to directory
[1.504s]   "/usr/include/eigen3".  Targets may link only to libraries.  CMake is
[1.504s]   dropping the item.
[1.504s] 
[1.504s] [0m
[1.508s] [33mCMake Warning at CMakeLists.txt:142 (TARGET_LINK_LIBRARIES):
[1.508s]   Target "nbvc_ray_generation" requests linking to directory
[1.508s]   "/usr/include/eigen3".  Targets may link only to libraries.  CMake is
[1.508s]   dropping the item.
[1.508s] 
[1.508s] [0m
[1.526s] -- Generating done (0.0s)
[1.527s] -- Build files have been written to: /home/jajayu/TomatoHarvesting_NextBestView/nbv_code/ros2_ws2/build/my_robot_nbv_cmake
[1.554s] [ 10%] [32mBuilding CXX object CMakeFiles/open3d_conversions.dir/src/open3d_conversions.cpp.o[0m
[1.562s] [ 30%] Built target SdfModelV3
[1.564s] [ 50%] Built target nbvc_lib_SdfModel
[1.565s] [01m[K/home/jajayu/TomatoHarvesting_NextBestView/nbv_code/ros2_ws2/src/my_robot_nbv_cmake/src/open3d_conversions.cpp:15:10:[m[K [01;31m[Kfatal error: [m[Kopen3d_conversions/open3d_conversions.h: No such file or directory
[1.565s]    15 | #include [01;31m[K"open3d_conversions/open3d_conversions.h"[m[K
[1.565s]       |          [01;31m[K^~~~~~~~~~~~~~~~~~~~~~~~~~~~~~~~~~~~~~~~~[m[K
[1.566s] compilation terminated.
[1.567s] gmake[2]: *** [CMakeFiles/open3d_conversions.dir/build.make:76: CMakeFiles/open3d_conversions.dir/src/open3d_conversions.cpp.o] Error 1
[1.567s] gmake[1]: *** [CMakeFiles/Makefile2:250: CMakeFiles/open3d_conversions.dir/all] Error 2
[1.567s] gmake[1]: *** Waiting for unfinished jobs....
[1.591s] [ 70%] Built target nbvc_ray_generationV3_beforeclean
[1.592s] gmake: *** [Makefile:146: all] Error 2
[1.609s] Invoked command in '/home/jajayu/TomatoHarvesting_NextBestView/nbv_code/ros2_ws2/build/my_robot_nbv_cmake' returned '2': CMAKE_PREFIX_PATH=${CMAKE_PREFIX_PATH}:/home/jajayu/TomatoHarvesting_NextBestView/nbv_code/ros2_ws2/install/my_robot_nbv:/home/jajayu/TomatoHarvesting_NextBestView/nbv_code/ros2_ws2/install/my_robot_cam:/home/jajayu/ros2_ws/install/webots_ros2_tests:/home/jajayu/ros2_ws/install/webots_ros2:/home/jajayu/ros2_ws/install/pcd_demo:/home/jajayu/ros2_ws/install/my_robot_controller:/home/jajayu/ros2_ws/install/my_robot_cam:/home/jajayu/ros2_ws/install/gazebo_tutorial:/opt/ros/humble /home/jajayu/.local/bin/cmake --build /home/jajayu/TomatoHarvesting_NextBestView/nbv_code/ros2_ws2/build/my_robot_nbv_cmake -- -j8 -l8
