[0.018s] Invoking command in '/home/jajayu/TomatoHarvesting_NextBestView/build/realsense2_camera': AMENT_PREFIX_PATH=/home/jajayu/TomatoHarvesting_NextBestView/install/realsense2_camera_msgs:${AMENT_PREFIX_PATH} CMAKE_PREFIX_PATH=/home/jajayu/TomatoHarvesting_NextBestView/install/realsense2_camera_msgs:/home/jajayu/TomatoHarvesting_NextBestView/nbv_code/ros2_ws2/install/realsense2_description:/home/jajayu/TomatoHarvesting_NextBestView/nbv_code/ros2_ws2/install/realsense2_camera:/home/jajayu/TomatoHarvesting_NextBestView/nbv_code/ros2_ws2/install/realsense2_camera_msgs:/home/jajayu/TomatoHarvesting_NextBestView/nbv_code/ros2_ws2/install/octomap_server2:/home/jajayu/TomatoHarvesting_NextBestView/nbv_code/ros2_ws2/install/my_robot_nbv_cmake:/home/jajayu/TomatoHarvesting_NextBestView/nbv_code/ros2_ws2/install/my_bot:/home/jajayu/ros2_ws/install/urdf_example:/home/jajayu/ros2_ws/install/perception_pcl:/home/jajayu/ros2_ws/install/pcl_ros:/home/jajayu/ros2_ws/install/octomap_server2:/home/jajayu/ros2_ws/install/pcl_conversions:/home/jajayu/ros2_ws/install/pcl_msgs:/home/jajayu/ros2_ws/install/my_robot_cam_cmake:/home/jajayu/ros2_ws/install/my_bot:/home/jajayu/ros2_ws/install/depthimage_to_pointcloud2:/home/jajayu/TomatoHarvesting_NextBestView/nbv_code/ros2_ws2/install/my_robot_nbv:/home/jajayu/TomatoHarvesting_NextBestView/nbv_code/ros2_ws2/install/my_robot_cam:/home/jajayu/ros2_ws/install/webots_ros2_tests:/home/jajayu/ros2_ws/install/webots_ros2:/home/jajayu/ros2_ws/install/pcd_demo:/home/jajayu/ros2_ws/install/my_robot_controller:/home/jajayu/ros2_ws/install/my_robot_cam:/home/jajayu/ros2_ws/install/gazebo_tutorial:/opt/ros/humble LD_LIBRARY_PATH=/home/jajayu/TomatoHarvesting_NextBestView/install/realsense2_camera_msgs/lib:${LD_LIBRARY_PATH} PYTHONPATH=/home/jajayu/TomatoHarvesting_NextBestView/install/realsense2_camera_msgs/local/lib/python3.10/dist-packages:${PYTHONPATH} /usr/bin/cmake --build /home/jajayu/TomatoHarvesting_NextBestView/build/realsense2_camera -- -j8 -l8
[0.092s] [35m[1mConsolidate compiler generated dependencies of target realsense2_camera[0m
[0.138s] [ 63%] Built target realsense2_camera
[0.154s] [35m[1mConsolidate compiler generated dependencies of target gtest[0m
[0.170s] [ 72%] Built target gtest
[0.184s] [35m[1mConsolidate compiler generated dependencies of target gtest_main[0m
[0.200s] [ 81%] Built target gtest_main
[0.214s] [35m[1mConsolidate compiler generated dependencies of target realsense2_camera_node[0m
[0.235s] [ 90%] Built target realsense2_camera_node
[0.247s] [35m[1mConsolidate compiler generated dependencies of target gtest_template[0m
[0.263s] [100%] Built target gtest_template
[0.278s] Invoked command in '/home/jajayu/TomatoHarvesting_NextBestView/build/realsense2_camera' returned '0': AMENT_PREFIX_PATH=/home/jajayu/TomatoHarvesting_NextBestView/install/realsense2_camera_msgs:${AMENT_PREFIX_PATH} CMAKE_PREFIX_PATH=/home/jajayu/TomatoHarvesting_NextBestView/install/realsense2_camera_msgs:/home/jajayu/TomatoHarvesting_NextBestView/nbv_code/ros2_ws2/install/realsense2_description:/home/jajayu/TomatoHarvesting_NextBestView/nbv_code/ros2_ws2/install/realsense2_camera:/home/jajayu/TomatoHarvesting_NextBestView/nbv_code/ros2_ws2/install/realsense2_camera_msgs:/home/jajayu/TomatoHarvesting_NextBestView/nbv_code/ros2_ws2/install/octomap_server2:/home/jajayu/TomatoHarvesting_NextBestView/nbv_code/ros2_ws2/install/my_robot_nbv_cmake:/home/jajayu/TomatoHarvesting_NextBestView/nbv_code/ros2_ws2/install/my_bot:/home/jajayu/ros2_ws/install/urdf_example:/home/jajayu/ros2_ws/install/perception_pcl:/home/jajayu/ros2_ws/install/pcl_ros:/home/jajayu/ros2_ws/install/octomap_server2:/home/jajayu/ros2_ws/install/pcl_conversions:/home/jajayu/ros2_ws/install/pcl_msgs:/home/jajayu/ros2_ws/install/my_robot_cam_cmake:/home/jajayu/ros2_ws/install/my_bot:/home/jajayu/ros2_ws/install/depthimage_to_pointcloud2:/home/jajayu/TomatoHarvesting_NextBestView/nbv_code/ros2_ws2/install/my_robot_nbv:/home/jajayu/TomatoHarvesting_NextBestView/nbv_code/ros2_ws2/install/my_robot_cam:/home/jajayu/ros2_ws/install/webots_ros2_tests:/home/jajayu/ros2_ws/install/webots_ros2:/home/jajayu/ros2_ws/install/pcd_demo:/home/jajayu/ros2_ws/install/my_robot_controller:/home/jajayu/ros2_ws/install/my_robot_cam:/home/jajayu/ros2_ws/install/gazebo_tutorial:/opt/ros/humble LD_LIBRARY_PATH=/home/jajayu/TomatoHarvesting_NextBestView/install/realsense2_camera_msgs/lib:${LD_LIBRARY_PATH} PYTHONPATH=/home/jajayu/TomatoHarvesting_NextBestView/install/realsense2_camera_msgs/local/lib/python3.10/dist-packages:${PYTHONPATH} /usr/bin/cmake --build /home/jajayu/TomatoHarvesting_NextBestView/build/realsense2_camera -- -j8 -l8
[0.355s] Invoking command in '/home/jajayu/TomatoHarvesting_NextBestView/build/realsense2_camera': AMENT_PREFIX_PATH=/home/jajayu/TomatoHarvesting_NextBestView/install/realsense2_camera_msgs:${AMENT_PREFIX_PATH} CMAKE_PREFIX_PATH=/home/jajayu/TomatoHarvesting_NextBestView/install/realsense2_camera_msgs:/home/jajayu/TomatoHarvesting_NextBestView/nbv_code/ros2_ws2/install/realsense2_description:/home/jajayu/TomatoHarvesting_NextBestView/nbv_code/ros2_ws2/install/realsense2_camera:/home/jajayu/TomatoHarvesting_NextBestView/nbv_code/ros2_ws2/install/realsense2_camera_msgs:/home/jajayu/TomatoHarvesting_NextBestView/nbv_code/ros2_ws2/install/octomap_server2:/home/jajayu/TomatoHarvesting_NextBestView/nbv_code/ros2_ws2/install/my_robot_nbv_cmake:/home/jajayu/TomatoHarvesting_NextBestView/nbv_code/ros2_ws2/install/my_bot:/home/jajayu/ros2_ws/install/urdf_example:/home/jajayu/ros2_ws/install/perception_pcl:/home/jajayu/ros2_ws/install/pcl_ros:/home/jajayu/ros2_ws/install/octomap_server2:/home/jajayu/ros2_ws/install/pcl_conversions:/home/jajayu/ros2_ws/install/pcl_msgs:/home/jajayu/ros2_ws/install/my_robot_cam_cmake:/home/jajayu/ros2_ws/install/my_bot:/home/jajayu/ros2_ws/install/depthimage_to_pointcloud2:/home/jajayu/TomatoHarvesting_NextBestView/nbv_code/ros2_ws2/install/my_robot_nbv:/home/jajayu/TomatoHarvesting_NextBestView/nbv_code/ros2_ws2/install/my_robot_cam:/home/jajayu/ros2_ws/install/webots_ros2_tests:/home/jajayu/ros2_ws/install/webots_ros2:/home/jajayu/ros2_ws/install/pcd_demo:/home/jajayu/ros2_ws/install/my_robot_controller:/home/jajayu/ros2_ws/install/my_robot_cam:/home/jajayu/ros2_ws/install/gazebo_tutorial:/opt/ros/humble LD_LIBRARY_PATH=/home/jajayu/TomatoHarvesting_NextBestView/install/realsense2_camera_msgs/lib:${LD_LIBRARY_PATH} PYTHONPATH=/home/jajayu/TomatoHarvesting_NextBestView/install/realsense2_camera_msgs/local/lib/python3.10/dist-packages:${PYTHONPATH} /usr/bin/cmake --install /home/jajayu/TomatoHarvesting_NextBestView/build/realsense2_camera
[0.363s] -- Install configuration: "Release"
[0.364s] -- Up-to-date: /home/jajayu/TomatoHarvesting_NextBestView/install/realsense2_camera/lib/realsense2_camera/realsense2_camera_node
[0.364s] -- Up-to-date: /home/jajayu/TomatoHarvesting_NextBestView/install/realsense2_camera/lib/librealsense2_camera.so
[0.364s] -- Up-to-date: /home/jajayu/TomatoHarvesting_NextBestView/install/realsense2_camera/include
[0.364s] -- Up-to-date: /home/jajayu/TomatoHarvesting_NextBestView/install/realsense2_camera/include/sensor_params.h
[0.365s] -- Up-to-date: /home/jajayu/TomatoHarvesting_NextBestView/install/realsense2_camera/include/ros_sensor.h
[0.365s] -- Up-to-date: /home/jajayu/TomatoHarvesting_NextBestView/install/realsense2_camera/include/dynamic_params.h
[0.365s] -- Up-to-date: /home/jajayu/TomatoHarvesting_NextBestView/install/realsense2_camera/include/image_publisher.h
[0.365s] -- Up-to-date: /home/jajayu/TomatoHarvesting_NextBestView/install/realsense2_camera/include/ros_param_backend.h
[0.365s] -- Up-to-date: /home/jajayu/TomatoHarvesting_NextBestView/install/realsense2_camera/include/profile_manager.h
[0.365s] -- Up-to-date: /home/jajayu/TomatoHarvesting_NextBestView/install/realsense2_camera/include/gl_window.h
[0.365s] -- Up-to-date: /home/jajayu/TomatoHarvesting_NextBestView/install/realsense2_camera/include/ros_utils.h
[0.365s] -- Up-to-date: /home/jajayu/TomatoHarvesting_NextBestView/install/realsense2_camera/include/base_realsense_node.h
[0.365s] -- Up-to-date: /home/jajayu/TomatoHarvesting_NextBestView/install/realsense2_camera/include/realsense_node_factory.h
[0.366s] -- Up-to-date: /home/jajayu/TomatoHarvesting_NextBestView/install/realsense2_camera/include/named_filter.h
[0.366s] -- Up-to-date: /home/jajayu/TomatoHarvesting_NextBestView/install/realsense2_camera/include/constants.h
[0.366s] -- Up-to-date: /home/jajayu/TomatoHarvesting_NextBestView/install/realsense2_camera/share/realsense2_camera/launch
[0.366s] -- Up-to-date: /home/jajayu/TomatoHarvesting_NextBestView/install/realsense2_camera/share/realsense2_camera/launch/rs_launch.py
[0.366s] -- Up-to-date: /home/jajayu/TomatoHarvesting_NextBestView/install/realsense2_camera/share/realsense2_camera/launch/default.rviz
[0.366s] -- Up-to-date: /home/jajayu/TomatoHarvesting_NextBestView/install/realsense2_camera/share/realsense2_camera/launch/rs_intra_process_demo_launch.py
[0.366s] -- Up-to-date: /home/jajayu/TomatoHarvesting_NextBestView/install/realsense2_camera/share/realsense2_camera/launch/rs_multi_camera_launch.py
[0.366s] -- Up-to-date: /home/jajayu/TomatoHarvesting_NextBestView/install/realsense2_camera/share/realsense2_camera/examples
[0.366s] -- Up-to-date: /home/jajayu/TomatoHarvesting_NextBestView/install/realsense2_camera/share/realsense2_camera/examples/pointcloud
[0.367s] -- Up-to-date: /home/jajayu/TomatoHarvesting_NextBestView/install/realsense2_camera/share/realsense2_camera/examples/pointcloud/rs_pointcloud_launch.py
[0.367s] -- Up-to-date: /home/jajayu/TomatoHarvesting_NextBestView/install/realsense2_camera/share/realsense2_camera/examples/pointcloud/rviz
[0.367s] -- Up-to-date: /home/jajayu/TomatoHarvesting_NextBestView/install/realsense2_camera/share/realsense2_camera/examples/pointcloud/rviz/urdf_pointcloud.rviz
[0.367s] -- Up-to-date: /home/jajayu/TomatoHarvesting_NextBestView/install/realsense2_camera/share/realsense2_camera/examples/pointcloud/rviz/pointcloud.rviz
[0.367s] -- Up-to-date: /home/jajayu/TomatoHarvesting_NextBestView/install/realsense2_camera/share/realsense2_camera/examples/pointcloud/README.md
[0.367s] -- Up-to-date: /home/jajayu/TomatoHarvesting_NextBestView/install/realsense2_camera/share/realsense2_camera/examples/pointcloud/rs_d455_pointcloud_launch.py
[0.367s] -- Up-to-date: /home/jajayu/TomatoHarvesting_NextBestView/install/realsense2_camera/share/realsense2_camera/examples/pointcloud/rs_d405_pointcloud_launch.py
[0.367s] -- Up-to-date: /home/jajayu/TomatoHarvesting_NextBestView/install/realsense2_camera/share/realsense2_camera/examples/align_depth
[0.367s] -- Up-to-date: /home/jajayu/TomatoHarvesting_NextBestView/install/realsense2_camera/share/realsense2_camera/examples/align_depth/rs_align_depth_launch.py
[0.367s] -- Up-to-date: /home/jajayu/TomatoHarvesting_NextBestView/install/realsense2_camera/share/realsense2_camera/examples/align_depth/README.md
[0.367s] -- Up-to-date: /home/jajayu/TomatoHarvesting_NextBestView/install/realsense2_camera/share/realsense2_camera/examples/launch_params_from_file
[0.367s] -- Up-to-date: /home/jajayu/TomatoHarvesting_NextBestView/install/realsense2_camera/share/realsense2_camera/examples/launch_params_from_file/rs_launch_get_params_from_yaml.py
[0.368s] -- Up-to-date: /home/jajayu/TomatoHarvesting_NextBestView/install/realsense2_camera/share/realsense2_camera/examples/launch_params_from_file/README.md
[0.368s] -- Up-to-date: /home/jajayu/TomatoHarvesting_NextBestView/install/realsense2_camera/share/realsense2_camera/examples/launch_params_from_file/config
[0.368s] -- Up-to-date: /home/jajayu/TomatoHarvesting_NextBestView/install/realsense2_camera/share/realsense2_camera/examples/launch_params_from_file/config/config.yaml
[0.368s] -- Up-to-date: /home/jajayu/TomatoHarvesting_NextBestView/install/realsense2_camera/share/realsense2_camera/examples/launch_from_rosbag
[0.368s] -- Up-to-date: /home/jajayu/TomatoHarvesting_NextBestView/install/realsense2_camera/share/realsense2_camera/examples/launch_from_rosbag/README.md
[0.369s] -- Up-to-date: /home/jajayu/TomatoHarvesting_NextBestView/install/realsense2_camera/share/realsense2_camera/examples/launch_from_rosbag/rs_launch_from_rosbag.py
[0.369s] -- Up-to-date: /home/jajayu/TomatoHarvesting_NextBestView/install/realsense2_camera/share/realsense2_camera/examples/dual_camera
[0.369s] -- Up-to-date: /home/jajayu/TomatoHarvesting_NextBestView/install/realsense2_camera/share/realsense2_camera/examples/dual_camera/rviz
[0.369s] -- Up-to-date: /home/jajayu/TomatoHarvesting_NextBestView/install/realsense2_camera/share/realsense2_camera/examples/dual_camera/rviz/dual_camera_pointcloud.rviz
[0.370s] -- Up-to-date: /home/jajayu/TomatoHarvesting_NextBestView/install/realsense2_camera/share/realsense2_camera/examples/dual_camera/rs_dual_camera_launch.py
[0.370s] -- Up-to-date: /home/jajayu/TomatoHarvesting_NextBestView/install/realsense2_camera/share/realsense2_camera/examples/dual_camera/README.md
[0.370s] -- Up-to-date: /home/jajayu/TomatoHarvesting_NextBestView/install/realsense2_camera/share/realsense2_camera/environment/library_path.sh
[0.370s] -- Up-to-date: /home/jajayu/TomatoHarvesting_NextBestView/install/realsense2_camera/share/realsense2_camera/environment/library_path.dsv
[0.370s] -- Up-to-date: /home/jajayu/TomatoHarvesting_NextBestView/install/realsense2_camera/share/ament_index/resource_index/package_run_dependencies/realsense2_camera
[0.370s] -- Up-to-date: /home/jajayu/TomatoHarvesting_NextBestView/install/realsense2_camera/share/ament_index/resource_index/parent_prefix_path/realsense2_camera
[0.371s] -- Up-to-date: /home/jajayu/TomatoHarvesting_NextBestView/install/realsense2_camera/share/realsense2_camera/environment/ament_prefix_path.sh
[0.371s] -- Up-to-date: /home/jajayu/TomatoHarvesting_NextBestView/install/realsense2_camera/share/realsense2_camera/environment/ament_prefix_path.dsv
[0.371s] -- Up-to-date: /home/jajayu/TomatoHarvesting_NextBestView/install/realsense2_camera/share/realsense2_camera/environment/path.sh
[0.371s] -- Up-to-date: /home/jajayu/TomatoHarvesting_NextBestView/install/realsense2_camera/share/realsense2_camera/environment/path.dsv
[0.371s] -- Up-to-date: /home/jajayu/TomatoHarvesting_NextBestView/install/realsense2_camera/share/realsense2_camera/local_setup.bash
[0.371s] -- Up-to-date: /home/jajayu/TomatoHarvesting_NextBestView/install/realsense2_camera/share/realsense2_camera/local_setup.sh
[0.371s] -- Up-to-date: /home/jajayu/TomatoHarvesting_NextBestView/install/realsense2_camera/share/realsense2_camera/local_setup.zsh
[0.372s] -- Up-to-date: /home/jajayu/TomatoHarvesting_NextBestView/install/realsense2_camera/share/realsense2_camera/local_setup.dsv
[0.372s] -- Installing: /home/jajayu/TomatoHarvesting_NextBestView/install/realsense2_camera/share/realsense2_camera/package.dsv
[0.372s] -- Up-to-date: /home/jajayu/TomatoHarvesting_NextBestView/install/realsense2_camera/share/ament_index/resource_index/packages/realsense2_camera
[0.373s] -- Up-to-date: /home/jajayu/TomatoHarvesting_NextBestView/install/realsense2_camera/share/ament_index/resource_index/rclcpp_components/realsense2_camera
[0.373s] -- Up-to-date: /home/jajayu/TomatoHarvesting_NextBestView/install/realsense2_camera/share/realsense2_camera/cmake/ament_cmake_export_include_directories-extras.cmake
[0.373s] -- Up-to-date: /home/jajayu/TomatoHarvesting_NextBestView/install/realsense2_camera/share/realsense2_camera/cmake/ament_cmake_export_libraries-extras.cmake
[0.373s] -- Up-to-date: /home/jajayu/TomatoHarvesting_NextBestView/install/realsense2_camera/share/realsense2_camera/cmake/ament_cmake_export_dependencies-extras.cmake
[0.373s] -- Up-to-date: /home/jajayu/TomatoHarvesting_NextBestView/install/realsense2_camera/share/realsense2_camera/cmake/realsense2_cameraConfig.cmake
[0.373s] -- Up-to-date: /home/jajayu/TomatoHarvesting_NextBestView/install/realsense2_camera/share/realsense2_camera/cmake/realsense2_cameraConfig-version.cmake
[0.374s] -- Up-to-date: /home/jajayu/TomatoHarvesting_NextBestView/install/realsense2_camera/share/realsense2_camera/package.xml
[0.375s] Invoked command in '/home/jajayu/TomatoHarvesting_NextBestView/build/realsense2_camera' returned '0': AMENT_PREFIX_PATH=/home/jajayu/TomatoHarvesting_NextBestView/install/realsense2_camera_msgs:${AMENT_PREFIX_PATH} CMAKE_PREFIX_PATH=/home/jajayu/TomatoHarvesting_NextBestView/install/realsense2_camera_msgs:/home/jajayu/TomatoHarvesting_NextBestView/nbv_code/ros2_ws2/install/realsense2_description:/home/jajayu/TomatoHarvesting_NextBestView/nbv_code/ros2_ws2/install/realsense2_camera:/home/jajayu/TomatoHarvesting_NextBestView/nbv_code/ros2_ws2/install/realsense2_camera_msgs:/home/jajayu/TomatoHarvesting_NextBestView/nbv_code/ros2_ws2/install/octomap_server2:/home/jajayu/TomatoHarvesting_NextBestView/nbv_code/ros2_ws2/install/my_robot_nbv_cmake:/home/jajayu/TomatoHarvesting_NextBestView/nbv_code/ros2_ws2/install/my_bot:/home/jajayu/ros2_ws/install/urdf_example:/home/jajayu/ros2_ws/install/perception_pcl:/home/jajayu/ros2_ws/install/pcl_ros:/home/jajayu/ros2_ws/install/octomap_server2:/home/jajayu/ros2_ws/install/pcl_conversions:/home/jajayu/ros2_ws/install/pcl_msgs:/home/jajayu/ros2_ws/install/my_robot_cam_cmake:/home/jajayu/ros2_ws/install/my_bot:/home/jajayu/ros2_ws/install/depthimage_to_pointcloud2:/home/jajayu/TomatoHarvesting_NextBestView/nbv_code/ros2_ws2/install/my_robot_nbv:/home/jajayu/TomatoHarvesting_NextBestView/nbv_code/ros2_ws2/install/my_robot_cam:/home/jajayu/ros2_ws/install/webots_ros2_tests:/home/jajayu/ros2_ws/install/webots_ros2:/home/jajayu/ros2_ws/install/pcd_demo:/home/jajayu/ros2_ws/install/my_robot_controller:/home/jajayu/ros2_ws/install/my_robot_cam:/home/jajayu/ros2_ws/install/gazebo_tutorial:/opt/ros/humble LD_LIBRARY_PATH=/home/jajayu/TomatoHarvesting_NextBestView/install/realsense2_camera_msgs/lib:${LD_LIBRARY_PATH} PYTHONPATH=/home/jajayu/TomatoHarvesting_NextBestView/install/realsense2_camera_msgs/local/lib/python3.10/dist-packages:${PYTHONPATH} /usr/bin/cmake --install /home/jajayu/TomatoHarvesting_NextBestView/build/realsense2_camera
