[0.034s] Invoking command in '/home/jajayu/TomatoHarvesting_NextBestView/nbv_code/nbv_for_local_computer/ros2_ws2_local/build/message_interfaces': CMAKE_PREFIX_PATH=${CMAKE_PREFIX_PATH}:/home/jajayu/TomatoHarvesting_NextBestView/nbv_code/nbv_for_local_computer/ros2_ws2_local/install/my_robot_arm:/home/jajayu/TomatoHarvesting_NextBestView/nbv_code/ros2_ws2/install/my_robot_nbv:/home/jajayu/TomatoHarvesting_NextBestView/nbv_code/ros2_ws2/install/my_robot_cam:/home/jajayu/TomatoHarvesting_NextBestView/nbv_code/ros2_ws2/install/my_robot_arm:/opt/ros/humble /home/jajayu/.local/bin/cmake /home/jajayu/TomatoHarvesting_NextBestView/nbv_code/nbv_for_local_computer/ros2_ws2_local/src/message_interfaces -DCMAKE_INSTALL_PREFIX=/home/jajayu/TomatoHarvesting_NextBestView/nbv_code/nbv_for_local_computer/ros2_ws2_local/install/message_interfaces
[0.549s] -- The C compiler identification is GNU 11.4.0
[0.785s] -- The CXX compiler identification is GNU 11.4.0
[0.865s] -- Detecting C compiler ABI info
[1.150s] -- Detecting C compiler ABI info - done
[1.182s] -- Check for working C compiler: /usr/bin/cc - skipped
[1.183s] -- Detecting C compile features
[1.184s] -- Detecting C compile features - done
[1.196s] -- Detecting CXX compiler ABI info
[1.491s] -- Detecting CXX compiler ABI info - done
[1.532s] -- Check for working CXX compiler: /usr/bin/c++ - skipped
[1.534s] -- Detecting CXX compile features
[1.534s] -- Detecting CXX compile features - done
[1.580s] -- Found ament_cmake: 1.3.9 (/opt/ros/humble/share/ament_cmake/cmake)
[1.912s] -- Found Python3: /usr/bin/python3 (found version "3.10.12") found components: Interpreter
[2.220s] -- Found rosidl_default_generators: 1.2.0 (/opt/ros/humble/share/rosidl_default_generators/cmake)
[2.243s] -- Using all available rosidl_typesupport_c: rosidl_typesupport_fastrtps_c;rosidl_typesupport_introspection_c
[2.271s] -- Found rosidl_adapter: 3.1.5 (/opt/ros/humble/share/rosidl_adapter/cmake)
[2.465s] -- Using all available rosidl_typesupport_cpp: rosidl_typesupport_fastrtps_cpp;rosidl_typesupport_introspection_cpp
[3.720s] -- Found ament_cmake_ros: 0.10.0 (/opt/ros/humble/share/ament_cmake_ros/cmake)
[4.776s] -- Using all available rosidl_typesupport_c: rosidl_typesupport_fastrtps_c;rosidl_typesupport_introspection_c
[6.016s] -- Using all available rosidl_typesupport_cpp: rosidl_typesupport_fastrtps_cpp;rosidl_typesupport_introspection_cpp
[6.022s] [33mCMake Warning (dev) at /opt/ros/humble/share/rosidl_generator_py/cmake/rosidl_generator_py_generate_interfaces.cmake:20 (find_package):
[6.022s]   Policy CMP0148 is not set: The FindPythonInterp and FindPythonLibs modules
[6.023s]   are removed.  Run "cmake --help-policy CMP0148" for policy details.  Use
[6.023s]   the cmake_policy command to set the policy and suppress this warning.
[6.023s] 
[6.023s] Call Stack (most recent call first):
[6.023s]   /opt/ros/humble/share/ament_cmake_core/cmake/core/ament_execute_extensions.cmake:48 (include)
[6.023s]   /opt/ros/humble/share/rosidl_cmake/cmake/rosidl_generate_interfaces.cmake:286 (ament_execute_extensions)
[6.023s]   CMakeLists.txt:15 (rosidl_generate_interfaces)
[6.023s] This warning is for project developers.  Use -Wno-dev to suppress it.
[6.023s] [0m
[6.069s] -- Found PythonInterp: /usr/bin/python3 (found suitable version "3.10.12", minimum required is "3.6")
[6.075s] -- Found python_cmake_module: 0.10.0 (/opt/ros/humble/share/python_cmake_module/cmake)
[6.078s] [33mCMake Warning (dev) at /opt/ros/humble/share/python_cmake_module/cmake/Modules/FindPythonExtra.cmake:52 (find_package):
[6.078s]   Policy CMP0148 is not set: The FindPythonInterp and FindPythonLibs modules
[6.078s]   are removed.  Run "cmake --help-policy CMP0148" for policy details.  Use
[6.078s]   the cmake_policy command to set the policy and suppress this warning.
[6.078s] 
[6.078s] Call Stack (most recent call first):
[6.078s]   /opt/ros/humble/share/rosidl_generator_py/cmake/rosidl_generator_py_generate_interfaces.cmake:23 (find_package)
[6.078s]   /opt/ros/humble/share/ament_cmake_core/cmake/core/ament_execute_extensions.cmake:48 (include)
[6.078s]   /opt/ros/humble/share/rosidl_cmake/cmake/rosidl_generate_interfaces.cmake:286 (ament_execute_extensions)
[6.079s]   CMakeLists.txt:15 (rosidl_generate_interfaces)
[6.079s] This warning is for project developers.  Use -Wno-dev to suppress it.
[6.079s] [0m
[6.117s] [33mCMake Warning (dev) at /opt/ros/humble/share/python_cmake_module/cmake/Modules/FindPythonExtra.cmake:140 (find_package):
[6.117s]   Policy CMP0148 is not set: The FindPythonInterp and FindPythonLibs modules
[6.117s]   are removed.  Run "cmake --help-policy CMP0148" for policy details.  Use
[6.117s]   the cmake_policy command to set the policy and suppress this warning.
[6.117s] 
[6.118s] Call Stack (most recent call first):
[6.118s]   /opt/ros/humble/share/rosidl_generator_py/cmake/rosidl_generator_py_generate_interfaces.cmake:23 (find_package)
[6.118s]   /opt/ros/humble/share/ament_cmake_core/cmake/core/ament_execute_extensions.cmake:48 (include)
[6.118s]   /opt/ros/humble/share/rosidl_cmake/cmake/rosidl_generate_interfaces.cmake:286 (ament_execute_extensions)
[6.118s]   CMakeLists.txt:15 (rosidl_generate_interfaces)
[6.118s] This warning is for project developers.  Use -Wno-dev to suppress it.
[6.118s] [0m
[6.132s] -- Found PythonLibs: /usr/lib/x86_64-linux-gnu/libpython3.10.so (found suitable version "3.10.12", minimum required is "3.5")
[6.133s] -- Using PYTHON_EXECUTABLE: /usr/bin/python3
[6.134s] -- Using PYTHON_INCLUDE_DIRS: /usr/include/python3.10
[6.135s] -- Using PYTHON_LIBRARIES: /usr/lib/x86_64-linux-gnu/libpython3.10.so
[6.198s] -- Found PythonExtra: .so
[6.298s] -- Found ament_lint_auto: 0.12.11 (/opt/ros/humble/share/ament_lint_auto/cmake)
[6.402s] -- Added test 'lint_cmake' to check CMake code style
[6.417s] -- Added test 'xmllint' to check XML markup files
[6.425s] -- Configuring done (6.2s)
[6.509s] -- Generating done (0.1s)
[6.511s] -- Build files have been written to: /home/jajayu/TomatoHarvesting_NextBestView/nbv_code/nbv_for_local_computer/ros2_ws2_local/build/message_interfaces
[6.561s] Invoked command in '/home/jajayu/TomatoHarvesting_NextBestView/nbv_code/nbv_for_local_computer/ros2_ws2_local/build/message_interfaces' returned '0': CMAKE_PREFIX_PATH=${CMAKE_PREFIX_PATH}:/home/jajayu/TomatoHarvesting_NextBestView/nbv_code/nbv_for_local_computer/ros2_ws2_local/install/my_robot_arm:/home/jajayu/TomatoHarvesting_NextBestView/nbv_code/ros2_ws2/install/my_robot_nbv:/home/jajayu/TomatoHarvesting_NextBestView/nbv_code/ros2_ws2/install/my_robot_cam:/home/jajayu/TomatoHarvesting_NextBestView/nbv_code/ros2_ws2/install/my_robot_arm:/opt/ros/humble /home/jajayu/.local/bin/cmake /home/jajayu/TomatoHarvesting_NextBestView/nbv_code/nbv_for_local_computer/ros2_ws2_local/src/message_interfaces -DCMAKE_INSTALL_PREFIX=/home/jajayu/TomatoHarvesting_NextBestView/nbv_code/nbv_for_local_computer/ros2_ws2_local/install/message_interfaces
[6.564s] Invoking command in '/home/jajayu/TomatoHarvesting_NextBestView/nbv_code/nbv_for_local_computer/ros2_ws2_local/build/message_interfaces': CMAKE_PREFIX_PATH=${CMAKE_PREFIX_PATH}:/home/jajayu/TomatoHarvesting_NextBestView/nbv_code/nbv_for_local_computer/ros2_ws2_local/install/my_robot_arm:/home/jajayu/TomatoHarvesting_NextBestView/nbv_code/ros2_ws2/install/my_robot_nbv:/home/jajayu/TomatoHarvesting_NextBestView/nbv_code/ros2_ws2/install/my_robot_cam:/home/jajayu/TomatoHarvesting_NextBestView/nbv_code/ros2_ws2/install/my_robot_arm:/opt/ros/humble /home/jajayu/.local/bin/cmake --build /home/jajayu/TomatoHarvesting_NextBestView/nbv_code/nbv_for_local_computer/ros2_ws2_local/build/message_interfaces -- -j8 -l8
[6.750s] [  2%] [34m[1mGenerating C code for ROS interfaces[0m
[6.768s] [  5%] [34m[1mGenerating C++ code for ROS interfaces[0m
[6.776s] [  5%] Built target ament_cmake_python_copy_message_interfaces
[7.475s] [  7%] [32mBuilding C object CMakeFiles/message_interfaces__rosidl_generator_c.dir/rosidl_generator_c/message_interfaces/msg/detail/bounding_box__functions.c.o[0m
[7.488s] [ 10%] [32mBuilding C object CMakeFiles/message_interfaces__rosidl_generator_c.dir/rosidl_generator_c/message_interfaces/msg/detail/node_status__functions.c.o[0m
[7.506s] [ 10%] Built target message_interfaces__cpp
[7.525s] [ 12%] [34m[1mGenerating C++ type support for eProsima Fast-RTPS[0m
[7.531s] running egg_info
[7.535s] creating message_interfaces.egg-info
[7.536s] [ 15%] [34m[1mGenerating C++ type support dispatch for ROS interfaces[0m
[7.537s] writing message_interfaces.egg-info/PKG-INFO
[7.543s] [ 17%] [34m[1mGenerating C++ introspection for ROS interfaces[0m
[7.546s] writing dependency_links to message_interfaces.egg-info/dependency_links.txt
[7.547s] writing top-level names to message_interfaces.egg-info/top_level.txt
[7.547s] writing manifest file 'message_interfaces.egg-info/SOURCES.txt'
[7.554s] reading manifest file 'message_interfaces.egg-info/SOURCES.txt'
[7.558s] writing manifest file 'message_interfaces.egg-info/SOURCES.txt'
[7.639s] [ 17%] Built target ament_cmake_python_build_message_interfaces_egg
[7.699s] [ 20%] [32m[1mLinking C shared library libmessage_interfaces__rosidl_generator_c.so[0m
[7.792s] [ 20%] Built target message_interfaces__rosidl_generator_c
[7.815s] [ 23%] [34m[1mGenerating C type support for eProsima Fast-RTPS[0m
[7.820s] [ 25%] [34m[1mGenerating C introspection for ROS interfaces[0m
[7.826s] [ 28%] [34m[1mGenerating C type support dispatch for ROS interfaces[0m
[8.602s] [ 30%] [32mBuilding CXX object CMakeFiles/message_interfaces__rosidl_typesupport_fastrtps_cpp.dir/rosidl_typesupport_fastrtps_cpp/message_interfaces/msg/detail/dds_fastrtps/bounding_box__type_support.cpp.o[0m
[8.602s] [ 33%] [32mBuilding CXX object CMakeFiles/message_interfaces__rosidl_typesupport_fastrtps_cpp.dir/rosidl_typesupport_fastrtps_cpp/message_interfaces/msg/detail/dds_fastrtps/node_status__type_support.cpp.o[0m
[8.628s] [ 35%] [32mBuilding CXX object CMakeFiles/message_interfaces__rosidl_typesupport_introspection_cpp.dir/rosidl_typesupport_introspection_cpp/message_interfaces/msg/detail/node_status__type_support.cpp.o[0m
[8.630s] [ 38%] [32mBuilding CXX object CMakeFiles/message_interfaces__rosidl_typesupport_introspection_cpp.dir/rosidl_typesupport_introspection_cpp/message_interfaces/msg/detail/bounding_box__type_support.cpp.o[0m
[8.663s] [ 41%] [32mBuilding CXX object CMakeFiles/message_interfaces__rosidl_typesupport_cpp.dir/rosidl_typesupport_cpp/message_interfaces/msg/bounding_box__type_support.cpp.o[0m
[8.961s] [ 43%] [32mBuilding C object CMakeFiles/message_interfaces__rosidl_typesupport_introspection_c.dir/rosidl_typesupport_introspection_c/message_interfaces/msg/detail/bounding_box__type_support.c.o[0m
[9.028s] [ 46%] [32mBuilding CXX object CMakeFiles/message_interfaces__rosidl_typesupport_c.dir/rosidl_typesupport_c/message_interfaces/msg/bounding_box__type_support.cpp.o[0m
[9.091s] [ 48%] [32mBuilding C object CMakeFiles/message_interfaces__rosidl_typesupport_introspection_c.dir/rosidl_typesupport_introspection_c/message_interfaces/msg/detail/node_status__type_support.c.o[0m
[9.174s] [ 51%] [32mBuilding CXX object CMakeFiles/message_interfaces__rosidl_typesupport_c.dir/rosidl_typesupport_c/message_interfaces/msg/node_status__type_support.cpp.o[0m
[9.182s] [ 53%] [32mBuilding CXX object CMakeFiles/message_interfaces__rosidl_typesupport_fastrtps_c.dir/rosidl_typesupport_fastrtps_c/message_interfaces/msg/detail/bounding_box__type_support_c.cpp.o[0m
[9.276s] [ 56%] [32m[1mLinking C shared library libmessage_interfaces__rosidl_typesupport_introspection_c.so[0m
[9.360s] [ 58%] [32m[1mLinking CXX shared library libmessage_interfaces__rosidl_typesupport_c.so[0m
[9.404s] [ 58%] Built target message_interfaces__rosidl_typesupport_introspection_c
[9.460s] [ 61%] [32mBuilding CXX object CMakeFiles/message_interfaces__rosidl_typesupport_fastrtps_c.dir/rosidl_typesupport_fastrtps_c/message_interfaces/msg/detail/node_status__type_support_c.cpp.o[0m
[9.745s] [ 61%] Built target message_interfaces__rosidl_typesupport_c
[9.773s] [ 64%] [32mBuilding CXX object CMakeFiles/message_interfaces__rosidl_typesupport_cpp.dir/rosidl_typesupport_cpp/message_interfaces/msg/node_status__type_support.cpp.o[0m
[10.893s] [ 66%] [32m[1mLinking CXX shared library libmessage_interfaces__rosidl_typesupport_introspection_cpp.so[0m
[10.916s] [ 69%] [32m[1mLinking CXX shared library libmessage_interfaces__rosidl_typesupport_fastrtps_cpp.so[0m
[11.014s] [ 69%] Built target message_interfaces__rosidl_typesupport_introspection_cpp
[11.115s] [ 71%] [32m[1mLinking CXX shared library libmessage_interfaces__rosidl_typesupport_cpp.so[0m
[11.232s] [ 71%] Built target message_interfaces__rosidl_typesupport_cpp
[11.244s] [ 74%] [32m[1mLinking CXX shared library libmessage_interfaces__rosidl_typesupport_fastrtps_c.so[0m
[11.301s] [ 74%] Built target message_interfaces__rosidl_typesupport_fastrtps_cpp
[11.466s] [ 74%] Built target message_interfaces__rosidl_typesupport_fastrtps_c
[11.506s] [ 74%] Built target message_interfaces
[11.539s] [ 76%] [34m[1mGenerating Python code for ROS interfaces[0m
[12.471s] [ 76%] Built target message_interfaces__py
[12.514s] [ 79%] [32mBuilding C object CMakeFiles/message_interfaces__rosidl_generator_py.dir/rosidl_generator_py/message_interfaces/msg/_bounding_box_s.c.o[0m
[12.516s] [ 82%] [32mBuilding C object CMakeFiles/message_interfaces__rosidl_generator_py.dir/rosidl_generator_py/message_interfaces/msg/_node_status_s.c.o[0m
[12.814s] [ 84%] [32m[1mLinking C shared library rosidl_generator_py/message_interfaces/libmessage_interfaces__rosidl_generator_py.so[0m
[12.904s] [ 84%] Built target message_interfaces__rosidl_generator_py
[12.952s] [ 89%] [32mBuilding C object CMakeFiles/message_interfaces__rosidl_typesupport_introspection_c__pyext.dir/rosidl_generator_py/message_interfaces/_message_interfaces_s.ep.rosidl_typesupport_introspection_c.c.o[0m
[12.952s] [ 89%] [32mBuilding C object CMakeFiles/message_interfaces__rosidl_typesupport_fastrtps_c__pyext.dir/rosidl_generator_py/message_interfaces/_message_interfaces_s.ep.rosidl_typesupport_fastrtps_c.c.o[0m
[12.955s] [ 92%] [32mBuilding C object CMakeFiles/message_interfaces__rosidl_typesupport_c__pyext.dir/rosidl_generator_py/message_interfaces/_message_interfaces_s.ep.rosidl_typesupport_c.c.o[0m
[13.131s] [ 94%] [32m[1mLinking C shared library rosidl_generator_py/message_interfaces/message_interfaces_s__rosidl_typesupport_c.cpython-310-x86_64-linux-gnu.so[0m
[13.135s] [ 97%] [32m[1mLinking C shared library rosidl_generator_py/message_interfaces/message_interfaces_s__rosidl_typesupport_introspection_c.cpython-310-x86_64-linux-gnu.so[0m
[13.136s] [100%] [32m[1mLinking C shared library rosidl_generator_py/message_interfaces/message_interfaces_s__rosidl_typesupport_fastrtps_c.cpython-310-x86_64-linux-gnu.so[0m
[13.189s] [100%] Built target message_interfaces__rosidl_typesupport_c__pyext
[13.190s] [100%] Built target message_interfaces__rosidl_typesupport_fastrtps_c__pyext
[13.193s] [100%] Built target message_interfaces__rosidl_typesupport_introspection_c__pyext
[13.244s] Invoked command in '/home/jajayu/TomatoHarvesting_NextBestView/nbv_code/nbv_for_local_computer/ros2_ws2_local/build/message_interfaces' returned '0': CMAKE_PREFIX_PATH=${CMAKE_PREFIX_PATH}:/home/jajayu/TomatoHarvesting_NextBestView/nbv_code/nbv_for_local_computer/ros2_ws2_local/install/my_robot_arm:/home/jajayu/TomatoHarvesting_NextBestView/nbv_code/ros2_ws2/install/my_robot_nbv:/home/jajayu/TomatoHarvesting_NextBestView/nbv_code/ros2_ws2/install/my_robot_cam:/home/jajayu/TomatoHarvesting_NextBestView/nbv_code/ros2_ws2/install/my_robot_arm:/opt/ros/humble /home/jajayu/.local/bin/cmake --build /home/jajayu/TomatoHarvesting_NextBestView/nbv_code/nbv_for_local_computer/ros2_ws2_local/build/message_interfaces -- -j8 -l8
[13.959s] Invoking command in '/home/jajayu/TomatoHarvesting_NextBestView/nbv_code/nbv_for_local_computer/ros2_ws2_local/build/message_interfaces': CMAKE_PREFIX_PATH=${CMAKE_PREFIX_PATH}:/home/jajayu/TomatoHarvesting_NextBestView/nbv_code/nbv_for_local_computer/ros2_ws2_local/install/my_robot_arm:/home/jajayu/TomatoHarvesting_NextBestView/nbv_code/ros2_ws2/install/my_robot_nbv:/home/jajayu/TomatoHarvesting_NextBestView/nbv_code/ros2_ws2/install/my_robot_cam:/home/jajayu/TomatoHarvesting_NextBestView/nbv_code/ros2_ws2/install/my_robot_arm:/opt/ros/humble /home/jajayu/.local/bin/cmake --install /home/jajayu/TomatoHarvesting_NextBestView/nbv_code/nbv_for_local_computer/ros2_ws2_local/build/message_interfaces
[14.154s] -- Install configuration: ""
[14.158s] -- Installing: /home/jajayu/TomatoHarvesting_NextBestView/nbv_code/nbv_for_local_computer/ros2_ws2_local/install/message_interfaces/share/ament_index/resource_index/rosidl_interfaces/message_interfaces
[14.158s] -- Installing: /home/jajayu/TomatoHarvesting_NextBestView/nbv_code/nbv_for_local_computer/ros2_ws2_local/install/message_interfaces/include/message_interfaces/message_interfaces
[14.158s] -- Installing: /home/jajayu/TomatoHarvesting_NextBestView/nbv_code/nbv_for_local_computer/ros2_ws2_local/install/message_interfaces/include/message_interfaces/message_interfaces/msg
[14.158s] -- Installing: /home/jajayu/TomatoHarvesting_NextBestView/nbv_code/nbv_for_local_computer/ros2_ws2_local/install/message_interfaces/include/message_interfaces/message_interfaces/msg/node_status.h
[14.158s] -- Installing: /home/jajayu/TomatoHarvesting_NextBestView/nbv_code/nbv_for_local_computer/ros2_ws2_local/install/message_interfaces/include/message_interfaces/message_interfaces/msg/detail
[14.159s] -- Installing: /home/jajayu/TomatoHarvesting_NextBestView/nbv_code/nbv_for_local_computer/ros2_ws2_local/install/message_interfaces/include/message_interfaces/message_interfaces/msg/detail/bounding_box__functions.c
[14.160s] -- Installing: /home/jajayu/TomatoHarvesting_NextBestView/nbv_code/nbv_for_local_computer/ros2_ws2_local/install/message_interfaces/include/message_interfaces/message_interfaces/msg/detail/node_status__struct.h
[14.160s] -- Installing: /home/jajayu/TomatoHarvesting_NextBestView/nbv_code/nbv_for_local_computer/ros2_ws2_local/install/message_interfaces/include/message_interfaces/message_interfaces/msg/detail/bounding_box__functions.h
[14.161s] -- Installing: /home/jajayu/TomatoHarvesting_NextBestView/nbv_code/nbv_for_local_computer/ros2_ws2_local/install/message_interfaces/include/message_interfaces/message_interfaces/msg/detail/node_status__functions.c
[14.161s] -- Installing: /home/jajayu/TomatoHarvesting_NextBestView/nbv_code/nbv_for_local_computer/ros2_ws2_local/install/message_interfaces/include/message_interfaces/message_interfaces/msg/detail/bounding_box__type_support.h
[14.162s] -- Installing: /home/jajayu/TomatoHarvesting_NextBestView/nbv_code/nbv_for_local_computer/ros2_ws2_local/install/message_interfaces/include/message_interfaces/message_interfaces/msg/detail/node_status__type_support.h
[14.163s] -- Installing: /home/jajayu/TomatoHarvesting_NextBestView/nbv_code/nbv_for_local_computer/ros2_ws2_local/install/message_interfaces/include/message_interfaces/message_interfaces/msg/detail/bounding_box__struct.h
[14.163s] -- Installing: /home/jajayu/TomatoHarvesting_NextBestView/nbv_code/nbv_for_local_computer/ros2_ws2_local/install/message_interfaces/include/message_interfaces/message_interfaces/msg/detail/node_status__functions.h
[14.164s] -- Installing: /home/jajayu/TomatoHarvesting_NextBestView/nbv_code/nbv_for_local_computer/ros2_ws2_local/install/message_interfaces/include/message_interfaces/message_interfaces/msg/rosidl_generator_c__visibility_control.h
[14.164s] -- Installing: /home/jajayu/TomatoHarvesting_NextBestView/nbv_code/nbv_for_local_computer/ros2_ws2_local/install/message_interfaces/include/message_interfaces/message_interfaces/msg/bounding_box.h
[14.164s] -- Installing: /home/jajayu/TomatoHarvesting_NextBestView/nbv_code/nbv_for_local_computer/ros2_ws2_local/install/message_interfaces/share/message_interfaces/environment/library_path.sh
[14.165s] -- Installing: /home/jajayu/TomatoHarvesting_NextBestView/nbv_code/nbv_for_local_computer/ros2_ws2_local/install/message_interfaces/share/message_interfaces/environment/library_path.dsv
[14.165s] -- Installing: /home/jajayu/TomatoHarvesting_NextBestView/nbv_code/nbv_for_local_computer/ros2_ws2_local/install/message_interfaces/lib/libmessage_interfaces__rosidl_generator_c.so
[14.166s] -- Set non-toolchain portion of runtime path of "/home/jajayu/TomatoHarvesting_NextBestView/nbv_code/nbv_for_local_computer/ros2_ws2_local/install/message_interfaces/lib/libmessage_interfaces__rosidl_generator_c.so" to ""
[14.166s] -- Up-to-date: /home/jajayu/TomatoHarvesting_NextBestView/nbv_code/nbv_for_local_computer/ros2_ws2_local/install/message_interfaces/include/message_interfaces/message_interfaces
[14.166s] -- Up-to-date: /home/jajayu/TomatoHarvesting_NextBestView/nbv_code/nbv_for_local_computer/ros2_ws2_local/install/message_interfaces/include/message_interfaces/message_interfaces/msg
[14.166s] -- Up-to-date: /home/jajayu/TomatoHarvesting_NextBestView/nbv_code/nbv_for_local_computer/ros2_ws2_local/install/message_interfaces/include/message_interfaces/message_interfaces/msg/detail
[14.166s] -- Installing: /home/jajayu/TomatoHarvesting_NextBestView/nbv_code/nbv_for_local_computer/ros2_ws2_local/install/message_interfaces/include/message_interfaces/message_interfaces/msg/detail/node_status__rosidl_typesupport_fastrtps_c.h
[14.166s] -- Installing: /home/jajayu/TomatoHarvesting_NextBestView/nbv_code/nbv_for_local_computer/ros2_ws2_local/install/message_interfaces/include/message_interfaces/message_interfaces/msg/detail/bounding_box__rosidl_typesupport_fastrtps_c.h
[14.166s] -- Installing: /home/jajayu/TomatoHarvesting_NextBestView/nbv_code/nbv_for_local_computer/ros2_ws2_local/install/message_interfaces/include/message_interfaces/message_interfaces/msg/rosidl_typesupport_fastrtps_c__visibility_control.h
[14.167s] -- Installing: /home/jajayu/TomatoHarvesting_NextBestView/nbv_code/nbv_for_local_computer/ros2_ws2_local/install/message_interfaces/lib/libmessage_interfaces__rosidl_typesupport_fastrtps_c.so
[14.167s] -- Set non-toolchain portion of runtime path of "/home/jajayu/TomatoHarvesting_NextBestView/nbv_code/nbv_for_local_computer/ros2_ws2_local/install/message_interfaces/lib/libmessage_interfaces__rosidl_typesupport_fastrtps_c.so" to ""
[14.167s] -- Up-to-date: /home/jajayu/TomatoHarvesting_NextBestView/nbv_code/nbv_for_local_computer/ros2_ws2_local/install/message_interfaces/include/message_interfaces/message_interfaces
[14.168s] -- Up-to-date: /home/jajayu/TomatoHarvesting_NextBestView/nbv_code/nbv_for_local_computer/ros2_ws2_local/install/message_interfaces/include/message_interfaces/message_interfaces/msg
[14.168s] -- Up-to-date: /home/jajayu/TomatoHarvesting_NextBestView/nbv_code/nbv_for_local_computer/ros2_ws2_local/install/message_interfaces/include/message_interfaces/message_interfaces/msg/detail
[14.168s] -- Installing: /home/jajayu/TomatoHarvesting_NextBestView/nbv_code/nbv_for_local_computer/ros2_ws2_local/install/message_interfaces/include/message_interfaces/message_interfaces/msg/detail/node_status__type_support.c
[14.168s] -- Installing: /home/jajayu/TomatoHarvesting_NextBestView/nbv_code/nbv_for_local_computer/ros2_ws2_local/install/message_interfaces/include/message_interfaces/message_interfaces/msg/detail/bounding_box__rosidl_typesupport_introspection_c.h
[14.168s] -- Installing: /home/jajayu/TomatoHarvesting_NextBestView/nbv_code/nbv_for_local_computer/ros2_ws2_local/install/message_interfaces/include/message_interfaces/message_interfaces/msg/detail/node_status__rosidl_typesupport_introspection_c.h
[14.169s] -- Installing: /home/jajayu/TomatoHarvesting_NextBestView/nbv_code/nbv_for_local_computer/ros2_ws2_local/install/message_interfaces/include/message_interfaces/message_interfaces/msg/detail/bounding_box__type_support.c
[14.169s] -- Installing: /home/jajayu/TomatoHarvesting_NextBestView/nbv_code/nbv_for_local_computer/ros2_ws2_local/install/message_interfaces/include/message_interfaces/message_interfaces/msg/rosidl_typesupport_introspection_c__visibility_control.h
[14.169s] -- Installing: /home/jajayu/TomatoHarvesting_NextBestView/nbv_code/nbv_for_local_computer/ros2_ws2_local/install/message_interfaces/lib/libmessage_interfaces__rosidl_typesupport_introspection_c.so
[14.169s] -- Set non-toolchain portion of runtime path of "/home/jajayu/TomatoHarvesting_NextBestView/nbv_code/nbv_for_local_computer/ros2_ws2_local/install/message_interfaces/lib/libmessage_interfaces__rosidl_typesupport_introspection_c.so" to ""
[14.169s] -- Installing: /home/jajayu/TomatoHarvesting_NextBestView/nbv_code/nbv_for_local_computer/ros2_ws2_local/install/message_interfaces/lib/libmessage_interfaces__rosidl_typesupport_c.so
[14.170s] -- Set non-toolchain portion of runtime path of "/home/jajayu/TomatoHarvesting_NextBestView/nbv_code/nbv_for_local_computer/ros2_ws2_local/install/message_interfaces/lib/libmessage_interfaces__rosidl_typesupport_c.so" to ""
[14.170s] -- Up-to-date: /home/jajayu/TomatoHarvesting_NextBestView/nbv_code/nbv_for_local_computer/ros2_ws2_local/install/message_interfaces/include/message_interfaces/message_interfaces
[14.171s] -- Up-to-date: /home/jajayu/TomatoHarvesting_NextBestView/nbv_code/nbv_for_local_computer/ros2_ws2_local/install/message_interfaces/include/message_interfaces/message_interfaces/msg
[14.171s] -- Installing: /home/jajayu/TomatoHarvesting_NextBestView/nbv_code/nbv_for_local_computer/ros2_ws2_local/install/message_interfaces/include/message_interfaces/message_interfaces/msg/bounding_box.hpp
[14.171s] -- Up-to-date: /home/jajayu/TomatoHarvesting_NextBestView/nbv_code/nbv_for_local_computer/ros2_ws2_local/install/message_interfaces/include/message_interfaces/message_interfaces/msg/detail
[14.172s] -- Installing: /home/jajayu/TomatoHarvesting_NextBestView/nbv_code/nbv_for_local_computer/ros2_ws2_local/install/message_interfaces/include/message_interfaces/message_interfaces/msg/detail/bounding_box__builder.hpp
[14.172s] -- Installing: /home/jajayu/TomatoHarvesting_NextBestView/nbv_code/nbv_for_local_computer/ros2_ws2_local/install/message_interfaces/include/message_interfaces/message_interfaces/msg/detail/node_status__traits.hpp
[14.173s] -- Installing: /home/jajayu/TomatoHarvesting_NextBestView/nbv_code/nbv_for_local_computer/ros2_ws2_local/install/message_interfaces/include/message_interfaces/message_interfaces/msg/detail/node_status__builder.hpp
[14.174s] -- Installing: /home/jajayu/TomatoHarvesting_NextBestView/nbv_code/nbv_for_local_computer/ros2_ws2_local/install/message_interfaces/include/message_interfaces/message_interfaces/msg/detail/bounding_box__struct.hpp
[14.174s] -- Installing: /home/jajayu/TomatoHarvesting_NextBestView/nbv_code/nbv_for_local_computer/ros2_ws2_local/install/message_interfaces/include/message_interfaces/message_interfaces/msg/detail/bounding_box__traits.hpp
[14.174s] -- Installing: /home/jajayu/TomatoHarvesting_NextBestView/nbv_code/nbv_for_local_computer/ros2_ws2_local/install/message_interfaces/include/message_interfaces/message_interfaces/msg/detail/node_status__struct.hpp
[14.174s] -- Installing: /home/jajayu/TomatoHarvesting_NextBestView/nbv_code/nbv_for_local_computer/ros2_ws2_local/install/message_interfaces/include/message_interfaces/message_interfaces/msg/node_status.hpp
[14.175s] -- Up-to-date: /home/jajayu/TomatoHarvesting_NextBestView/nbv_code/nbv_for_local_computer/ros2_ws2_local/install/message_interfaces/include/message_interfaces/message_interfaces
[14.175s] -- Up-to-date: /home/jajayu/TomatoHarvesting_NextBestView/nbv_code/nbv_for_local_computer/ros2_ws2_local/install/message_interfaces/include/message_interfaces/message_interfaces/msg
[14.175s] -- Up-to-date: /home/jajayu/TomatoHarvesting_NextBestView/nbv_code/nbv_for_local_computer/ros2_ws2_local/install/message_interfaces/include/message_interfaces/message_interfaces/msg/detail
[14.175s] -- Installing: /home/jajayu/TomatoHarvesting_NextBestView/nbv_code/nbv_for_local_computer/ros2_ws2_local/install/message_interfaces/include/message_interfaces/message_interfaces/msg/detail/bounding_box__rosidl_typesupport_fastrtps_cpp.hpp
[14.175s] -- Installing: /home/jajayu/TomatoHarvesting_NextBestView/nbv_code/nbv_for_local_computer/ros2_ws2_local/install/message_interfaces/include/message_interfaces/message_interfaces/msg/detail/dds_fastrtps
[14.176s] -- Installing: /home/jajayu/TomatoHarvesting_NextBestView/nbv_code/nbv_for_local_computer/ros2_ws2_local/install/message_interfaces/include/message_interfaces/message_interfaces/msg/detail/node_status__rosidl_typesupport_fastrtps_cpp.hpp
[14.176s] -- Installing: /home/jajayu/TomatoHarvesting_NextBestView/nbv_code/nbv_for_local_computer/ros2_ws2_local/install/message_interfaces/include/message_interfaces/message_interfaces/msg/rosidl_typesupport_fastrtps_cpp__visibility_control.h
[14.176s] -- Installing: /home/jajayu/TomatoHarvesting_NextBestView/nbv_code/nbv_for_local_computer/ros2_ws2_local/install/message_interfaces/lib/libmessage_interfaces__rosidl_typesupport_fastrtps_cpp.so
[14.177s] -- Set non-toolchain portion of runtime path of "/home/jajayu/TomatoHarvesting_NextBestView/nbv_code/nbv_for_local_computer/ros2_ws2_local/install/message_interfaces/lib/libmessage_interfaces__rosidl_typesupport_fastrtps_cpp.so" to ""
[14.178s] -- Up-to-date: /home/jajayu/TomatoHarvesting_NextBestView/nbv_code/nbv_for_local_computer/ros2_ws2_local/install/message_interfaces/include/message_interfaces/message_interfaces
[14.179s] -- Up-to-date: /home/jajayu/TomatoHarvesting_NextBestView/nbv_code/nbv_for_local_computer/ros2_ws2_local/install/message_interfaces/include/message_interfaces/message_interfaces/msg
[14.179s] -- Up-to-date: /home/jajayu/TomatoHarvesting_NextBestView/nbv_code/nbv_for_local_computer/ros2_ws2_local/install/message_interfaces/include/message_interfaces/message_interfaces/msg/detail
[14.179s] -- Installing: /home/jajayu/TomatoHarvesting_NextBestView/nbv_code/nbv_for_local_computer/ros2_ws2_local/install/message_interfaces/include/message_interfaces/message_interfaces/msg/detail/bounding_box__rosidl_typesupport_introspection_cpp.hpp
[14.179s] -- Installing: /home/jajayu/TomatoHarvesting_NextBestView/nbv_code/nbv_for_local_computer/ros2_ws2_local/install/message_interfaces/include/message_interfaces/message_interfaces/msg/detail/node_status__type_support.cpp
[14.180s] -- Installing: /home/jajayu/TomatoHarvesting_NextBestView/nbv_code/nbv_for_local_computer/ros2_ws2_local/install/message_interfaces/include/message_interfaces/message_interfaces/msg/detail/bounding_box__type_support.cpp
[14.180s] -- Installing: /home/jajayu/TomatoHarvesting_NextBestView/nbv_code/nbv_for_local_computer/ros2_ws2_local/install/message_interfaces/include/message_interfaces/message_interfaces/msg/detail/node_status__rosidl_typesupport_introspection_cpp.hpp
[14.180s] -- Installing: /home/jajayu/TomatoHarvesting_NextBestView/nbv_code/nbv_for_local_computer/ros2_ws2_local/install/message_interfaces/lib/libmessage_interfaces__rosidl_typesupport_introspection_cpp.so
[14.180s] -- Set non-toolchain portion of runtime path of "/home/jajayu/TomatoHarvesting_NextBestView/nbv_code/nbv_for_local_computer/ros2_ws2_local/install/message_interfaces/lib/libmessage_interfaces__rosidl_typesupport_introspection_cpp.so" to ""
[14.180s] -- Installing: /home/jajayu/TomatoHarvesting_NextBestView/nbv_code/nbv_for_local_computer/ros2_ws2_local/install/message_interfaces/lib/libmessage_interfaces__rosidl_typesupport_cpp.so
[14.181s] -- Set non-toolchain portion of runtime path of "/home/jajayu/TomatoHarvesting_NextBestView/nbv_code/nbv_for_local_computer/ros2_ws2_local/install/message_interfaces/lib/libmessage_interfaces__rosidl_typesupport_cpp.so" to ""
[14.181s] -- Installing: /home/jajayu/TomatoHarvesting_NextBestView/nbv_code/nbv_for_local_computer/ros2_ws2_local/install/message_interfaces/share/message_interfaces/environment/pythonpath.sh
[14.181s] -- Installing: /home/jajayu/TomatoHarvesting_NextBestView/nbv_code/nbv_for_local_computer/ros2_ws2_local/install/message_interfaces/share/message_interfaces/environment/pythonpath.dsv
[14.181s] -- Installing: /home/jajayu/TomatoHarvesting_NextBestView/nbv_code/nbv_for_local_computer/ros2_ws2_local/install/message_interfaces/local/lib/python3.10/dist-packages/message_interfaces-0.0.0-py3.10.egg-info
[14.181s] -- Installing: /home/jajayu/TomatoHarvesting_NextBestView/nbv_code/nbv_for_local_computer/ros2_ws2_local/install/message_interfaces/local/lib/python3.10/dist-packages/message_interfaces-0.0.0-py3.10.egg-info/PKG-INFO
[14.182s] -- Installing: /home/jajayu/TomatoHarvesting_NextBestView/nbv_code/nbv_for_local_computer/ros2_ws2_local/install/message_interfaces/local/lib/python3.10/dist-packages/message_interfaces-0.0.0-py3.10.egg-info/dependency_links.txt
[14.182s] -- Installing: /home/jajayu/TomatoHarvesting_NextBestView/nbv_code/nbv_for_local_computer/ros2_ws2_local/install/message_interfaces/local/lib/python3.10/dist-packages/message_interfaces-0.0.0-py3.10.egg-info/SOURCES.txt
[14.182s] -- Installing: /home/jajayu/TomatoHarvesting_NextBestView/nbv_code/nbv_for_local_computer/ros2_ws2_local/install/message_interfaces/local/lib/python3.10/dist-packages/message_interfaces-0.0.0-py3.10.egg-info/top_level.txt
[14.182s] -- Installing: /home/jajayu/TomatoHarvesting_NextBestView/nbv_code/nbv_for_local_computer/ros2_ws2_local/install/message_interfaces/local/lib/python3.10/dist-packages/message_interfaces
[14.183s] -- Installing: /home/jajayu/TomatoHarvesting_NextBestView/nbv_code/nbv_for_local_computer/ros2_ws2_local/install/message_interfaces/local/lib/python3.10/dist-packages/message_interfaces/message_interfaces_s__rosidl_typesupport_c.cpython-310-x86_64-linux-gnu.so
[14.184s] -- Installing: /home/jajayu/TomatoHarvesting_NextBestView/nbv_code/nbv_for_local_computer/ros2_ws2_local/install/message_interfaces/local/lib/python3.10/dist-packages/message_interfaces/message_interfaces_s__rosidl_typesupport_fastrtps_c.cpython-310-x86_64-linux-gnu.so
[14.184s] -- Installing: /home/jajayu/TomatoHarvesting_NextBestView/nbv_code/nbv_for_local_computer/ros2_ws2_local/install/message_interfaces/local/lib/python3.10/dist-packages/message_interfaces/_message_interfaces_s.ep.rosidl_typesupport_fastrtps_c.c
[14.185s] -- Installing: /home/jajayu/TomatoHarvesting_NextBestView/nbv_code/nbv_for_local_computer/ros2_ws2_local/install/message_interfaces/local/lib/python3.10/dist-packages/message_interfaces/_message_interfaces_s.ep.rosidl_typesupport_introspection_c.c
[14.186s] -- Installing: /home/jajayu/TomatoHarvesting_NextBestView/nbv_code/nbv_for_local_computer/ros2_ws2_local/install/message_interfaces/local/lib/python3.10/dist-packages/message_interfaces/message_interfaces_s__rosidl_typesupport_introspection_c.cpython-310-x86_64-linux-gnu.so
[14.186s] -- Installing: /home/jajayu/TomatoHarvesting_NextBestView/nbv_code/nbv_for_local_computer/ros2_ws2_local/install/message_interfaces/local/lib/python3.10/dist-packages/message_interfaces/_message_interfaces_s.ep.rosidl_typesupport_c.c
[14.186s] -- Installing: /home/jajayu/TomatoHarvesting_NextBestView/nbv_code/nbv_for_local_computer/ros2_ws2_local/install/message_interfaces/local/lib/python3.10/dist-packages/message_interfaces/libmessage_interfaces__rosidl_generator_py.so
[14.186s] -- Installing: /home/jajayu/TomatoHarvesting_NextBestView/nbv_code/nbv_for_local_computer/ros2_ws2_local/install/message_interfaces/local/lib/python3.10/dist-packages/message_interfaces/msg
[14.190s] -- Installing: /home/jajayu/TomatoHarvesting_NextBestView/nbv_code/nbv_for_local_computer/ros2_ws2_local/install/message_interfaces/local/lib/python3.10/dist-packages/message_interfaces/msg/_bounding_box_s.c
[14.190s] -- Installing: /home/jajayu/TomatoHarvesting_NextBestView/nbv_code/nbv_for_local_computer/ros2_ws2_local/install/message_interfaces/local/lib/python3.10/dist-packages/message_interfaces/msg/_node_status_s.c
[14.190s] -- Installing: /home/jajayu/TomatoHarvesting_NextBestView/nbv_code/nbv_for_local_computer/ros2_ws2_local/install/message_interfaces/local/lib/python3.10/dist-packages/message_interfaces/msg/_bounding_box.py
[14.190s] -- Installing: /home/jajayu/TomatoHarvesting_NextBestView/nbv_code/nbv_for_local_computer/ros2_ws2_local/install/message_interfaces/local/lib/python3.10/dist-packages/message_interfaces/msg/__init__.py
[14.190s] -- Installing: /home/jajayu/TomatoHarvesting_NextBestView/nbv_code/nbv_for_local_computer/ros2_ws2_local/install/message_interfaces/local/lib/python3.10/dist-packages/message_interfaces/msg/_node_status.py
[14.190s] -- Installing: /home/jajayu/TomatoHarvesting_NextBestView/nbv_code/nbv_for_local_computer/ros2_ws2_local/install/message_interfaces/local/lib/python3.10/dist-packages/message_interfaces/__init__.py
[14.266s] Listing '/home/jajayu/TomatoHarvesting_NextBestView/nbv_code/nbv_for_local_computer/ros2_ws2_local/install/message_interfaces/local/lib/python3.10/dist-packages/message_interfaces'...
[14.266s] Compiling '/home/jajayu/TomatoHarvesting_NextBestView/nbv_code/nbv_for_local_computer/ros2_ws2_local/install/message_interfaces/local/lib/python3.10/dist-packages/message_interfaces/__init__.py'...
[14.267s] Listing '/home/jajayu/TomatoHarvesting_NextBestView/nbv_code/nbv_for_local_computer/ros2_ws2_local/install/message_interfaces/local/lib/python3.10/dist-packages/message_interfaces/msg'...
[14.267s] Compiling '/home/jajayu/TomatoHarvesting_NextBestView/nbv_code/nbv_for_local_computer/ros2_ws2_local/install/message_interfaces/local/lib/python3.10/dist-packages/message_interfaces/msg/__init__.py'...
[14.267s] Compiling '/home/jajayu/TomatoHarvesting_NextBestView/nbv_code/nbv_for_local_computer/ros2_ws2_local/install/message_interfaces/local/lib/python3.10/dist-packages/message_interfaces/msg/_bounding_box.py'...
[14.267s] Compiling '/home/jajayu/TomatoHarvesting_NextBestView/nbv_code/nbv_for_local_computer/ros2_ws2_local/install/message_interfaces/local/lib/python3.10/dist-packages/message_interfaces/msg/_node_status.py'...
[14.276s] -- Installing: /home/jajayu/TomatoHarvesting_NextBestView/nbv_code/nbv_for_local_computer/ros2_ws2_local/install/message_interfaces/local/lib/python3.10/dist-packages/message_interfaces/message_interfaces_s__rosidl_typesupport_fastrtps_c.cpython-310-x86_64-linux-gnu.so
[14.276s] -- Set non-toolchain portion of runtime path of "/home/jajayu/TomatoHarvesting_NextBestView/nbv_code/nbv_for_local_computer/ros2_ws2_local/install/message_interfaces/local/lib/python3.10/dist-packages/message_interfaces/message_interfaces_s__rosidl_typesupport_fastrtps_c.cpython-310-x86_64-linux-gnu.so" to ""
[14.276s] -- Installing: /home/jajayu/TomatoHarvesting_NextBestView/nbv_code/nbv_for_local_computer/ros2_ws2_local/install/message_interfaces/local/lib/python3.10/dist-packages/message_interfaces/message_interfaces_s__rosidl_typesupport_introspection_c.cpython-310-x86_64-linux-gnu.so
[14.276s] -- Set non-toolchain portion of runtime path of "/home/jajayu/TomatoHarvesting_NextBestView/nbv_code/nbv_for_local_computer/ros2_ws2_local/install/message_interfaces/local/lib/python3.10/dist-packages/message_interfaces/message_interfaces_s__rosidl_typesupport_introspection_c.cpython-310-x86_64-linux-gnu.so" to ""
[14.276s] -- Installing: /home/jajayu/TomatoHarvesting_NextBestView/nbv_code/nbv_for_local_computer/ros2_ws2_local/install/message_interfaces/local/lib/python3.10/dist-packages/message_interfaces/message_interfaces_s__rosidl_typesupport_c.cpython-310-x86_64-linux-gnu.so
[14.276s] -- Set non-toolchain portion of runtime path of "/home/jajayu/TomatoHarvesting_NextBestView/nbv_code/nbv_for_local_computer/ros2_ws2_local/install/message_interfaces/local/lib/python3.10/dist-packages/message_interfaces/message_interfaces_s__rosidl_typesupport_c.cpython-310-x86_64-linux-gnu.so" to ""
[14.277s] -- Installing: /home/jajayu/TomatoHarvesting_NextBestView/nbv_code/nbv_for_local_computer/ros2_ws2_local/install/message_interfaces/lib/libmessage_interfaces__rosidl_generator_py.so
[14.278s] -- Set non-toolchain portion of runtime path of "/home/jajayu/TomatoHarvesting_NextBestView/nbv_code/nbv_for_local_computer/ros2_ws2_local/install/message_interfaces/lib/libmessage_interfaces__rosidl_generator_py.so" to ""
[14.278s] -- Installing: /home/jajayu/TomatoHarvesting_NextBestView/nbv_code/nbv_for_local_computer/ros2_ws2_local/install/message_interfaces/share/message_interfaces/msg/BoundingBox.idl
[14.278s] -- Installing: /home/jajayu/TomatoHarvesting_NextBestView/nbv_code/nbv_for_local_computer/ros2_ws2_local/install/message_interfaces/share/message_interfaces/msg/NodeStatus.idl
[14.278s] -- Installing: /home/jajayu/TomatoHarvesting_NextBestView/nbv_code/nbv_for_local_computer/ros2_ws2_local/install/message_interfaces/share/message_interfaces/msg/BoundingBox.msg
[14.278s] -- Installing: /home/jajayu/TomatoHarvesting_NextBestView/nbv_code/nbv_for_local_computer/ros2_ws2_local/install/message_interfaces/share/message_interfaces/msg/NodeStatus.msg
[14.279s] -- Installing: /home/jajayu/TomatoHarvesting_NextBestView/nbv_code/nbv_for_local_computer/ros2_ws2_local/install/message_interfaces/share/ament_index/resource_index/package_run_dependencies/message_interfaces
[14.279s] -- Installing: /home/jajayu/TomatoHarvesting_NextBestView/nbv_code/nbv_for_local_computer/ros2_ws2_local/install/message_interfaces/share/ament_index/resource_index/parent_prefix_path/message_interfaces
[14.280s] -- Installing: /home/jajayu/TomatoHarvesting_NextBestView/nbv_code/nbv_for_local_computer/ros2_ws2_local/install/message_interfaces/share/message_interfaces/environment/ament_prefix_path.sh
[14.280s] -- Installing: /home/jajayu/TomatoHarvesting_NextBestView/nbv_code/nbv_for_local_computer/ros2_ws2_local/install/message_interfaces/share/message_interfaces/environment/ament_prefix_path.dsv
[14.280s] -- Installing: /home/jajayu/TomatoHarvesting_NextBestView/nbv_code/nbv_for_local_computer/ros2_ws2_local/install/message_interfaces/share/message_interfaces/environment/path.sh
[14.283s] -- Installing: /home/jajayu/TomatoHarvesting_NextBestView/nbv_code/nbv_for_local_computer/ros2_ws2_local/install/message_interfaces/share/message_interfaces/environment/path.dsv
[14.283s] -- Installing: /home/jajayu/TomatoHarvesting_NextBestView/nbv_code/nbv_for_local_computer/ros2_ws2_local/install/message_interfaces/share/message_interfaces/local_setup.bash
[14.285s] -- Installing: /home/jajayu/TomatoHarvesting_NextBestView/nbv_code/nbv_for_local_computer/ros2_ws2_local/install/message_interfaces/share/message_interfaces/local_setup.sh
[14.285s] -- Installing: /home/jajayu/TomatoHarvesting_NextBestView/nbv_code/nbv_for_local_computer/ros2_ws2_local/install/message_interfaces/share/message_interfaces/local_setup.zsh
[14.286s] -- Installing: /home/jajayu/TomatoHarvesting_NextBestView/nbv_code/nbv_for_local_computer/ros2_ws2_local/install/message_interfaces/share/message_interfaces/local_setup.dsv
[14.286s] -- Installing: /home/jajayu/TomatoHarvesting_NextBestView/nbv_code/nbv_for_local_computer/ros2_ws2_local/install/message_interfaces/share/message_interfaces/package.dsv
[14.286s] -- Installing: /home/jajayu/TomatoHarvesting_NextBestView/nbv_code/nbv_for_local_computer/ros2_ws2_local/install/message_interfaces/share/ament_index/resource_index/packages/message_interfaces
[14.286s] -- Installing: /home/jajayu/TomatoHarvesting_NextBestView/nbv_code/nbv_for_local_computer/ros2_ws2_local/install/message_interfaces/share/message_interfaces/cmake/export_message_interfaces__rosidl_generator_cExport.cmake
[14.287s] -- Installing: /home/jajayu/TomatoHarvesting_NextBestView/nbv_code/nbv_for_local_computer/ros2_ws2_local/install/message_interfaces/share/message_interfaces/cmake/export_message_interfaces__rosidl_generator_cExport-noconfig.cmake
[14.287s] -- Installing: /home/jajayu/TomatoHarvesting_NextBestView/nbv_code/nbv_for_local_computer/ros2_ws2_local/install/message_interfaces/share/message_interfaces/cmake/export_message_interfaces__rosidl_typesupport_fastrtps_cExport.cmake
[14.288s] -- Installing: /home/jajayu/TomatoHarvesting_NextBestView/nbv_code/nbv_for_local_computer/ros2_ws2_local/install/message_interfaces/share/message_interfaces/cmake/export_message_interfaces__rosidl_typesupport_fastrtps_cExport-noconfig.cmake
[14.288s] -- Installing: /home/jajayu/TomatoHarvesting_NextBestView/nbv_code/nbv_for_local_computer/ros2_ws2_local/install/message_interfaces/share/message_interfaces/cmake/message_interfaces__rosidl_typesupport_introspection_cExport.cmake
[14.288s] -- Installing: /home/jajayu/TomatoHarvesting_NextBestView/nbv_code/nbv_for_local_computer/ros2_ws2_local/install/message_interfaces/share/message_interfaces/cmake/message_interfaces__rosidl_typesupport_introspection_cExport-noconfig.cmake
[14.288s] -- Installing: /home/jajayu/TomatoHarvesting_NextBestView/nbv_code/nbv_for_local_computer/ros2_ws2_local/install/message_interfaces/share/message_interfaces/cmake/message_interfaces__rosidl_typesupport_cExport.cmake
[14.289s] -- Installing: /home/jajayu/TomatoHarvesting_NextBestView/nbv_code/nbv_for_local_computer/ros2_ws2_local/install/message_interfaces/share/message_interfaces/cmake/message_interfaces__rosidl_typesupport_cExport-noconfig.cmake
[14.289s] -- Installing: /home/jajayu/TomatoHarvesting_NextBestView/nbv_code/nbv_for_local_computer/ros2_ws2_local/install/message_interfaces/share/message_interfaces/cmake/export_message_interfaces__rosidl_generator_cppExport.cmake
[14.289s] -- Installing: /home/jajayu/TomatoHarvesting_NextBestView/nbv_code/nbv_for_local_computer/ros2_ws2_local/install/message_interfaces/share/message_interfaces/cmake/export_message_interfaces__rosidl_typesupport_fastrtps_cppExport.cmake
[14.289s] -- Installing: /home/jajayu/TomatoHarvesting_NextBestView/nbv_code/nbv_for_local_computer/ros2_ws2_local/install/message_interfaces/share/message_interfaces/cmake/export_message_interfaces__rosidl_typesupport_fastrtps_cppExport-noconfig.cmake
[14.289s] -- Installing: /home/jajayu/TomatoHarvesting_NextBestView/nbv_code/nbv_for_local_computer/ros2_ws2_local/install/message_interfaces/share/message_interfaces/cmake/message_interfaces__rosidl_typesupport_introspection_cppExport.cmake
[14.289s] -- Installing: /home/jajayu/TomatoHarvesting_NextBestView/nbv_code/nbv_for_local_computer/ros2_ws2_local/install/message_interfaces/share/message_interfaces/cmake/message_interfaces__rosidl_typesupport_introspection_cppExport-noconfig.cmake
[14.290s] -- Installing: /home/jajayu/TomatoHarvesting_NextBestView/nbv_code/nbv_for_local_computer/ros2_ws2_local/install/message_interfaces/share/message_interfaces/cmake/message_interfaces__rosidl_typesupport_cppExport.cmake
[14.290s] -- Installing: /home/jajayu/TomatoHarvesting_NextBestView/nbv_code/nbv_for_local_computer/ros2_ws2_local/install/message_interfaces/share/message_interfaces/cmake/message_interfaces__rosidl_typesupport_cppExport-noconfig.cmake
[14.290s] -- Installing: /home/jajayu/TomatoHarvesting_NextBestView/nbv_code/nbv_for_local_computer/ros2_ws2_local/install/message_interfaces/share/message_interfaces/cmake/export_message_interfaces__rosidl_generator_pyExport.cmake
[14.290s] -- Installing: /home/jajayu/TomatoHarvesting_NextBestView/nbv_code/nbv_for_local_computer/ros2_ws2_local/install/message_interfaces/share/message_interfaces/cmake/export_message_interfaces__rosidl_generator_pyExport-noconfig.cmake
[14.290s] -- Installing: /home/jajayu/TomatoHarvesting_NextBestView/nbv_code/nbv_for_local_computer/ros2_ws2_local/install/message_interfaces/share/message_interfaces/cmake/rosidl_cmake-extras.cmake
[14.291s] -- Installing: /home/jajayu/TomatoHarvesting_NextBestView/nbv_code/nbv_for_local_computer/ros2_ws2_local/install/message_interfaces/share/message_interfaces/cmake/ament_cmake_export_include_directories-extras.cmake
[14.291s] -- Installing: /home/jajayu/TomatoHarvesting_NextBestView/nbv_code/nbv_for_local_computer/ros2_ws2_local/install/message_interfaces/share/message_interfaces/cmake/ament_cmake_export_libraries-extras.cmake
[14.291s] -- Installing: /home/jajayu/TomatoHarvesting_NextBestView/nbv_code/nbv_for_local_computer/ros2_ws2_local/install/message_interfaces/share/message_interfaces/cmake/ament_cmake_export_targets-extras.cmake
[14.291s] -- Installing: /home/jajayu/TomatoHarvesting_NextBestView/nbv_code/nbv_for_local_computer/ros2_ws2_local/install/message_interfaces/share/message_interfaces/cmake/rosidl_cmake_export_typesupport_targets-extras.cmake
[14.292s] -- Installing: /home/jajayu/TomatoHarvesting_NextBestView/nbv_code/nbv_for_local_computer/ros2_ws2_local/install/message_interfaces/share/message_interfaces/cmake/ament_cmake_export_dependencies-extras.cmake
[14.292s] -- Installing: /home/jajayu/TomatoHarvesting_NextBestView/nbv_code/nbv_for_local_computer/ros2_ws2_local/install/message_interfaces/share/message_interfaces/cmake/rosidl_cmake_export_typesupport_libraries-extras.cmake
[14.292s] -- Installing: /home/jajayu/TomatoHarvesting_NextBestView/nbv_code/nbv_for_local_computer/ros2_ws2_local/install/message_interfaces/share/message_interfaces/cmake/message_interfacesConfig.cmake
[14.293s] -- Installing: /home/jajayu/TomatoHarvesting_NextBestView/nbv_code/nbv_for_local_computer/ros2_ws2_local/install/message_interfaces/share/message_interfaces/cmake/message_interfacesConfig-version.cmake
[14.293s] -- Installing: /home/jajayu/TomatoHarvesting_NextBestView/nbv_code/nbv_for_local_computer/ros2_ws2_local/install/message_interfaces/share/message_interfaces/package.xml
[14.319s] Invoked command in '/home/jajayu/TomatoHarvesting_NextBestView/nbv_code/nbv_for_local_computer/ros2_ws2_local/build/message_interfaces' returned '0': CMAKE_PREFIX_PATH=${CMAKE_PREFIX_PATH}:/home/jajayu/TomatoHarvesting_NextBestView/nbv_code/nbv_for_local_computer/ros2_ws2_local/install/my_robot_arm:/home/jajayu/TomatoHarvesting_NextBestView/nbv_code/ros2_ws2/install/my_robot_nbv:/home/jajayu/TomatoHarvesting_NextBestView/nbv_code/ros2_ws2/install/my_robot_cam:/home/jajayu/TomatoHarvesting_NextBestView/nbv_code/ros2_ws2/install/my_robot_arm:/opt/ros/humble /home/jajayu/.local/bin/cmake --install /home/jajayu/TomatoHarvesting_NextBestView/nbv_code/nbv_for_local_computer/ros2_ws2_local/build/message_interfaces
