[35m[1mConsolidate compiler generated dependencies of target SdfModel[0m
[ 50%] Built target nbvc_ray_generation
[ 75%] [32mBuilding CXX object CMakeFiles/SdfModel.dir/src/SdfModel.cpp.o[0m
[01m[K/home/jajayu/TomatoHarvesting_NextBestView/nbv_code/ros2_ws2/src/my_robot_nbv_cmake/src/SdfModel.cpp:[m[K In member function ‘[01m[Kvoid MeshProcessor::LoadMesh()[m[K’:
[01m[K/home/jajayu/TomatoHarvesting_NextBestView/nbv_code/ros2_ws2/src/my_robot_nbv_cmake/src/SdfModel.cpp:41:63:[m[K [01;31m[Kerror: [m[Kno match for ‘[01m[Koperator=[m[K’ (operand types are ‘[01m[Kopen3d::t::geometry::TriangleMesh[m[K’ and ‘[01m[Kstd::shared_ptr<open3d::geometry::TriangleMesh>[m[K’)
   41 |         mesh0_ = open3d::io::CreateMeshFromFile(ply_file_path_[01;31m[K)[m[K;
      |                                                               [01;31m[K^[m[K
In file included from [01m[K/home/jajayu/open3d_install/include/open3d/t/geometry/PointCloud.h:24[m[K,
                 from [01m[K/home/jajayu/open3d_install/include/open3d/Open3D.h:70[m[K,
                 from [01m[K/home/jajayu/TomatoHarvesting_NextBestView/nbv_code/ros2_ws2/src/my_robot_nbv_cmake/src/SdfModel.cpp:1[m[K:
[01m[K/home/jajayu/open3d_install/include/open3d/t/geometry/TriangleMesh.h:94:7:[m[K [01;36m[Knote: [m[Kcandidate: ‘[01m[Kopen3d::t::geometry::TriangleMesh& open3d::t::geometry::TriangleMesh::operator=(const open3d::t::geometry::TriangleMesh&)[m[K’
   94 | class [01;36m[KTriangleMesh[m[K : public Geometry, public DrawableGeometry {
      |       [01;36m[K^~~~~~~~~~~~[m[K
[01m[K/home/jajayu/open3d_install/include/open3d/t/geometry/TriangleMesh.h:94:7:[m[K [01;36m[Knote: [m[K  no known conversion for argument 1 from ‘[01m[Kstd::shared_ptr<open3d::geometry::TriangleMesh>[m[K’ to ‘[01m[Kconst open3d::t::geometry::TriangleMesh&[m[K’
[01m[K/home/jajayu/TomatoHarvesting_NextBestView/nbv_code/ros2_ws2/src/my_robot_nbv_cmake/src/SdfModel.cpp:44:28:[m[K [01;31m[Kerror: [m[Kbase operand of ‘[01m[K->[m[K’ has non-pointer type ‘[01m[Kopen3d::t::geometry::TriangleMesh[m[K’
   44 |         if (mesh_ && !mesh_[01;31m[K->[m[KIsEmpty()) {  // Check if the point cloud is not empty
      |                            [01;31m[K^~[m[K
gmake[2]: *** [CMakeFiles/SdfModel.dir/build.make:76: CMakeFiles/SdfModel.dir/src/SdfModel.cpp.o] Error 1
gmake[1]: *** [CMakeFiles/Makefile2:165: CMakeFiles/SdfModel.dir/all] Error 2
gmake: *** [Makefile:146: all] Error 2
