[0.019s] Invoking command in '/home/jajayu/TomatoHarvesting_NextBestView/nbv_code/ros2_ws2/build/my_robot_nbv_cmake': CMAKE_PREFIX_PATH=${CMAKE_PREFIX_PATH}:/home/jajayu/TomatoHarvesting_NextBestView/nbv_code/ros2_ws2/install/my_robot_nbv:/home/jajayu/TomatoHarvesting_NextBestView/nbv_code/ros2_ws2/install/my_robot_cam:/home/jajayu/ros2_ws/install/webots_ros2_tests:/home/jajayu/ros2_ws/install/webots_ros2:/home/jajayu/ros2_ws/install/pcd_demo:/home/jajayu/ros2_ws/install/my_robot_controller:/home/jajayu/ros2_ws/install/my_robot_cam:/home/jajayu/ros2_ws/install/gazebo_tutorial:/opt/ros/humble /home/jajayu/.local/bin/cmake --build /home/jajayu/TomatoHarvesting_NextBestView/nbv_code/ros2_ws2/build/my_robot_nbv_cmake -- -j8 -l8
[0.170s] [35m[1mConsolidate compiler generated dependencies of target SdfModel[0m
[0.184s] [ 50%] Built target nbvc_ray_generation
[0.189s] [ 75%] [32mBuilding CXX object CMakeFiles/SdfModel.dir/src/SdfModel.cpp.o[0m
[6.146s] [01m[K/home/jajayu/TomatoHarvesting_NextBestView/nbv_code/ros2_ws2/src/my_robot_nbv_cmake/src/SdfModel.cpp:[m[K In member function ‘[01m[Kvoid MeshProcessor::LoadMesh()[m[K’:
[6.147s] [01m[K/home/jajayu/TomatoHarvesting_NextBestView/nbv_code/ros2_ws2/src/my_robot_nbv_cmake/src/SdfModel.cpp:41:63:[m[K [01;31m[Kerror: [m[Kno match for ‘[01m[Koperator=[m[K’ (operand types are ‘[01m[Kopen3d::t::geometry::TriangleMesh[m[K’ and ‘[01m[Kstd::shared_ptr<open3d::geometry::TriangleMesh>[m[K’)
[6.147s]    41 |         mesh0_ = open3d::io::CreateMeshFromFile(ply_file_path_[01;31m[K)[m[K;
[6.147s]       |                                                               [01;31m[K^[m[K
[6.147s] In file included from [01m[K/home/jajayu/open3d_install/include/open3d/t/geometry/PointCloud.h:24[m[K,
[6.147s]                  from [01m[K/home/jajayu/open3d_install/include/open3d/Open3D.h:70[m[K,
[6.147s]                  from [01m[K/home/jajayu/TomatoHarvesting_NextBestView/nbv_code/ros2_ws2/src/my_robot_nbv_cmake/src/SdfModel.cpp:1[m[K:
[6.147s] [01m[K/home/jajayu/open3d_install/include/open3d/t/geometry/TriangleMesh.h:94:7:[m[K [01;36m[Knote: [m[Kcandidate: ‘[01m[Kopen3d::t::geometry::TriangleMesh& open3d::t::geometry::TriangleMesh::operator=(const open3d::t::geometry::TriangleMesh&)[m[K’
[6.147s]    94 | class [01;36m[KTriangleMesh[m[K : public Geometry, public DrawableGeometry {
[6.148s]       |       [01;36m[K^~~~~~~~~~~~[m[K
[6.148s] [01m[K/home/jajayu/open3d_install/include/open3d/t/geometry/TriangleMesh.h:94:7:[m[K [01;36m[Knote: [m[K  no known conversion for argument 1 from ‘[01m[Kstd::shared_ptr<open3d::geometry::TriangleMesh>[m[K’ to ‘[01m[Kconst open3d::t::geometry::TriangleMesh&[m[K’
[6.148s] [01m[K/home/jajayu/TomatoHarvesting_NextBestView/nbv_code/ros2_ws2/src/my_robot_nbv_cmake/src/SdfModel.cpp:44:28:[m[K [01;31m[Kerror: [m[Kbase operand of ‘[01m[K->[m[K’ has non-pointer type ‘[01m[Kopen3d::t::geometry::TriangleMesh[m[K’
[6.148s]    44 |         if (mesh_ && !mesh_[01;31m[K->[m[KIsEmpty()) {  // Check if the point cloud is not empty
[6.149s]       |                            [01;31m[K^~[m[K
[8.004s] gmake[2]: *** [CMakeFiles/SdfModel.dir/build.make:76: CMakeFiles/SdfModel.dir/src/SdfModel.cpp.o] Error 1
[8.004s] gmake[1]: *** [CMakeFiles/Makefile2:165: CMakeFiles/SdfModel.dir/all] Error 2
[8.004s] gmake: *** [Makefile:146: all] Error 2
[8.019s] Invoked command in '/home/jajayu/TomatoHarvesting_NextBestView/nbv_code/ros2_ws2/build/my_robot_nbv_cmake' returned '2': CMAKE_PREFIX_PATH=${CMAKE_PREFIX_PATH}:/home/jajayu/TomatoHarvesting_NextBestView/nbv_code/ros2_ws2/install/my_robot_nbv:/home/jajayu/TomatoHarvesting_NextBestView/nbv_code/ros2_ws2/install/my_robot_cam:/home/jajayu/ros2_ws/install/webots_ros2_tests:/home/jajayu/ros2_ws/install/webots_ros2:/home/jajayu/ros2_ws/install/pcd_demo:/home/jajayu/ros2_ws/install/my_robot_controller:/home/jajayu/ros2_ws/install/my_robot_cam:/home/jajayu/ros2_ws/install/gazebo_tutorial:/opt/ros/humble /home/jajayu/.local/bin/cmake --build /home/jajayu/TomatoHarvesting_NextBestView/nbv_code/ros2_ws2/build/my_robot_nbv_cmake -- -j8 -l8
