[0.015s] Invoking command in '/home/jajayu/TomatoHarvesting_NextBestView/nbv_code/ros2_ws2/build/my_robot_nbv_cmake': CMAKE_PREFIX_PATH=${CMAKE_PREFIX_PATH}:/home/jajayu/TomatoHarvesting_NextBestView/nbv_code/ros2_ws2/install/my_robot_nbv:/home/jajayu/TomatoHarvesting_NextBestView/nbv_code/ros2_ws2/install/my_robot_cam:/home/jajayu/ros2_ws/install/webots_ros2_tests:/home/jajayu/ros2_ws/install/webots_ros2:/home/jajayu/ros2_ws/install/pcd_demo:/home/jajayu/ros2_ws/install/my_robot_controller:/home/jajayu/ros2_ws/install/my_robot_cam:/home/jajayu/ros2_ws/install/gazebo_tutorial:/opt/ros/humble /home/jajayu/.local/bin/cmake --build /home/jajayu/TomatoHarvesting_NextBestView/nbv_code/ros2_ws2/build/my_robot_nbv_cmake -- -j8 -l8
[0.135s] -- Found ament_cmake: 1.3.9 (/opt/ros/humble/share/ament_cmake/cmake)
[0.411s] -- Found rclcpp: 16.0.9 (/opt/ros/humble/share/rclcpp/cmake)
[0.453s] -- Found rosidl_generator_c: 3.1.5 (/opt/ros/humble/share/rosidl_generator_c/cmake)
[0.456s] -- Found rosidl_adapter: 3.1.5 (/opt/ros/humble/share/rosidl_adapter/cmake)
[0.464s] -- Found rosidl_generator_cpp: 3.1.5 (/opt/ros/humble/share/rosidl_generator_cpp/cmake)
[0.484s] -- Using all available rosidl_typesupport_c: rosidl_typesupport_fastrtps_c;rosidl_typesupport_introspection_c
[0.507s] -- Using all available rosidl_typesupport_cpp: rosidl_typesupport_fastrtps_cpp;rosidl_typesupport_introspection_cpp
[0.587s] -- Found rmw_implementation_cmake: 6.1.2 (/opt/ros/humble/share/rmw_implementation_cmake/cmake)
[0.590s] -- Found rmw_fastrtps_cpp: 6.2.6 (/opt/ros/humble/share/rmw_fastrtps_cpp/cmake)
[0.760s] -- Using RMW implementation 'rmw_fastrtps_cpp' as default
[0.981s] -- Found sensor_msgs: 4.2.4 (/opt/ros/humble/share/sensor_msgs/cmake)
[1.145s] -- Found octomap_msgs: 2.0.0 (/opt/ros/humble/share/octomap_msgs/cmake)
[1.235s] -- Found visualization_msgs: 4.2.4 (/opt/ros/humble/share/visualization_msgs/cmake)
[1.393s] [0mCMake Deprecation Warning at /home/jajayu/open3d_install/lib/cmake/Open3D/Open3DConfig.cmake:18 (cmake_policy):
[1.393s]   The OLD behavior for policy CMP0072 will be removed from a future version
[1.393s]   of CMake.
[1.393s] 
[1.393s]   The cmake-policies(7) manual explains that the OLD behaviors of all
[1.393s]   policies are deprecated and that a policy should be set to OLD only under
[1.393s]   specific short-term circumstances.  Projects should be ported to the NEW
[1.393s]   behavior and not rely on setting a policy to OLD.
[1.393s] Call Stack (most recent call first):
[1.393s]   CMakeLists.txt:43 (find_package)
[1.393s] 
[1.394s] [0m
[1.394s] -- Found Open3D libraries: Open3D::Open3D;Open3D::Open3D
[1.414s] [31mCMake Error at CMakeLists.txt:166 (install):
[1.414s]   install TARGETS given target "open3d_conversions" which does not exist.
[1.414s] 
[1.414s] [0m
[1.414s] -- Found ament_lint_auto: 0.12.11 (/opt/ros/humble/share/ament_lint_auto/cmake)
[1.513s] -- Added test 'cppcheck' to perform static code analysis on C / C++ code
[1.514s] -- Configured cppcheck include dirs: /home/jajayu/TomatoHarvesting_NextBestView/nbv_code/ros2_ws2/src/my_robot_nbv_cmake/include
[1.514s] -- Configured cppcheck exclude dirs and/or files: 
[1.515s] -- Added test 'lint_cmake' to check CMake code style
[1.516s] -- Added test 'uncrustify' to check C / C++ code style
[1.516s] -- Configured uncrustify additional arguments: 
[1.517s] -- Added test 'xmllint' to check XML markup files
[1.517s] -- Configuring incomplete, errors occurred!
[1.527s] gmake: *** [Makefile:431: cmake_check_build_system] Error 1
[1.542s] Invoked command in '/home/jajayu/TomatoHarvesting_NextBestView/nbv_code/ros2_ws2/build/my_robot_nbv_cmake' returned '2': CMAKE_PREFIX_PATH=${CMAKE_PREFIX_PATH}:/home/jajayu/TomatoHarvesting_NextBestView/nbv_code/ros2_ws2/install/my_robot_nbv:/home/jajayu/TomatoHarvesting_NextBestView/nbv_code/ros2_ws2/install/my_robot_cam:/home/jajayu/ros2_ws/install/webots_ros2_tests:/home/jajayu/ros2_ws/install/webots_ros2:/home/jajayu/ros2_ws/install/pcd_demo:/home/jajayu/ros2_ws/install/my_robot_controller:/home/jajayu/ros2_ws/install/my_robot_cam:/home/jajayu/ros2_ws/install/gazebo_tutorial:/opt/ros/humble /home/jajayu/.local/bin/cmake --build /home/jajayu/TomatoHarvesting_NextBestView/nbv_code/ros2_ws2/build/my_robot_nbv_cmake -- -j8 -l8
