[1.658s] Invoking command in '/home/jajayu/TomatoHarvesting_NextBestView/nbv_code/ros2_ws2/src/my_robot_cam': PYTHONPATH=/home/jajayu/TomatoHarvesting_NextBestView/nbv_code/ros2_ws2/build/my_robot_cam/prefix_override:/usr/lib/python3/dist-packages/colcon_core/task/python/colcon_distutils_commands:/home/jajayu/TomatoHarvesting_NextBestView/nbv_code/ros2_ws2/install/my_robot_cam/lib/python3.10/site-packages:${PYTHONPATH} /usr/bin/python3 -W ignore:setup.py install is deprecated setup.py egg_info --egg-base ../../build/my_robot_cam build --build-base /home/jajayu/TomatoHarvesting_NextBestView/nbv_code/ros2_ws2/build/my_robot_cam/build install --record /home/jajayu/TomatoHarvesting_NextBestView/nbv_code/ros2_ws2/build/my_robot_cam/install.log --single-version-externally-managed install_data
[2.070s] running egg_info
[2.077s] writing ../../build/my_robot_cam/my_robot_cam.egg-info/PKG-INFO
[2.085s] writing dependency_links to ../../build/my_robot_cam/my_robot_cam.egg-info/dependency_links.txt
[2.085s] writing entry points to ../../build/my_robot_cam/my_robot_cam.egg-info/entry_points.txt
[2.085s] writing requirements to ../../build/my_robot_cam/my_robot_cam.egg-info/requires.txt
[2.086s] writing top-level names to ../../build/my_robot_cam/my_robot_cam.egg-info/top_level.txt
[2.099s] reading manifest file '../../build/my_robot_cam/my_robot_cam.egg-info/SOURCES.txt'
[2.103s] writing manifest file '../../build/my_robot_cam/my_robot_cam.egg-info/SOURCES.txt'
[2.104s] running build
[2.104s] running build_py
[2.111s] copying my_robot_cam/cam_cloudrate_transformer.py -> /home/jajayu/TomatoHarvesting_NextBestView/nbv_code/ros2_ws2/build/my_robot_cam/build/lib/my_robot_cam
[2.111s] running install
[2.111s] running install_lib
[2.119s] copying /home/jajayu/TomatoHarvesting_NextBestView/nbv_code/ros2_ws2/build/my_robot_cam/build/lib/my_robot_cam/cam_cloudrate_transformer.py -> /home/jajayu/TomatoHarvesting_NextBestView/nbv_code/ros2_ws2/install/my_robot_cam/lib/python3.10/site-packages/my_robot_cam
[2.120s] byte-compiling /home/jajayu/TomatoHarvesting_NextBestView/nbv_code/ros2_ws2/install/my_robot_cam/lib/python3.10/site-packages/my_robot_cam/cam_cloudrate_transformer.py to cam_cloudrate_transformer.cpython-310.pyc
[2.120s] running install_data
[2.120s] running install_egg_info
[2.124s] removing '/home/jajayu/TomatoHarvesting_NextBestView/nbv_code/ros2_ws2/install/my_robot_cam/lib/python3.10/site-packages/my_robot_cam-0.0.0-py3.10.egg-info' (and everything under it)
[2.129s] Copying ../../build/my_robot_cam/my_robot_cam.egg-info to /home/jajayu/TomatoHarvesting_NextBestView/nbv_code/ros2_ws2/install/my_robot_cam/lib/python3.10/site-packages/my_robot_cam-0.0.0-py3.10.egg-info
[2.129s] running install_scripts
[2.184s] Installing cam_cloudrate_transformer script to /home/jajayu/TomatoHarvesting_NextBestView/nbv_code/ros2_ws2/install/my_robot_cam/lib/my_robot_cam
[2.184s] Installing cam_point_cloud_publisher script to /home/jajayu/TomatoHarvesting_NextBestView/nbv_code/ros2_ws2/install/my_robot_cam/lib/my_robot_cam
[2.184s] writing list of installed files to '/home/jajayu/TomatoHarvesting_NextBestView/nbv_code/ros2_ws2/build/my_robot_cam/install.log'
[2.238s] Invoked command in '/home/jajayu/TomatoHarvesting_NextBestView/nbv_code/ros2_ws2/src/my_robot_cam' returned '0': PYTHONPATH=/home/jajayu/TomatoHarvesting_NextBestView/nbv_code/ros2_ws2/build/my_robot_cam/prefix_override:/usr/lib/python3/dist-packages/colcon_core/task/python/colcon_distutils_commands:/home/jajayu/TomatoHarvesting_NextBestView/nbv_code/ros2_ws2/install/my_robot_cam/lib/python3.10/site-packages:${PYTHONPATH} /usr/bin/python3 -W ignore:setup.py install is deprecated setup.py egg_info --egg-base ../../build/my_robot_cam build --build-base /home/jajayu/TomatoHarvesting_NextBestView/nbv_code/ros2_ws2/build/my_robot_cam/build install --record /home/jajayu/TomatoHarvesting_NextBestView/nbv_code/ros2_ws2/build/my_robot_cam/install.log --single-version-externally-managed install_data
