[0.712s] Invoking command in '/home/jajayu/TomatoHarvesting_NextBestView/nbv_code/ros2_ws2/build/octomap_server2': CMAKE_PREFIX_PATH=${CMAKE_PREFIX_PATH}:/home/jajayu/TomatoHarvesting_NextBestView/nbv_code/ros2_ws2/install/my_robot_nbv:/home/jajayu/TomatoHarvesting_NextBestView/nbv_code/ros2_ws2/install/my_robot_cam:/home/jajayu/ros2_ws/install/webots_ros2_tests:/home/jajayu/ros2_ws/install/webots_ros2:/home/jajayu/ros2_ws/install/pcd_demo:/home/jajayu/ros2_ws/install/my_robot_controller:/home/jajayu/ros2_ws/install/my_robot_cam:/home/jajayu/ros2_ws/install/gazebo_tutorial:/opt/ros/humble /usr/bin/cmake /home/jajayu/TomatoHarvesting_NextBestView/nbv_code/ros2_ws2/src/octomap_server2 -DAMENT_CMAKE_SYMLINK_INSTALL=1 -DCMAKE_INSTALL_PREFIX=/home/jajayu/TomatoHarvesting_NextBestView/nbv_code/ros2_ws2/install/octomap_server2
[0.730s] -- Found ament_cmake: 1.3.9 (/opt/ros/humble/share/ament_cmake/cmake)
[0.888s] -- Override CMake install command with custom implementation using symlinks instead of copying resources
[0.896s] -- Found rclcpp: 16.0.9 (/opt/ros/humble/share/rclcpp/cmake)
[0.942s] -- Found rosidl_generator_c: 3.1.5 (/opt/ros/humble/share/rosidl_generator_c/cmake)
[0.944s] -- Found rosidl_adapter: 3.1.5 (/opt/ros/humble/share/rosidl_adapter/cmake)
[0.951s] -- Found rosidl_generator_cpp: 3.1.5 (/opt/ros/humble/share/rosidl_generator_cpp/cmake)
[0.965s] -- Using all available rosidl_typesupport_c: rosidl_typesupport_fastrtps_c;rosidl_typesupport_introspection_c
[0.989s] -- Using all available rosidl_typesupport_cpp: rosidl_typesupport_fastrtps_cpp;rosidl_typesupport_introspection_cpp
[1.083s] -- Found rmw_implementation_cmake: 6.1.2 (/opt/ros/humble/share/rmw_implementation_cmake/cmake)
[1.087s] -- Found rmw_fastrtps_cpp: 6.2.6 (/opt/ros/humble/share/rmw_fastrtps_cpp/cmake)
[1.259s] -- Using RMW implementation 'rmw_fastrtps_cpp' as default
[1.488s] -- Found rclcpp_components: 16.0.9 (/opt/ros/humble/share/rclcpp_components/cmake)
[1.598s] -- Eigen found (include: /usr/include/eigen3, version: 3.4.0)
[1.638s] -- FLANN found (include: /usr/include, lib: /usr/lib/x86_64-linux-gnu/libflann_cpp.so)
[1.950s] -- Found Eigen3: /usr/include/eigen3 (found version "3.4.0") 
[2.148s] -- OpenNI found (version: 1.5.4.0, include: /usr/include/ni, lib: /usr/lib/libOpenNI.so;libusb::libusb)
[2.156s] -- OpenNI2 found (version: 2.2.0.33, include: /usr/include/openni2, lib: /usr/lib/x86_64-linux-gnu/libOpenNI2.so;libusb::libusb)
[2.157s] [0m** WARNING ** io features related to pcap will be disabled[0m
[2.316s] -- Eigen found (include: /usr/include/eigen3, version: 3.4.0)
[2.324s] -- OpenNI found (version: 1.5.4.0, include: /usr/include/ni, lib: /usr/lib/libOpenNI.so;libusb::libusb)
[2.332s] -- OpenNI2 found (version: 2.2.0.33, include: /usr/include/openni2, lib: /usr/lib/x86_64-linux-gnu/libOpenNI2.so;libusb::libusb)
[2.484s] -- Found Qhull version 8.0.2
[2.650s] -- OpenNI found (version: 1.5.4.0, include: /usr/include/ni, lib: /usr/lib/libOpenNI.so;libusb::libusb)
[2.815s] -- looking for PCL_COMMON
[2.816s] -- looking for PCL_KDTREE
[2.816s] -- looking for PCL_OCTREE
[2.817s] -- looking for PCL_SEARCH
[2.817s] -- looking for PCL_SAMPLE_CONSENSUS
[2.818s] -- looking for PCL_FILTERS
[2.821s] -- looking for PCL_2D
[2.822s] -- looking for PCL_GEOMETRY
[2.822s] -- looking for PCL_IO
[2.824s] -- looking for PCL_FEATURES
[2.826s] -- looking for PCL_ML
[2.828s] -- looking for PCL_SEGMENTATION
[2.828s] -- looking for PCL_VISUALIZATION
[2.829s] -- looking for PCL_SURFACE
[2.830s] -- looking for PCL_REGISTRATION
[2.830s] -- looking for PCL_KEYPOINTS
[2.832s] -- looking for PCL_TRACKING
[2.833s] -- looking for PCL_RECOGNITION
[2.834s] -- looking for PCL_STEREO
[2.834s] -- looking for PCL_APPS
[2.839s] -- looking for PCL_IN_HAND_SCANNER
[2.839s] -- looking for PCL_MODELER
[2.840s] -- looking for PCL_POINT_CLOUD_EDITOR
[2.840s] -- looking for PCL_OUTOFCORE
[2.840s] -- looking for PCL_PEOPLE
[2.840s] -- Found sensor_msgs: 4.2.4 (/opt/ros/humble/share/sensor_msgs/cmake)
[2.978s] -- Found nav_msgs: 4.2.4 (/opt/ros/humble/share/nav_msgs/cmake)
[3.077s] -- Found visualization_msgs: 4.2.4 (/opt/ros/humble/share/visualization_msgs/cmake)
[3.203s] -- Found std_srvs: 4.2.4 (/opt/ros/humble/share/std_srvs/cmake)
[3.218s] -- Found pcl_conversions: 2.6.1 (/home/jajayu/ros2_ws/install/pcl_conversions/share/pcl_conversions/cmake)
[3.324s] -- Found octomap_msgs: 2.0.0 (/opt/ros/humble/share/octomap_msgs/cmake)
[3.408s] -- Found tf2: 0.25.7 (/opt/ros/humble/share/tf2/cmake)
[3.417s] -- Found tf2_ros: 0.25.7 (/opt/ros/humble/share/tf2_ros/cmake)
[3.633s] -- Found tf2_geometry_msgs: 0.25.7 (/opt/ros/humble/share/tf2_geometry_msgs/cmake)
[3.639s] -- Found eigen3_cmake_module: 0.1.1 (/opt/ros/humble/share/eigen3_cmake_module/cmake)
[3.640s] -- Found Eigen3: TRUE (found version "3.4.0") 
[3.641s] -- Ensuring Eigen3 include directory is part of orocos-kdl CMake target
[3.875s] -- Configuring done
[3.905s] -- Generating done
[3.907s] -- Build files have been written to: /home/jajayu/TomatoHarvesting_NextBestView/nbv_code/ros2_ws2/build/octomap_server2
