running egg_info
creating ../../build/my_robot_arm/my_robot_arm.egg-info
writing ../../build/my_robot_arm/my_robot_arm.egg-info/PKG-INFO
writing dependency_links to ../../build/my_robot_arm/my_robot_arm.egg-info/dependency_links.txt
writing entry points to ../../build/my_robot_arm/my_robot_arm.egg-info/entry_points.txt
writing requirements to ../../build/my_robot_arm/my_robot_arm.egg-info/requires.txt
writing top-level names to ../../build/my_robot_arm/my_robot_arm.egg-info/top_level.txt
writing manifest file '../../build/my_robot_arm/my_robot_arm.egg-info/SOURCES.txt'
reading manifest file '../../build/my_robot_arm/my_robot_arm.egg-info/SOURCES.txt'
writing manifest file '../../build/my_robot_arm/my_robot_arm.egg-info/SOURCES.txt'
running build
running build_py
creating /home/jajayu/TomatoHarvesting_NextBestView/nbv_code/nbv_for_local_computer/ros2_ws2_local/build/my_robot_arm/build
creating /home/jajayu/TomatoHarvesting_NextBestView/nbv_code/nbv_for_local_computer/ros2_ws2_local/build/my_robot_arm/build/lib
creating /home/jajayu/TomatoHarvesting_NextBestView/nbv_code/nbv_for_local_computer/ros2_ws2_local/build/my_robot_arm/build/lib/my_robot_arm
copying my_robot_arm/arm_move_controller.py -> /home/jajayu/TomatoHarvesting_NextBestView/nbv_code/nbv_for_local_computer/ros2_ws2_local/build/my_robot_arm/build/lib/my_robot_arm
copying my_robot_arm/__init__.py -> /home/jajayu/TomatoHarvesting_NextBestView/nbv_code/nbv_for_local_computer/ros2_ws2_local/build/my_robot_arm/build/lib/my_robot_arm
running install
running install_lib
creating /home/jajayu/TomatoHarvesting_NextBestView/nbv_code/nbv_for_local_computer/ros2_ws2_local/install/my_robot_arm/lib/python3.10/site-packages/my_robot_arm
copying /home/jajayu/TomatoHarvesting_NextBestView/nbv_code/nbv_for_local_computer/ros2_ws2_local/build/my_robot_arm/build/lib/my_robot_arm/arm_move_controller.py -> /home/jajayu/TomatoHarvesting_NextBestView/nbv_code/nbv_for_local_computer/ros2_ws2_local/install/my_robot_arm/lib/python3.10/site-packages/my_robot_arm
copying /home/jajayu/TomatoHarvesting_NextBestView/nbv_code/nbv_for_local_computer/ros2_ws2_local/build/my_robot_arm/build/lib/my_robot_arm/__init__.py -> /home/jajayu/TomatoHarvesting_NextBestView/nbv_code/nbv_for_local_computer/ros2_ws2_local/install/my_robot_arm/lib/python3.10/site-packages/my_robot_arm
byte-compiling /home/jajayu/TomatoHarvesting_NextBestView/nbv_code/nbv_for_local_computer/ros2_ws2_local/install/my_robot_arm/lib/python3.10/site-packages/my_robot_arm/arm_move_controller.py to arm_move_controller.cpython-310.pyc
byte-compiling /home/jajayu/TomatoHarvesting_NextBestView/nbv_code/nbv_for_local_computer/ros2_ws2_local/install/my_robot_arm/lib/python3.10/site-packages/my_robot_arm/__init__.py to __init__.cpython-310.pyc
running install_data
creating /home/jajayu/TomatoHarvesting_NextBestView/nbv_code/nbv_for_local_computer/ros2_ws2_local/install/my_robot_arm/share/ament_index
creating /home/jajayu/TomatoHarvesting_NextBestView/nbv_code/nbv_for_local_computer/ros2_ws2_local/install/my_robot_arm/share/ament_index/resource_index
creating /home/jajayu/TomatoHarvesting_NextBestView/nbv_code/nbv_for_local_computer/ros2_ws2_local/install/my_robot_arm/share/ament_index/resource_index/packages
copying resource/my_robot_arm -> /home/jajayu/TomatoHarvesting_NextBestView/nbv_code/nbv_for_local_computer/ros2_ws2_local/install/my_robot_arm/share/ament_index/resource_index/packages
copying package.xml -> /home/jajayu/TomatoHarvesting_NextBestView/nbv_code/nbv_for_local_computer/ros2_ws2_local/install/my_robot_arm/share/my_robot_arm
running install_egg_info
Copying ../../build/my_robot_arm/my_robot_arm.egg-info to /home/jajayu/TomatoHarvesting_NextBestView/nbv_code/nbv_for_local_computer/ros2_ws2_local/install/my_robot_arm/lib/python3.10/site-packages/my_robot_arm-0.0.0-py3.10.egg-info
running install_scripts
Installing arm_move_controller script to /home/jajayu/TomatoHarvesting_NextBestView/nbv_code/nbv_for_local_computer/ros2_ws2_local/install/my_robot_arm/lib/my_robot_arm
writing list of installed files to '/home/jajayu/TomatoHarvesting_NextBestView/nbv_code/nbv_for_local_computer/ros2_ws2_local/build/my_robot_arm/install.log'
