-- Install configuration: ""
-- Up-to-date: /home/jajayu/TomatoHarvesting_NextBestView/nbv_code/ros2_ws2/install/my_bot/share/my_bot/config
-- Up-to-date: /home/jajayu/TomatoHarvesting_NextBestView/nbv_code/ros2_ws2/install/my_bot/share/my_bot/config/empty.yaml
-- Up-to-date: /home/jajayu/TomatoHarvesting_NextBestView/nbv_code/ros2_ws2/install/my_bot/share/my_bot/config/drive_bot.rviz
-- Up-to-date: /home/jajayu/TomatoHarvesting_NextBestView/nbv_code/ros2_ws2/install/my_bot/share/my_bot/config/camera_bot.rviz
-- Up-to-date: /home/jajayu/TomatoHarvesting_NextBestView/nbv_code/ros2_ws2/install/my_bot/share/my_bot/config/view_bot.rviz
-- Up-to-date: /home/jajayu/TomatoHarvesting_NextBestView/nbv_code/ros2_ws2/install/my_bot/share/my_bot/description
-- Up-to-date: /home/jajayu/TomatoHarvesting_NextBestView/nbv_code/ros2_ws2/install/my_bot/share/my_bot/description/camera.xacro
-- Up-to-date: /home/jajayu/TomatoHarvesting_NextBestView/nbv_code/ros2_ws2/install/my_bot/share/my_bot/description/robot_core.xacro
-- Up-to-date: /home/jajayu/TomatoHarvesting_NextBestView/nbv_code/ros2_ws2/install/my_bot/share/my_bot/description/robot.urdf.xacro
-- Up-to-date: /home/jajayu/TomatoHarvesting_NextBestView/nbv_code/ros2_ws2/install/my_bot/share/my_bot/description/gazebo_control.xacro
-- Up-to-date: /home/jajayu/TomatoHarvesting_NextBestView/nbv_code/ros2_ws2/install/my_bot/share/my_bot/description/depth_camera.xacro
-- Up-to-date: /home/jajayu/TomatoHarvesting_NextBestView/nbv_code/ros2_ws2/install/my_bot/share/my_bot/description/inertial_macros.xacro
-- Up-to-date: /home/jajayu/TomatoHarvesting_NextBestView/nbv_code/ros2_ws2/install/my_bot/share/my_bot/launch
-- Up-to-date: /home/jajayu/TomatoHarvesting_NextBestView/nbv_code/ros2_ws2/install/my_bot/share/my_bot/launch/launch_sim.launch.py
-- Up-to-date: /home/jajayu/TomatoHarvesting_NextBestView/nbv_code/ros2_ws2/install/my_bot/share/my_bot/launch/rsp.launch.py
-- Up-to-date: /home/jajayu/TomatoHarvesting_NextBestView/nbv_code/ros2_ws2/install/my_bot/share/my_bot/worlds
-- Up-to-date: /home/jajayu/TomatoHarvesting_NextBestView/nbv_code/ros2_ws2/install/my_bot/share/my_bot/worlds/empty.world
-- Up-to-date: /home/jajayu/TomatoHarvesting_NextBestView/nbv_code/ros2_ws2/install/my_bot/share/my_bot/worlds/tomato_try2.world
-- Up-to-date: /home/jajayu/TomatoHarvesting_NextBestView/nbv_code/ros2_ws2/install/my_bot/share/my_bot/worlds/tomato_plant_set8_fortest_nbv_filter.world
-- Up-to-date: /home/jajayu/TomatoHarvesting_NextBestView/nbv_code/ros2_ws2/install/my_bot/share/my_bot/worlds/tomato_plant_set3.world
-- Up-to-date: /home/jajayu/TomatoHarvesting_NextBestView/nbv_code/ros2_ws2/install/my_bot/share/my_bot/worlds/tomato_plant_set5.world
-- Up-to-date: /home/jajayu/TomatoHarvesting_NextBestView/nbv_code/ros2_ws2/install/my_bot/share/my_bot/worlds/tomato_try.world
-- Up-to-date: /home/jajayu/TomatoHarvesting_NextBestView/nbv_code/ros2_ws2/install/my_bot/share/my_bot/worlds/tomato_try.world/model.sdf
-- Up-to-date: /home/jajayu/TomatoHarvesting_NextBestView/nbv_code/ros2_ws2/install/my_bot/share/my_bot/worlds/tomato_try.world/model.config
-- Up-to-date: /home/jajayu/TomatoHarvesting_NextBestView/nbv_code/ros2_ws2/install/my_bot/share/my_bot/worlds/tomato_plant_set7_fortest_nbv_filter.world
-- Up-to-date: /home/jajayu/TomatoHarvesting_NextBestView/nbv_code/ros2_ws2/install/my_bot/share/my_bot/worlds/tomato_plant_set4.world
-- Up-to-date: /home/jajayu/TomatoHarvesting_NextBestView/nbv_code/ros2_ws2/install/my_bot/share/my_bot/worlds/obstacles.world
-- Up-to-date: /home/jajayu/TomatoHarvesting_NextBestView/nbv_code/ros2_ws2/install/my_bot/share/my_bot/worlds/tomato_plant_set6.world
-- Up-to-date: /home/jajayu/TomatoHarvesting_NextBestView/nbv_code/ros2_ws2/install/my_bot/share/my_bot/worlds/tomato_plantset.world
-- Up-to-date: /home/jajayu/TomatoHarvesting_NextBestView/nbv_code/ros2_ws2/install/my_bot/share/my_bot/worlds/tomato_plant_set2.world
-- Up-to-date: /home/jajayu/TomatoHarvesting_NextBestView/nbv_code/ros2_ws2/install/my_bot/share/ament_index/resource_index/package_run_dependencies/my_bot
-- Up-to-date: /home/jajayu/TomatoHarvesting_NextBestView/nbv_code/ros2_ws2/install/my_bot/share/ament_index/resource_index/parent_prefix_path/my_bot
-- Up-to-date: /home/jajayu/TomatoHarvesting_NextBestView/nbv_code/ros2_ws2/install/my_bot/share/my_bot/environment/ament_prefix_path.sh
-- Up-to-date: /home/jajayu/TomatoHarvesting_NextBestView/nbv_code/ros2_ws2/install/my_bot/share/my_bot/environment/ament_prefix_path.dsv
-- Up-to-date: /home/jajayu/TomatoHarvesting_NextBestView/nbv_code/ros2_ws2/install/my_bot/share/my_bot/environment/path.sh
-- Up-to-date: /home/jajayu/TomatoHarvesting_NextBestView/nbv_code/ros2_ws2/install/my_bot/share/my_bot/environment/path.dsv
-- Up-to-date: /home/jajayu/TomatoHarvesting_NextBestView/nbv_code/ros2_ws2/install/my_bot/share/my_bot/local_setup.bash
-- Up-to-date: /home/jajayu/TomatoHarvesting_NextBestView/nbv_code/ros2_ws2/install/my_bot/share/my_bot/local_setup.sh
-- Up-to-date: /home/jajayu/TomatoHarvesting_NextBestView/nbv_code/ros2_ws2/install/my_bot/share/my_bot/local_setup.zsh
-- Up-to-date: /home/jajayu/TomatoHarvesting_NextBestView/nbv_code/ros2_ws2/install/my_bot/share/my_bot/local_setup.dsv
-- Installing: /home/jajayu/TomatoHarvesting_NextBestView/nbv_code/ros2_ws2/install/my_bot/share/my_bot/package.dsv
-- Up-to-date: /home/jajayu/TomatoHarvesting_NextBestView/nbv_code/ros2_ws2/install/my_bot/share/ament_index/resource_index/packages/my_bot
-- Up-to-date: /home/jajayu/TomatoHarvesting_NextBestView/nbv_code/ros2_ws2/install/my_bot/share/my_bot/cmake/my_botConfig.cmake
-- Up-to-date: /home/jajayu/TomatoHarvesting_NextBestView/nbv_code/ros2_ws2/install/my_bot/share/my_bot/cmake/my_botConfig-version.cmake
-- Up-to-date: /home/jajayu/TomatoHarvesting_NextBestView/nbv_code/ros2_ws2/install/my_bot/share/my_bot/package.xml
