[0.020s] Invoking command in '/home/jajayu/TomatoHarvesting_NextBestView/nbv_code/ros2_ws2/build/my_robot_nbv_cmake': CMAKE_PREFIX_PATH=${CMAKE_PREFIX_PATH}:/home/jajayu/TomatoHarvesting_NextBestView/nbv_code/ros2_ws2/install/my_robot_nbv:/home/jajayu/TomatoHarvesting_NextBestView/nbv_code/ros2_ws2/install/my_robot_cam:/home/jajayu/ros2_ws/install/webots_ros2_tests:/home/jajayu/ros2_ws/install/webots_ros2:/home/jajayu/ros2_ws/install/pcd_demo:/home/jajayu/ros2_ws/install/my_robot_controller:/home/jajayu/ros2_ws/install/my_robot_cam:/home/jajayu/ros2_ws/install/gazebo_tutorial:/opt/ros/humble /home/jajayu/.local/bin/cmake --build /home/jajayu/TomatoHarvesting_NextBestView/nbv_code/ros2_ws2/build/my_robot_nbv_cmake -- -j8 -l8
[0.168s] [ 12%] [32mBuilding CXX object CMakeFiles/nbvc_lib_SdfModel.dir/src/SdfModel.cpp.o[0m
[10.792s] [ 25%] [32m[1mLinking CXX static library libnbvc_lib_SdfModel.a[0m
[10.844s] [ 25%] Built target nbvc_lib_SdfModel
[10.867s] [ 50%] Built target SdfModelV3
[10.892s] [ 62%] [32mBuilding CXX object CMakeFiles/nbvc_ray_generationV3_beforeclean.dir/src/nbvc_ray_generationV3_beforeclean.cpp.o[0m
[27.413s] [ 75%] [32m[1mLinking CXX executable nbvc_ray_generationV3_beforeclean[0m
[27.960s] [ 75%] Built target nbvc_ray_generationV3_beforeclean
[28.002s] [ 87%] [32mBuilding CXX object CMakeFiles/nbvc_ray_generation.dir/src/nbvc_ray_generation.cpp.o[0m
[34.828s] [01m[K/home/jajayu/TomatoHarvesting_NextBestView/nbv_code/ros2_ws2/src/my_robot_nbv_cmake/src/nbvc_ray_generation.cpp:[m[K In member function ‘[01m[Kvoid MyNode::octomap_callback(octomap_msgs::msg::Octomap_<std::allocator<void> >::SharedPtr)[m[K’:
[34.828s] [01m[K/home/jajayu/TomatoHarvesting_NextBestView/nbv_code/ros2_ws2/src/my_robot_nbv_cmake/src/nbvc_ray_generation.cpp:130:77:[m[K [01;31m[Kerror: [m[Kcannot convert ‘[01m[Kstd::vector<float>[m[K’ to ‘[01m[Koctomap::point3d[m[K’ {aka ‘[01m[Koctomath::Vector3[m[K’}
[34.828s]   130 |         std::vector<octomap::point3d> origins = RandomPoint([01;31m[KmodelCenter[m[K, 5, 2); //中心座標, 點數, 長度
[34.828s]       |                                                             [01;31m[K^~~~~~~~~~~[m[K
[34.828s]       |                                                             [01;31m[K|[m[K
[34.828s]       |                                                             [01;31m[Kstd::vector<float>[m[K
[34.828s] 
[34.828s] [01m[K/home/jajayu/TomatoHarvesting_NextBestView/nbv_code/ros2_ws2/src/my_robot_nbv_cmake/src/nbvc_ray_generation.cpp:232:68:[m[K [01;36m[Knote: [m[K  initializing argument 1 of ‘[01m[Kstd::vector<octomath::Vector3> MyNode::RandomPoint(octomap::point3d, int, double)[m[K’
[34.828s]   232 |  std::vector<octomap::point3d> RandomPoint([01;36m[Koctomap::point3d center_[m[K, int pointNum, double radius_){
[34.828s]       |                                            [01;36m[K~~~~~~~~~~~~~~~~~^~~~~~~[m[K
[34.828s] 
[41.385s] gmake[2]: *** [CMakeFiles/nbvc_ray_generation.dir/build.make:76: CMakeFiles/nbvc_ray_generation.dir/src/nbvc_ray_generation.cpp.o] Error 1
[41.386s] gmake[1]: *** [CMakeFiles/Makefile2:143: CMakeFiles/nbvc_ray_generation.dir/all] Error 2
[41.386s] gmake: *** [Makefile:146: all] Error 2
[41.403s] Invoked command in '/home/jajayu/TomatoHarvesting_NextBestView/nbv_code/ros2_ws2/build/my_robot_nbv_cmake' returned '2': CMAKE_PREFIX_PATH=${CMAKE_PREFIX_PATH}:/home/jajayu/TomatoHarvesting_NextBestView/nbv_code/ros2_ws2/install/my_robot_nbv:/home/jajayu/TomatoHarvesting_NextBestView/nbv_code/ros2_ws2/install/my_robot_cam:/home/jajayu/ros2_ws/install/webots_ros2_tests:/home/jajayu/ros2_ws/install/webots_ros2:/home/jajayu/ros2_ws/install/pcd_demo:/home/jajayu/ros2_ws/install/my_robot_controller:/home/jajayu/ros2_ws/install/my_robot_cam:/home/jajayu/ros2_ws/install/gazebo_tutorial:/opt/ros/humble /home/jajayu/.local/bin/cmake --build /home/jajayu/TomatoHarvesting_NextBestView/nbv_code/ros2_ws2/build/my_robot_nbv_cmake -- -j8 -l8
